2023-09-20T14:19:22+00:00 CRITICAL Uncaught TypeError: Cannot access offset of type string on string in /home/isilgodevradar/public_html/wp-content/plugins/woocommerce/src/Admin/API/Reports/PerformanceIndicators/Controller.php:134
Stack trace:
#0 /home/isilgodevradar/public_html/wp-content/plugins/woocommerce/src/Admin/API/Reports/PerformanceIndicators/Controller.php(255): Automattic\WooCommerce\Admin\API\Reports\PerformanceIndicators\Controller->get_analytics_report_data()
#1 /home/isilgodevradar/public_html/wp-content/plugins/woocommerce/src/Admin/API/Reports/PerformanceIndicators/Controller.php(631): Automattic\WooCommerce\Admin\API\Reports\PerformanceIndicators\Controller->get_indicator_data()
#2 /home/isilgodevradar/public_html/wp-content/plugins/woocommerce/includes/rest-api/Controllers/Version1/class-wc-rest-reports-v1-controller.php(48): Automattic\WooCommerce\Admin\API\Reports\PerformanceIndicators\Controller->get_collection_params()
#3 /home/isilgodevradar/public_html/wp-content/plugins/woocommerce/src/Admin/API/Reports/PerformanceIndicators/Controller.php(85): WC_REST_Reports_V1_Controller->register_routes()
#4 /home/isilgodevradar/public_html/wp-content/plugins/woocommerce/src/Admin/API/Init.php(147): Automattic\WooCommerce\Admin\API\Reports\PerformanceIndicators\Controller->register_routes()
#5 /home/isilgodevradar/public_html/wp-includes/class-wp-hook.php(310): Automattic\WooCommerce\Admin\API\Init->rest_api_init(Object(WP_REST_Server))
#6 /home/isilgodevradar/public_html/wp-includes/class-wp-hook.php(334): WP_Hook->apply_filters(NULL, Array)
#7 /home/isilgodevradar/public_html/wp-includes/plugin.php(517): WP_Hook->do_action(Array)
#8 /home/isilgodevradar/public_html/wp-includes/rest-api.php(587): do_action('rest_api_init', Object(WP_REST_Server))
#9 /home/isilgodevradar/public_html/wp-includes/rest-api.php(411): rest_get_server()
#10 /home/isilgodevradar/public_html/wp-includes/class-wp-hook.php(310): rest_api_loaded(Object(WP))
#11 /home/isilgodevradar/public_html/wp-includes/class-wp-hook.php(334): WP_Hook->apply_filters(NULL, Array)
#12 /home/isilgodevradar/public_html/wp-includes/plugin.php(565): WP_Hook->do_action(Array)
#13 /home/isilgodevradar/public_html/wp-includes/class-wp.php(398): do_action_ref_array('parse_request', Array)
#14 /home/isilgodevradar/public_html/wp-includes/class-wp.php(779): WP->parse_request('')
#15 /home/isilgodevradar/public_html/wp-includes/functions.php(1335): WP->main('')
#16 /home/isilgodevradar/public_html/wp-blog-header.php(16): wp()
#17 /home/isilgodevradar/public_html/index.php(17): require('/home/isilgodev...')
#18 {main}
  thrown en /home/isilgodevradar/public_html/wp-content/plugins/woocommerce/src/Admin/API/Reports/PerformanceIndicators/Controller.php en la línea 134

2023-09-20T14:19:23+00:00 CRITICAL Uncaught TypeError: Cannot access offset of type string on string in /home/isilgodevradar/public_html/wp-content/plugins/woocommerce/src/Admin/API/Reports/PerformanceIndicators/Controller.php:134
Stack trace:
#0 /home/isilgodevradar/public_html/wp-content/plugins/woocommerce/src/Admin/API/Reports/PerformanceIndicators/Controller.php(255): Automattic\WooCommerce\Admin\API\Reports\PerformanceIndicators\Controller->get_analytics_report_data()
#1 /home/isilgodevradar/public_html/wp-content/plugins/woocommerce/src/Admin/API/Reports/PerformanceIndicators/Controller.php(631): Automattic\WooCommerce\Admin\API\Reports\PerformanceIndicators\Controller->get_indicator_data()
#2 /home/isilgodevradar/public_html/wp-content/plugins/woocommerce/includes/rest-api/Controllers/Version1/class-wc-rest-reports-v1-controller.php(48): Automattic\WooCommerce\Admin\API\Reports\PerformanceIndicators\Controller->get_collection_params()
#3 /home/isilgodevradar/public_html/wp-content/plugins/woocommerce/src/Admin/API/Reports/PerformanceIndicators/Controller.php(85): WC_REST_Reports_V1_Controller->register_routes()
#4 /home/isilgodevradar/public_html/wp-content/plugins/woocommerce/src/Admin/API/Init.php(147): Automattic\WooCommerce\Admin\API\Reports\PerformanceIndicators\Controller->register_routes()
#5 /home/isilgodevradar/public_html/wp-includes/class-wp-hook.php(310): Automattic\WooCommerce\Admin\API\Init->rest_api_init(Object(WP_REST_Server))
#6 /home/isilgodevradar/public_html/wp-includes/class-wp-hook.php(334): WP_Hook->apply_filters(NULL, Array)
#7 /home/isilgodevradar/public_html/wp-includes/plugin.php(517): WP_Hook->do_action(Array)
#8 /home/isilgodevradar/public_html/wp-includes/rest-api.php(587): do_action('rest_api_init', Object(WP_REST_Server))
#9 /home/isilgodevradar/public_html/wp-includes/rest-api.php(411): rest_get_server()
#10 /home/isilgodevradar/public_html/wp-includes/class-wp-hook.php(310): rest_api_loaded(Object(WP))
#11 /home/isilgodevradar/public_html/wp-includes/class-wp-hook.php(334): WP_Hook->apply_filters(NULL, Array)
#12 /home/isilgodevradar/public_html/wp-includes/plugin.php(565): WP_Hook->do_action(Array)
#13 /home/isilgodevradar/public_html/wp-includes/class-wp.php(398): do_action_ref_array('parse_request', Array)
#14 /home/isilgodevradar/public_html/wp-includes/class-wp.php(779): WP->parse_request('')
#15 /home/isilgodevradar/public_html/wp-includes/functions.php(1335): WP->main('')
#16 /home/isilgodevradar/public_html/wp-blog-header.php(16): wp()
#17 /home/isilgodevradar/public_html/index.php(17): require('/home/isilgodev...')
#18 {main}
  thrown en /home/isilgodevradar/public_html/wp-content/plugins/woocommerce/src/Admin/API/Reports/PerformanceIndicators/Controller.php en la línea 134

2023-09-20T14:45:21+00:00 CRITICAL Uncaught TypeError: Cannot access offset of type string on string in /home/isilgodevradar/public_html/wp-content/plugins/woocommerce/src/Admin/API/Reports/PerformanceIndicators/Controller.php:134
Stack trace:
#0 /home/isilgodevradar/public_html/wp-content/plugins/woocommerce/src/Admin/API/Reports/PerformanceIndicators/Controller.php(255): Automattic\WooCommerce\Admin\API\Reports\PerformanceIndicators\Controller->get_analytics_report_data()
#1 /home/isilgodevradar/public_html/wp-content/plugins/woocommerce/src/Admin/API/Reports/PerformanceIndicators/Controller.php(631): Automattic\WooCommerce\Admin\API\Reports\PerformanceIndicators\Controller->get_indicator_data()
#2 /home/isilgodevradar/public_html/wp-content/plugins/woocommerce/includes/rest-api/Controllers/Version1/class-wc-rest-reports-v1-controller.php(48): Automattic\WooCommerce\Admin\API\Reports\PerformanceIndicators\Controller->get_collection_params()
#3 /home/isilgodevradar/public_html/wp-content/plugins/woocommerce/src/Admin/API/Reports/PerformanceIndicators/Controller.php(85): WC_REST_Reports_V1_Controller->register_routes()
#4 /home/isilgodevradar/public_html/wp-content/plugins/woocommerce/src/Admin/API/Init.php(147): Automattic\WooCommerce\Admin\API\Reports\PerformanceIndicators\Controller->register_routes()
#5 /home/isilgodevradar/public_html/wp-includes/class-wp-hook.php(310): Automattic\WooCommerce\Admin\API\Init->rest_api_init(Object(WP_REST_Server))
#6 /home/isilgodevradar/public_html/wp-includes/class-wp-hook.php(334): WP_Hook->apply_filters(NULL, Array)
#7 /home/isilgodevradar/public_html/wp-includes/plugin.php(517): WP_Hook->do_action(Array)
#8 /home/isilgodevradar/public_html/wp-includes/rest-api.php(587): do_action('rest_api_init', Object(WP_REST_Server))
#9 /home/isilgodevradar/public_html/wp-includes/rest-api.php(411): rest_get_server()
#10 /home/isilgodevradar/public_html/wp-includes/class-wp-hook.php(310): rest_api_loaded(Object(WP))
#11 /home/isilgodevradar/public_html/wp-includes/class-wp-hook.php(334): WP_Hook->apply_filters(NULL, Array)
#12 /home/isilgodevradar/public_html/wp-includes/plugin.php(565): WP_Hook->do_action(Array)
#13 /home/isilgodevradar/public_html/wp-includes/class-wp.php(398): do_action_ref_array('parse_request', Array)
#14 /home/isilgodevradar/public_html/wp-includes/class-wp.php(779): WP->parse_request('')
#15 /home/isilgodevradar/public_html/wp-includes/functions.php(1335): WP->main('')
#16 /home/isilgodevradar/public_html/wp-blog-header.php(16): wp()
#17 /home/isilgodevradar/public_html/index.php(17): require('/home/isilgodev...')
#18 {main}
  thrown en /home/isilgodevradar/public_html/wp-content/plugins/woocommerce/src/Admin/API/Reports/PerformanceIndicators/Controller.php en la línea 134

2023-09-20T15:12:53+00:00 CRITICAL Uncaught TypeError: Cannot access offset of type string on string in /home/isilgodevradar/public_html/wp-content/plugins/woocommerce/src/Admin/API/Reports/PerformanceIndicators/Controller.php:134
Stack trace:
#0 /home/isilgodevradar/public_html/wp-content/plugins/woocommerce/src/Admin/API/Reports/PerformanceIndicators/Controller.php(255): Automattic\WooCommerce\Admin\API\Reports\PerformanceIndicators\Controller->get_analytics_report_data()
#1 /home/isilgodevradar/public_html/wp-content/plugins/woocommerce/src/Admin/API/Reports/PerformanceIndicators/Controller.php(631): Automattic\WooCommerce\Admin\API\Reports\PerformanceIndicators\Controller->get_indicator_data()
#2 /home/isilgodevradar/public_html/wp-content/plugins/woocommerce/includes/rest-api/Controllers/Version1/class-wc-rest-reports-v1-controller.php(48): Automattic\WooCommerce\Admin\API\Reports\PerformanceIndicators\Controller->get_collection_params()
#3 /home/isilgodevradar/public_html/wp-content/plugins/woocommerce/src/Admin/API/Reports/PerformanceIndicators/Controller.php(85): WC_REST_Reports_V1_Controller->register_routes()
#4 /home/isilgodevradar/public_html/wp-content/plugins/woocommerce/src/Admin/API/Init.php(147): Automattic\WooCommerce\Admin\API\Reports\PerformanceIndicators\Controller->register_routes()
#5 /home/isilgodevradar/public_html/wp-includes/class-wp-hook.php(310): Automattic\WooCommerce\Admin\API\Init->rest_api_init(Object(WP_REST_Server))
#6 /home/isilgodevradar/public_html/wp-includes/class-wp-hook.php(334): WP_Hook->apply_filters(NULL, Array)
#7 /home/isilgodevradar/public_html/wp-includes/plugin.php(517): WP_Hook->do_action(Array)
#8 /home/isilgodevradar/public_html/wp-includes/rest-api.php(587): do_action('rest_api_init', Object(WP_REST_Server))
#9 /home/isilgodevradar/public_html/wp-includes/rest-api.php(411): rest_get_server()
#10 /home/isilgodevradar/public_html/wp-includes/class-wp-hook.php(310): rest_api_loaded(Object(WP))
#11 /home/isilgodevradar/public_html/wp-includes/class-wp-hook.php(334): WP_Hook->apply_filters(NULL, Array)
#12 /home/isilgodevradar/public_html/wp-includes/plugin.php(565): WP_Hook->do_action(Array)
#13 /home/isilgodevradar/public_html/wp-includes/class-wp.php(398): do_action_ref_array('parse_request', Array)
#14 /home/isilgodevradar/public_html/wp-includes/class-wp.php(779): WP->parse_request('')
#15 /home/isilgodevradar/public_html/wp-includes/functions.php(1335): WP->main('')
#16 /home/isilgodevradar/public_html/wp-blog-header.php(16): wp()
#17 /home/isilgodevradar/public_html/index.php(17): require('/home/isilgodev...')
#18 {main}
  thrown en /home/isilgodevradar/public_html/wp-content/plugins/woocommerce/src/Admin/API/Reports/PerformanceIndicators/Controller.php en la línea 134

2023-09-20T15:43:11+00:00 CRITICAL Uncaught TypeError: Cannot access offset of type string on string in /home/isilgodevradar/public_html/wp-content/plugins/woocommerce/src/Admin/API/Reports/PerformanceIndicators/Controller.php:134
Stack trace:
#0 /home/isilgodevradar/public_html/wp-content/plugins/woocommerce/src/Admin/API/Reports/PerformanceIndicators/Controller.php(255): Automattic\WooCommerce\Admin\API\Reports\PerformanceIndicators\Controller->get_analytics_report_data()
#1 /home/isilgodevradar/public_html/wp-content/plugins/woocommerce/src/Admin/API/Reports/PerformanceIndicators/Controller.php(631): Automattic\WooCommerce\Admin\API\Reports\PerformanceIndicators\Controller->get_indicator_data()
#2 /home/isilgodevradar/public_html/wp-content/plugins/woocommerce/includes/rest-api/Controllers/Version1/class-wc-rest-reports-v1-controller.php(48): Automattic\WooCommerce\Admin\API\Reports\PerformanceIndicators\Controller->get_collection_params()
#3 /home/isilgodevradar/public_html/wp-content/plugins/woocommerce/src/Admin/API/Reports/PerformanceIndicators/Controller.php(85): WC_REST_Reports_V1_Controller->register_routes()
#4 /home/isilgodevradar/public_html/wp-content/plugins/woocommerce/src/Admin/API/Init.php(147): Automattic\WooCommerce\Admin\API\Reports\PerformanceIndicators\Controller->register_routes()
#5 /home/isilgodevradar/public_html/wp-includes/class-wp-hook.php(310): Automattic\WooCommerce\Admin\API\Init->rest_api_init(Object(WP_REST_Server))
#6 /home/isilgodevradar/public_html/wp-includes/class-wp-hook.php(334): WP_Hook->apply_filters(NULL, Array)
#7 /home/isilgodevradar/public_html/wp-includes/plugin.php(517): WP_Hook->do_action(Array)
#8 /home/isilgodevradar/public_html/wp-includes/rest-api.php(587): do_action('rest_api_init', Object(WP_REST_Server))
#9 /home/isilgodevradar/public_html/wp-includes/rest-api.php(411): rest_get_server()
#10 /home/isilgodevradar/public_html/wp-includes/class-wp-hook.php(310): rest_api_loaded(Object(WP))
#11 /home/isilgodevradar/public_html/wp-includes/class-wp-hook.php(334): WP_Hook->apply_filters(NULL, Array)
#12 /home/isilgodevradar/public_html/wp-includes/plugin.php(565): WP_Hook->do_action(Array)
#13 /home/isilgodevradar/public_html/wp-includes/class-wp.php(398): do_action_ref_array('parse_request', Array)
#14 /home/isilgodevradar/public_html/wp-includes/class-wp.php(779): WP->parse_request('')
#15 /home/isilgodevradar/public_html/wp-includes/functions.php(1335): WP->main('')
#16 /home/isilgodevradar/public_html/wp-blog-header.php(16): wp()
#17 /home/isilgodevradar/public_html/index.php(17): require('/home/isilgodev...')
#18 {main}
  thrown en /home/isilgodevradar/public_html/wp-content/plugins/woocommerce/src/Admin/API/Reports/PerformanceIndicators/Controller.php en la línea 134

2023-09-20T15:53:59+00:00 CRITICAL Uncaught TypeError: Cannot access offset of type string on string in /home/isilgodevradar/public_html/wp-content/plugins/woocommerce/src/Admin/API/Reports/PerformanceIndicators/Controller.php:134
Stack trace:
#0 /home/isilgodevradar/public_html/wp-content/plugins/woocommerce/src/Admin/API/Reports/PerformanceIndicators/Controller.php(255): Automattic\WooCommerce\Admin\API\Reports\PerformanceIndicators\Controller->get_analytics_report_data()
#1 /home/isilgodevradar/public_html/wp-content/plugins/woocommerce/src/Admin/API/Reports/PerformanceIndicators/Controller.php(631): Automattic\WooCommerce\Admin\API\Reports\PerformanceIndicators\Controller->get_indicator_data()
#2 /home/isilgodevradar/public_html/wp-content/plugins/woocommerce/includes/rest-api/Controllers/Version1/class-wc-rest-reports-v1-controller.php(48): Automattic\WooCommerce\Admin\API\Reports\PerformanceIndicators\Controller->get_collection_params()
#3 /home/isilgodevradar/public_html/wp-content/plugins/woocommerce/src/Admin/API/Reports/PerformanceIndicators/Controller.php(85): WC_REST_Reports_V1_Controller->register_routes()
#4 /home/isilgodevradar/public_html/wp-content/plugins/woocommerce/src/Admin/API/Init.php(147): Automattic\WooCommerce\Admin\API\Reports\PerformanceIndicators\Controller->register_routes()
#5 /home/isilgodevradar/public_html/wp-includes/class-wp-hook.php(310): Automattic\WooCommerce\Admin\API\Init->rest_api_init(Object(WP_REST_Server))
#6 /home/isilgodevradar/public_html/wp-includes/class-wp-hook.php(334): WP_Hook->apply_filters(NULL, Array)
#7 /home/isilgodevradar/public_html/wp-includes/plugin.php(517): WP_Hook->do_action(Array)
#8 /home/isilgodevradar/public_html/wp-includes/rest-api.php(587): do_action('rest_api_init', Object(WP_REST_Server))
#9 /home/isilgodevradar/public_html/wp-includes/rest-api.php(411): rest_get_server()
#10 /home/isilgodevradar/public_html/wp-includes/class-wp-hook.php(310): rest_api_loaded(Object(WP))
#11 /home/isilgodevradar/public_html/wp-includes/class-wp-hook.php(334): WP_Hook->apply_filters(NULL, Array)
#12 /home/isilgodevradar/public_html/wp-includes/plugin.php(565): WP_Hook->do_action(Array)
#13 /home/isilgodevradar/public_html/wp-includes/class-wp.php(398): do_action_ref_array('parse_request', Array)
#14 /home/isilgodevradar/public_html/wp-includes/class-wp.php(779): WP->parse_request('')
#15 /home/isilgodevradar/public_html/wp-includes/functions.php(1335): WP->main('')
#16 /home/isilgodevradar/public_html/wp-blog-header.php(16): wp()
#17 /home/isilgodevradar/public_html/index.php(17): require('/home/isilgodev...')
#18 {main}
  thrown en /home/isilgodevradar/public_html/wp-content/plugins/woocommerce/src/Admin/API/Reports/PerformanceIndicators/Controller.php en la línea 134

2023-09-20T16:26:18+00:00 CRITICAL Uncaught Error: Cannot use object of type WC_Product_Variation as array in /home/isilgodevradar/public_html/wp-content/themes/isilgo/functions.php:889
Stack trace:
#0 /home/isilgodevradar/public_html/wp-includes/class-wp-hook.php(310): agrega_emails_compra_membresia(Array)
#1 /home/isilgodevradar/public_html/wp-includes/plugin.php(205): WP_Hook->apply_filters(Array, Array)
#2 /home/isilgodevradar/public_html/wp-content/plugins/woocommerce/includes/class-wc-checkout.php(300): apply_filters('woocommerce_che...', Array)
#3 /home/isilgodevradar/public_html/wp-content/themes/isilgo/woocommerce/checkout/form-checkout.php(53): WC_Checkout->get_checkout_fields()
#4 /home/isilgodevradar/public_html/wp-content/plugins/woocommerce/includes/wc-core-functions.php(345): include('/home/isilgodev...')
#5 /home/isilgodevradar/public_html/wp-content/plugins/woocommerce/includes/shortcodes/class-wc-shortcode-checkout.php(359): wc_get_template('checkout/form-c...', Array)
#6 /home/isilgodevradar/public_html/wp-content/plugins/woocommerce/includes/shortcodes/class-wc-shortcode-checkout.php(67): WC_Shortcode_Checkout::checkout()
#7 /home/isilgodevradar/public_html/wp-content/plugins/woocommerce/includes/class-wc-shortcodes.php(72): WC_Shortcode_Checkout::output('')
#8 /home/isilgodevradar/public_html/wp-content/plugins/woocommerce/includes/class-wc-shortcodes.php(95): WC_Shortcodes::shortcode_wrapper(Array, '')
#9 /home/isilgodevradar/public_html/wp-includes/shortcodes.php(395): WC_Shortcodes::checkout('', '', 'woocommerce_che...')
#10 [internal function]: do_shortcode_tag(Array)
#11 /home/isilgodevradar/public_html/wp-includes/shortcodes.php(235): preg_replace_callback('/\\[(\\[?)(woocom...', 'do_shortcode_ta...', '[woocommerce_ch...')
#12 /home/isilgodevradar/public_html/wp-includes/class-wp-hook.php(310): do_shortcode('[woocommerce_ch...')
#13 /home/isilgodevradar/public_html/wp-includes/plugin.php(205): WP_Hook->apply_filters('[woocommerce_ch...', Array)
#14 /home/isilgodevradar/public_html/wp-includes/post-template.php(256): apply_filters('the_content', '<!-- wp:shortco...')
#15 /home/isilgodevradar/public_html/wp-content/themes/isilgo/page.php(35): the_content()
#16 /home/isilgodevradar/public_html/wp-includes/template-loader.php(106): include('/home/isilgodev...')
#17 /home/isilgodevradar/public_html/wp-blog-header.php(19): require_once('/home/isilgodev...')
#18 /home/isilgodevradar/public_html/index.php(17): require('/home/isilgodev...')
#19 {main}
  thrown en /home/isilgodevradar/public_html/wp-content/themes/isilgo/functions.php en la línea 889

2023-09-20T16:37:55+00:00 CRITICAL Uncaught TypeError: Cannot access offset of type string on string in /home/isilgodevradar/public_html/wp-content/plugins/woocommerce/src/Admin/API/Reports/PerformanceIndicators/Controller.php:134
Stack trace:
#0 /home/isilgodevradar/public_html/wp-content/plugins/woocommerce/src/Admin/API/Reports/PerformanceIndicators/Controller.php(255): Automattic\WooCommerce\Admin\API\Reports\PerformanceIndicators\Controller->get_analytics_report_data()
#1 /home/isilgodevradar/public_html/wp-content/plugins/woocommerce/src/Admin/API/Reports/PerformanceIndicators/Controller.php(631): Automattic\WooCommerce\Admin\API\Reports\PerformanceIndicators\Controller->get_indicator_data()
#2 /home/isilgodevradar/public_html/wp-content/plugins/woocommerce/includes/rest-api/Controllers/Version1/class-wc-rest-reports-v1-controller.php(48): Automattic\WooCommerce\Admin\API\Reports\PerformanceIndicators\Controller->get_collection_params()
#3 /home/isilgodevradar/public_html/wp-content/plugins/woocommerce/src/Admin/API/Reports/PerformanceIndicators/Controller.php(85): WC_REST_Reports_V1_Controller->register_routes()
#4 /home/isilgodevradar/public_html/wp-content/plugins/woocommerce/src/Admin/API/Init.php(147): Automattic\WooCommerce\Admin\API\Reports\PerformanceIndicators\Controller->register_routes()
#5 /home/isilgodevradar/public_html/wp-includes/class-wp-hook.php(310): Automattic\WooCommerce\Admin\API\Init->rest_api_init(Object(WP_REST_Server))
#6 /home/isilgodevradar/public_html/wp-includes/class-wp-hook.php(334): WP_Hook->apply_filters(NULL, Array)
#7 /home/isilgodevradar/public_html/wp-includes/plugin.php(517): WP_Hook->do_action(Array)
#8 /home/isilgodevradar/public_html/wp-includes/rest-api.php(587): do_action('rest_api_init', Object(WP_REST_Server))
#9 /home/isilgodevradar/public_html/wp-includes/rest-api.php(411): rest_get_server()
#10 /home/isilgodevradar/public_html/wp-includes/class-wp-hook.php(310): rest_api_loaded(Object(WP))
#11 /home/isilgodevradar/public_html/wp-includes/class-wp-hook.php(334): WP_Hook->apply_filters(NULL, Array)
#12 /home/isilgodevradar/public_html/wp-includes/plugin.php(565): WP_Hook->do_action(Array)
#13 /home/isilgodevradar/public_html/wp-includes/class-wp.php(398): do_action_ref_array('parse_request', Array)
#14 /home/isilgodevradar/public_html/wp-includes/class-wp.php(779): WP->parse_request('')
#15 /home/isilgodevradar/public_html/wp-includes/functions.php(1335): WP->main('')
#16 /home/isilgodevradar/public_html/wp-blog-header.php(16): wp()
#17 /home/isilgodevradar/public_html/index.php(17): require('/home/isilgodev...')
#18 {main}
  thrown en /home/isilgodevradar/public_html/wp-content/plugins/woocommerce/src/Admin/API/Reports/PerformanceIndicators/Controller.php en la línea 134

2023-09-20T16:47:44+00:00 CRITICAL syntax error, unexpected token ";", expecting ")" en /home/isilgodevradar/public_html/wp-content/themes/isilgo/functions.php en la línea 898

2023-09-20T16:47:46+00:00 CRITICAL syntax error, unexpected token ";", expecting ")" en /home/isilgodevradar/public_html/wp-content/themes/isilgo/functions.php en la línea 898

2023-09-20T16:47:46+00:00 CRITICAL syntax error, unexpected token ";", expecting ")" en /home/isilgodevradar/public_html/wp-content/themes/isilgo/functions.php en la línea 898

2023-09-20T16:47:49+00:00 CRITICAL syntax error, unexpected token ";", expecting ")" en /home/isilgodevradar/public_html/wp-content/themes/isilgo/functions.php en la línea 898

2023-09-20T16:47:49+00:00 CRITICAL syntax error, unexpected token ";", expecting ")" en /home/isilgodevradar/public_html/wp-content/themes/isilgo/functions.php en la línea 898

2023-09-20T16:58:16+00:00 CRITICAL Uncaught TypeError: Cannot access offset of type string on string in /home/isilgodevradar/public_html/wp-content/plugins/woocommerce/src/Admin/API/Reports/PerformanceIndicators/Controller.php:134
Stack trace:
#0 /home/isilgodevradar/public_html/wp-content/plugins/woocommerce/src/Admin/API/Reports/PerformanceIndicators/Controller.php(255): Automattic\WooCommerce\Admin\API\Reports\PerformanceIndicators\Controller->get_analytics_report_data()
#1 /home/isilgodevradar/public_html/wp-content/plugins/woocommerce/src/Admin/API/Reports/PerformanceIndicators/Controller.php(631): Automattic\WooCommerce\Admin\API\Reports\PerformanceIndicators\Controller->get_indicator_data()
#2 /home/isilgodevradar/public_html/wp-content/plugins/woocommerce/includes/rest-api/Controllers/Version1/class-wc-rest-reports-v1-controller.php(48): Automattic\WooCommerce\Admin\API\Reports\PerformanceIndicators\Controller->get_collection_params()
#3 /home/isilgodevradar/public_html/wp-content/plugins/woocommerce/src/Admin/API/Reports/PerformanceIndicators/Controller.php(85): WC_REST_Reports_V1_Controller->register_routes()
#4 /home/isilgodevradar/public_html/wp-content/plugins/woocommerce/src/Admin/API/Init.php(147): Automattic\WooCommerce\Admin\API\Reports\PerformanceIndicators\Controller->register_routes()
#5 /home/isilgodevradar/public_html/wp-includes/class-wp-hook.php(310): Automattic\WooCommerce\Admin\API\Init->rest_api_init(Object(WP_REST_Server))
#6 /home/isilgodevradar/public_html/wp-includes/class-wp-hook.php(334): WP_Hook->apply_filters(NULL, Array)
#7 /home/isilgodevradar/public_html/wp-includes/plugin.php(517): WP_Hook->do_action(Array)
#8 /home/isilgodevradar/public_html/wp-includes/rest-api.php(587): do_action('rest_api_init', Object(WP_REST_Server))
#9 /home/isilgodevradar/public_html/wp-includes/rest-api.php(411): rest_get_server()
#10 /home/isilgodevradar/public_html/wp-includes/class-wp-hook.php(310): rest_api_loaded(Object(WP))
#11 /home/isilgodevradar/public_html/wp-includes/class-wp-hook.php(334): WP_Hook->apply_filters(NULL, Array)
#12 /home/isilgodevradar/public_html/wp-includes/plugin.php(565): WP_Hook->do_action(Array)
#13 /home/isilgodevradar/public_html/wp-includes/class-wp.php(398): do_action_ref_array('parse_request', Array)
#14 /home/isilgodevradar/public_html/wp-includes/class-wp.php(779): WP->parse_request('')
#15 /home/isilgodevradar/public_html/wp-includes/functions.php(1335): WP->main('')
#16 /home/isilgodevradar/public_html/wp-blog-header.php(16): wp()
#17 /home/isilgodevradar/public_html/index.php(17): require('/home/isilgodev...')
#18 {main}
  thrown en /home/isilgodevradar/public_html/wp-content/plugins/woocommerce/src/Admin/API/Reports/PerformanceIndicators/Controller.php en la línea 134

2023-09-20T17:37:10+00:00 CRITICAL Uncaught TypeError: Cannot access offset of type string on string in /home/isilgodevradar/public_html/wp-content/plugins/woocommerce/src/Admin/API/Reports/PerformanceIndicators/Controller.php:134
Stack trace:
#0 /home/isilgodevradar/public_html/wp-content/plugins/woocommerce/src/Admin/API/Reports/PerformanceIndicators/Controller.php(255): Automattic\WooCommerce\Admin\API\Reports\PerformanceIndicators\Controller->get_analytics_report_data()
#1 /home/isilgodevradar/public_html/wp-content/plugins/woocommerce/src/Admin/API/Reports/PerformanceIndicators/Controller.php(631): Automattic\WooCommerce\Admin\API\Reports\PerformanceIndicators\Controller->get_indicator_data()
#2 /home/isilgodevradar/public_html/wp-content/plugins/woocommerce/includes/rest-api/Controllers/Version1/class-wc-rest-reports-v1-controller.php(48): Automattic\WooCommerce\Admin\API\Reports\PerformanceIndicators\Controller->get_collection_params()
#3 /home/isilgodevradar/public_html/wp-content/plugins/woocommerce/src/Admin/API/Reports/PerformanceIndicators/Controller.php(85): WC_REST_Reports_V1_Controller->register_routes()
#4 /home/isilgodevradar/public_html/wp-content/plugins/woocommerce/src/Admin/API/Init.php(147): Automattic\WooCommerce\Admin\API\Reports\PerformanceIndicators\Controller->register_routes()
#5 /home/isilgodevradar/public_html/wp-includes/class-wp-hook.php(310): Automattic\WooCommerce\Admin\API\Init->rest_api_init(Object(WP_REST_Server))
#6 /home/isilgodevradar/public_html/wp-includes/class-wp-hook.php(334): WP_Hook->apply_filters(NULL, Array)
#7 /home/isilgodevradar/public_html/wp-includes/plugin.php(517): WP_Hook->do_action(Array)
#8 /home/isilgodevradar/public_html/wp-includes/rest-api.php(587): do_action('rest_api_init', Object(WP_REST_Server))
#9 /home/isilgodevradar/public_html/wp-includes/rest-api.php(411): rest_get_server()
#10 /home/isilgodevradar/public_html/wp-includes/class-wp-hook.php(310): rest_api_loaded(Object(WP))
#11 /home/isilgodevradar/public_html/wp-includes/class-wp-hook.php(334): WP_Hook->apply_filters(NULL, Array)
#12 /home/isilgodevradar/public_html/wp-includes/plugin.php(565): WP_Hook->do_action(Array)
#13 /home/isilgodevradar/public_html/wp-includes/class-wp.php(398): do_action_ref_array('parse_request', Array)
#14 /home/isilgodevradar/public_html/wp-includes/class-wp.php(779): WP->parse_request('')
#15 /home/isilgodevradar/public_html/wp-includes/functions.php(1335): WP->main('')
#16 /home/isilgodevradar/public_html/wp-blog-header.php(16): wp()
#17 /home/isilgodevradar/public_html/index.php(17): require('/home/isilgodev...')
#18 {main}
  thrown en /home/isilgodevradar/public_html/wp-content/plugins/woocommerce/src/Admin/API/Reports/PerformanceIndicators/Controller.php en la línea 134

2023-09-20T18:51:42+00:00 CRITICAL Uncaught TypeError: Cannot access offset of type string on string in /home/isilgodevradar/public_html/wp-content/plugins/woocommerce/src/Admin/API/Reports/PerformanceIndicators/Controller.php:134
Stack trace:
#0 /home/isilgodevradar/public_html/wp-content/plugins/woocommerce/src/Admin/API/Reports/PerformanceIndicators/Controller.php(255): Automattic\WooCommerce\Admin\API\Reports\PerformanceIndicators\Controller->get_analytics_report_data()
#1 /home/isilgodevradar/public_html/wp-content/plugins/woocommerce/src/Admin/API/Reports/PerformanceIndicators/Controller.php(631): Automattic\WooCommerce\Admin\API\Reports\PerformanceIndicators\Controller->get_indicator_data()
#2 /home/isilgodevradar/public_html/wp-content/plugins/woocommerce/includes/rest-api/Controllers/Version1/class-wc-rest-reports-v1-controller.php(48): Automattic\WooCommerce\Admin\API\Reports\PerformanceIndicators\Controller->get_collection_params()
#3 /home/isilgodevradar/public_html/wp-content/plugins/woocommerce/src/Admin/API/Reports/PerformanceIndicators/Controller.php(85): WC_REST_Reports_V1_Controller->register_routes()
#4 /home/isilgodevradar/public_html/wp-content/plugins/woocommerce/src/Admin/API/Init.php(147): Automattic\WooCommerce\Admin\API\Reports\PerformanceIndicators\Controller->register_routes()
#5 /home/isilgodevradar/public_html/wp-includes/class-wp-hook.php(310): Automattic\WooCommerce\Admin\API\Init->rest_api_init(Object(WP_REST_Server))
#6 /home/isilgodevradar/public_html/wp-includes/class-wp-hook.php(334): WP_Hook->apply_filters(NULL, Array)
#7 /home/isilgodevradar/public_html/wp-includes/plugin.php(517): WP_Hook->do_action(Array)
#8 /home/isilgodevradar/public_html/wp-includes/rest-api.php(587): do_action('rest_api_init', Object(WP_REST_Server))
#9 /home/isilgodevradar/public_html/wp-includes/rest-api.php(411): rest_get_server()
#10 /home/isilgodevradar/public_html/wp-includes/class-wp-hook.php(310): rest_api_loaded(Object(WP))
#11 /home/isilgodevradar/public_html/wp-includes/class-wp-hook.php(334): WP_Hook->apply_filters(NULL, Array)
#12 /home/isilgodevradar/public_html/wp-includes/plugin.php(565): WP_Hook->do_action(Array)
#13 /home/isilgodevradar/public_html/wp-includes/class-wp.php(398): do_action_ref_array('parse_request', Array)
#14 /home/isilgodevradar/public_html/wp-includes/class-wp.php(779): WP->parse_request('')
#15 /home/isilgodevradar/public_html/wp-includes/functions.php(1335): WP->main('')
#16 /home/isilgodevradar/public_html/wp-blog-header.php(16): wp()
#17 /home/isilgodevradar/public_html/index.php(17): require('/home/isilgodev...')
#18 {main}
  thrown en /home/isilgodevradar/public_html/wp-content/plugins/woocommerce/src/Admin/API/Reports/PerformanceIndicators/Controller.php en la línea 134

2023-09-20T19:24:55+00:00 CRITICAL Uncaught TypeError: in_array(): Argument #2 ($haystack) must be of type array, null given in /home/isilgodevradar/public_html/wp-content/plugins/radar_niubiz/index.php:566
Stack trace:
#0 /home/isilgodevradar/public_html/wp-content/plugins/radar_niubiz/index.php(566): in_array(NULL, NULL)
#1 /home/isilgodevradar/public_html/wp-includes/class-wp-hook.php(310): set_recurrent_gateway(Array)
#2 /home/isilgodevradar/public_html/wp-includes/plugin.php(205): WP_Hook->apply_filters(Array, Array)
#3 /home/isilgodevradar/public_html/wp-content/plugins/woocommerce/includes/class-wc-payment-gateways.php(163): apply_filters('woocommerce_ava...', Array)
#4 /home/isilgodevradar/public_html/wp-content/plugins/woocommerce/includes/wc-template-functions.php(3903): WC_Payment_Gateways->get_available_payment_gateways()
#5 /home/isilgodevradar/public_html/wp-includes/class-wp-hook.php(310): wc_get_pay_buttons('')
#6 /home/isilgodevradar/public_html/wp-includes/class-wp-hook.php(334): WP_Hook->apply_filters(NULL, Array)
#7 /home/isilgodevradar/public_html/wp-includes/plugin.php(517): WP_Hook->do_action(Array)
#8 /home/isilgodevradar/public_html/wp-content/themes/isilgo/woocommerce/checkout/form-checkout.php(56): do_action('woocommerce_che...')
#9 /home/isilgodevradar/public_html/wp-content/plugins/woocommerce/includes/wc-core-functions.php(345): include('/home/isilgodev...')
#10 /home/isilgodevradar/public_html/wp-content/plugins/woocommerce/includes/shortcodes/class-wc-shortcode-checkout.php(359): wc_get_template('checkout/form-c...', Array)
#11 /home/isilgodevradar/public_html/wp-content/plugins/woocommerce/includes/shortcodes/class-wc-shortcode-checkout.php(67): WC_Shortcode_Checkout::checkout()
#12 /home/isilgodevradar/public_html/wp-content/plugins/woocommerce/includes/class-wc-shortcodes.php(72): WC_Shortcode_Checkout::output('')
#13 /home/isilgodevradar/public_html/wp-content/plugins/woocommerce/includes/class-wc-shortcodes.php(95): WC_Shortcodes::shortcode_wrapper(Array, '')
#14 /home/isilgodevradar/public_html/wp-includes/shortcodes.php(395): WC_Shortcodes::checkout('', '', 'woocommerce_che...')
#15 [internal function]: do_shortcode_tag(Array)
#16 /home/isilgodevradar/public_html/wp-includes/shortcodes.php(235): preg_replace_callback('/\\[(\\[?)(woocom...', 'do_shortcode_ta...', '[woocommerce_ch...')
#17 /home/isilgodevradar/public_html/wp-includes/class-wp-hook.php(310): do_shortcode('[woocommerce_ch...')
#18 /home/isilgodevradar/public_html/wp-includes/plugin.php(205): WP_Hook->apply_filters('[woocommerce_ch...', Array)
#19 /home/isilgodevradar/public_html/wp-includes/post-template.php(256): apply_filters('the_content', '<!-- wp:shortco...')
#20 /home/isilgodevradar/public_html/wp-content/themes/isilgo/page.php(35): the_content()
#21 /home/isilgodevradar/public_html/wp-includes/template-loader.php(106): include('/home/isilgodev...')
#22 /home/isilgodevradar/public_html/wp-blog-header.php(19): require_once('/home/isilgodev...')
#23 /home/isilgodevradar/public_html/index.php(17): require('/home/isilgodev...')
#24 {main}
  thrown en /home/isilgodevradar/public_html/wp-content/plugins/radar_niubiz/index.php en la línea 566

2023-09-20T19:25:48+00:00 CRITICAL Uncaught Error: Call to a member function get_parent_data() on array in /home/isilgodevradar/public_html/wp-content/plugins/radar_niubiz/index.php:559
Stack trace:
#0 /home/isilgodevradar/public_html/wp-includes/class-wp-hook.php(310): set_recurrent_gateway(Array)
#1 /home/isilgodevradar/public_html/wp-includes/plugin.php(205): WP_Hook->apply_filters(Array, Array)
#2 /home/isilgodevradar/public_html/wp-content/plugins/woocommerce/includes/class-wc-payment-gateways.php(163): apply_filters('woocommerce_ava...', Array)
#3 /home/isilgodevradar/public_html/wp-content/plugins/woocommerce/includes/wc-template-functions.php(3903): WC_Payment_Gateways->get_available_payment_gateways()
#4 /home/isilgodevradar/public_html/wp-includes/class-wp-hook.php(310): wc_get_pay_buttons('')
#5 /home/isilgodevradar/public_html/wp-includes/class-wp-hook.php(334): WP_Hook->apply_filters(NULL, Array)
#6 /home/isilgodevradar/public_html/wp-includes/plugin.php(517): WP_Hook->do_action(Array)
#7 /home/isilgodevradar/public_html/wp-content/themes/isilgo/woocommerce/checkout/form-checkout.php(56): do_action('woocommerce_che...')
#8 /home/isilgodevradar/public_html/wp-content/plugins/woocommerce/includes/wc-core-functions.php(345): include('/home/isilgodev...')
#9 /home/isilgodevradar/public_html/wp-content/plugins/woocommerce/includes/shortcodes/class-wc-shortcode-checkout.php(359): wc_get_template('checkout/form-c...', Array)
#10 /home/isilgodevradar/public_html/wp-content/plugins/woocommerce/includes/shortcodes/class-wc-shortcode-checkout.php(67): WC_Shortcode_Checkout::checkout()
#11 /home/isilgodevradar/public_html/wp-content/plugins/woocommerce/includes/class-wc-shortcodes.php(72): WC_Shortcode_Checkout::output('')
#12 /home/isilgodevradar/public_html/wp-content/plugins/woocommerce/includes/class-wc-shortcodes.php(95): WC_Shortcodes::shortcode_wrapper(Array, '')
#13 /home/isilgodevradar/public_html/wp-includes/shortcodes.php(395): WC_Shortcodes::checkout('', '', 'woocommerce_che...')
#14 [internal function]: do_shortcode_tag(Array)
#15 /home/isilgodevradar/public_html/wp-includes/shortcodes.php(235): preg_replace_callback('/\\[(\\[?)(woocom...', 'do_shortcode_ta...', '[woocommerce_ch...')
#16 /home/isilgodevradar/public_html/wp-includes/class-wp-hook.php(310): do_shortcode('[woocommerce_ch...')
#17 /home/isilgodevradar/public_html/wp-includes/plugin.php(205): WP_Hook->apply_filters('[woocommerce_ch...', Array)
#18 /home/isilgodevradar/public_html/wp-includes/post-template.php(256): apply_filters('the_content', '<!-- wp:shortco...')
#19 /home/isilgodevradar/public_html/wp-content/themes/isilgo/page.php(35): the_content()
#20 /home/isilgodevradar/public_html/wp-includes/template-loader.php(106): include('/home/isilgodev...')
#21 /home/isilgodevradar/public_html/wp-blog-header.php(19): require_once('/home/isilgodev...')
#22 /home/isilgodevradar/public_html/index.php(17): require('/home/isilgodev...')
#23 {main}
  thrown en /home/isilgodevradar/public_html/wp-content/plugins/radar_niubiz/index.php en la línea 559

2023-09-20T19:26:42+00:00 CRITICAL Uncaught TypeError: in_array(): Argument #2 ($haystack) must be of type array, null given in /home/isilgodevradar/public_html/wp-content/plugins/radar_niubiz/index.php:566
Stack trace:
#0 /home/isilgodevradar/public_html/wp-content/plugins/radar_niubiz/index.php(566): in_array(NULL, NULL)
#1 /home/isilgodevradar/public_html/wp-includes/class-wp-hook.php(310): set_recurrent_gateway(Array)
#2 /home/isilgodevradar/public_html/wp-includes/plugin.php(205): WP_Hook->apply_filters(Array, Array)
#3 /home/isilgodevradar/public_html/wp-content/plugins/woocommerce/includes/class-wc-payment-gateways.php(163): apply_filters('woocommerce_ava...', Array)
#4 /home/isilgodevradar/public_html/wp-content/plugins/woocommerce/includes/wc-template-functions.php(3903): WC_Payment_Gateways->get_available_payment_gateways()
#5 /home/isilgodevradar/public_html/wp-includes/class-wp-hook.php(310): wc_get_pay_buttons('')
#6 /home/isilgodevradar/public_html/wp-includes/class-wp-hook.php(334): WP_Hook->apply_filters(NULL, Array)
#7 /home/isilgodevradar/public_html/wp-includes/plugin.php(517): WP_Hook->do_action(Array)
#8 /home/isilgodevradar/public_html/wp-content/themes/isilgo/woocommerce/checkout/form-checkout.php(56): do_action('woocommerce_che...')
#9 /home/isilgodevradar/public_html/wp-content/plugins/woocommerce/includes/wc-core-functions.php(345): include('/home/isilgodev...')
#10 /home/isilgodevradar/public_html/wp-content/plugins/woocommerce/includes/shortcodes/class-wc-shortcode-checkout.php(359): wc_get_template('checkout/form-c...', Array)
#11 /home/isilgodevradar/public_html/wp-content/plugins/woocommerce/includes/shortcodes/class-wc-shortcode-checkout.php(67): WC_Shortcode_Checkout::checkout()
#12 /home/isilgodevradar/public_html/wp-content/plugins/woocommerce/includes/class-wc-shortcodes.php(72): WC_Shortcode_Checkout::output('')
#13 /home/isilgodevradar/public_html/wp-content/plugins/woocommerce/includes/class-wc-shortcodes.php(95): WC_Shortcodes::shortcode_wrapper(Array, '')
#14 /home/isilgodevradar/public_html/wp-includes/shortcodes.php(395): WC_Shortcodes::checkout('', '', 'woocommerce_che...')
#15 [internal function]: do_shortcode_tag(Array)
#16 /home/isilgodevradar/public_html/wp-includes/shortcodes.php(235): preg_replace_callback('/\\[(\\[?)(woocom...', 'do_shortcode_ta...', '[woocommerce_ch...')
#17 /home/isilgodevradar/public_html/wp-includes/class-wp-hook.php(310): do_shortcode('[woocommerce_ch...')
#18 /home/isilgodevradar/public_html/wp-includes/plugin.php(205): WP_Hook->apply_filters('[woocommerce_ch...', Array)
#19 /home/isilgodevradar/public_html/wp-includes/post-template.php(256): apply_filters('the_content', '<!-- wp:shortco...')
#20 /home/isilgodevradar/public_html/wp-content/themes/isilgo/page.php(35): the_content()
#21 /home/isilgodevradar/public_html/wp-includes/template-loader.php(106): include('/home/isilgodev...')
#22 /home/isilgodevradar/public_html/wp-blog-header.php(19): require_once('/home/isilgodev...')
#23 /home/isilgodevradar/public_html/index.php(17): require('/home/isilgodev...')
#24 {main}
  thrown en /home/isilgodevradar/public_html/wp-content/plugins/radar_niubiz/index.php en la línea 566

2023-09-20T19:37:47+00:00 CRITICAL Uncaught TypeError: Cannot access offset of type string on string in /home/isilgodevradar/public_html/wp-content/plugins/woocommerce/src/Admin/API/Reports/PerformanceIndicators/Controller.php:134
Stack trace:
#0 /home/isilgodevradar/public_html/wp-content/plugins/woocommerce/src/Admin/API/Reports/PerformanceIndicators/Controller.php(255): Automattic\WooCommerce\Admin\API\Reports\PerformanceIndicators\Controller->get_analytics_report_data()
#1 /home/isilgodevradar/public_html/wp-content/plugins/woocommerce/src/Admin/API/Reports/PerformanceIndicators/Controller.php(631): Automattic\WooCommerce\Admin\API\Reports\PerformanceIndicators\Controller->get_indicator_data()
#2 /home/isilgodevradar/public_html/wp-content/plugins/woocommerce/includes/rest-api/Controllers/Version1/class-wc-rest-reports-v1-controller.php(48): Automattic\WooCommerce\Admin\API\Reports\PerformanceIndicators\Controller->get_collection_params()
#3 /home/isilgodevradar/public_html/wp-content/plugins/woocommerce/src/Admin/API/Reports/PerformanceIndicators/Controller.php(85): WC_REST_Reports_V1_Controller->register_routes()
#4 /home/isilgodevradar/public_html/wp-content/plugins/woocommerce/src/Admin/API/Init.php(147): Automattic\WooCommerce\Admin\API\Reports\PerformanceIndicators\Controller->register_routes()
#5 /home/isilgodevradar/public_html/wp-includes/class-wp-hook.php(310): Automattic\WooCommerce\Admin\API\Init->rest_api_init(Object(WP_REST_Server))
#6 /home/isilgodevradar/public_html/wp-includes/class-wp-hook.php(334): WP_Hook->apply_filters(NULL, Array)
#7 /home/isilgodevradar/public_html/wp-includes/plugin.php(517): WP_Hook->do_action(Array)
#8 /home/isilgodevradar/public_html/wp-includes/rest-api.php(587): do_action('rest_api_init', Object(WP_REST_Server))
#9 /home/isilgodevradar/public_html/wp-includes/rest-api.php(411): rest_get_server()
#10 /home/isilgodevradar/public_html/wp-includes/class-wp-hook.php(310): rest_api_loaded(Object(WP))
#11 /home/isilgodevradar/public_html/wp-includes/class-wp-hook.php(334): WP_Hook->apply_filters(NULL, Array)
#12 /home/isilgodevradar/public_html/wp-includes/plugin.php(565): WP_Hook->do_action(Array)
#13 /home/isilgodevradar/public_html/wp-includes/class-wp.php(398): do_action_ref_array('parse_request', Array)
#14 /home/isilgodevradar/public_html/wp-includes/class-wp.php(779): WP->parse_request('')
#15 /home/isilgodevradar/public_html/wp-includes/functions.php(1335): WP->main('')
#16 /home/isilgodevradar/public_html/wp-blog-header.php(16): wp()
#17 /home/isilgodevradar/public_html/index.php(17): require('/home/isilgodev...')
#18 {main}
  thrown en /home/isilgodevradar/public_html/wp-content/plugins/woocommerce/src/Admin/API/Reports/PerformanceIndicators/Controller.php en la línea 134

2023-09-20T19:40:37+00:00 CRITICAL Uncaught TypeError: Cannot access offset of type string on string in /home/isilgodevradar/public_html/wp-content/plugins/woocommerce/src/Admin/API/Reports/PerformanceIndicators/Controller.php:134
Stack trace:
#0 /home/isilgodevradar/public_html/wp-content/plugins/woocommerce/src/Admin/API/Reports/PerformanceIndicators/Controller.php(255): Automattic\WooCommerce\Admin\API\Reports\PerformanceIndicators\Controller->get_analytics_report_data()
#1 /home/isilgodevradar/public_html/wp-content/plugins/woocommerce/src/Admin/API/Reports/PerformanceIndicators/Controller.php(631): Automattic\WooCommerce\Admin\API\Reports\PerformanceIndicators\Controller->get_indicator_data()
#2 /home/isilgodevradar/public_html/wp-content/plugins/woocommerce/includes/rest-api/Controllers/Version1/class-wc-rest-reports-v1-controller.php(48): Automattic\WooCommerce\Admin\API\Reports\PerformanceIndicators\Controller->get_collection_params()
#3 /home/isilgodevradar/public_html/wp-content/plugins/woocommerce/src/Admin/API/Reports/PerformanceIndicators/Controller.php(85): WC_REST_Reports_V1_Controller->register_routes()
#4 /home/isilgodevradar/public_html/wp-content/plugins/woocommerce/src/Admin/API/Init.php(147): Automattic\WooCommerce\Admin\API\Reports\PerformanceIndicators\Controller->register_routes()
#5 /home/isilgodevradar/public_html/wp-includes/class-wp-hook.php(310): Automattic\WooCommerce\Admin\API\Init->rest_api_init(Object(WP_REST_Server))
#6 /home/isilgodevradar/public_html/wp-includes/class-wp-hook.php(334): WP_Hook->apply_filters(NULL, Array)
#7 /home/isilgodevradar/public_html/wp-includes/plugin.php(517): WP_Hook->do_action(Array)
#8 /home/isilgodevradar/public_html/wp-includes/rest-api.php(587): do_action('rest_api_init', Object(WP_REST_Server))
#9 /home/isilgodevradar/public_html/wp-includes/rest-api.php(411): rest_get_server()
#10 /home/isilgodevradar/public_html/wp-includes/class-wp-hook.php(310): rest_api_loaded(Object(WP))
#11 /home/isilgodevradar/public_html/wp-includes/class-wp-hook.php(334): WP_Hook->apply_filters(NULL, Array)
#12 /home/isilgodevradar/public_html/wp-includes/plugin.php(565): WP_Hook->do_action(Array)
#13 /home/isilgodevradar/public_html/wp-includes/class-wp.php(398): do_action_ref_array('parse_request', Array)
#14 /home/isilgodevradar/public_html/wp-includes/class-wp.php(779): WP->parse_request('')
#15 /home/isilgodevradar/public_html/wp-includes/functions.php(1335): WP->main('')
#16 /home/isilgodevradar/public_html/wp-blog-header.php(16): wp()
#17 /home/isilgodevradar/public_html/index.php(17): require('/home/isilgodev...')
#18 {main}
  thrown en /home/isilgodevradar/public_html/wp-content/plugins/woocommerce/src/Admin/API/Reports/PerformanceIndicators/Controller.php en la línea 134

2023-09-20T19:40:51+00:00 CRITICAL Uncaught TypeError: Cannot access offset of type string on string in /home/isilgodevradar/public_html/wp-content/plugins/woocommerce/src/Admin/API/Reports/PerformanceIndicators/Controller.php:134
Stack trace:
#0 /home/isilgodevradar/public_html/wp-content/plugins/woocommerce/src/Admin/API/Reports/PerformanceIndicators/Controller.php(255): Automattic\WooCommerce\Admin\API\Reports\PerformanceIndicators\Controller->get_analytics_report_data()
#1 /home/isilgodevradar/public_html/wp-content/plugins/woocommerce/src/Admin/API/Reports/PerformanceIndicators/Controller.php(631): Automattic\WooCommerce\Admin\API\Reports\PerformanceIndicators\Controller->get_indicator_data()
#2 /home/isilgodevradar/public_html/wp-content/plugins/woocommerce/includes/rest-api/Controllers/Version1/class-wc-rest-reports-v1-controller.php(48): Automattic\WooCommerce\Admin\API\Reports\PerformanceIndicators\Controller->get_collection_params()
#3 /home/isilgodevradar/public_html/wp-content/plugins/woocommerce/src/Admin/API/Reports/PerformanceIndicators/Controller.php(85): WC_REST_Reports_V1_Controller->register_routes()
#4 /home/isilgodevradar/public_html/wp-content/plugins/woocommerce/src/Admin/API/Init.php(147): Automattic\WooCommerce\Admin\API\Reports\PerformanceIndicators\Controller->register_routes()
#5 /home/isilgodevradar/public_html/wp-includes/class-wp-hook.php(310): Automattic\WooCommerce\Admin\API\Init->rest_api_init(Object(WP_REST_Server))
#6 /home/isilgodevradar/public_html/wp-includes/class-wp-hook.php(334): WP_Hook->apply_filters(NULL, Array)
#7 /home/isilgodevradar/public_html/wp-includes/plugin.php(517): WP_Hook->do_action(Array)
#8 /home/isilgodevradar/public_html/wp-includes/rest-api.php(587): do_action('rest_api_init', Object(WP_REST_Server))
#9 /home/isilgodevradar/public_html/wp-includes/rest-api.php(411): rest_get_server()
#10 /home/isilgodevradar/public_html/wp-includes/class-wp-hook.php(310): rest_api_loaded(Object(WP))
#11 /home/isilgodevradar/public_html/wp-includes/class-wp-hook.php(334): WP_Hook->apply_filters(NULL, Array)
#12 /home/isilgodevradar/public_html/wp-includes/plugin.php(565): WP_Hook->do_action(Array)
#13 /home/isilgodevradar/public_html/wp-includes/class-wp.php(398): do_action_ref_array('parse_request', Array)
#14 /home/isilgodevradar/public_html/wp-includes/class-wp.php(779): WP->parse_request('')
#15 /home/isilgodevradar/public_html/wp-includes/functions.php(1335): WP->main('')
#16 /home/isilgodevradar/public_html/wp-blog-header.php(16): wp()
#17 /home/isilgodevradar/public_html/index.php(17): require('/home/isilgodev...')
#18 {main}
  thrown en /home/isilgodevradar/public_html/wp-content/plugins/woocommerce/src/Admin/API/Reports/PerformanceIndicators/Controller.php en la línea 134

2023-09-20T19:41:34+00:00 CRITICAL Uncaught TypeError: Cannot access offset of type string on string in /home/isilgodevradar/public_html/wp-content/plugins/woocommerce/src/Admin/API/Reports/PerformanceIndicators/Controller.php:134
Stack trace:
#0 /home/isilgodevradar/public_html/wp-content/plugins/woocommerce/src/Admin/API/Reports/PerformanceIndicators/Controller.php(255): Automattic\WooCommerce\Admin\API\Reports\PerformanceIndicators\Controller->get_analytics_report_data()
#1 /home/isilgodevradar/public_html/wp-content/plugins/woocommerce/src/Admin/API/Reports/PerformanceIndicators/Controller.php(631): Automattic\WooCommerce\Admin\API\Reports\PerformanceIndicators\Controller->get_indicator_data()
#2 /home/isilgodevradar/public_html/wp-content/plugins/woocommerce/includes/rest-api/Controllers/Version1/class-wc-rest-reports-v1-controller.php(48): Automattic\WooCommerce\Admin\API\Reports\PerformanceIndicators\Controller->get_collection_params()
#3 /home/isilgodevradar/public_html/wp-content/plugins/woocommerce/src/Admin/API/Reports/PerformanceIndicators/Controller.php(85): WC_REST_Reports_V1_Controller->register_routes()
#4 /home/isilgodevradar/public_html/wp-content/plugins/woocommerce/src/Admin/API/Init.php(147): Automattic\WooCommerce\Admin\API\Reports\PerformanceIndicators\Controller->register_routes()
#5 /home/isilgodevradar/public_html/wp-includes/class-wp-hook.php(310): Automattic\WooCommerce\Admin\API\Init->rest_api_init(Object(WP_REST_Server))
#6 /home/isilgodevradar/public_html/wp-includes/class-wp-hook.php(334): WP_Hook->apply_filters(NULL, Array)
#7 /home/isilgodevradar/public_html/wp-includes/plugin.php(517): WP_Hook->do_action(Array)
#8 /home/isilgodevradar/public_html/wp-includes/rest-api.php(587): do_action('rest_api_init', Object(WP_REST_Server))
#9 /home/isilgodevradar/public_html/wp-includes/rest-api.php(411): rest_get_server()
#10 /home/isilgodevradar/public_html/wp-includes/class-wp-hook.php(310): rest_api_loaded(Object(WP))
#11 /home/isilgodevradar/public_html/wp-includes/class-wp-hook.php(334): WP_Hook->apply_filters(NULL, Array)
#12 /home/isilgodevradar/public_html/wp-includes/plugin.php(565): WP_Hook->do_action(Array)
#13 /home/isilgodevradar/public_html/wp-includes/class-wp.php(398): do_action_ref_array('parse_request', Array)
#14 /home/isilgodevradar/public_html/wp-includes/class-wp.php(779): WP->parse_request('')
#15 /home/isilgodevradar/public_html/wp-includes/functions.php(1335): WP->main('')
#16 /home/isilgodevradar/public_html/wp-blog-header.php(16): wp()
#17 /home/isilgodevradar/public_html/index.php(17): require('/home/isilgodev...')
#18 {main}
  thrown en /home/isilgodevradar/public_html/wp-content/plugins/woocommerce/src/Admin/API/Reports/PerformanceIndicators/Controller.php en la línea 134

2023-09-20T19:45:31+00:00 CRITICAL Uncaught TypeError: Cannot access offset of type string on string in /home/isilgodevradar/public_html/wp-content/plugins/woocommerce/src/Admin/API/Reports/PerformanceIndicators/Controller.php:134
Stack trace:
#0 /home/isilgodevradar/public_html/wp-content/plugins/woocommerce/src/Admin/API/Reports/PerformanceIndicators/Controller.php(255): Automattic\WooCommerce\Admin\API\Reports\PerformanceIndicators\Controller->get_analytics_report_data()
#1 /home/isilgodevradar/public_html/wp-content/plugins/woocommerce/src/Admin/API/Reports/PerformanceIndicators/Controller.php(631): Automattic\WooCommerce\Admin\API\Reports\PerformanceIndicators\Controller->get_indicator_data()
#2 /home/isilgodevradar/public_html/wp-content/plugins/woocommerce/includes/rest-api/Controllers/Version1/class-wc-rest-reports-v1-controller.php(48): Automattic\WooCommerce\Admin\API\Reports\PerformanceIndicators\Controller->get_collection_params()
#3 /home/isilgodevradar/public_html/wp-content/plugins/woocommerce/src/Admin/API/Reports/PerformanceIndicators/Controller.php(85): WC_REST_Reports_V1_Controller->register_routes()
#4 /home/isilgodevradar/public_html/wp-content/plugins/woocommerce/src/Admin/API/Init.php(147): Automattic\WooCommerce\Admin\API\Reports\PerformanceIndicators\Controller->register_routes()
#5 /home/isilgodevradar/public_html/wp-includes/class-wp-hook.php(310): Automattic\WooCommerce\Admin\API\Init->rest_api_init(Object(WP_REST_Server))
#6 /home/isilgodevradar/public_html/wp-includes/class-wp-hook.php(334): WP_Hook->apply_filters(NULL, Array)
#7 /home/isilgodevradar/public_html/wp-includes/plugin.php(517): WP_Hook->do_action(Array)
#8 /home/isilgodevradar/public_html/wp-includes/rest-api.php(587): do_action('rest_api_init', Object(WP_REST_Server))
#9 /home/isilgodevradar/public_html/wp-includes/rest-api.php(411): rest_get_server()
#10 /home/isilgodevradar/public_html/wp-includes/class-wp-hook.php(310): rest_api_loaded(Object(WP))
#11 /home/isilgodevradar/public_html/wp-includes/class-wp-hook.php(334): WP_Hook->apply_filters(NULL, Array)
#12 /home/isilgodevradar/public_html/wp-includes/plugin.php(565): WP_Hook->do_action(Array)
#13 /home/isilgodevradar/public_html/wp-includes/class-wp.php(398): do_action_ref_array('parse_request', Array)
#14 /home/isilgodevradar/public_html/wp-includes/class-wp.php(779): WP->parse_request('')
#15 /home/isilgodevradar/public_html/wp-includes/functions.php(1335): WP->main('')
#16 /home/isilgodevradar/public_html/wp-blog-header.php(16): wp()
#17 /home/isilgodevradar/public_html/index.php(17): require('/home/isilgodev...')
#18 {main}
  thrown en /home/isilgodevradar/public_html/wp-content/plugins/woocommerce/src/Admin/API/Reports/PerformanceIndicators/Controller.php en la línea 134

2023-09-20T19:47:53+00:00 CRITICAL Uncaught TypeError: Cannot access offset of type string on string in /home/isilgodevradar/public_html/wp-content/plugins/woocommerce/src/Admin/API/Reports/PerformanceIndicators/Controller.php:134
Stack trace:
#0 /home/isilgodevradar/public_html/wp-content/plugins/woocommerce/src/Admin/API/Reports/PerformanceIndicators/Controller.php(255): Automattic\WooCommerce\Admin\API\Reports\PerformanceIndicators\Controller->get_analytics_report_data()
#1 /home/isilgodevradar/public_html/wp-content/plugins/woocommerce/src/Admin/API/Reports/PerformanceIndicators/Controller.php(631): Automattic\WooCommerce\Admin\API\Reports\PerformanceIndicators\Controller->get_indicator_data()
#2 /home/isilgodevradar/public_html/wp-content/plugins/woocommerce/includes/rest-api/Controllers/Version1/class-wc-rest-reports-v1-controller.php(48): Automattic\WooCommerce\Admin\API\Reports\PerformanceIndicators\Controller->get_collection_params()
#3 /home/isilgodevradar/public_html/wp-content/plugins/woocommerce/src/Admin/API/Reports/PerformanceIndicators/Controller.php(85): WC_REST_Reports_V1_Controller->register_routes()
#4 /home/isilgodevradar/public_html/wp-content/plugins/woocommerce/src/Admin/API/Init.php(147): Automattic\WooCommerce\Admin\API\Reports\PerformanceIndicators\Controller->register_routes()
#5 /home/isilgodevradar/public_html/wp-includes/class-wp-hook.php(310): Automattic\WooCommerce\Admin\API\Init->rest_api_init(Object(WP_REST_Server))
#6 /home/isilgodevradar/public_html/wp-includes/class-wp-hook.php(334): WP_Hook->apply_filters(NULL, Array)
#7 /home/isilgodevradar/public_html/wp-includes/plugin.php(517): WP_Hook->do_action(Array)
#8 /home/isilgodevradar/public_html/wp-includes/rest-api.php(587): do_action('rest_api_init', Object(WP_REST_Server))
#9 /home/isilgodevradar/public_html/wp-includes/rest-api.php(411): rest_get_server()
#10 /home/isilgodevradar/public_html/wp-includes/class-wp-hook.php(310): rest_api_loaded(Object(WP))
#11 /home/isilgodevradar/public_html/wp-includes/class-wp-hook.php(334): WP_Hook->apply_filters(NULL, Array)
#12 /home/isilgodevradar/public_html/wp-includes/plugin.php(565): WP_Hook->do_action(Array)
#13 /home/isilgodevradar/public_html/wp-includes/class-wp.php(398): do_action_ref_array('parse_request', Array)
#14 /home/isilgodevradar/public_html/wp-includes/class-wp.php(779): WP->parse_request('')
#15 /home/isilgodevradar/public_html/wp-includes/functions.php(1335): WP->main('')
#16 /home/isilgodevradar/public_html/wp-blog-header.php(16): wp()
#17 /home/isilgodevradar/public_html/index.php(17): require('/home/isilgodev...')
#18 {main}
  thrown en /home/isilgodevradar/public_html/wp-content/plugins/woocommerce/src/Admin/API/Reports/PerformanceIndicators/Controller.php en la línea 134

2023-09-20T19:47:55+00:00 CRITICAL Uncaught TypeError: Cannot access offset of type string on string in /home/isilgodevradar/public_html/wp-content/plugins/woocommerce/src/Admin/API/Reports/PerformanceIndicators/Controller.php:134
Stack trace:
#0 /home/isilgodevradar/public_html/wp-content/plugins/woocommerce/src/Admin/API/Reports/PerformanceIndicators/Controller.php(255): Automattic\WooCommerce\Admin\API\Reports\PerformanceIndicators\Controller->get_analytics_report_data()
#1 /home/isilgodevradar/public_html/wp-content/plugins/woocommerce/src/Admin/API/Reports/PerformanceIndicators/Controller.php(631): Automattic\WooCommerce\Admin\API\Reports\PerformanceIndicators\Controller->get_indicator_data()
#2 /home/isilgodevradar/public_html/wp-content/plugins/woocommerce/includes/rest-api/Controllers/Version1/class-wc-rest-reports-v1-controller.php(48): Automattic\WooCommerce\Admin\API\Reports\PerformanceIndicators\Controller->get_collection_params()
#3 /home/isilgodevradar/public_html/wp-content/plugins/woocommerce/src/Admin/API/Reports/PerformanceIndicators/Controller.php(85): WC_REST_Reports_V1_Controller->register_routes()
#4 /home/isilgodevradar/public_html/wp-content/plugins/woocommerce/src/Admin/API/Init.php(147): Automattic\WooCommerce\Admin\API\Reports\PerformanceIndicators\Controller->register_routes()
#5 /home/isilgodevradar/public_html/wp-includes/class-wp-hook.php(310): Automattic\WooCommerce\Admin\API\Init->rest_api_init(Object(WP_REST_Server))
#6 /home/isilgodevradar/public_html/wp-includes/class-wp-hook.php(334): WP_Hook->apply_filters(NULL, Array)
#7 /home/isilgodevradar/public_html/wp-includes/plugin.php(517): WP_Hook->do_action(Array)
#8 /home/isilgodevradar/public_html/wp-includes/rest-api.php(587): do_action('rest_api_init', Object(WP_REST_Server))
#9 /home/isilgodevradar/public_html/wp-includes/rest-api.php(411): rest_get_server()
#10 /home/isilgodevradar/public_html/wp-includes/class-wp-hook.php(310): rest_api_loaded(Object(WP))
#11 /home/isilgodevradar/public_html/wp-includes/class-wp-hook.php(334): WP_Hook->apply_filters(NULL, Array)
#12 /home/isilgodevradar/public_html/wp-includes/plugin.php(565): WP_Hook->do_action(Array)
#13 /home/isilgodevradar/public_html/wp-includes/class-wp.php(398): do_action_ref_array('parse_request', Array)
#14 /home/isilgodevradar/public_html/wp-includes/class-wp.php(779): WP->parse_request('')
#15 /home/isilgodevradar/public_html/wp-includes/functions.php(1335): WP->main('')
#16 /home/isilgodevradar/public_html/wp-blog-header.php(16): wp()
#17 /home/isilgodevradar/public_html/index.php(17): require('/home/isilgodev...')
#18 {main}
  thrown en /home/isilgodevradar/public_html/wp-content/plugins/woocommerce/src/Admin/API/Reports/PerformanceIndicators/Controller.php en la línea 134

2023-09-20T20:32:04+00:00 CRITICAL Uncaught TypeError: Cannot access offset of type string on string in /home/isilgodevradar/public_html/wp-content/plugins/woocommerce/src/Admin/API/Reports/PerformanceIndicators/Controller.php:134
Stack trace:
#0 /home/isilgodevradar/public_html/wp-content/plugins/woocommerce/src/Admin/API/Reports/PerformanceIndicators/Controller.php(255): Automattic\WooCommerce\Admin\API\Reports\PerformanceIndicators\Controller->get_analytics_report_data()
#1 /home/isilgodevradar/public_html/wp-content/plugins/woocommerce/src/Admin/API/Reports/PerformanceIndicators/Controller.php(631): Automattic\WooCommerce\Admin\API\Reports\PerformanceIndicators\Controller->get_indicator_data()
#2 /home/isilgodevradar/public_html/wp-content/plugins/woocommerce/includes/rest-api/Controllers/Version1/class-wc-rest-reports-v1-controller.php(48): Automattic\WooCommerce\Admin\API\Reports\PerformanceIndicators\Controller->get_collection_params()
#3 /home/isilgodevradar/public_html/wp-content/plugins/woocommerce/src/Admin/API/Reports/PerformanceIndicators/Controller.php(85): WC_REST_Reports_V1_Controller->register_routes()
#4 /home/isilgodevradar/public_html/wp-content/plugins/woocommerce/src/Admin/API/Init.php(147): Automattic\WooCommerce\Admin\API\Reports\PerformanceIndicators\Controller->register_routes()
#5 /home/isilgodevradar/public_html/wp-includes/class-wp-hook.php(310): Automattic\WooCommerce\Admin\API\Init->rest_api_init(Object(WP_REST_Server))
#6 /home/isilgodevradar/public_html/wp-includes/class-wp-hook.php(334): WP_Hook->apply_filters(NULL, Array)
#7 /home/isilgodevradar/public_html/wp-includes/plugin.php(517): WP_Hook->do_action(Array)
#8 /home/isilgodevradar/public_html/wp-includes/rest-api.php(587): do_action('rest_api_init', Object(WP_REST_Server))
#9 /home/isilgodevradar/public_html/wp-includes/rest-api.php(411): rest_get_server()
#10 /home/isilgodevradar/public_html/wp-includes/class-wp-hook.php(310): rest_api_loaded(Object(WP))
#11 /home/isilgodevradar/public_html/wp-includes/class-wp-hook.php(334): WP_Hook->apply_filters(NULL, Array)
#12 /home/isilgodevradar/public_html/wp-includes/plugin.php(565): WP_Hook->do_action(Array)
#13 /home/isilgodevradar/public_html/wp-includes/class-wp.php(398): do_action_ref_array('parse_request', Array)
#14 /home/isilgodevradar/public_html/wp-includes/class-wp.php(779): WP->parse_request('')
#15 /home/isilgodevradar/public_html/wp-includes/functions.php(1335): WP->main('')
#16 /home/isilgodevradar/public_html/wp-blog-header.php(16): wp()
#17 /home/isilgodevradar/public_html/index.php(17): require('/home/isilgodev...')
#18 {main}
  thrown en /home/isilgodevradar/public_html/wp-content/plugins/woocommerce/src/Admin/API/Reports/PerformanceIndicators/Controller.php en la línea 134

2023-09-20T20:36:21+00:00 CRITICAL Uncaught TypeError: Cannot access offset of type string on string in /home/isilgodevradar/public_html/wp-content/plugins/woocommerce/src/Admin/API/Reports/PerformanceIndicators/Controller.php:134
Stack trace:
#0 /home/isilgodevradar/public_html/wp-content/plugins/woocommerce/src/Admin/API/Reports/PerformanceIndicators/Controller.php(255): Automattic\WooCommerce\Admin\API\Reports\PerformanceIndicators\Controller->get_analytics_report_data()
#1 /home/isilgodevradar/public_html/wp-content/plugins/woocommerce/src/Admin/API/Reports/PerformanceIndicators/Controller.php(631): Automattic\WooCommerce\Admin\API\Reports\PerformanceIndicators\Controller->get_indicator_data()
#2 /home/isilgodevradar/public_html/wp-content/plugins/woocommerce/includes/rest-api/Controllers/Version1/class-wc-rest-reports-v1-controller.php(48): Automattic\WooCommerce\Admin\API\Reports\PerformanceIndicators\Controller->get_collection_params()
#3 /home/isilgodevradar/public_html/wp-content/plugins/woocommerce/src/Admin/API/Reports/PerformanceIndicators/Controller.php(85): WC_REST_Reports_V1_Controller->register_routes()
#4 /home/isilgodevradar/public_html/wp-content/plugins/woocommerce/src/Admin/API/Init.php(147): Automattic\WooCommerce\Admin\API\Reports\PerformanceIndicators\Controller->register_routes()
#5 /home/isilgodevradar/public_html/wp-includes/class-wp-hook.php(310): Automattic\WooCommerce\Admin\API\Init->rest_api_init(Object(WP_REST_Server))
#6 /home/isilgodevradar/public_html/wp-includes/class-wp-hook.php(334): WP_Hook->apply_filters(NULL, Array)
#7 /home/isilgodevradar/public_html/wp-includes/plugin.php(517): WP_Hook->do_action(Array)
#8 /home/isilgodevradar/public_html/wp-includes/rest-api.php(587): do_action('rest_api_init', Object(WP_REST_Server))
#9 /home/isilgodevradar/public_html/wp-includes/rest-api.php(411): rest_get_server()
#10 /home/isilgodevradar/public_html/wp-includes/class-wp-hook.php(310): rest_api_loaded(Object(WP))
#11 /home/isilgodevradar/public_html/wp-includes/class-wp-hook.php(334): WP_Hook->apply_filters(NULL, Array)
#12 /home/isilgodevradar/public_html/wp-includes/plugin.php(565): WP_Hook->do_action(Array)
#13 /home/isilgodevradar/public_html/wp-includes/class-wp.php(398): do_action_ref_array('parse_request', Array)
#14 /home/isilgodevradar/public_html/wp-includes/class-wp.php(779): WP->parse_request('')
#15 /home/isilgodevradar/public_html/wp-includes/functions.php(1335): WP->main('')
#16 /home/isilgodevradar/public_html/wp-blog-header.php(16): wp()
#17 /home/isilgodevradar/public_html/index.php(17): require('/home/isilgodev...')
#18 {main}
  thrown en /home/isilgodevradar/public_html/wp-content/plugins/woocommerce/src/Admin/API/Reports/PerformanceIndicators/Controller.php en la línea 134

2023-09-20T20:40:08+00:00 CRITICAL Uncaught TypeError: Cannot access offset of type string on string in /home/isilgodevradar/public_html/wp-content/plugins/woocommerce/src/Admin/API/Reports/PerformanceIndicators/Controller.php:134
Stack trace:
#0 /home/isilgodevradar/public_html/wp-content/plugins/woocommerce/src/Admin/API/Reports/PerformanceIndicators/Controller.php(255): Automattic\WooCommerce\Admin\API\Reports\PerformanceIndicators\Controller->get_analytics_report_data()
#1 /home/isilgodevradar/public_html/wp-content/plugins/woocommerce/src/Admin/API/Reports/PerformanceIndicators/Controller.php(631): Automattic\WooCommerce\Admin\API\Reports\PerformanceIndicators\Controller->get_indicator_data()
#2 /home/isilgodevradar/public_html/wp-content/plugins/woocommerce/includes/rest-api/Controllers/Version1/class-wc-rest-reports-v1-controller.php(48): Automattic\WooCommerce\Admin\API\Reports\PerformanceIndicators\Controller->get_collection_params()
#3 /home/isilgodevradar/public_html/wp-content/plugins/woocommerce/src/Admin/API/Reports/PerformanceIndicators/Controller.php(85): WC_REST_Reports_V1_Controller->register_routes()
#4 /home/isilgodevradar/public_html/wp-content/plugins/woocommerce/src/Admin/API/Init.php(147): Automattic\WooCommerce\Admin\API\Reports\PerformanceIndicators\Controller->register_routes()
#5 /home/isilgodevradar/public_html/wp-includes/class-wp-hook.php(310): Automattic\WooCommerce\Admin\API\Init->rest_api_init(Object(WP_REST_Server))
#6 /home/isilgodevradar/public_html/wp-includes/class-wp-hook.php(334): WP_Hook->apply_filters(NULL, Array)
#7 /home/isilgodevradar/public_html/wp-includes/plugin.php(517): WP_Hook->do_action(Array)
#8 /home/isilgodevradar/public_html/wp-includes/rest-api.php(587): do_action('rest_api_init', Object(WP_REST_Server))
#9 /home/isilgodevradar/public_html/wp-includes/rest-api.php(411): rest_get_server()
#10 /home/isilgodevradar/public_html/wp-includes/class-wp-hook.php(310): rest_api_loaded(Object(WP))
#11 /home/isilgodevradar/public_html/wp-includes/class-wp-hook.php(334): WP_Hook->apply_filters(NULL, Array)
#12 /home/isilgodevradar/public_html/wp-includes/plugin.php(565): WP_Hook->do_action(Array)
#13 /home/isilgodevradar/public_html/wp-includes/class-wp.php(398): do_action_ref_array('parse_request', Array)
#14 /home/isilgodevradar/public_html/wp-includes/class-wp.php(779): WP->parse_request('')
#15 /home/isilgodevradar/public_html/wp-includes/functions.php(1335): WP->main('')
#16 /home/isilgodevradar/public_html/wp-blog-header.php(16): wp()
#17 /home/isilgodevradar/public_html/index.php(17): require('/home/isilgodev...')
#18 {main}
  thrown en /home/isilgodevradar/public_html/wp-content/plugins/woocommerce/src/Admin/API/Reports/PerformanceIndicators/Controller.php en la línea 134

2023-09-20T20:41:00+00:00 CRITICAL Uncaught TypeError: Cannot access offset of type string on string in /home/isilgodevradar/public_html/wp-content/plugins/woocommerce/src/Admin/API/Reports/PerformanceIndicators/Controller.php:134
Stack trace:
#0 /home/isilgodevradar/public_html/wp-content/plugins/woocommerce/src/Admin/API/Reports/PerformanceIndicators/Controller.php(255): Automattic\WooCommerce\Admin\API\Reports\PerformanceIndicators\Controller->get_analytics_report_data()
#1 /home/isilgodevradar/public_html/wp-content/plugins/woocommerce/src/Admin/API/Reports/PerformanceIndicators/Controller.php(631): Automattic\WooCommerce\Admin\API\Reports\PerformanceIndicators\Controller->get_indicator_data()
#2 /home/isilgodevradar/public_html/wp-content/plugins/woocommerce/includes/rest-api/Controllers/Version1/class-wc-rest-reports-v1-controller.php(48): Automattic\WooCommerce\Admin\API\Reports\PerformanceIndicators\Controller->get_collection_params()
#3 /home/isilgodevradar/public_html/wp-content/plugins/woocommerce/src/Admin/API/Reports/PerformanceIndicators/Controller.php(85): WC_REST_Reports_V1_Controller->register_routes()
#4 /home/isilgodevradar/public_html/wp-content/plugins/woocommerce/src/Admin/API/Init.php(147): Automattic\WooCommerce\Admin\API\Reports\PerformanceIndicators\Controller->register_routes()
#5 /home/isilgodevradar/public_html/wp-includes/class-wp-hook.php(310): Automattic\WooCommerce\Admin\API\Init->rest_api_init(Object(WP_REST_Server))
#6 /home/isilgodevradar/public_html/wp-includes/class-wp-hook.php(334): WP_Hook->apply_filters(NULL, Array)
#7 /home/isilgodevradar/public_html/wp-includes/plugin.php(517): WP_Hook->do_action(Array)
#8 /home/isilgodevradar/public_html/wp-includes/rest-api.php(587): do_action('rest_api_init', Object(WP_REST_Server))
#9 /home/isilgodevradar/public_html/wp-includes/rest-api.php(411): rest_get_server()
#10 /home/isilgodevradar/public_html/wp-includes/class-wp-hook.php(310): rest_api_loaded(Object(WP))
#11 /home/isilgodevradar/public_html/wp-includes/class-wp-hook.php(334): WP_Hook->apply_filters(NULL, Array)
#12 /home/isilgodevradar/public_html/wp-includes/plugin.php(565): WP_Hook->do_action(Array)
#13 /home/isilgodevradar/public_html/wp-includes/class-wp.php(398): do_action_ref_array('parse_request', Array)
#14 /home/isilgodevradar/public_html/wp-includes/class-wp.php(779): WP->parse_request('')
#15 /home/isilgodevradar/public_html/wp-includes/functions.php(1335): WP->main('')
#16 /home/isilgodevradar/public_html/wp-blog-header.php(16): wp()
#17 /home/isilgodevradar/public_html/index.php(17): require('/home/isilgodev...')
#18 {main}
  thrown en /home/isilgodevradar/public_html/wp-content/plugins/woocommerce/src/Admin/API/Reports/PerformanceIndicators/Controller.php en la línea 134

2023-09-20T20:41:07+00:00 CRITICAL Uncaught TypeError: Cannot access offset of type string on string in /home/isilgodevradar/public_html/wp-content/plugins/woocommerce/src/Admin/API/Reports/PerformanceIndicators/Controller.php:134
Stack trace:
#0 /home/isilgodevradar/public_html/wp-content/plugins/woocommerce/src/Admin/API/Reports/PerformanceIndicators/Controller.php(255): Automattic\WooCommerce\Admin\API\Reports\PerformanceIndicators\Controller->get_analytics_report_data()
#1 /home/isilgodevradar/public_html/wp-content/plugins/woocommerce/src/Admin/API/Reports/PerformanceIndicators/Controller.php(631): Automattic\WooCommerce\Admin\API\Reports\PerformanceIndicators\Controller->get_indicator_data()
#2 /home/isilgodevradar/public_html/wp-content/plugins/woocommerce/includes/rest-api/Controllers/Version1/class-wc-rest-reports-v1-controller.php(48): Automattic\WooCommerce\Admin\API\Reports\PerformanceIndicators\Controller->get_collection_params()
#3 /home/isilgodevradar/public_html/wp-content/plugins/woocommerce/src/Admin/API/Reports/PerformanceIndicators/Controller.php(85): WC_REST_Reports_V1_Controller->register_routes()
#4 /home/isilgodevradar/public_html/wp-content/plugins/woocommerce/src/Admin/API/Init.php(147): Automattic\WooCommerce\Admin\API\Reports\PerformanceIndicators\Controller->register_routes()
#5 /home/isilgodevradar/public_html/wp-includes/class-wp-hook.php(310): Automattic\WooCommerce\Admin\API\Init->rest_api_init(Object(WP_REST_Server))
#6 /home/isilgodevradar/public_html/wp-includes/class-wp-hook.php(334): WP_Hook->apply_filters(NULL, Array)
#7 /home/isilgodevradar/public_html/wp-includes/plugin.php(517): WP_Hook->do_action(Array)
#8 /home/isilgodevradar/public_html/wp-includes/rest-api.php(587): do_action('rest_api_init', Object(WP_REST_Server))
#9 /home/isilgodevradar/public_html/wp-includes/rest-api.php(411): rest_get_server()
#10 /home/isilgodevradar/public_html/wp-includes/class-wp-hook.php(310): rest_api_loaded(Object(WP))
#11 /home/isilgodevradar/public_html/wp-includes/class-wp-hook.php(334): WP_Hook->apply_filters(NULL, Array)
#12 /home/isilgodevradar/public_html/wp-includes/plugin.php(565): WP_Hook->do_action(Array)
#13 /home/isilgodevradar/public_html/wp-includes/class-wp.php(398): do_action_ref_array('parse_request', Array)
#14 /home/isilgodevradar/public_html/wp-includes/class-wp.php(779): WP->parse_request('')
#15 /home/isilgodevradar/public_html/wp-includes/functions.php(1335): WP->main('')
#16 /home/isilgodevradar/public_html/wp-blog-header.php(16): wp()
#17 /home/isilgodevradar/public_html/index.php(17): require('/home/isilgodev...')
#18 {main}
  thrown en /home/isilgodevradar/public_html/wp-content/plugins/woocommerce/src/Admin/API/Reports/PerformanceIndicators/Controller.php en la línea 134

2023-09-20T20:43:35+00:00 CRITICAL Uncaught TypeError: Cannot access offset of type string on string in /home/isilgodevradar/public_html/wp-content/plugins/woocommerce/src/Admin/API/Reports/PerformanceIndicators/Controller.php:134
Stack trace:
#0 /home/isilgodevradar/public_html/wp-content/plugins/woocommerce/src/Admin/API/Reports/PerformanceIndicators/Controller.php(255): Automattic\WooCommerce\Admin\API\Reports\PerformanceIndicators\Controller->get_analytics_report_data()
#1 /home/isilgodevradar/public_html/wp-content/plugins/woocommerce/src/Admin/API/Reports/PerformanceIndicators/Controller.php(631): Automattic\WooCommerce\Admin\API\Reports\PerformanceIndicators\Controller->get_indicator_data()
#2 /home/isilgodevradar/public_html/wp-content/plugins/woocommerce/includes/rest-api/Controllers/Version1/class-wc-rest-reports-v1-controller.php(48): Automattic\WooCommerce\Admin\API\Reports\PerformanceIndicators\Controller->get_collection_params()
#3 /home/isilgodevradar/public_html/wp-content/plugins/woocommerce/src/Admin/API/Reports/PerformanceIndicators/Controller.php(85): WC_REST_Reports_V1_Controller->register_routes()
#4 /home/isilgodevradar/public_html/wp-content/plugins/woocommerce/src/Admin/API/Init.php(147): Automattic\WooCommerce\Admin\API\Reports\PerformanceIndicators\Controller->register_routes()
#5 /home/isilgodevradar/public_html/wp-includes/class-wp-hook.php(310): Automattic\WooCommerce\Admin\API\Init->rest_api_init(Object(WP_REST_Server))
#6 /home/isilgodevradar/public_html/wp-includes/class-wp-hook.php(334): WP_Hook->apply_filters(NULL, Array)
#7 /home/isilgodevradar/public_html/wp-includes/plugin.php(517): WP_Hook->do_action(Array)
#8 /home/isilgodevradar/public_html/wp-includes/rest-api.php(587): do_action('rest_api_init', Object(WP_REST_Server))
#9 /home/isilgodevradar/public_html/wp-includes/rest-api.php(411): rest_get_server()
#10 /home/isilgodevradar/public_html/wp-includes/class-wp-hook.php(310): rest_api_loaded(Object(WP))
#11 /home/isilgodevradar/public_html/wp-includes/class-wp-hook.php(334): WP_Hook->apply_filters(NULL, Array)
#12 /home/isilgodevradar/public_html/wp-includes/plugin.php(565): WP_Hook->do_action(Array)
#13 /home/isilgodevradar/public_html/wp-includes/class-wp.php(398): do_action_ref_array('parse_request', Array)
#14 /home/isilgodevradar/public_html/wp-includes/class-wp.php(779): WP->parse_request('')
#15 /home/isilgodevradar/public_html/wp-includes/functions.php(1335): WP->main('')
#16 /home/isilgodevradar/public_html/wp-blog-header.php(16): wp()
#17 /home/isilgodevradar/public_html/index.php(17): require('/home/isilgodev...')
#18 {main}
  thrown en /home/isilgodevradar/public_html/wp-content/plugins/woocommerce/src/Admin/API/Reports/PerformanceIndicators/Controller.php en la línea 134

2023-09-20T20:50:21+00:00 CRITICAL Uncaught TypeError: Cannot access offset of type string on string in /home/isilgodevradar/public_html/wp-content/plugins/woocommerce/src/Admin/API/Reports/PerformanceIndicators/Controller.php:134
Stack trace:
#0 /home/isilgodevradar/public_html/wp-content/plugins/woocommerce/src/Admin/API/Reports/PerformanceIndicators/Controller.php(255): Automattic\WooCommerce\Admin\API\Reports\PerformanceIndicators\Controller->get_analytics_report_data()
#1 /home/isilgodevradar/public_html/wp-content/plugins/woocommerce/src/Admin/API/Reports/PerformanceIndicators/Controller.php(631): Automattic\WooCommerce\Admin\API\Reports\PerformanceIndicators\Controller->get_indicator_data()
#2 /home/isilgodevradar/public_html/wp-content/plugins/woocommerce/includes/rest-api/Controllers/Version1/class-wc-rest-reports-v1-controller.php(48): Automattic\WooCommerce\Admin\API\Reports\PerformanceIndicators\Controller->get_collection_params()
#3 /home/isilgodevradar/public_html/wp-content/plugins/woocommerce/src/Admin/API/Reports/PerformanceIndicators/Controller.php(85): WC_REST_Reports_V1_Controller->register_routes()
#4 /home/isilgodevradar/public_html/wp-content/plugins/woocommerce/src/Admin/API/Init.php(147): Automattic\WooCommerce\Admin\API\Reports\PerformanceIndicators\Controller->register_routes()
#5 /home/isilgodevradar/public_html/wp-includes/class-wp-hook.php(310): Automattic\WooCommerce\Admin\API\Init->rest_api_init(Object(WP_REST_Server))
#6 /home/isilgodevradar/public_html/wp-includes/class-wp-hook.php(334): WP_Hook->apply_filters(NULL, Array)
#7 /home/isilgodevradar/public_html/wp-includes/plugin.php(517): WP_Hook->do_action(Array)
#8 /home/isilgodevradar/public_html/wp-includes/rest-api.php(587): do_action('rest_api_init', Object(WP_REST_Server))
#9 /home/isilgodevradar/public_html/wp-includes/rest-api.php(411): rest_get_server()
#10 /home/isilgodevradar/public_html/wp-includes/class-wp-hook.php(310): rest_api_loaded(Object(WP))
#11 /home/isilgodevradar/public_html/wp-includes/class-wp-hook.php(334): WP_Hook->apply_filters(NULL, Array)
#12 /home/isilgodevradar/public_html/wp-includes/plugin.php(565): WP_Hook->do_action(Array)
#13 /home/isilgodevradar/public_html/wp-includes/class-wp.php(398): do_action_ref_array('parse_request', Array)
#14 /home/isilgodevradar/public_html/wp-includes/class-wp.php(779): WP->parse_request('')
#15 /home/isilgodevradar/public_html/wp-includes/functions.php(1335): WP->main('')
#16 /home/isilgodevradar/public_html/wp-blog-header.php(16): wp()
#17 /home/isilgodevradar/public_html/index.php(17): require('/home/isilgodev...')
#18 {main}
  thrown en /home/isilgodevradar/public_html/wp-content/plugins/woocommerce/src/Admin/API/Reports/PerformanceIndicators/Controller.php en la línea 134

2023-09-20T20:54:05+00:00 CRITICAL Uncaught Error: Call to undefined function create_function() in /home/isilgodevradar/public_html/wp-content/plugins/wpai-acf-add-on/classes/config.php:44
Stack trace:
#0 /home/isilgodevradar/public_html/wp-content/plugins/wpai-acf-add-on/classes/config.php(27): PMAI_Config->loadFromFile('/home/isilgodev...', NULL)
#1 /home/isilgodevradar/public_html/wp-content/plugins/wpai-acf-add-on/wpai-acf-add-on.php(195): PMAI_Config::createFromFile('/home/isilgodev...')
#2 /home/isilgodevradar/public_html/wp-content/plugins/wpai-acf-add-on/wpai-acf-add-on.php(98): PMAI_Plugin->__construct()
#3 /home/isilgodevradar/public_html/wp-content/plugins/wpai-acf-add-on/wpai-acf-add-on.php(446): PMAI_Plugin::getInstance()
#4 /home/isilgodevradar/public_html/wp-admin/includes/plugin.php(2318): include_once('/home/isilgodev...')
#5 /home/isilgodevradar/public_html/wp-admin/includes/plugin.php(663): plugin_sandbox_scrape('wpai-acf-add-on...')
#6 /home/isilgodevradar/public_html/wp-admin/plugins.php(58): activate_plugin('wpai-acf-add-on...', 'https://isilgo....', false)
#7 {main}
  thrown en /home/isilgodevradar/public_html/wp-content/plugins/wpai-acf-add-on/classes/config.php en la línea 44

2023-09-20T20:56:06+00:00 CRITICAL Uncaught Error: Call to undefined function create_function() in /home/isilgodevradar/public_html/wp-content/plugins/wpai-acf-add-on/classes/config.php:44
Stack trace:
#0 /home/isilgodevradar/public_html/wp-content/plugins/wpai-acf-add-on/classes/config.php(27): PMAI_Config->loadFromFile('/home/isilgodev...', NULL)
#1 /home/isilgodevradar/public_html/wp-content/plugins/wpai-acf-add-on/wpai-acf-add-on.php(195): PMAI_Config::createFromFile('/home/isilgodev...')
#2 /home/isilgodevradar/public_html/wp-content/plugins/wpai-acf-add-on/wpai-acf-add-on.php(98): PMAI_Plugin->__construct()
#3 /home/isilgodevradar/public_html/wp-content/plugins/wpai-acf-add-on/wpai-acf-add-on.php(446): PMAI_Plugin::getInstance()
#4 /home/isilgodevradar/public_html/wp-admin/includes/plugin.php(2318): include_once('/home/isilgodev...')
#5 /home/isilgodevradar/public_html/wp-admin/includes/plugin.php(663): plugin_sandbox_scrape('wpai-acf-add-on...')
#6 /home/isilgodevradar/public_html/wp-admin/plugins.php(58): activate_plugin('wpai-acf-add-on...', 'https://isilgo....', false)
#7 {main}
  thrown en /home/isilgodevradar/public_html/wp-content/plugins/wpai-acf-add-on/classes/config.php en la línea 44

