2023-09-21T13:14:28+00:00 CRITICAL Uncaught TypeError: Cannot access offset of type string on string in /home/isilgodevradar/public_html/wp-content/plugins/woocommerce/src/Admin/API/Reports/PerformanceIndicators/Controller.php:134
Stack trace:
#0 /home/isilgodevradar/public_html/wp-content/plugins/woocommerce/src/Admin/API/Reports/PerformanceIndicators/Controller.php(255): Automattic\WooCommerce\Admin\API\Reports\PerformanceIndicators\Controller->get_analytics_report_data()
#1 /home/isilgodevradar/public_html/wp-content/plugins/woocommerce/src/Admin/API/Reports/PerformanceIndicators/Controller.php(631): Automattic\WooCommerce\Admin\API\Reports\PerformanceIndicators\Controller->get_indicator_data()
#2 /home/isilgodevradar/public_html/wp-content/plugins/woocommerce/includes/rest-api/Controllers/Version1/class-wc-rest-reports-v1-controller.php(48): Automattic\WooCommerce\Admin\API\Reports\PerformanceIndicators\Controller->get_collection_params()
#3 /home/isilgodevradar/public_html/wp-content/plugins/woocommerce/src/Admin/API/Reports/PerformanceIndicators/Controller.php(85): WC_REST_Reports_V1_Controller->register_routes()
#4 /home/isilgodevradar/public_html/wp-content/plugins/woocommerce/src/Admin/API/Init.php(147): Automattic\WooCommerce\Admin\API\Reports\PerformanceIndicators\Controller->register_routes()
#5 /home/isilgodevradar/public_html/wp-includes/class-wp-hook.php(310): Automattic\WooCommerce\Admin\API\Init->rest_api_init(Object(WP_REST_Server))
#6 /home/isilgodevradar/public_html/wp-includes/class-wp-hook.php(334): WP_Hook->apply_filters(NULL, Array)
#7 /home/isilgodevradar/public_html/wp-includes/plugin.php(517): WP_Hook->do_action(Array)
#8 /home/isilgodevradar/public_html/wp-includes/rest-api.php(587): do_action('rest_api_init', Object(WP_REST_Server))
#9 /home/isilgodevradar/public_html/wp-includes/rest-api.php(411): rest_get_server()
#10 /home/isilgodevradar/public_html/wp-includes/class-wp-hook.php(310): rest_api_loaded(Object(WP))
#11 /home/isilgodevradar/public_html/wp-includes/class-wp-hook.php(334): WP_Hook->apply_filters(NULL, Array)
#12 /home/isilgodevradar/public_html/wp-includes/plugin.php(565): WP_Hook->do_action(Array)
#13 /home/isilgodevradar/public_html/wp-includes/class-wp.php(398): do_action_ref_array('parse_request', Array)
#14 /home/isilgodevradar/public_html/wp-includes/class-wp.php(779): WP->parse_request('')
#15 /home/isilgodevradar/public_html/wp-includes/functions.php(1335): WP->main('')
#16 /home/isilgodevradar/public_html/wp-blog-header.php(16): wp()
#17 /home/isilgodevradar/public_html/index.php(17): require('/home/isilgodev...')
#18 {main}
  thrown en /home/isilgodevradar/public_html/wp-content/plugins/woocommerce/src/Admin/API/Reports/PerformanceIndicators/Controller.php en la línea 134

2023-09-21T13:16:12+00:00 CRITICAL Uncaught Error: Call to undefined function create_function() in /home/isilgodevradar/public_html/wp-content/plugins/wpai-acf-add-on/classes/config.php:44
Stack trace:
#0 /home/isilgodevradar/public_html/wp-content/plugins/wpai-acf-add-on/classes/config.php(27): PMAI_Config->loadFromFile('/home/isilgodev...', NULL)
#1 /home/isilgodevradar/public_html/wp-content/plugins/wpai-acf-add-on/wpai-acf-add-on.php(195): PMAI_Config::createFromFile('/home/isilgodev...')
#2 /home/isilgodevradar/public_html/wp-content/plugins/wpai-acf-add-on/wpai-acf-add-on.php(98): PMAI_Plugin->__construct()
#3 /home/isilgodevradar/public_html/wp-content/plugins/wpai-acf-add-on/wpai-acf-add-on.php(446): PMAI_Plugin::getInstance()
#4 /home/isilgodevradar/public_html/wp-admin/includes/plugin.php(2318): include_once('/home/isilgodev...')
#5 /home/isilgodevradar/public_html/wp-admin/includes/plugin.php(663): plugin_sandbox_scrape('wpai-acf-add-on...')
#6 /home/isilgodevradar/public_html/wp-admin/plugins.php(58): activate_plugin('wpai-acf-add-on...', 'https://isilgo....', false)
#7 {main}
  thrown en /home/isilgodevradar/public_html/wp-content/plugins/wpai-acf-add-on/classes/config.php en la línea 44

2023-09-21T13:16:29+00:00 CRITICAL Uncaught TypeError: Cannot access offset of type string on string in /home/isilgodevradar/public_html/wp-content/plugins/woocommerce/src/Admin/API/Reports/PerformanceIndicators/Controller.php:134
Stack trace:
#0 /home/isilgodevradar/public_html/wp-content/plugins/woocommerce/src/Admin/API/Reports/PerformanceIndicators/Controller.php(255): Automattic\WooCommerce\Admin\API\Reports\PerformanceIndicators\Controller->get_analytics_report_data()
#1 /home/isilgodevradar/public_html/wp-content/plugins/woocommerce/src/Admin/API/Reports/PerformanceIndicators/Controller.php(631): Automattic\WooCommerce\Admin\API\Reports\PerformanceIndicators\Controller->get_indicator_data()
#2 /home/isilgodevradar/public_html/wp-content/plugins/woocommerce/includes/rest-api/Controllers/Version1/class-wc-rest-reports-v1-controller.php(48): Automattic\WooCommerce\Admin\API\Reports\PerformanceIndicators\Controller->get_collection_params()
#3 /home/isilgodevradar/public_html/wp-content/plugins/woocommerce/src/Admin/API/Reports/PerformanceIndicators/Controller.php(85): WC_REST_Reports_V1_Controller->register_routes()
#4 /home/isilgodevradar/public_html/wp-content/plugins/woocommerce/src/Admin/API/Init.php(147): Automattic\WooCommerce\Admin\API\Reports\PerformanceIndicators\Controller->register_routes()
#5 /home/isilgodevradar/public_html/wp-includes/class-wp-hook.php(310): Automattic\WooCommerce\Admin\API\Init->rest_api_init(Object(WP_REST_Server))
#6 /home/isilgodevradar/public_html/wp-includes/class-wp-hook.php(334): WP_Hook->apply_filters(NULL, Array)
#7 /home/isilgodevradar/public_html/wp-includes/plugin.php(517): WP_Hook->do_action(Array)
#8 /home/isilgodevradar/public_html/wp-includes/rest-api.php(587): do_action('rest_api_init', Object(WP_REST_Server))
#9 /home/isilgodevradar/public_html/wp-includes/rest-api.php(411): rest_get_server()
#10 /home/isilgodevradar/public_html/wp-includes/class-wp-hook.php(310): rest_api_loaded(Object(WP))
#11 /home/isilgodevradar/public_html/wp-includes/class-wp-hook.php(334): WP_Hook->apply_filters(NULL, Array)
#12 /home/isilgodevradar/public_html/wp-includes/plugin.php(565): WP_Hook->do_action(Array)
#13 /home/isilgodevradar/public_html/wp-includes/class-wp.php(398): do_action_ref_array('parse_request', Array)
#14 /home/isilgodevradar/public_html/wp-includes/class-wp.php(779): WP->parse_request('')
#15 /home/isilgodevradar/public_html/wp-includes/functions.php(1335): WP->main('')
#16 /home/isilgodevradar/public_html/wp-blog-header.php(16): wp()
#17 /home/isilgodevradar/public_html/index.php(17): require('/home/isilgodev...')
#18 {main}
  thrown en /home/isilgodevradar/public_html/wp-content/plugins/woocommerce/src/Admin/API/Reports/PerformanceIndicators/Controller.php en la línea 134

2023-09-21T13:21:07+00:00 CRITICAL Uncaught Error: Call to undefined function create_function() in /home/isilgodevradar/public_html/wp-content/plugins/wpai-acf-add-on/classes/config.php:44
Stack trace:
#0 /home/isilgodevradar/public_html/wp-content/plugins/wpai-acf-add-on/classes/config.php(27): PMAI_Config->loadFromFile('/home/isilgodev...', NULL)
#1 /home/isilgodevradar/public_html/wp-content/plugins/wpai-acf-add-on/wpai-acf-add-on.php(195): PMAI_Config::createFromFile('/home/isilgodev...')
#2 /home/isilgodevradar/public_html/wp-content/plugins/wpai-acf-add-on/wpai-acf-add-on.php(98): PMAI_Plugin->__construct()
#3 /home/isilgodevradar/public_html/wp-content/plugins/wpai-acf-add-on/wpai-acf-add-on.php(446): PMAI_Plugin::getInstance()
#4 /home/isilgodevradar/public_html/wp-admin/includes/plugin.php(2318): include_once('/home/isilgodev...')
#5 /home/isilgodevradar/public_html/wp-admin/includes/plugin.php(663): plugin_sandbox_scrape('wpai-acf-add-on...')
#6 /home/isilgodevradar/public_html/wp-admin/plugins.php(58): activate_plugin('wpai-acf-add-on...', 'https://isilgo....', false)
#7 {main}
  thrown en /home/isilgodevradar/public_html/wp-content/plugins/wpai-acf-add-on/classes/config.php en la línea 44

2023-09-21T13:22:15+00:00 CRITICAL Uncaught TypeError: Cannot access offset of type string on string in /home/isilgodevradar/public_html/wp-content/plugins/woocommerce/src/Admin/API/Reports/PerformanceIndicators/Controller.php:134
Stack trace:
#0 /home/isilgodevradar/public_html/wp-content/plugins/woocommerce/src/Admin/API/Reports/PerformanceIndicators/Controller.php(255): Automattic\WooCommerce\Admin\API\Reports\PerformanceIndicators\Controller->get_analytics_report_data()
#1 /home/isilgodevradar/public_html/wp-content/plugins/woocommerce/src/Admin/API/Reports/PerformanceIndicators/Controller.php(631): Automattic\WooCommerce\Admin\API\Reports\PerformanceIndicators\Controller->get_indicator_data()
#2 /home/isilgodevradar/public_html/wp-content/plugins/woocommerce/includes/rest-api/Controllers/Version1/class-wc-rest-reports-v1-controller.php(48): Automattic\WooCommerce\Admin\API\Reports\PerformanceIndicators\Controller->get_collection_params()
#3 /home/isilgodevradar/public_html/wp-content/plugins/woocommerce/src/Admin/API/Reports/PerformanceIndicators/Controller.php(85): WC_REST_Reports_V1_Controller->register_routes()
#4 /home/isilgodevradar/public_html/wp-content/plugins/woocommerce/src/Admin/API/Init.php(147): Automattic\WooCommerce\Admin\API\Reports\PerformanceIndicators\Controller->register_routes()
#5 /home/isilgodevradar/public_html/wp-includes/class-wp-hook.php(310): Automattic\WooCommerce\Admin\API\Init->rest_api_init(Object(WP_REST_Server))
#6 /home/isilgodevradar/public_html/wp-includes/class-wp-hook.php(334): WP_Hook->apply_filters(NULL, Array)
#7 /home/isilgodevradar/public_html/wp-includes/plugin.php(517): WP_Hook->do_action(Array)
#8 /home/isilgodevradar/public_html/wp-includes/rest-api.php(587): do_action('rest_api_init', Object(WP_REST_Server))
#9 /home/isilgodevradar/public_html/wp-includes/rest-api.php(411): rest_get_server()
#10 /home/isilgodevradar/public_html/wp-includes/class-wp-hook.php(310): rest_api_loaded(Object(WP))
#11 /home/isilgodevradar/public_html/wp-includes/class-wp-hook.php(334): WP_Hook->apply_filters(NULL, Array)
#12 /home/isilgodevradar/public_html/wp-includes/plugin.php(565): WP_Hook->do_action(Array)
#13 /home/isilgodevradar/public_html/wp-includes/class-wp.php(398): do_action_ref_array('parse_request', Array)
#14 /home/isilgodevradar/public_html/wp-includes/class-wp.php(779): WP->parse_request('')
#15 /home/isilgodevradar/public_html/wp-includes/functions.php(1335): WP->main('')
#16 /home/isilgodevradar/public_html/wp-blog-header.php(16): wp()
#17 /home/isilgodevradar/public_html/index.php(17): require('/home/isilgodev...')
#18 {main}
  thrown en /home/isilgodevradar/public_html/wp-content/plugins/woocommerce/src/Admin/API/Reports/PerformanceIndicators/Controller.php en la línea 134

2023-09-21T13:36:49+00:00 CRITICAL Uncaught Error: Failed opening required '/home/isilgodevradar/public_html/wp-content/plugins/wpai-woocommerce-add-on/vendor/autoload.php' (include_path='.:/opt/cpanel/ea-php81/root/usr/share/pear') in /home/isilgodevradar/public_html/wp-content/plugins/wpai-woocommerce-add-on 4.0.0/wpai-woocommerce-add-on.php:47
Stack trace:
#0 /home/isilgodevradar/public_html/wp-admin/includes/plugin.php(2318): include_once()
#1 /home/isilgodevradar/public_html/wp-admin/includes/plugin.php(663): plugin_sandbox_scrape('wpai-woocommerc...')
#2 /home/isilgodevradar/public_html/wp-admin/plugins.php(58): activate_plugin('wpai-woocommerc...', 'https://isilgo....', false)
#3 {main}
  thrown en /home/isilgodevradar/public_html/wp-content/plugins/wpai-woocommerce-add-on 4.0.0/wpai-woocommerce-add-on.php en la línea 47

2023-09-21T13:37:25+00:00 CRITICAL Uncaught TypeError: Cannot access offset of type string on string in /home/isilgodevradar/public_html/wp-content/plugins/woocommerce/src/Admin/API/Reports/PerformanceIndicators/Controller.php:134
Stack trace:
#0 /home/isilgodevradar/public_html/wp-content/plugins/woocommerce/src/Admin/API/Reports/PerformanceIndicators/Controller.php(255): Automattic\WooCommerce\Admin\API\Reports\PerformanceIndicators\Controller->get_analytics_report_data()
#1 /home/isilgodevradar/public_html/wp-content/plugins/woocommerce/src/Admin/API/Reports/PerformanceIndicators/Controller.php(631): Automattic\WooCommerce\Admin\API\Reports\PerformanceIndicators\Controller->get_indicator_data()
#2 /home/isilgodevradar/public_html/wp-content/plugins/woocommerce/includes/rest-api/Controllers/Version1/class-wc-rest-reports-v1-controller.php(48): Automattic\WooCommerce\Admin\API\Reports\PerformanceIndicators\Controller->get_collection_params()
#3 /home/isilgodevradar/public_html/wp-content/plugins/woocommerce/src/Admin/API/Reports/PerformanceIndicators/Controller.php(85): WC_REST_Reports_V1_Controller->register_routes()
#4 /home/isilgodevradar/public_html/wp-content/plugins/woocommerce/src/Admin/API/Init.php(147): Automattic\WooCommerce\Admin\API\Reports\PerformanceIndicators\Controller->register_routes()
#5 /home/isilgodevradar/public_html/wp-includes/class-wp-hook.php(310): Automattic\WooCommerce\Admin\API\Init->rest_api_init(Object(WP_REST_Server))
#6 /home/isilgodevradar/public_html/wp-includes/class-wp-hook.php(334): WP_Hook->apply_filters(NULL, Array)
#7 /home/isilgodevradar/public_html/wp-includes/plugin.php(517): WP_Hook->do_action(Array)
#8 /home/isilgodevradar/public_html/wp-includes/rest-api.php(587): do_action('rest_api_init', Object(WP_REST_Server))
#9 /home/isilgodevradar/public_html/wp-includes/rest-api.php(411): rest_get_server()
#10 /home/isilgodevradar/public_html/wp-includes/class-wp-hook.php(310): rest_api_loaded(Object(WP))
#11 /home/isilgodevradar/public_html/wp-includes/class-wp-hook.php(334): WP_Hook->apply_filters(NULL, Array)
#12 /home/isilgodevradar/public_html/wp-includes/plugin.php(565): WP_Hook->do_action(Array)
#13 /home/isilgodevradar/public_html/wp-includes/class-wp.php(398): do_action_ref_array('parse_request', Array)
#14 /home/isilgodevradar/public_html/wp-includes/class-wp.php(779): WP->parse_request('')
#15 /home/isilgodevradar/public_html/wp-includes/functions.php(1335): WP->main('')
#16 /home/isilgodevradar/public_html/wp-blog-header.php(16): wp()
#17 /home/isilgodevradar/public_html/index.php(17): require('/home/isilgodev...')
#18 {main}
  thrown en /home/isilgodevradar/public_html/wp-content/plugins/woocommerce/src/Admin/API/Reports/PerformanceIndicators/Controller.php en la línea 134

2023-09-21T13:51:50+00:00 CRITICAL Uncaught TypeError: Cannot access offset of type string on string in /home/isilgodevradar/public_html/wp-content/plugins/woocommerce/src/Admin/API/Reports/PerformanceIndicators/Controller.php:134
Stack trace:
#0 /home/isilgodevradar/public_html/wp-content/plugins/woocommerce/src/Admin/API/Reports/PerformanceIndicators/Controller.php(255): Automattic\WooCommerce\Admin\API\Reports\PerformanceIndicators\Controller->get_analytics_report_data()
#1 /home/isilgodevradar/public_html/wp-content/plugins/woocommerce/src/Admin/API/Reports/PerformanceIndicators/Controller.php(631): Automattic\WooCommerce\Admin\API\Reports\PerformanceIndicators\Controller->get_indicator_data()
#2 /home/isilgodevradar/public_html/wp-content/plugins/woocommerce/includes/rest-api/Controllers/Version1/class-wc-rest-reports-v1-controller.php(48): Automattic\WooCommerce\Admin\API\Reports\PerformanceIndicators\Controller->get_collection_params()
#3 /home/isilgodevradar/public_html/wp-content/plugins/woocommerce/src/Admin/API/Reports/PerformanceIndicators/Controller.php(85): WC_REST_Reports_V1_Controller->register_routes()
#4 /home/isilgodevradar/public_html/wp-content/plugins/woocommerce/src/Admin/API/Init.php(147): Automattic\WooCommerce\Admin\API\Reports\PerformanceIndicators\Controller->register_routes()
#5 /home/isilgodevradar/public_html/wp-includes/class-wp-hook.php(310): Automattic\WooCommerce\Admin\API\Init->rest_api_init(Object(WP_REST_Server))
#6 /home/isilgodevradar/public_html/wp-includes/class-wp-hook.php(334): WP_Hook->apply_filters(NULL, Array)
#7 /home/isilgodevradar/public_html/wp-includes/plugin.php(517): WP_Hook->do_action(Array)
#8 /home/isilgodevradar/public_html/wp-includes/rest-api.php(587): do_action('rest_api_init', Object(WP_REST_Server))
#9 /home/isilgodevradar/public_html/wp-includes/rest-api.php(411): rest_get_server()
#10 /home/isilgodevradar/public_html/wp-includes/class-wp-hook.php(310): rest_api_loaded(Object(WP))
#11 /home/isilgodevradar/public_html/wp-includes/class-wp-hook.php(334): WP_Hook->apply_filters(NULL, Array)
#12 /home/isilgodevradar/public_html/wp-includes/plugin.php(565): WP_Hook->do_action(Array)
#13 /home/isilgodevradar/public_html/wp-includes/class-wp.php(398): do_action_ref_array('parse_request', Array)
#14 /home/isilgodevradar/public_html/wp-includes/class-wp.php(779): WP->parse_request('')
#15 /home/isilgodevradar/public_html/wp-includes/functions.php(1335): WP->main('')
#16 /home/isilgodevradar/public_html/wp-blog-header.php(16): wp()
#17 /home/isilgodevradar/public_html/index.php(17): require('/home/isilgodev...')
#18 {main}
  thrown en /home/isilgodevradar/public_html/wp-content/plugins/woocommerce/src/Admin/API/Reports/PerformanceIndicators/Controller.php en la línea 134

2023-09-21T14:09:41+00:00 CRITICAL Uncaught TypeError: Cannot access offset of type string on string in /home/isilgodevradar/public_html/wp-content/plugins/woocommerce/src/Admin/API/Reports/PerformanceIndicators/Controller.php:134
Stack trace:
#0 /home/isilgodevradar/public_html/wp-content/plugins/woocommerce/src/Admin/API/Reports/PerformanceIndicators/Controller.php(255): Automattic\WooCommerce\Admin\API\Reports\PerformanceIndicators\Controller->get_analytics_report_data()
#1 /home/isilgodevradar/public_html/wp-content/plugins/woocommerce/src/Admin/API/Reports/PerformanceIndicators/Controller.php(631): Automattic\WooCommerce\Admin\API\Reports\PerformanceIndicators\Controller->get_indicator_data()
#2 /home/isilgodevradar/public_html/wp-content/plugins/woocommerce/includes/rest-api/Controllers/Version1/class-wc-rest-reports-v1-controller.php(48): Automattic\WooCommerce\Admin\API\Reports\PerformanceIndicators\Controller->get_collection_params()
#3 /home/isilgodevradar/public_html/wp-content/plugins/woocommerce/src/Admin/API/Reports/PerformanceIndicators/Controller.php(85): WC_REST_Reports_V1_Controller->register_routes()
#4 /home/isilgodevradar/public_html/wp-content/plugins/woocommerce/src/Admin/API/Init.php(147): Automattic\WooCommerce\Admin\API\Reports\PerformanceIndicators\Controller->register_routes()
#5 /home/isilgodevradar/public_html/wp-includes/class-wp-hook.php(310): Automattic\WooCommerce\Admin\API\Init->rest_api_init(Object(WP_REST_Server))
#6 /home/isilgodevradar/public_html/wp-includes/class-wp-hook.php(334): WP_Hook->apply_filters(NULL, Array)
#7 /home/isilgodevradar/public_html/wp-includes/plugin.php(517): WP_Hook->do_action(Array)
#8 /home/isilgodevradar/public_html/wp-includes/rest-api.php(587): do_action('rest_api_init', Object(WP_REST_Server))
#9 /home/isilgodevradar/public_html/wp-includes/rest-api.php(411): rest_get_server()
#10 /home/isilgodevradar/public_html/wp-includes/class-wp-hook.php(310): rest_api_loaded(Object(WP))
#11 /home/isilgodevradar/public_html/wp-includes/class-wp-hook.php(334): WP_Hook->apply_filters(NULL, Array)
#12 /home/isilgodevradar/public_html/wp-includes/plugin.php(565): WP_Hook->do_action(Array)
#13 /home/isilgodevradar/public_html/wp-includes/class-wp.php(398): do_action_ref_array('parse_request', Array)
#14 /home/isilgodevradar/public_html/wp-includes/class-wp.php(779): WP->parse_request('')
#15 /home/isilgodevradar/public_html/wp-includes/functions.php(1335): WP->main('')
#16 /home/isilgodevradar/public_html/wp-blog-header.php(16): wp()
#17 /home/isilgodevradar/public_html/index.php(17): require('/home/isilgodev...')
#18 {main}
  thrown en /home/isilgodevradar/public_html/wp-content/plugins/woocommerce/src/Admin/API/Reports/PerformanceIndicators/Controller.php en la línea 134

2023-09-21T14:33:53+00:00 CRITICAL Uncaught TypeError: Cannot access offset of type string on string in /home/isilgodevradar/public_html/wp-content/plugins/woocommerce/src/Admin/API/Reports/PerformanceIndicators/Controller.php:134
Stack trace:
#0 /home/isilgodevradar/public_html/wp-content/plugins/woocommerce/src/Admin/API/Reports/PerformanceIndicators/Controller.php(255): Automattic\WooCommerce\Admin\API\Reports\PerformanceIndicators\Controller->get_analytics_report_data()
#1 /home/isilgodevradar/public_html/wp-content/plugins/woocommerce/src/Admin/API/Reports/PerformanceIndicators/Controller.php(631): Automattic\WooCommerce\Admin\API\Reports\PerformanceIndicators\Controller->get_indicator_data()
#2 /home/isilgodevradar/public_html/wp-content/plugins/woocommerce/includes/rest-api/Controllers/Version1/class-wc-rest-reports-v1-controller.php(48): Automattic\WooCommerce\Admin\API\Reports\PerformanceIndicators\Controller->get_collection_params()
#3 /home/isilgodevradar/public_html/wp-content/plugins/woocommerce/src/Admin/API/Reports/PerformanceIndicators/Controller.php(85): WC_REST_Reports_V1_Controller->register_routes()
#4 /home/isilgodevradar/public_html/wp-content/plugins/woocommerce/src/Admin/API/Init.php(147): Automattic\WooCommerce\Admin\API\Reports\PerformanceIndicators\Controller->register_routes()
#5 /home/isilgodevradar/public_html/wp-includes/class-wp-hook.php(310): Automattic\WooCommerce\Admin\API\Init->rest_api_init(Object(WP_REST_Server))
#6 /home/isilgodevradar/public_html/wp-includes/class-wp-hook.php(334): WP_Hook->apply_filters(NULL, Array)
#7 /home/isilgodevradar/public_html/wp-includes/plugin.php(517): WP_Hook->do_action(Array)
#8 /home/isilgodevradar/public_html/wp-includes/rest-api.php(587): do_action('rest_api_init', Object(WP_REST_Server))
#9 /home/isilgodevradar/public_html/wp-includes/rest-api.php(411): rest_get_server()
#10 /home/isilgodevradar/public_html/wp-includes/class-wp-hook.php(310): rest_api_loaded(Object(WP))
#11 /home/isilgodevradar/public_html/wp-includes/class-wp-hook.php(334): WP_Hook->apply_filters(NULL, Array)
#12 /home/isilgodevradar/public_html/wp-includes/plugin.php(565): WP_Hook->do_action(Array)
#13 /home/isilgodevradar/public_html/wp-includes/class-wp.php(398): do_action_ref_array('parse_request', Array)
#14 /home/isilgodevradar/public_html/wp-includes/class-wp.php(779): WP->parse_request('')
#15 /home/isilgodevradar/public_html/wp-includes/functions.php(1335): WP->main('')
#16 /home/isilgodevradar/public_html/wp-blog-header.php(16): wp()
#17 /home/isilgodevradar/public_html/index.php(17): require('/home/isilgodev...')
#18 {main}
  thrown en /home/isilgodevradar/public_html/wp-content/plugins/woocommerce/src/Admin/API/Reports/PerformanceIndicators/Controller.php en la línea 134

2023-09-21T14:59:07+00:00 CRITICAL Uncaught TypeError: Cannot access offset of type string on string in /home/isilgodevradar/public_html/wp-content/plugins/woocommerce/src/Admin/API/Reports/PerformanceIndicators/Controller.php:134
Stack trace:
#0 /home/isilgodevradar/public_html/wp-content/plugins/woocommerce/src/Admin/API/Reports/PerformanceIndicators/Controller.php(255): Automattic\WooCommerce\Admin\API\Reports\PerformanceIndicators\Controller->get_analytics_report_data()
#1 /home/isilgodevradar/public_html/wp-content/plugins/woocommerce/src/Admin/API/Reports/PerformanceIndicators/Controller.php(631): Automattic\WooCommerce\Admin\API\Reports\PerformanceIndicators\Controller->get_indicator_data()
#2 /home/isilgodevradar/public_html/wp-content/plugins/woocommerce/includes/rest-api/Controllers/Version1/class-wc-rest-reports-v1-controller.php(48): Automattic\WooCommerce\Admin\API\Reports\PerformanceIndicators\Controller->get_collection_params()
#3 /home/isilgodevradar/public_html/wp-content/plugins/woocommerce/src/Admin/API/Reports/PerformanceIndicators/Controller.php(85): WC_REST_Reports_V1_Controller->register_routes()
#4 /home/isilgodevradar/public_html/wp-content/plugins/woocommerce/src/Admin/API/Init.php(147): Automattic\WooCommerce\Admin\API\Reports\PerformanceIndicators\Controller->register_routes()
#5 /home/isilgodevradar/public_html/wp-includes/class-wp-hook.php(310): Automattic\WooCommerce\Admin\API\Init->rest_api_init(Object(WP_REST_Server))
#6 /home/isilgodevradar/public_html/wp-includes/class-wp-hook.php(334): WP_Hook->apply_filters(NULL, Array)
#7 /home/isilgodevradar/public_html/wp-includes/plugin.php(517): WP_Hook->do_action(Array)
#8 /home/isilgodevradar/public_html/wp-includes/rest-api.php(587): do_action('rest_api_init', Object(WP_REST_Server))
#9 /home/isilgodevradar/public_html/wp-includes/rest-api.php(411): rest_get_server()
#10 /home/isilgodevradar/public_html/wp-includes/class-wp-hook.php(310): rest_api_loaded(Object(WP))
#11 /home/isilgodevradar/public_html/wp-includes/class-wp-hook.php(334): WP_Hook->apply_filters(NULL, Array)
#12 /home/isilgodevradar/public_html/wp-includes/plugin.php(565): WP_Hook->do_action(Array)
#13 /home/isilgodevradar/public_html/wp-includes/class-wp.php(398): do_action_ref_array('parse_request', Array)
#14 /home/isilgodevradar/public_html/wp-includes/class-wp.php(779): WP->parse_request('')
#15 /home/isilgodevradar/public_html/wp-includes/functions.php(1335): WP->main('')
#16 /home/isilgodevradar/public_html/wp-blog-header.php(16): wp()
#17 /home/isilgodevradar/public_html/index.php(17): require('/home/isilgodev...')
#18 {main}
  thrown en /home/isilgodevradar/public_html/wp-content/plugins/woocommerce/src/Admin/API/Reports/PerformanceIndicators/Controller.php en la línea 134

2023-09-21T15:00:29+00:00 CRITICAL Uncaught TypeError: Cannot access offset of type string on string in /home/isilgodevradar/public_html/wp-content/plugins/woocommerce/src/Admin/API/Reports/PerformanceIndicators/Controller.php:134
Stack trace:
#0 /home/isilgodevradar/public_html/wp-content/plugins/woocommerce/src/Admin/API/Reports/PerformanceIndicators/Controller.php(255): Automattic\WooCommerce\Admin\API\Reports\PerformanceIndicators\Controller->get_analytics_report_data()
#1 /home/isilgodevradar/public_html/wp-content/plugins/woocommerce/src/Admin/API/Reports/PerformanceIndicators/Controller.php(631): Automattic\WooCommerce\Admin\API\Reports\PerformanceIndicators\Controller->get_indicator_data()
#2 /home/isilgodevradar/public_html/wp-content/plugins/woocommerce/includes/rest-api/Controllers/Version1/class-wc-rest-reports-v1-controller.php(48): Automattic\WooCommerce\Admin\API\Reports\PerformanceIndicators\Controller->get_collection_params()
#3 /home/isilgodevradar/public_html/wp-content/plugins/woocommerce/src/Admin/API/Reports/PerformanceIndicators/Controller.php(85): WC_REST_Reports_V1_Controller->register_routes()
#4 /home/isilgodevradar/public_html/wp-content/plugins/woocommerce/src/Admin/API/Init.php(147): Automattic\WooCommerce\Admin\API\Reports\PerformanceIndicators\Controller->register_routes()
#5 /home/isilgodevradar/public_html/wp-includes/class-wp-hook.php(310): Automattic\WooCommerce\Admin\API\Init->rest_api_init(Object(WP_REST_Server))
#6 /home/isilgodevradar/public_html/wp-includes/class-wp-hook.php(334): WP_Hook->apply_filters(NULL, Array)
#7 /home/isilgodevradar/public_html/wp-includes/plugin.php(517): WP_Hook->do_action(Array)
#8 /home/isilgodevradar/public_html/wp-includes/rest-api.php(587): do_action('rest_api_init', Object(WP_REST_Server))
#9 /home/isilgodevradar/public_html/wp-includes/rest-api.php(411): rest_get_server()
#10 /home/isilgodevradar/public_html/wp-includes/class-wp-hook.php(310): rest_api_loaded(Object(WP))
#11 /home/isilgodevradar/public_html/wp-includes/class-wp-hook.php(334): WP_Hook->apply_filters(NULL, Array)
#12 /home/isilgodevradar/public_html/wp-includes/plugin.php(565): WP_Hook->do_action(Array)
#13 /home/isilgodevradar/public_html/wp-includes/class-wp.php(398): do_action_ref_array('parse_request', Array)
#14 /home/isilgodevradar/public_html/wp-includes/class-wp.php(779): WP->parse_request('')
#15 /home/isilgodevradar/public_html/wp-includes/functions.php(1335): WP->main('')
#16 /home/isilgodevradar/public_html/wp-blog-header.php(16): wp()
#17 /home/isilgodevradar/public_html/index.php(17): require('/home/isilgodev...')
#18 {main}
  thrown en /home/isilgodevradar/public_html/wp-content/plugins/woocommerce/src/Admin/API/Reports/PerformanceIndicators/Controller.php en la línea 134

2023-09-21T15:03:19+00:00 CRITICAL Uncaught TypeError: Cannot access offset of type string on string in /home/isilgodevradar/public_html/wp-content/plugins/woocommerce/src/Admin/API/Reports/PerformanceIndicators/Controller.php:134
Stack trace:
#0 /home/isilgodevradar/public_html/wp-content/plugins/woocommerce/src/Admin/API/Reports/PerformanceIndicators/Controller.php(255): Automattic\WooCommerce\Admin\API\Reports\PerformanceIndicators\Controller->get_analytics_report_data()
#1 /home/isilgodevradar/public_html/wp-content/plugins/woocommerce/src/Admin/API/Reports/PerformanceIndicators/Controller.php(631): Automattic\WooCommerce\Admin\API\Reports\PerformanceIndicators\Controller->get_indicator_data()
#2 /home/isilgodevradar/public_html/wp-content/plugins/woocommerce/includes/rest-api/Controllers/Version1/class-wc-rest-reports-v1-controller.php(48): Automattic\WooCommerce\Admin\API\Reports\PerformanceIndicators\Controller->get_collection_params()
#3 /home/isilgodevradar/public_html/wp-content/plugins/woocommerce/src/Admin/API/Reports/PerformanceIndicators/Controller.php(85): WC_REST_Reports_V1_Controller->register_routes()
#4 /home/isilgodevradar/public_html/wp-content/plugins/woocommerce/src/Admin/API/Init.php(147): Automattic\WooCommerce\Admin\API\Reports\PerformanceIndicators\Controller->register_routes()
#5 /home/isilgodevradar/public_html/wp-includes/class-wp-hook.php(310): Automattic\WooCommerce\Admin\API\Init->rest_api_init(Object(WP_REST_Server))
#6 /home/isilgodevradar/public_html/wp-includes/class-wp-hook.php(334): WP_Hook->apply_filters(NULL, Array)
#7 /home/isilgodevradar/public_html/wp-includes/plugin.php(517): WP_Hook->do_action(Array)
#8 /home/isilgodevradar/public_html/wp-includes/rest-api.php(587): do_action('rest_api_init', Object(WP_REST_Server))
#9 /home/isilgodevradar/public_html/wp-includes/rest-api.php(411): rest_get_server()
#10 /home/isilgodevradar/public_html/wp-includes/class-wp-hook.php(310): rest_api_loaded(Object(WP))
#11 /home/isilgodevradar/public_html/wp-includes/class-wp-hook.php(334): WP_Hook->apply_filters(NULL, Array)
#12 /home/isilgodevradar/public_html/wp-includes/plugin.php(565): WP_Hook->do_action(Array)
#13 /home/isilgodevradar/public_html/wp-includes/class-wp.php(398): do_action_ref_array('parse_request', Array)
#14 /home/isilgodevradar/public_html/wp-includes/class-wp.php(779): WP->parse_request('')
#15 /home/isilgodevradar/public_html/wp-includes/functions.php(1335): WP->main('')
#16 /home/isilgodevradar/public_html/wp-blog-header.php(16): wp()
#17 /home/isilgodevradar/public_html/index.php(17): require('/home/isilgodev...')
#18 {main}
  thrown en /home/isilgodevradar/public_html/wp-content/plugins/woocommerce/src/Admin/API/Reports/PerformanceIndicators/Controller.php en la línea 134

2023-09-21T15:03:32+00:00 CRITICAL Uncaught TypeError: Cannot access offset of type string on string in /home/isilgodevradar/public_html/wp-content/plugins/woocommerce/src/Admin/API/Reports/PerformanceIndicators/Controller.php:134
Stack trace:
#0 /home/isilgodevradar/public_html/wp-content/plugins/woocommerce/src/Admin/API/Reports/PerformanceIndicators/Controller.php(255): Automattic\WooCommerce\Admin\API\Reports\PerformanceIndicators\Controller->get_analytics_report_data()
#1 /home/isilgodevradar/public_html/wp-content/plugins/woocommerce/src/Admin/API/Reports/PerformanceIndicators/Controller.php(631): Automattic\WooCommerce\Admin\API\Reports\PerformanceIndicators\Controller->get_indicator_data()
#2 /home/isilgodevradar/public_html/wp-content/plugins/woocommerce/includes/rest-api/Controllers/Version1/class-wc-rest-reports-v1-controller.php(48): Automattic\WooCommerce\Admin\API\Reports\PerformanceIndicators\Controller->get_collection_params()
#3 /home/isilgodevradar/public_html/wp-content/plugins/woocommerce/src/Admin/API/Reports/PerformanceIndicators/Controller.php(85): WC_REST_Reports_V1_Controller->register_routes()
#4 /home/isilgodevradar/public_html/wp-content/plugins/woocommerce/src/Admin/API/Init.php(147): Automattic\WooCommerce\Admin\API\Reports\PerformanceIndicators\Controller->register_routes()
#5 /home/isilgodevradar/public_html/wp-includes/class-wp-hook.php(310): Automattic\WooCommerce\Admin\API\Init->rest_api_init(Object(WP_REST_Server))
#6 /home/isilgodevradar/public_html/wp-includes/class-wp-hook.php(334): WP_Hook->apply_filters(NULL, Array)
#7 /home/isilgodevradar/public_html/wp-includes/plugin.php(517): WP_Hook->do_action(Array)
#8 /home/isilgodevradar/public_html/wp-includes/rest-api.php(587): do_action('rest_api_init', Object(WP_REST_Server))
#9 /home/isilgodevradar/public_html/wp-includes/rest-api.php(411): rest_get_server()
#10 /home/isilgodevradar/public_html/wp-includes/class-wp-hook.php(310): rest_api_loaded(Object(WP))
#11 /home/isilgodevradar/public_html/wp-includes/class-wp-hook.php(334): WP_Hook->apply_filters(NULL, Array)
#12 /home/isilgodevradar/public_html/wp-includes/plugin.php(565): WP_Hook->do_action(Array)
#13 /home/isilgodevradar/public_html/wp-includes/class-wp.php(398): do_action_ref_array('parse_request', Array)
#14 /home/isilgodevradar/public_html/wp-includes/class-wp.php(779): WP->parse_request('')
#15 /home/isilgodevradar/public_html/wp-includes/functions.php(1335): WP->main('')
#16 /home/isilgodevradar/public_html/wp-blog-header.php(16): wp()
#17 /home/isilgodevradar/public_html/index.php(17): require('/home/isilgodev...')
#18 {main}
  thrown en /home/isilgodevradar/public_html/wp-content/plugins/woocommerce/src/Admin/API/Reports/PerformanceIndicators/Controller.php en la línea 134

2023-09-21T15:03:33+00:00 CRITICAL Uncaught TypeError: Cannot access offset of type string on string in /home/isilgodevradar/public_html/wp-content/plugins/woocommerce/src/Admin/API/Reports/PerformanceIndicators/Controller.php:134
Stack trace:
#0 /home/isilgodevradar/public_html/wp-content/plugins/woocommerce/src/Admin/API/Reports/PerformanceIndicators/Controller.php(255): Automattic\WooCommerce\Admin\API\Reports\PerformanceIndicators\Controller->get_analytics_report_data()
#1 /home/isilgodevradar/public_html/wp-content/plugins/woocommerce/src/Admin/API/Reports/PerformanceIndicators/Controller.php(631): Automattic\WooCommerce\Admin\API\Reports\PerformanceIndicators\Controller->get_indicator_data()
#2 /home/isilgodevradar/public_html/wp-content/plugins/woocommerce/includes/rest-api/Controllers/Version1/class-wc-rest-reports-v1-controller.php(48): Automattic\WooCommerce\Admin\API\Reports\PerformanceIndicators\Controller->get_collection_params()
#3 /home/isilgodevradar/public_html/wp-content/plugins/woocommerce/src/Admin/API/Reports/PerformanceIndicators/Controller.php(85): WC_REST_Reports_V1_Controller->register_routes()
#4 /home/isilgodevradar/public_html/wp-content/plugins/woocommerce/src/Admin/API/Init.php(147): Automattic\WooCommerce\Admin\API\Reports\PerformanceIndicators\Controller->register_routes()
#5 /home/isilgodevradar/public_html/wp-includes/class-wp-hook.php(310): Automattic\WooCommerce\Admin\API\Init->rest_api_init(Object(WP_REST_Server))
#6 /home/isilgodevradar/public_html/wp-includes/class-wp-hook.php(334): WP_Hook->apply_filters(NULL, Array)
#7 /home/isilgodevradar/public_html/wp-includes/plugin.php(517): WP_Hook->do_action(Array)
#8 /home/isilgodevradar/public_html/wp-includes/rest-api.php(587): do_action('rest_api_init', Object(WP_REST_Server))
#9 /home/isilgodevradar/public_html/wp-includes/rest-api.php(411): rest_get_server()
#10 /home/isilgodevradar/public_html/wp-includes/class-wp-hook.php(310): rest_api_loaded(Object(WP))
#11 /home/isilgodevradar/public_html/wp-includes/class-wp-hook.php(334): WP_Hook->apply_filters(NULL, Array)
#12 /home/isilgodevradar/public_html/wp-includes/plugin.php(565): WP_Hook->do_action(Array)
#13 /home/isilgodevradar/public_html/wp-includes/class-wp.php(398): do_action_ref_array('parse_request', Array)
#14 /home/isilgodevradar/public_html/wp-includes/class-wp.php(779): WP->parse_request('')
#15 /home/isilgodevradar/public_html/wp-includes/functions.php(1335): WP->main('')
#16 /home/isilgodevradar/public_html/wp-blog-header.php(16): wp()
#17 /home/isilgodevradar/public_html/index.php(17): require('/home/isilgodev...')
#18 {main}
  thrown en /home/isilgodevradar/public_html/wp-content/plugins/woocommerce/src/Admin/API/Reports/PerformanceIndicators/Controller.php en la línea 134

2023-09-21T18:05:58+00:00 CRITICAL Uncaught TypeError: Cannot access offset of type string on string in /home/isilgodevradar/public_html/wp-content/plugins/woocommerce/src/Admin/API/Reports/PerformanceIndicators/Controller.php:134
Stack trace:
#0 /home/isilgodevradar/public_html/wp-content/plugins/woocommerce/src/Admin/API/Reports/PerformanceIndicators/Controller.php(255): Automattic\WooCommerce\Admin\API\Reports\PerformanceIndicators\Controller->get_analytics_report_data()
#1 /home/isilgodevradar/public_html/wp-content/plugins/woocommerce/src/Admin/API/Reports/PerformanceIndicators/Controller.php(631): Automattic\WooCommerce\Admin\API\Reports\PerformanceIndicators\Controller->get_indicator_data()
#2 /home/isilgodevradar/public_html/wp-content/plugins/woocommerce/includes/rest-api/Controllers/Version1/class-wc-rest-reports-v1-controller.php(48): Automattic\WooCommerce\Admin\API\Reports\PerformanceIndicators\Controller->get_collection_params()
#3 /home/isilgodevradar/public_html/wp-content/plugins/woocommerce/src/Admin/API/Reports/PerformanceIndicators/Controller.php(85): WC_REST_Reports_V1_Controller->register_routes()
#4 /home/isilgodevradar/public_html/wp-content/plugins/woocommerce/src/Admin/API/Init.php(147): Automattic\WooCommerce\Admin\API\Reports\PerformanceIndicators\Controller->register_routes()
#5 /home/isilgodevradar/public_html/wp-includes/class-wp-hook.php(310): Automattic\WooCommerce\Admin\API\Init->rest_api_init(Object(WP_REST_Server))
#6 /home/isilgodevradar/public_html/wp-includes/class-wp-hook.php(334): WP_Hook->apply_filters(NULL, Array)
#7 /home/isilgodevradar/public_html/wp-includes/plugin.php(517): WP_Hook->do_action(Array)
#8 /home/isilgodevradar/public_html/wp-includes/rest-api.php(587): do_action('rest_api_init', Object(WP_REST_Server))
#9 /home/isilgodevradar/public_html/wp-includes/rest-api.php(411): rest_get_server()
#10 /home/isilgodevradar/public_html/wp-includes/class-wp-hook.php(310): rest_api_loaded(Object(WP))
#11 /home/isilgodevradar/public_html/wp-includes/class-wp-hook.php(334): WP_Hook->apply_filters(NULL, Array)
#12 /home/isilgodevradar/public_html/wp-includes/plugin.php(565): WP_Hook->do_action(Array)
#13 /home/isilgodevradar/public_html/wp-includes/class-wp.php(398): do_action_ref_array('parse_request', Array)
#14 /home/isilgodevradar/public_html/wp-includes/class-wp.php(779): WP->parse_request('')
#15 /home/isilgodevradar/public_html/wp-includes/functions.php(1335): WP->main('')
#16 /home/isilgodevradar/public_html/wp-blog-header.php(16): wp()
#17 /home/isilgodevradar/public_html/index.php(17): require('/home/isilgodev...')
#18 {main}
  thrown en /home/isilgodevradar/public_html/wp-content/plugins/woocommerce/src/Admin/API/Reports/PerformanceIndicators/Controller.php en la línea 134

2023-09-21T18:59:51+00:00 CRITICAL Uncaught TypeError: Cannot access offset of type string on string in /home/isilgodevradar/public_html/wp-content/plugins/woocommerce/src/Admin/API/Reports/PerformanceIndicators/Controller.php:134
Stack trace:
#0 /home/isilgodevradar/public_html/wp-content/plugins/woocommerce/src/Admin/API/Reports/PerformanceIndicators/Controller.php(255): Automattic\WooCommerce\Admin\API\Reports\PerformanceIndicators\Controller->get_analytics_report_data()
#1 /home/isilgodevradar/public_html/wp-content/plugins/woocommerce/src/Admin/API/Reports/PerformanceIndicators/Controller.php(631): Automattic\WooCommerce\Admin\API\Reports\PerformanceIndicators\Controller->get_indicator_data()
#2 /home/isilgodevradar/public_html/wp-content/plugins/woocommerce/includes/rest-api/Controllers/Version1/class-wc-rest-reports-v1-controller.php(48): Automattic\WooCommerce\Admin\API\Reports\PerformanceIndicators\Controller->get_collection_params()
#3 /home/isilgodevradar/public_html/wp-content/plugins/woocommerce/src/Admin/API/Reports/PerformanceIndicators/Controller.php(85): WC_REST_Reports_V1_Controller->register_routes()
#4 /home/isilgodevradar/public_html/wp-content/plugins/woocommerce/src/Admin/API/Init.php(147): Automattic\WooCommerce\Admin\API\Reports\PerformanceIndicators\Controller->register_routes()
#5 /home/isilgodevradar/public_html/wp-includes/class-wp-hook.php(310): Automattic\WooCommerce\Admin\API\Init->rest_api_init(Object(WP_REST_Server))
#6 /home/isilgodevradar/public_html/wp-includes/class-wp-hook.php(334): WP_Hook->apply_filters(NULL, Array)
#7 /home/isilgodevradar/public_html/wp-includes/plugin.php(517): WP_Hook->do_action(Array)
#8 /home/isilgodevradar/public_html/wp-includes/rest-api.php(587): do_action('rest_api_init', Object(WP_REST_Server))
#9 /home/isilgodevradar/public_html/wp-includes/rest-api.php(411): rest_get_server()
#10 /home/isilgodevradar/public_html/wp-includes/class-wp-hook.php(310): rest_api_loaded(Object(WP))
#11 /home/isilgodevradar/public_html/wp-includes/class-wp-hook.php(334): WP_Hook->apply_filters(NULL, Array)
#12 /home/isilgodevradar/public_html/wp-includes/plugin.php(565): WP_Hook->do_action(Array)
#13 /home/isilgodevradar/public_html/wp-includes/class-wp.php(398): do_action_ref_array('parse_request', Array)
#14 /home/isilgodevradar/public_html/wp-includes/class-wp.php(779): WP->parse_request('')
#15 /home/isilgodevradar/public_html/wp-includes/functions.php(1335): WP->main('')
#16 /home/isilgodevradar/public_html/wp-blog-header.php(16): wp()
#17 /home/isilgodevradar/public_html/index.php(17): require('/home/isilgodev...')
#18 {main}
  thrown en /home/isilgodevradar/public_html/wp-content/plugins/woocommerce/src/Admin/API/Reports/PerformanceIndicators/Controller.php en la línea 134

2023-09-21T19:52:05+00:00 CRITICAL Uncaught TypeError: Cannot access offset of type string on string in /home/isilgodevradar/public_html/wp-content/plugins/woocommerce/src/Admin/API/Reports/PerformanceIndicators/Controller.php:134
Stack trace:
#0 /home/isilgodevradar/public_html/wp-content/plugins/woocommerce/src/Admin/API/Reports/PerformanceIndicators/Controller.php(255): Automattic\WooCommerce\Admin\API\Reports\PerformanceIndicators\Controller->get_analytics_report_data()
#1 /home/isilgodevradar/public_html/wp-content/plugins/woocommerce/src/Admin/API/Reports/PerformanceIndicators/Controller.php(631): Automattic\WooCommerce\Admin\API\Reports\PerformanceIndicators\Controller->get_indicator_data()
#2 /home/isilgodevradar/public_html/wp-content/plugins/woocommerce/includes/rest-api/Controllers/Version1/class-wc-rest-reports-v1-controller.php(48): Automattic\WooCommerce\Admin\API\Reports\PerformanceIndicators\Controller->get_collection_params()
#3 /home/isilgodevradar/public_html/wp-content/plugins/woocommerce/src/Admin/API/Reports/PerformanceIndicators/Controller.php(85): WC_REST_Reports_V1_Controller->register_routes()
#4 /home/isilgodevradar/public_html/wp-content/plugins/woocommerce/src/Admin/API/Init.php(147): Automattic\WooCommerce\Admin\API\Reports\PerformanceIndicators\Controller->register_routes()
#5 /home/isilgodevradar/public_html/wp-includes/class-wp-hook.php(310): Automattic\WooCommerce\Admin\API\Init->rest_api_init(Object(WP_REST_Server))
#6 /home/isilgodevradar/public_html/wp-includes/class-wp-hook.php(334): WP_Hook->apply_filters(NULL, Array)
#7 /home/isilgodevradar/public_html/wp-includes/plugin.php(517): WP_Hook->do_action(Array)
#8 /home/isilgodevradar/public_html/wp-includes/rest-api.php(587): do_action('rest_api_init', Object(WP_REST_Server))
#9 /home/isilgodevradar/public_html/wp-includes/rest-api.php(411): rest_get_server()
#10 /home/isilgodevradar/public_html/wp-includes/class-wp-hook.php(310): rest_api_loaded(Object(WP))
#11 /home/isilgodevradar/public_html/wp-includes/class-wp-hook.php(334): WP_Hook->apply_filters(NULL, Array)
#12 /home/isilgodevradar/public_html/wp-includes/plugin.php(565): WP_Hook->do_action(Array)
#13 /home/isilgodevradar/public_html/wp-includes/class-wp.php(398): do_action_ref_array('parse_request', Array)
#14 /home/isilgodevradar/public_html/wp-includes/class-wp.php(779): WP->parse_request('')
#15 /home/isilgodevradar/public_html/wp-includes/functions.php(1335): WP->main('')
#16 /home/isilgodevradar/public_html/wp-blog-header.php(16): wp()
#17 /home/isilgodevradar/public_html/index.php(17): require('/home/isilgodev...')
#18 {main}
  thrown en /home/isilgodevradar/public_html/wp-content/plugins/woocommerce/src/Admin/API/Reports/PerformanceIndicators/Controller.php en la línea 134

2023-09-21T19:52:31+00:00 CRITICAL Uncaught TypeError: Cannot access offset of type string on string in /home/isilgodevradar/public_html/wp-content/plugins/woocommerce/src/Admin/API/Reports/PerformanceIndicators/Controller.php:134
Stack trace:
#0 /home/isilgodevradar/public_html/wp-content/plugins/woocommerce/src/Admin/API/Reports/PerformanceIndicators/Controller.php(255): Automattic\WooCommerce\Admin\API\Reports\PerformanceIndicators\Controller->get_analytics_report_data()
#1 /home/isilgodevradar/public_html/wp-content/plugins/woocommerce/src/Admin/API/Reports/PerformanceIndicators/Controller.php(631): Automattic\WooCommerce\Admin\API\Reports\PerformanceIndicators\Controller->get_indicator_data()
#2 /home/isilgodevradar/public_html/wp-content/plugins/woocommerce/includes/rest-api/Controllers/Version1/class-wc-rest-reports-v1-controller.php(48): Automattic\WooCommerce\Admin\API\Reports\PerformanceIndicators\Controller->get_collection_params()
#3 /home/isilgodevradar/public_html/wp-content/plugins/woocommerce/src/Admin/API/Reports/PerformanceIndicators/Controller.php(85): WC_REST_Reports_V1_Controller->register_routes()
#4 /home/isilgodevradar/public_html/wp-content/plugins/woocommerce/src/Admin/API/Init.php(147): Automattic\WooCommerce\Admin\API\Reports\PerformanceIndicators\Controller->register_routes()
#5 /home/isilgodevradar/public_html/wp-includes/class-wp-hook.php(310): Automattic\WooCommerce\Admin\API\Init->rest_api_init(Object(WP_REST_Server))
#6 /home/isilgodevradar/public_html/wp-includes/class-wp-hook.php(334): WP_Hook->apply_filters(NULL, Array)
#7 /home/isilgodevradar/public_html/wp-includes/plugin.php(517): WP_Hook->do_action(Array)
#8 /home/isilgodevradar/public_html/wp-includes/rest-api.php(587): do_action('rest_api_init', Object(WP_REST_Server))
#9 /home/isilgodevradar/public_html/wp-includes/rest-api.php(411): rest_get_server()
#10 /home/isilgodevradar/public_html/wp-includes/class-wp-hook.php(310): rest_api_loaded(Object(WP))
#11 /home/isilgodevradar/public_html/wp-includes/class-wp-hook.php(334): WP_Hook->apply_filters(NULL, Array)
#12 /home/isilgodevradar/public_html/wp-includes/plugin.php(565): WP_Hook->do_action(Array)
#13 /home/isilgodevradar/public_html/wp-includes/class-wp.php(398): do_action_ref_array('parse_request', Array)
#14 /home/isilgodevradar/public_html/wp-includes/class-wp.php(779): WP->parse_request('')
#15 /home/isilgodevradar/public_html/wp-includes/functions.php(1335): WP->main('')
#16 /home/isilgodevradar/public_html/wp-blog-header.php(16): wp()
#17 /home/isilgodevradar/public_html/index.php(17): require('/home/isilgodev...')
#18 {main}
  thrown en /home/isilgodevradar/public_html/wp-content/plugins/woocommerce/src/Admin/API/Reports/PerformanceIndicators/Controller.php en la línea 134

2023-09-21T19:52:31+00:00 CRITICAL Uncaught TypeError: Cannot access offset of type string on string in /home/isilgodevradar/public_html/wp-content/plugins/woocommerce/src/Admin/API/Reports/PerformanceIndicators/Controller.php:134
Stack trace:
#0 /home/isilgodevradar/public_html/wp-content/plugins/woocommerce/src/Admin/API/Reports/PerformanceIndicators/Controller.php(255): Automattic\WooCommerce\Admin\API\Reports\PerformanceIndicators\Controller->get_analytics_report_data()
#1 /home/isilgodevradar/public_html/wp-content/plugins/woocommerce/src/Admin/API/Reports/PerformanceIndicators/Controller.php(631): Automattic\WooCommerce\Admin\API\Reports\PerformanceIndicators\Controller->get_indicator_data()
#2 /home/isilgodevradar/public_html/wp-content/plugins/woocommerce/includes/rest-api/Controllers/Version1/class-wc-rest-reports-v1-controller.php(48): Automattic\WooCommerce\Admin\API\Reports\PerformanceIndicators\Controller->get_collection_params()
#3 /home/isilgodevradar/public_html/wp-content/plugins/woocommerce/src/Admin/API/Reports/PerformanceIndicators/Controller.php(85): WC_REST_Reports_V1_Controller->register_routes()
#4 /home/isilgodevradar/public_html/wp-content/plugins/woocommerce/src/Admin/API/Init.php(147): Automattic\WooCommerce\Admin\API\Reports\PerformanceIndicators\Controller->register_routes()
#5 /home/isilgodevradar/public_html/wp-includes/class-wp-hook.php(310): Automattic\WooCommerce\Admin\API\Init->rest_api_init(Object(WP_REST_Server))
#6 /home/isilgodevradar/public_html/wp-includes/class-wp-hook.php(334): WP_Hook->apply_filters(NULL, Array)
#7 /home/isilgodevradar/public_html/wp-includes/plugin.php(517): WP_Hook->do_action(Array)
#8 /home/isilgodevradar/public_html/wp-includes/rest-api.php(587): do_action('rest_api_init', Object(WP_REST_Server))
#9 /home/isilgodevradar/public_html/wp-includes/rest-api.php(411): rest_get_server()
#10 /home/isilgodevradar/public_html/wp-includes/class-wp-hook.php(310): rest_api_loaded(Object(WP))
#11 /home/isilgodevradar/public_html/wp-includes/class-wp-hook.php(334): WP_Hook->apply_filters(NULL, Array)
#12 /home/isilgodevradar/public_html/wp-includes/plugin.php(565): WP_Hook->do_action(Array)
#13 /home/isilgodevradar/public_html/wp-includes/class-wp.php(398): do_action_ref_array('parse_request', Array)
#14 /home/isilgodevradar/public_html/wp-includes/class-wp.php(779): WP->parse_request('')
#15 /home/isilgodevradar/public_html/wp-includes/functions.php(1335): WP->main('')
#16 /home/isilgodevradar/public_html/wp-blog-header.php(16): wp()
#17 /home/isilgodevradar/public_html/index.php(17): require('/home/isilgodev...')
#18 {main}
  thrown en /home/isilgodevradar/public_html/wp-content/plugins/woocommerce/src/Admin/API/Reports/PerformanceIndicators/Controller.php en la línea 134

2023-09-21T20:31:41+00:00 CRITICAL Uncaught TypeError: Cannot access offset of type string on string in /home/isilgodevradar/public_html/wp-content/plugins/woocommerce/src/Admin/API/Reports/PerformanceIndicators/Controller.php:134
Stack trace:
#0 /home/isilgodevradar/public_html/wp-content/plugins/woocommerce/src/Admin/API/Reports/PerformanceIndicators/Controller.php(255): Automattic\WooCommerce\Admin\API\Reports\PerformanceIndicators\Controller->get_analytics_report_data()
#1 /home/isilgodevradar/public_html/wp-content/plugins/woocommerce/src/Admin/API/Reports/PerformanceIndicators/Controller.php(631): Automattic\WooCommerce\Admin\API\Reports\PerformanceIndicators\Controller->get_indicator_data()
#2 /home/isilgodevradar/public_html/wp-content/plugins/woocommerce/includes/rest-api/Controllers/Version1/class-wc-rest-reports-v1-controller.php(48): Automattic\WooCommerce\Admin\API\Reports\PerformanceIndicators\Controller->get_collection_params()
#3 /home/isilgodevradar/public_html/wp-content/plugins/woocommerce/src/Admin/API/Reports/PerformanceIndicators/Controller.php(85): WC_REST_Reports_V1_Controller->register_routes()
#4 /home/isilgodevradar/public_html/wp-content/plugins/woocommerce/src/Admin/API/Init.php(147): Automattic\WooCommerce\Admin\API\Reports\PerformanceIndicators\Controller->register_routes()
#5 /home/isilgodevradar/public_html/wp-includes/class-wp-hook.php(310): Automattic\WooCommerce\Admin\API\Init->rest_api_init(Object(WP_REST_Server))
#6 /home/isilgodevradar/public_html/wp-includes/class-wp-hook.php(334): WP_Hook->apply_filters(NULL, Array)
#7 /home/isilgodevradar/public_html/wp-includes/plugin.php(517): WP_Hook->do_action(Array)
#8 /home/isilgodevradar/public_html/wp-includes/rest-api.php(587): do_action('rest_api_init', Object(WP_REST_Server))
#9 /home/isilgodevradar/public_html/wp-includes/rest-api.php(411): rest_get_server()
#10 /home/isilgodevradar/public_html/wp-includes/class-wp-hook.php(310): rest_api_loaded(Object(WP))
#11 /home/isilgodevradar/public_html/wp-includes/class-wp-hook.php(334): WP_Hook->apply_filters(NULL, Array)
#12 /home/isilgodevradar/public_html/wp-includes/plugin.php(565): WP_Hook->do_action(Array)
#13 /home/isilgodevradar/public_html/wp-includes/class-wp.php(398): do_action_ref_array('parse_request', Array)
#14 /home/isilgodevradar/public_html/wp-includes/class-wp.php(779): WP->parse_request('')
#15 /home/isilgodevradar/public_html/wp-includes/functions.php(1335): WP->main('')
#16 /home/isilgodevradar/public_html/wp-blog-header.php(16): wp()
#17 /home/isilgodevradar/public_html/index.php(17): require('/home/isilgodev...')
#18 {main}
  thrown en /home/isilgodevradar/public_html/wp-content/plugins/woocommerce/src/Admin/API/Reports/PerformanceIndicators/Controller.php en la línea 134

2023-09-21T20:39:10+00:00 CRITICAL Uncaught TypeError: Cannot access offset of type string on string in /home/isilgodevradar/public_html/wp-content/plugins/woocommerce/src/Admin/API/Reports/PerformanceIndicators/Controller.php:134
Stack trace:
#0 /home/isilgodevradar/public_html/wp-content/plugins/woocommerce/src/Admin/API/Reports/PerformanceIndicators/Controller.php(255): Automattic\WooCommerce\Admin\API\Reports\PerformanceIndicators\Controller->get_analytics_report_data()
#1 /home/isilgodevradar/public_html/wp-content/plugins/woocommerce/src/Admin/API/Reports/PerformanceIndicators/Controller.php(631): Automattic\WooCommerce\Admin\API\Reports\PerformanceIndicators\Controller->get_indicator_data()
#2 /home/isilgodevradar/public_html/wp-content/plugins/woocommerce/includes/rest-api/Controllers/Version1/class-wc-rest-reports-v1-controller.php(48): Automattic\WooCommerce\Admin\API\Reports\PerformanceIndicators\Controller->get_collection_params()
#3 /home/isilgodevradar/public_html/wp-content/plugins/woocommerce/src/Admin/API/Reports/PerformanceIndicators/Controller.php(85): WC_REST_Reports_V1_Controller->register_routes()
#4 /home/isilgodevradar/public_html/wp-content/plugins/woocommerce/src/Admin/API/Init.php(147): Automattic\WooCommerce\Admin\API\Reports\PerformanceIndicators\Controller->register_routes()
#5 /home/isilgodevradar/public_html/wp-includes/class-wp-hook.php(310): Automattic\WooCommerce\Admin\API\Init->rest_api_init(Object(WP_REST_Server))
#6 /home/isilgodevradar/public_html/wp-includes/class-wp-hook.php(334): WP_Hook->apply_filters(NULL, Array)
#7 /home/isilgodevradar/public_html/wp-includes/plugin.php(517): WP_Hook->do_action(Array)
#8 /home/isilgodevradar/public_html/wp-includes/rest-api.php(587): do_action('rest_api_init', Object(WP_REST_Server))
#9 /home/isilgodevradar/public_html/wp-includes/rest-api.php(411): rest_get_server()
#10 /home/isilgodevradar/public_html/wp-includes/class-wp-hook.php(310): rest_api_loaded(Object(WP))
#11 /home/isilgodevradar/public_html/wp-includes/class-wp-hook.php(334): WP_Hook->apply_filters(NULL, Array)
#12 /home/isilgodevradar/public_html/wp-includes/plugin.php(565): WP_Hook->do_action(Array)
#13 /home/isilgodevradar/public_html/wp-includes/class-wp.php(398): do_action_ref_array('parse_request', Array)
#14 /home/isilgodevradar/public_html/wp-includes/class-wp.php(779): WP->parse_request('')
#15 /home/isilgodevradar/public_html/wp-includes/functions.php(1335): WP->main('')
#16 /home/isilgodevradar/public_html/wp-blog-header.php(16): wp()
#17 /home/isilgodevradar/public_html/index.php(17): require('/home/isilgodev...')
#18 {main}
  thrown en /home/isilgodevradar/public_html/wp-content/plugins/woocommerce/src/Admin/API/Reports/PerformanceIndicators/Controller.php en la línea 134

2023-09-21T21:51:07+00:00 CRITICAL Uncaught TypeError: Cannot access offset of type string on string in /home/isilgodevradar/public_html/wp-content/plugins/woocommerce/src/Admin/API/Reports/PerformanceIndicators/Controller.php:134
Stack trace:
#0 /home/isilgodevradar/public_html/wp-content/plugins/woocommerce/src/Admin/API/Reports/PerformanceIndicators/Controller.php(255): Automattic\WooCommerce\Admin\API\Reports\PerformanceIndicators\Controller->get_analytics_report_data()
#1 /home/isilgodevradar/public_html/wp-content/plugins/woocommerce/src/Admin/API/Reports/PerformanceIndicators/Controller.php(631): Automattic\WooCommerce\Admin\API\Reports\PerformanceIndicators\Controller->get_indicator_data()
#2 /home/isilgodevradar/public_html/wp-content/plugins/woocommerce/includes/rest-api/Controllers/Version1/class-wc-rest-reports-v1-controller.php(48): Automattic\WooCommerce\Admin\API\Reports\PerformanceIndicators\Controller->get_collection_params()
#3 /home/isilgodevradar/public_html/wp-content/plugins/woocommerce/src/Admin/API/Reports/PerformanceIndicators/Controller.php(85): WC_REST_Reports_V1_Controller->register_routes()
#4 /home/isilgodevradar/public_html/wp-content/plugins/woocommerce/src/Admin/API/Init.php(147): Automattic\WooCommerce\Admin\API\Reports\PerformanceIndicators\Controller->register_routes()
#5 /home/isilgodevradar/public_html/wp-includes/class-wp-hook.php(310): Automattic\WooCommerce\Admin\API\Init->rest_api_init(Object(WP_REST_Server))
#6 /home/isilgodevradar/public_html/wp-includes/class-wp-hook.php(334): WP_Hook->apply_filters(NULL, Array)
#7 /home/isilgodevradar/public_html/wp-includes/plugin.php(517): WP_Hook->do_action(Array)
#8 /home/isilgodevradar/public_html/wp-includes/rest-api.php(587): do_action('rest_api_init', Object(WP_REST_Server))
#9 /home/isilgodevradar/public_html/wp-includes/rest-api.php(411): rest_get_server()
#10 /home/isilgodevradar/public_html/wp-includes/class-wp-hook.php(310): rest_api_loaded(Object(WP))
#11 /home/isilgodevradar/public_html/wp-includes/class-wp-hook.php(334): WP_Hook->apply_filters(NULL, Array)
#12 /home/isilgodevradar/public_html/wp-includes/plugin.php(565): WP_Hook->do_action(Array)
#13 /home/isilgodevradar/public_html/wp-includes/class-wp.php(398): do_action_ref_array('parse_request', Array)
#14 /home/isilgodevradar/public_html/wp-includes/class-wp.php(779): WP->parse_request('')
#15 /home/isilgodevradar/public_html/wp-includes/functions.php(1335): WP->main('')
#16 /home/isilgodevradar/public_html/wp-blog-header.php(16): wp()
#17 /home/isilgodevradar/public_html/index.php(17): require('/home/isilgodev...')
#18 {main}
  thrown en /home/isilgodevradar/public_html/wp-content/plugins/woocommerce/src/Admin/API/Reports/PerformanceIndicators/Controller.php en la línea 134

2023-09-21T22:34:31+00:00 CRITICAL Uncaught TypeError: Cannot access offset of type string on string in /home/isilgodevradar/public_html/wp-content/plugins/woocommerce/src/Admin/API/Reports/PerformanceIndicators/Controller.php:134
Stack trace:
#0 /home/isilgodevradar/public_html/wp-content/plugins/woocommerce/src/Admin/API/Reports/PerformanceIndicators/Controller.php(255): Automattic\WooCommerce\Admin\API\Reports\PerformanceIndicators\Controller->get_analytics_report_data()
#1 /home/isilgodevradar/public_html/wp-content/plugins/woocommerce/src/Admin/API/Reports/PerformanceIndicators/Controller.php(631): Automattic\WooCommerce\Admin\API\Reports\PerformanceIndicators\Controller->get_indicator_data()
#2 /home/isilgodevradar/public_html/wp-content/plugins/woocommerce/includes/rest-api/Controllers/Version1/class-wc-rest-reports-v1-controller.php(48): Automattic\WooCommerce\Admin\API\Reports\PerformanceIndicators\Controller->get_collection_params()
#3 /home/isilgodevradar/public_html/wp-content/plugins/woocommerce/src/Admin/API/Reports/PerformanceIndicators/Controller.php(85): WC_REST_Reports_V1_Controller->register_routes()
#4 /home/isilgodevradar/public_html/wp-content/plugins/woocommerce/src/Admin/API/Init.php(147): Automattic\WooCommerce\Admin\API\Reports\PerformanceIndicators\Controller->register_routes()
#5 /home/isilgodevradar/public_html/wp-includes/class-wp-hook.php(310): Automattic\WooCommerce\Admin\API\Init->rest_api_init(Object(WP_REST_Server))
#6 /home/isilgodevradar/public_html/wp-includes/class-wp-hook.php(334): WP_Hook->apply_filters(NULL, Array)
#7 /home/isilgodevradar/public_html/wp-includes/plugin.php(517): WP_Hook->do_action(Array)
#8 /home/isilgodevradar/public_html/wp-includes/rest-api.php(587): do_action('rest_api_init', Object(WP_REST_Server))
#9 /home/isilgodevradar/public_html/wp-includes/rest-api.php(411): rest_get_server()
#10 /home/isilgodevradar/public_html/wp-includes/class-wp-hook.php(310): rest_api_loaded(Object(WP))
#11 /home/isilgodevradar/public_html/wp-includes/class-wp-hook.php(334): WP_Hook->apply_filters(NULL, Array)
#12 /home/isilgodevradar/public_html/wp-includes/plugin.php(565): WP_Hook->do_action(Array)
#13 /home/isilgodevradar/public_html/wp-includes/class-wp.php(398): do_action_ref_array('parse_request', Array)
#14 /home/isilgodevradar/public_html/wp-includes/class-wp.php(779): WP->parse_request('')
#15 /home/isilgodevradar/public_html/wp-includes/functions.php(1335): WP->main('')
#16 /home/isilgodevradar/public_html/wp-blog-header.php(16): wp()
#17 /home/isilgodevradar/public_html/index.php(17): require('/home/isilgodev...')
#18 {main}
  thrown en /home/isilgodevradar/public_html/wp-content/plugins/woocommerce/src/Admin/API/Reports/PerformanceIndicators/Controller.php en la línea 134

2023-09-21T22:43:03+00:00 CRITICAL Uncaught Error: Call to a member function get_results() on null in /home/isilgodevradar/public_html/wp-content/themes/isilgo/integraciones/api-isil.php:100
Stack trace:
#0 /home/isilgodevradar/public_html/wp-includes/class-wp-hook.php(310): sa_wc_after_order_complete(1428)
#1 /home/isilgodevradar/public_html/wp-includes/class-wp-hook.php(334): WP_Hook->apply_filters('', Array)
#2 /home/isilgodevradar/public_html/wp-includes/plugin.php(517): WP_Hook->do_action(Array)
#3 /home/isilgodevradar/public_html/wp-admin/admin-ajax.php(188): do_action('wp_ajax_ejemplo')
#4 {main}
  thrown en /home/isilgodevradar/public_html/wp-content/themes/isilgo/integraciones/api-isil.php en la línea 100

2023-09-21T22:44:24+00:00 CRITICAL Uncaught Error: Call to a member function get_results() on null in /home/isilgodevradar/public_html/wp-content/themes/isilgo/integraciones/api-isil.php:103
Stack trace:
#0 /home/isilgodevradar/public_html/wp-includes/class-wp-hook.php(310): sa_wc_after_order_complete(1428)
#1 /home/isilgodevradar/public_html/wp-includes/class-wp-hook.php(334): WP_Hook->apply_filters('', Array)
#2 /home/isilgodevradar/public_html/wp-includes/plugin.php(517): WP_Hook->do_action(Array)
#3 /home/isilgodevradar/public_html/wp-admin/admin-ajax.php(188): do_action('wp_ajax_ejemplo')
#4 {main}
  thrown en /home/isilgodevradar/public_html/wp-content/themes/isilgo/integraciones/api-isil.php en la línea 103

2023-09-21T22:54:41+00:00 CRITICAL Uncaught ArgumentCountError: Too few arguments to function wpdb::query(), 0 passed in /home/isilgodevradar/public_html/wp-content/themes/isilgo/integraciones/api-isil.php on line 112 and exactly 1 expected in /home/isilgodevradar/public_html/wp-includes/class-wpdb.php:2293
Stack trace:
#0 /home/isilgodevradar/public_html/wp-content/themes/isilgo/integraciones/api-isil.php(112): wpdb->query()
#1 /home/isilgodevradar/public_html/wp-includes/class-wp-hook.php(310): sa_wc_after_order_complete(1428)
#2 /home/isilgodevradar/public_html/wp-includes/class-wp-hook.php(334): WP_Hook->apply_filters('', Array)
#3 /home/isilgodevradar/public_html/wp-includes/plugin.php(517): WP_Hook->do_action(Array)
#4 /home/isilgodevradar/public_html/wp-admin/admin-ajax.php(188): do_action('wp_ajax_ejemplo')
#5 {main}
  thrown en /home/isilgodevradar/public_html/wp-includes/class-wpdb.php en la línea 2293

2023-09-21T22:55:38+00:00 CRITICAL syntax error, unexpected token "->", expecting identifier or variable or "{" or "$" en /home/isilgodevradar/public_html/wp-content/themes/isilgo/integraciones/api-isil.php en la línea 112

2023-09-21T22:55:42+00:00 CRITICAL syntax error, unexpected token "->", expecting identifier or variable or "{" or "$" en /home/isilgodevradar/public_html/wp-content/themes/isilgo/integraciones/api-isil.php en la línea 112

