2023-10-17T12:22:13+00:00 CRITICAL Uncaught TypeError: Cannot access offset of type string on string in /usr/share/nginx/stage.isilgo.com/wp-content/plugins/woocommerce/src/Admin/API/Reports/PerformanceIndicators/Controller.php:134
Stack trace:
#0 /usr/share/nginx/stage.isilgo.com/wp-content/plugins/woocommerce/src/Admin/API/Reports/PerformanceIndicators/Controller.php(255): Automattic\WooCommerce\Admin\API\Reports\PerformanceIndicators\Controller->get_analytics_report_data()
#1 /usr/share/nginx/stage.isilgo.com/wp-content/plugins/woocommerce/src/Admin/API/Reports/PerformanceIndicators/Controller.php(631): Automattic\WooCommerce\Admin\API\Reports\PerformanceIndicators\Controller->get_indicator_data()
#2 /usr/share/nginx/stage.isilgo.com/wp-content/plugins/woocommerce/includes/rest-api/Controllers/Version1/class-wc-rest-reports-v1-controller.php(48): Automattic\WooCommerce\Admin\API\Reports\PerformanceIndicators\Controller->get_collection_params()
#3 /usr/share/nginx/stage.isilgo.com/wp-content/plugins/woocommerce/src/Admin/API/Reports/PerformanceIndicators/Controller.php(85): WC_REST_Reports_V1_Controller->register_routes()
#4 /usr/share/nginx/stage.isilgo.com/wp-content/plugins/woocommerce/src/Admin/API/Init.php(147): Automattic\WooCommerce\Admin\API\Reports\PerformanceIndicators\Controller->register_routes()
#5 /usr/share/nginx/stage.isilgo.com/wp-includes/class-wp-hook.php(310): Automattic\WooCommerce\Admin\API\Init->rest_api_init()
#6 /usr/share/nginx/stage.isilgo.com/wp-includes/class-wp-hook.php(334): WP_Hook->apply_filters()
#7 /usr/share/nginx/stage.isilgo.com/wp-includes/plugin.php(517): WP_Hook->do_action()
#8 /usr/share/nginx/stage.isilgo.com/wp-includes/rest-api.php(587): do_action()
#9 /usr/share/nginx/stage.isilgo.com/wp-includes/rest-api.php(411): rest_get_server()
#10 /usr/share/nginx/stage.isilgo.com/wp-includes/class-wp-hook.php(310): rest_api_loaded()
#11 /usr/share/nginx/stage.isilgo.com/wp-includes/class-wp-hook.php(334): WP_Hook->apply_filters()
#12 /usr/share/nginx/stage.isilgo.com/wp-includes/plugin.php(565): WP_Hook->do_action()
#13 /usr/share/nginx/stage.isilgo.com/wp-includes/class-wp.php(398): do_action_ref_array()
#14 /usr/share/nginx/stage.isilgo.com/wp-includes/class-wp.php(779): WP->parse_request()
#15 /usr/share/nginx/stage.isilgo.com/wp-includes/functions.php(1335): WP->main()
#16 /usr/share/nginx/stage.isilgo.com/wp-blog-header.php(16): wp()
#17 /usr/share/nginx/stage.isilgo.com/index.php(17): require('...')
#18 {main}
  thrown en /usr/share/nginx/stage.isilgo.com/wp-content/plugins/woocommerce/src/Admin/API/Reports/PerformanceIndicators/Controller.php en la línea 134

2023-10-17T14:00:53+00:00 CRITICAL Uncaught TypeError: Cannot access offset of type string on string in /usr/share/nginx/stage.isilgo.com/wp-content/plugins/woocommerce/src/Admin/API/Reports/PerformanceIndicators/Controller.php:134
Stack trace:
#0 /usr/share/nginx/stage.isilgo.com/wp-content/plugins/woocommerce/src/Admin/API/Reports/PerformanceIndicators/Controller.php(255): Automattic\WooCommerce\Admin\API\Reports\PerformanceIndicators\Controller->get_analytics_report_data()
#1 /usr/share/nginx/stage.isilgo.com/wp-content/plugins/woocommerce/src/Admin/API/Reports/PerformanceIndicators/Controller.php(631): Automattic\WooCommerce\Admin\API\Reports\PerformanceIndicators\Controller->get_indicator_data()
#2 /usr/share/nginx/stage.isilgo.com/wp-content/plugins/woocommerce/includes/rest-api/Controllers/Version1/class-wc-rest-reports-v1-controller.php(48): Automattic\WooCommerce\Admin\API\Reports\PerformanceIndicators\Controller->get_collection_params()
#3 /usr/share/nginx/stage.isilgo.com/wp-content/plugins/woocommerce/src/Admin/API/Reports/PerformanceIndicators/Controller.php(85): WC_REST_Reports_V1_Controller->register_routes()
#4 /usr/share/nginx/stage.isilgo.com/wp-content/plugins/woocommerce/src/Admin/API/Init.php(147): Automattic\WooCommerce\Admin\API\Reports\PerformanceIndicators\Controller->register_routes()
#5 /usr/share/nginx/stage.isilgo.com/wp-includes/class-wp-hook.php(310): Automattic\WooCommerce\Admin\API\Init->rest_api_init()
#6 /usr/share/nginx/stage.isilgo.com/wp-includes/class-wp-hook.php(334): WP_Hook->apply_filters()
#7 /usr/share/nginx/stage.isilgo.com/wp-includes/plugin.php(517): WP_Hook->do_action()
#8 /usr/share/nginx/stage.isilgo.com/wp-includes/rest-api.php(587): do_action()
#9 /usr/share/nginx/stage.isilgo.com/wp-includes/rest-api.php(411): rest_get_server()
#10 /usr/share/nginx/stage.isilgo.com/wp-includes/class-wp-hook.php(310): rest_api_loaded()
#11 /usr/share/nginx/stage.isilgo.com/wp-includes/class-wp-hook.php(334): WP_Hook->apply_filters()
#12 /usr/share/nginx/stage.isilgo.com/wp-includes/plugin.php(565): WP_Hook->do_action()
#13 /usr/share/nginx/stage.isilgo.com/wp-includes/class-wp.php(398): do_action_ref_array()
#14 /usr/share/nginx/stage.isilgo.com/wp-includes/class-wp.php(779): WP->parse_request()
#15 /usr/share/nginx/stage.isilgo.com/wp-includes/functions.php(1335): WP->main()
#16 /usr/share/nginx/stage.isilgo.com/wp-blog-header.php(16): wp()
#17 /usr/share/nginx/stage.isilgo.com/index.php(17): require('...')
#18 {main}
  thrown en /usr/share/nginx/stage.isilgo.com/wp-content/plugins/woocommerce/src/Admin/API/Reports/PerformanceIndicators/Controller.php en la línea 134

2023-10-17T14:07:49+00:00 CRITICAL Uncaught TypeError: array_unique(): Argument #1 ($array) must be of type array, null given in /usr/share/nginx/stage.isilgo.com/wp-content/plugins/show-product-variations-for-woocommerce/admin/class-wsv-admin.php:489
Stack trace:
#0 /usr/share/nginx/stage.isilgo.com/wp-content/plugins/show-product-variations-for-woocommerce/admin/class-wsv-admin.php(489): array_unique()
#1 /usr/share/nginx/stage.isilgo.com/wp-includes/class-wp-hook.php(312): Wsv_Admin->save_post()
#2 /usr/share/nginx/stage.isilgo.com/wp-includes/class-wp-hook.php(334): WP_Hook->apply_filters()
#3 /usr/share/nginx/stage.isilgo.com/wp-includes/plugin.php(517): WP_Hook->do_action()
#4 /usr/share/nginx/stage.isilgo.com/wp-content/plugins/woocommerce/includes/admin/class-wc-admin-meta-boxes.php(268): do_action()
#5 /usr/share/nginx/stage.isilgo.com/wp-includes/class-wp-hook.php(312): WC_Admin_Meta_Boxes->save_meta_boxes()
#6 /usr/share/nginx/stage.isilgo.com/wp-includes/class-wp-hook.php(334): WP_Hook->apply_filters()
#7 /usr/share/nginx/stage.isilgo.com/wp-includes/plugin.php(517): WP_Hook->do_action()
#8 /usr/share/nginx/stage.isilgo.com/wp-includes/post.php(4751): do_action()
#9 /usr/share/nginx/stage.isilgo.com/wp-includes/post.php(4853): wp_insert_post()
#10 /usr/share/nginx/stage.isilgo.com/wp-admin/includes/post.php(445): wp_update_post()
#11 /usr/share/nginx/stage.isilgo.com/wp-admin/post.php(227): edit_post()
#12 {main}
  thrown en /usr/share/nginx/stage.isilgo.com/wp-content/plugins/show-product-variations-for-woocommerce/admin/class-wsv-admin.php en la línea 489

2023-10-17T14:08:08+00:00 CRITICAL Uncaught TypeError: Cannot access offset of type string on string in /usr/share/nginx/stage.isilgo.com/wp-content/plugins/woocommerce/src/Admin/API/Reports/PerformanceIndicators/Controller.php:134
Stack trace:
#0 /usr/share/nginx/stage.isilgo.com/wp-content/plugins/woocommerce/src/Admin/API/Reports/PerformanceIndicators/Controller.php(255): Automattic\WooCommerce\Admin\API\Reports\PerformanceIndicators\Controller->get_analytics_report_data()
#1 /usr/share/nginx/stage.isilgo.com/wp-content/plugins/woocommerce/src/Admin/API/Reports/PerformanceIndicators/Controller.php(631): Automattic\WooCommerce\Admin\API\Reports\PerformanceIndicators\Controller->get_indicator_data()
#2 /usr/share/nginx/stage.isilgo.com/wp-content/plugins/woocommerce/includes/rest-api/Controllers/Version1/class-wc-rest-reports-v1-controller.php(48): Automattic\WooCommerce\Admin\API\Reports\PerformanceIndicators\Controller->get_collection_params()
#3 /usr/share/nginx/stage.isilgo.com/wp-content/plugins/woocommerce/src/Admin/API/Reports/PerformanceIndicators/Controller.php(85): WC_REST_Reports_V1_Controller->register_routes()
#4 /usr/share/nginx/stage.isilgo.com/wp-content/plugins/woocommerce/src/Admin/API/Init.php(147): Automattic\WooCommerce\Admin\API\Reports\PerformanceIndicators\Controller->register_routes()
#5 /usr/share/nginx/stage.isilgo.com/wp-includes/class-wp-hook.php(310): Automattic\WooCommerce\Admin\API\Init->rest_api_init()
#6 /usr/share/nginx/stage.isilgo.com/wp-includes/class-wp-hook.php(334): WP_Hook->apply_filters()
#7 /usr/share/nginx/stage.isilgo.com/wp-includes/plugin.php(517): WP_Hook->do_action()
#8 /usr/share/nginx/stage.isilgo.com/wp-includes/rest-api.php(587): do_action()
#9 /usr/share/nginx/stage.isilgo.com/wp-includes/rest-api.php(411): rest_get_server()
#10 /usr/share/nginx/stage.isilgo.com/wp-includes/class-wp-hook.php(310): rest_api_loaded()
#11 /usr/share/nginx/stage.isilgo.com/wp-includes/class-wp-hook.php(334): WP_Hook->apply_filters()
#12 /usr/share/nginx/stage.isilgo.com/wp-includes/plugin.php(565): WP_Hook->do_action()
#13 /usr/share/nginx/stage.isilgo.com/wp-includes/class-wp.php(398): do_action_ref_array()
#14 /usr/share/nginx/stage.isilgo.com/wp-includes/class-wp.php(779): WP->parse_request()
#15 /usr/share/nginx/stage.isilgo.com/wp-includes/functions.php(1335): WP->main()
#16 /usr/share/nginx/stage.isilgo.com/wp-blog-header.php(16): wp()
#17 /usr/share/nginx/stage.isilgo.com/index.php(17): require('...')
#18 {main}
  thrown en /usr/share/nginx/stage.isilgo.com/wp-content/plugins/woocommerce/src/Admin/API/Reports/PerformanceIndicators/Controller.php en la línea 134

2023-10-17T14:21:12+00:00 CRITICAL Cannot redeclare arreglo() (previously declared in /usr/share/nginx/stage.isilgo.com/wp-content/themes/isilgo/functions.php:363) en /usr/share/nginx/stage.isilgo.com/wp-content/themes/isilgo/functions.php en la línea 363

2023-10-17T15:01:54+00:00 CRITICAL Uncaught TypeError: Cannot access offset of type string on string in /usr/share/nginx/stage.isilgo.com/wp-content/plugins/woocommerce/src/Admin/API/Reports/PerformanceIndicators/Controller.php:134
Stack trace:
#0 /usr/share/nginx/stage.isilgo.com/wp-content/plugins/woocommerce/src/Admin/API/Reports/PerformanceIndicators/Controller.php(255): Automattic\WooCommerce\Admin\API\Reports\PerformanceIndicators\Controller->get_analytics_report_data()
#1 /usr/share/nginx/stage.isilgo.com/wp-content/plugins/woocommerce/src/Admin/API/Reports/PerformanceIndicators/Controller.php(631): Automattic\WooCommerce\Admin\API\Reports\PerformanceIndicators\Controller->get_indicator_data()
#2 /usr/share/nginx/stage.isilgo.com/wp-content/plugins/woocommerce/includes/rest-api/Controllers/Version1/class-wc-rest-reports-v1-controller.php(48): Automattic\WooCommerce\Admin\API\Reports\PerformanceIndicators\Controller->get_collection_params()
#3 /usr/share/nginx/stage.isilgo.com/wp-content/plugins/woocommerce/src/Admin/API/Reports/PerformanceIndicators/Controller.php(85): WC_REST_Reports_V1_Controller->register_routes()
#4 /usr/share/nginx/stage.isilgo.com/wp-content/plugins/woocommerce/src/Admin/API/Init.php(147): Automattic\WooCommerce\Admin\API\Reports\PerformanceIndicators\Controller->register_routes()
#5 /usr/share/nginx/stage.isilgo.com/wp-includes/class-wp-hook.php(310): Automattic\WooCommerce\Admin\API\Init->rest_api_init()
#6 /usr/share/nginx/stage.isilgo.com/wp-includes/class-wp-hook.php(334): WP_Hook->apply_filters()
#7 /usr/share/nginx/stage.isilgo.com/wp-includes/plugin.php(517): WP_Hook->do_action()
#8 /usr/share/nginx/stage.isilgo.com/wp-includes/rest-api.php(587): do_action()
#9 /usr/share/nginx/stage.isilgo.com/wp-includes/rest-api.php(411): rest_get_server()
#10 /usr/share/nginx/stage.isilgo.com/wp-includes/class-wp-hook.php(310): rest_api_loaded()
#11 /usr/share/nginx/stage.isilgo.com/wp-includes/class-wp-hook.php(334): WP_Hook->apply_filters()
#12 /usr/share/nginx/stage.isilgo.com/wp-includes/plugin.php(565): WP_Hook->do_action()
#13 /usr/share/nginx/stage.isilgo.com/wp-includes/class-wp.php(398): do_action_ref_array()
#14 /usr/share/nginx/stage.isilgo.com/wp-includes/class-wp.php(779): WP->parse_request()
#15 /usr/share/nginx/stage.isilgo.com/wp-includes/functions.php(1335): WP->main()
#16 /usr/share/nginx/stage.isilgo.com/wp-blog-header.php(16): wp()
#17 /usr/share/nginx/stage.isilgo.com/index.php(17): require('...')
#18 {main}
  thrown en /usr/share/nginx/stage.isilgo.com/wp-content/plugins/woocommerce/src/Admin/API/Reports/PerformanceIndicators/Controller.php en la línea 134

2023-10-17T15:29:04+00:00 CRITICAL Uncaught TypeError: Cannot access offset of type string on string in /usr/share/nginx/stage.isilgo.com/wp-content/plugins/woocommerce/src/Admin/API/Reports/PerformanceIndicators/Controller.php:134
Stack trace:
#0 /usr/share/nginx/stage.isilgo.com/wp-content/plugins/woocommerce/src/Admin/API/Reports/PerformanceIndicators/Controller.php(255): Automattic\WooCommerce\Admin\API\Reports\PerformanceIndicators\Controller->get_analytics_report_data()
#1 /usr/share/nginx/stage.isilgo.com/wp-content/plugins/woocommerce/src/Admin/API/Reports/PerformanceIndicators/Controller.php(631): Automattic\WooCommerce\Admin\API\Reports\PerformanceIndicators\Controller->get_indicator_data()
#2 /usr/share/nginx/stage.isilgo.com/wp-content/plugins/woocommerce/includes/rest-api/Controllers/Version1/class-wc-rest-reports-v1-controller.php(48): Automattic\WooCommerce\Admin\API\Reports\PerformanceIndicators\Controller->get_collection_params()
#3 /usr/share/nginx/stage.isilgo.com/wp-content/plugins/woocommerce/src/Admin/API/Reports/PerformanceIndicators/Controller.php(85): WC_REST_Reports_V1_Controller->register_routes()
#4 /usr/share/nginx/stage.isilgo.com/wp-content/plugins/woocommerce/src/Admin/API/Init.php(147): Automattic\WooCommerce\Admin\API\Reports\PerformanceIndicators\Controller->register_routes()
#5 /usr/share/nginx/stage.isilgo.com/wp-includes/class-wp-hook.php(310): Automattic\WooCommerce\Admin\API\Init->rest_api_init()
#6 /usr/share/nginx/stage.isilgo.com/wp-includes/class-wp-hook.php(334): WP_Hook->apply_filters()
#7 /usr/share/nginx/stage.isilgo.com/wp-includes/plugin.php(517): WP_Hook->do_action()
#8 /usr/share/nginx/stage.isilgo.com/wp-includes/rest-api.php(587): do_action()
#9 /usr/share/nginx/stage.isilgo.com/wp-includes/rest-api.php(411): rest_get_server()
#10 /usr/share/nginx/stage.isilgo.com/wp-includes/class-wp-hook.php(310): rest_api_loaded()
#11 /usr/share/nginx/stage.isilgo.com/wp-includes/class-wp-hook.php(334): WP_Hook->apply_filters()
#12 /usr/share/nginx/stage.isilgo.com/wp-includes/plugin.php(565): WP_Hook->do_action()
#13 /usr/share/nginx/stage.isilgo.com/wp-includes/class-wp.php(398): do_action_ref_array()
#14 /usr/share/nginx/stage.isilgo.com/wp-includes/class-wp.php(779): WP->parse_request()
#15 /usr/share/nginx/stage.isilgo.com/wp-includes/functions.php(1335): WP->main()
#16 /usr/share/nginx/stage.isilgo.com/wp-blog-header.php(16): wp()
#17 /usr/share/nginx/stage.isilgo.com/index.php(17): require('...')
#18 {main}
  thrown en /usr/share/nginx/stage.isilgo.com/wp-content/plugins/woocommerce/src/Admin/API/Reports/PerformanceIndicators/Controller.php en la línea 134

2023-10-17T15:56:23+00:00 CRITICAL Uncaught TypeError: Cannot access offset of type string on string in /usr/share/nginx/stage.isilgo.com/wp-content/plugins/woocommerce/src/Admin/API/Reports/PerformanceIndicators/Controller.php:134
Stack trace:
#0 /usr/share/nginx/stage.isilgo.com/wp-content/plugins/woocommerce/src/Admin/API/Reports/PerformanceIndicators/Controller.php(255): Automattic\WooCommerce\Admin\API\Reports\PerformanceIndicators\Controller->get_analytics_report_data()
#1 /usr/share/nginx/stage.isilgo.com/wp-content/plugins/woocommerce/src/Admin/API/Reports/PerformanceIndicators/Controller.php(631): Automattic\WooCommerce\Admin\API\Reports\PerformanceIndicators\Controller->get_indicator_data()
#2 /usr/share/nginx/stage.isilgo.com/wp-content/plugins/woocommerce/includes/rest-api/Controllers/Version1/class-wc-rest-reports-v1-controller.php(48): Automattic\WooCommerce\Admin\API\Reports\PerformanceIndicators\Controller->get_collection_params()
#3 /usr/share/nginx/stage.isilgo.com/wp-content/plugins/woocommerce/src/Admin/API/Reports/PerformanceIndicators/Controller.php(85): WC_REST_Reports_V1_Controller->register_routes()
#4 /usr/share/nginx/stage.isilgo.com/wp-content/plugins/woocommerce/src/Admin/API/Init.php(147): Automattic\WooCommerce\Admin\API\Reports\PerformanceIndicators\Controller->register_routes()
#5 /usr/share/nginx/stage.isilgo.com/wp-includes/class-wp-hook.php(310): Automattic\WooCommerce\Admin\API\Init->rest_api_init()
#6 /usr/share/nginx/stage.isilgo.com/wp-includes/class-wp-hook.php(334): WP_Hook->apply_filters()
#7 /usr/share/nginx/stage.isilgo.com/wp-includes/plugin.php(517): WP_Hook->do_action()
#8 /usr/share/nginx/stage.isilgo.com/wp-includes/rest-api.php(587): do_action()
#9 /usr/share/nginx/stage.isilgo.com/wp-includes/rest-api.php(411): rest_get_server()
#10 /usr/share/nginx/stage.isilgo.com/wp-includes/class-wp-hook.php(310): rest_api_loaded()
#11 /usr/share/nginx/stage.isilgo.com/wp-includes/class-wp-hook.php(334): WP_Hook->apply_filters()
#12 /usr/share/nginx/stage.isilgo.com/wp-includes/plugin.php(565): WP_Hook->do_action()
#13 /usr/share/nginx/stage.isilgo.com/wp-includes/class-wp.php(398): do_action_ref_array()
#14 /usr/share/nginx/stage.isilgo.com/wp-includes/class-wp.php(779): WP->parse_request()
#15 /usr/share/nginx/stage.isilgo.com/wp-includes/functions.php(1335): WP->main()
#16 /usr/share/nginx/stage.isilgo.com/wp-blog-header.php(16): wp()
#17 /usr/share/nginx/stage.isilgo.com/index.php(17): require('...')
#18 {main}
  thrown en /usr/share/nginx/stage.isilgo.com/wp-content/plugins/woocommerce/src/Admin/API/Reports/PerformanceIndicators/Controller.php en la línea 134

