2023-09-27T12:46:16+00:00 CRITICAL Uncaught TypeError: Cannot access offset of type string on string in /home/isilgodevradar/public_html/wp-content/plugins/woocommerce/src/Admin/API/Reports/PerformanceIndicators/Controller.php:134
Stack trace:
#0 /home/isilgodevradar/public_html/wp-content/plugins/woocommerce/src/Admin/API/Reports/PerformanceIndicators/Controller.php(255): Automattic\WooCommerce\Admin\API\Reports\PerformanceIndicators\Controller->get_analytics_report_data()
#1 /home/isilgodevradar/public_html/wp-content/plugins/woocommerce/src/Admin/API/Reports/PerformanceIndicators/Controller.php(631): Automattic\WooCommerce\Admin\API\Reports\PerformanceIndicators\Controller->get_indicator_data()
#2 /home/isilgodevradar/public_html/wp-content/plugins/woocommerce/includes/rest-api/Controllers/Version1/class-wc-rest-reports-v1-controller.php(48): Automattic\WooCommerce\Admin\API\Reports\PerformanceIndicators\Controller->get_collection_params()
#3 /home/isilgodevradar/public_html/wp-content/plugins/woocommerce/src/Admin/API/Reports/PerformanceIndicators/Controller.php(85): WC_REST_Reports_V1_Controller->register_routes()
#4 /home/isilgodevradar/public_html/wp-content/plugins/woocommerce/src/Admin/API/Init.php(147): Automattic\WooCommerce\Admin\API\Reports\PerformanceIndicators\Controller->register_routes()
#5 /home/isilgodevradar/public_html/wp-includes/class-wp-hook.php(310): Automattic\WooCommerce\Admin\API\Init->rest_api_init(Object(WP_REST_Server))
#6 /home/isilgodevradar/public_html/wp-includes/class-wp-hook.php(334): WP_Hook->apply_filters(NULL, Array)
#7 /home/isilgodevradar/public_html/wp-includes/plugin.php(517): WP_Hook->do_action(Array)
#8 /home/isilgodevradar/public_html/wp-includes/rest-api.php(587): do_action('rest_api_init', Object(WP_REST_Server))
#9 /home/isilgodevradar/public_html/wp-includes/rest-api.php(411): rest_get_server()
#10 /home/isilgodevradar/public_html/wp-includes/class-wp-hook.php(310): rest_api_loaded(Object(WP))
#11 /home/isilgodevradar/public_html/wp-includes/class-wp-hook.php(334): WP_Hook->apply_filters(NULL, Array)
#12 /home/isilgodevradar/public_html/wp-includes/plugin.php(565): WP_Hook->do_action(Array)
#13 /home/isilgodevradar/public_html/wp-includes/class-wp.php(398): do_action_ref_array('parse_request', Array)
#14 /home/isilgodevradar/public_html/wp-includes/class-wp.php(779): WP->parse_request('')
#15 /home/isilgodevradar/public_html/wp-includes/functions.php(1335): WP->main('')
#16 /home/isilgodevradar/public_html/wp-blog-header.php(16): wp()
#17 /home/isilgodevradar/public_html/index.php(17): require('/home/isilgodev...')
#18 {main}
  thrown en /home/isilgodevradar/public_html/wp-content/plugins/woocommerce/src/Admin/API/Reports/PerformanceIndicators/Controller.php en la línea 134

2023-09-27T13:57:43+00:00 CRITICAL Uncaught TypeError: Cannot access offset of type string on string in /home/isilgodevradar/public_html/wp-content/plugins/woocommerce/src/Admin/API/Reports/PerformanceIndicators/Controller.php:134
Stack trace:
#0 /home/isilgodevradar/public_html/wp-content/plugins/woocommerce/src/Admin/API/Reports/PerformanceIndicators/Controller.php(255): Automattic\WooCommerce\Admin\API\Reports\PerformanceIndicators\Controller->get_analytics_report_data()
#1 /home/isilgodevradar/public_html/wp-content/plugins/woocommerce/src/Admin/API/Reports/PerformanceIndicators/Controller.php(631): Automattic\WooCommerce\Admin\API\Reports\PerformanceIndicators\Controller->get_indicator_data()
#2 /home/isilgodevradar/public_html/wp-content/plugins/woocommerce/includes/rest-api/Controllers/Version1/class-wc-rest-reports-v1-controller.php(48): Automattic\WooCommerce\Admin\API\Reports\PerformanceIndicators\Controller->get_collection_params()
#3 /home/isilgodevradar/public_html/wp-content/plugins/woocommerce/src/Admin/API/Reports/PerformanceIndicators/Controller.php(85): WC_REST_Reports_V1_Controller->register_routes()
#4 /home/isilgodevradar/public_html/wp-content/plugins/woocommerce/src/Admin/API/Init.php(147): Automattic\WooCommerce\Admin\API\Reports\PerformanceIndicators\Controller->register_routes()
#5 /home/isilgodevradar/public_html/wp-includes/class-wp-hook.php(310): Automattic\WooCommerce\Admin\API\Init->rest_api_init(Object(WP_REST_Server))
#6 /home/isilgodevradar/public_html/wp-includes/class-wp-hook.php(334): WP_Hook->apply_filters(NULL, Array)
#7 /home/isilgodevradar/public_html/wp-includes/plugin.php(517): WP_Hook->do_action(Array)
#8 /home/isilgodevradar/public_html/wp-includes/rest-api.php(587): do_action('rest_api_init', Object(WP_REST_Server))
#9 /home/isilgodevradar/public_html/wp-includes/rest-api.php(411): rest_get_server()
#10 /home/isilgodevradar/public_html/wp-includes/class-wp-hook.php(310): rest_api_loaded(Object(WP))
#11 /home/isilgodevradar/public_html/wp-includes/class-wp-hook.php(334): WP_Hook->apply_filters(NULL, Array)
#12 /home/isilgodevradar/public_html/wp-includes/plugin.php(565): WP_Hook->do_action(Array)
#13 /home/isilgodevradar/public_html/wp-includes/class-wp.php(398): do_action_ref_array('parse_request', Array)
#14 /home/isilgodevradar/public_html/wp-includes/class-wp.php(779): WP->parse_request('')
#15 /home/isilgodevradar/public_html/wp-includes/functions.php(1335): WP->main('')
#16 /home/isilgodevradar/public_html/wp-blog-header.php(16): wp()
#17 /home/isilgodevradar/public_html/index.php(17): require('/home/isilgodev...')
#18 {main}
  thrown en /home/isilgodevradar/public_html/wp-content/plugins/woocommerce/src/Admin/API/Reports/PerformanceIndicators/Controller.php en la línea 134

2023-09-27T14:17:44+00:00 CRITICAL Uncaught TypeError: Cannot access offset of type string on string in /home/isilgodevradar/public_html/wp-content/plugins/woocommerce/src/Admin/API/Reports/PerformanceIndicators/Controller.php:134
Stack trace:
#0 /home/isilgodevradar/public_html/wp-content/plugins/woocommerce/src/Admin/API/Reports/PerformanceIndicators/Controller.php(255): Automattic\WooCommerce\Admin\API\Reports\PerformanceIndicators\Controller->get_analytics_report_data()
#1 /home/isilgodevradar/public_html/wp-content/plugins/woocommerce/src/Admin/API/Reports/PerformanceIndicators/Controller.php(631): Automattic\WooCommerce\Admin\API\Reports\PerformanceIndicators\Controller->get_indicator_data()
#2 /home/isilgodevradar/public_html/wp-content/plugins/woocommerce/includes/rest-api/Controllers/Version1/class-wc-rest-reports-v1-controller.php(48): Automattic\WooCommerce\Admin\API\Reports\PerformanceIndicators\Controller->get_collection_params()
#3 /home/isilgodevradar/public_html/wp-content/plugins/woocommerce/src/Admin/API/Reports/PerformanceIndicators/Controller.php(85): WC_REST_Reports_V1_Controller->register_routes()
#4 /home/isilgodevradar/public_html/wp-content/plugins/woocommerce/src/Admin/API/Init.php(147): Automattic\WooCommerce\Admin\API\Reports\PerformanceIndicators\Controller->register_routes()
#5 /home/isilgodevradar/public_html/wp-includes/class-wp-hook.php(310): Automattic\WooCommerce\Admin\API\Init->rest_api_init(Object(WP_REST_Server))
#6 /home/isilgodevradar/public_html/wp-includes/class-wp-hook.php(334): WP_Hook->apply_filters(NULL, Array)
#7 /home/isilgodevradar/public_html/wp-includes/plugin.php(517): WP_Hook->do_action(Array)
#8 /home/isilgodevradar/public_html/wp-includes/rest-api.php(587): do_action('rest_api_init', Object(WP_REST_Server))
#9 /home/isilgodevradar/public_html/wp-includes/rest-api.php(411): rest_get_server()
#10 /home/isilgodevradar/public_html/wp-includes/class-wp-hook.php(310): rest_api_loaded(Object(WP))
#11 /home/isilgodevradar/public_html/wp-includes/class-wp-hook.php(334): WP_Hook->apply_filters(NULL, Array)
#12 /home/isilgodevradar/public_html/wp-includes/plugin.php(565): WP_Hook->do_action(Array)
#13 /home/isilgodevradar/public_html/wp-includes/class-wp.php(398): do_action_ref_array('parse_request', Array)
#14 /home/isilgodevradar/public_html/wp-includes/class-wp.php(779): WP->parse_request('')
#15 /home/isilgodevradar/public_html/wp-includes/functions.php(1335): WP->main('')
#16 /home/isilgodevradar/public_html/wp-blog-header.php(16): wp()
#17 /home/isilgodevradar/public_html/index.php(17): require('/home/isilgodev...')
#18 {main}
  thrown en /home/isilgodevradar/public_html/wp-content/plugins/woocommerce/src/Admin/API/Reports/PerformanceIndicators/Controller.php en la línea 134

2023-09-27T14:30:59+00:00 CRITICAL Uncaught TypeError: Cannot access offset of type string on string in /home/isilgodevradar/public_html/wp-content/plugins/woocommerce/src/Admin/API/Reports/PerformanceIndicators/Controller.php:134
Stack trace:
#0 /home/isilgodevradar/public_html/wp-content/plugins/woocommerce/src/Admin/API/Reports/PerformanceIndicators/Controller.php(255): Automattic\WooCommerce\Admin\API\Reports\PerformanceIndicators\Controller->get_analytics_report_data()
#1 /home/isilgodevradar/public_html/wp-content/plugins/woocommerce/src/Admin/API/Reports/PerformanceIndicators/Controller.php(631): Automattic\WooCommerce\Admin\API\Reports\PerformanceIndicators\Controller->get_indicator_data()
#2 /home/isilgodevradar/public_html/wp-content/plugins/woocommerce/includes/rest-api/Controllers/Version1/class-wc-rest-reports-v1-controller.php(48): Automattic\WooCommerce\Admin\API\Reports\PerformanceIndicators\Controller->get_collection_params()
#3 /home/isilgodevradar/public_html/wp-content/plugins/woocommerce/src/Admin/API/Reports/PerformanceIndicators/Controller.php(85): WC_REST_Reports_V1_Controller->register_routes()
#4 /home/isilgodevradar/public_html/wp-content/plugins/woocommerce/src/Admin/API/Init.php(147): Automattic\WooCommerce\Admin\API\Reports\PerformanceIndicators\Controller->register_routes()
#5 /home/isilgodevradar/public_html/wp-includes/class-wp-hook.php(310): Automattic\WooCommerce\Admin\API\Init->rest_api_init(Object(WP_REST_Server))
#6 /home/isilgodevradar/public_html/wp-includes/class-wp-hook.php(334): WP_Hook->apply_filters(NULL, Array)
#7 /home/isilgodevradar/public_html/wp-includes/plugin.php(517): WP_Hook->do_action(Array)
#8 /home/isilgodevradar/public_html/wp-includes/rest-api.php(587): do_action('rest_api_init', Object(WP_REST_Server))
#9 /home/isilgodevradar/public_html/wp-includes/rest-api.php(411): rest_get_server()
#10 /home/isilgodevradar/public_html/wp-includes/class-wp-hook.php(310): rest_api_loaded(Object(WP))
#11 /home/isilgodevradar/public_html/wp-includes/class-wp-hook.php(334): WP_Hook->apply_filters(NULL, Array)
#12 /home/isilgodevradar/public_html/wp-includes/plugin.php(565): WP_Hook->do_action(Array)
#13 /home/isilgodevradar/public_html/wp-includes/class-wp.php(398): do_action_ref_array('parse_request', Array)
#14 /home/isilgodevradar/public_html/wp-includes/class-wp.php(779): WP->parse_request('')
#15 /home/isilgodevradar/public_html/wp-includes/functions.php(1335): WP->main('')
#16 /home/isilgodevradar/public_html/wp-blog-header.php(16): wp()
#17 /home/isilgodevradar/public_html/index.php(17): require('/home/isilgodev...')
#18 {main}
  thrown en /home/isilgodevradar/public_html/wp-content/plugins/woocommerce/src/Admin/API/Reports/PerformanceIndicators/Controller.php en la línea 134

2023-09-27T15:23:41+00:00 CRITICAL Uncaught TypeError: Cannot access offset of type string on string in /home/isilgodevradar/public_html/wp-content/plugins/woocommerce/src/Admin/API/Reports/PerformanceIndicators/Controller.php:134
Stack trace:
#0 /home/isilgodevradar/public_html/wp-content/plugins/woocommerce/src/Admin/API/Reports/PerformanceIndicators/Controller.php(255): Automattic\WooCommerce\Admin\API\Reports\PerformanceIndicators\Controller->get_analytics_report_data()
#1 /home/isilgodevradar/public_html/wp-content/plugins/woocommerce/src/Admin/API/Reports/PerformanceIndicators/Controller.php(631): Automattic\WooCommerce\Admin\API\Reports\PerformanceIndicators\Controller->get_indicator_data()
#2 /home/isilgodevradar/public_html/wp-content/plugins/woocommerce/includes/rest-api/Controllers/Version1/class-wc-rest-reports-v1-controller.php(48): Automattic\WooCommerce\Admin\API\Reports\PerformanceIndicators\Controller->get_collection_params()
#3 /home/isilgodevradar/public_html/wp-content/plugins/woocommerce/src/Admin/API/Reports/PerformanceIndicators/Controller.php(85): WC_REST_Reports_V1_Controller->register_routes()
#4 /home/isilgodevradar/public_html/wp-content/plugins/woocommerce/src/Admin/API/Init.php(147): Automattic\WooCommerce\Admin\API\Reports\PerformanceIndicators\Controller->register_routes()
#5 /home/isilgodevradar/public_html/wp-includes/class-wp-hook.php(310): Automattic\WooCommerce\Admin\API\Init->rest_api_init(Object(WP_REST_Server))
#6 /home/isilgodevradar/public_html/wp-includes/class-wp-hook.php(334): WP_Hook->apply_filters(NULL, Array)
#7 /home/isilgodevradar/public_html/wp-includes/plugin.php(517): WP_Hook->do_action(Array)
#8 /home/isilgodevradar/public_html/wp-includes/rest-api.php(587): do_action('rest_api_init', Object(WP_REST_Server))
#9 /home/isilgodevradar/public_html/wp-includes/rest-api.php(411): rest_get_server()
#10 /home/isilgodevradar/public_html/wp-includes/class-wp-hook.php(310): rest_api_loaded(Object(WP))
#11 /home/isilgodevradar/public_html/wp-includes/class-wp-hook.php(334): WP_Hook->apply_filters(NULL, Array)
#12 /home/isilgodevradar/public_html/wp-includes/plugin.php(565): WP_Hook->do_action(Array)
#13 /home/isilgodevradar/public_html/wp-includes/class-wp.php(398): do_action_ref_array('parse_request', Array)
#14 /home/isilgodevradar/public_html/wp-includes/class-wp.php(779): WP->parse_request('')
#15 /home/isilgodevradar/public_html/wp-includes/functions.php(1335): WP->main('')
#16 /home/isilgodevradar/public_html/wp-blog-header.php(16): wp()
#17 /home/isilgodevradar/public_html/index.php(17): require('/home/isilgodev...')
#18 {main}
  thrown en /home/isilgodevradar/public_html/wp-content/plugins/woocommerce/src/Admin/API/Reports/PerformanceIndicators/Controller.php en la línea 134

2023-09-27T15:26:18+00:00 CRITICAL Uncaught TypeError: Cannot access offset of type string on string in /home/isilgodevradar/public_html/wp-content/plugins/woocommerce/src/Admin/API/Reports/PerformanceIndicators/Controller.php:134
Stack trace:
#0 /home/isilgodevradar/public_html/wp-content/plugins/woocommerce/src/Admin/API/Reports/PerformanceIndicators/Controller.php(255): Automattic\WooCommerce\Admin\API\Reports\PerformanceIndicators\Controller->get_analytics_report_data()
#1 /home/isilgodevradar/public_html/wp-content/plugins/woocommerce/src/Admin/API/Reports/PerformanceIndicators/Controller.php(631): Automattic\WooCommerce\Admin\API\Reports\PerformanceIndicators\Controller->get_indicator_data()
#2 /home/isilgodevradar/public_html/wp-content/plugins/woocommerce/includes/rest-api/Controllers/Version1/class-wc-rest-reports-v1-controller.php(48): Automattic\WooCommerce\Admin\API\Reports\PerformanceIndicators\Controller->get_collection_params()
#3 /home/isilgodevradar/public_html/wp-content/plugins/woocommerce/src/Admin/API/Reports/PerformanceIndicators/Controller.php(85): WC_REST_Reports_V1_Controller->register_routes()
#4 /home/isilgodevradar/public_html/wp-content/plugins/woocommerce/src/Admin/API/Init.php(147): Automattic\WooCommerce\Admin\API\Reports\PerformanceIndicators\Controller->register_routes()
#5 /home/isilgodevradar/public_html/wp-includes/class-wp-hook.php(310): Automattic\WooCommerce\Admin\API\Init->rest_api_init(Object(WP_REST_Server))
#6 /home/isilgodevradar/public_html/wp-includes/class-wp-hook.php(334): WP_Hook->apply_filters(NULL, Array)
#7 /home/isilgodevradar/public_html/wp-includes/plugin.php(517): WP_Hook->do_action(Array)
#8 /home/isilgodevradar/public_html/wp-includes/rest-api.php(587): do_action('rest_api_init', Object(WP_REST_Server))
#9 /home/isilgodevradar/public_html/wp-includes/rest-api.php(411): rest_get_server()
#10 /home/isilgodevradar/public_html/wp-includes/class-wp-hook.php(310): rest_api_loaded(Object(WP))
#11 /home/isilgodevradar/public_html/wp-includes/class-wp-hook.php(334): WP_Hook->apply_filters(NULL, Array)
#12 /home/isilgodevradar/public_html/wp-includes/plugin.php(565): WP_Hook->do_action(Array)
#13 /home/isilgodevradar/public_html/wp-includes/class-wp.php(398): do_action_ref_array('parse_request', Array)
#14 /home/isilgodevradar/public_html/wp-includes/class-wp.php(779): WP->parse_request('')
#15 /home/isilgodevradar/public_html/wp-includes/functions.php(1335): WP->main('')
#16 /home/isilgodevradar/public_html/wp-blog-header.php(16): wp()
#17 /home/isilgodevradar/public_html/index.php(17): require('/home/isilgodev...')
#18 {main}
  thrown en /home/isilgodevradar/public_html/wp-content/plugins/woocommerce/src/Admin/API/Reports/PerformanceIndicators/Controller.php en la línea 134

2023-09-27T15:30:38+00:00 CRITICAL Uncaught TypeError: Unsupported operand types: int / WC_Product_Simple in /home/isilgodevradar/public_html/wp-content/themes/isilgo/woocommerce/loop/price.php:32
Stack trace:
#0 /home/isilgodevradar/public_html/wp-content/plugins/woocommerce/includes/wc-core-functions.php(345): include()
#1 /home/isilgodevradar/public_html/wp-content/plugins/woocommerce/includes/wc-template-functions.php(1404): wc_get_template('loop/price.php')
#2 /home/isilgodevradar/public_html/wp-includes/class-wp-hook.php(310): woocommerce_template_loop_price('')
#3 /home/isilgodevradar/public_html/wp-includes/class-wp-hook.php(334): WP_Hook->apply_filters(NULL, Array)
#4 /home/isilgodevradar/public_html/wp-includes/plugin.php(517): WP_Hook->do_action(Array)
#5 /home/isilgodevradar/public_html/wp-content/themes/isilgo/woocommerce/content-product.php(105): do_action('woocommerce_aft...')
#6 /home/isilgodevradar/public_html/wp-includes/template.php(787): require('/home/isilgodev...')
#7 /home/isilgodevradar/public_html/wp-content/plugins/woocommerce/includes/wc-core-functions.php(284): load_template('/home/isilgodev...', false)
#8 /home/isilgodevradar/public_html/wp-content/themes/isilgo/page-membresia.php(62): wc_get_template_part('content', 'product')
#9 /home/isilgodevradar/public_html/wp-includes/template-loader.php(106): include('/home/isilgodev...')
#10 /home/isilgodevradar/public_html/wp-blog-header.php(19): require_once('/home/isilgodev...')
#11 /home/isilgodevradar/public_html/index.php(17): require('/home/isilgodev...')
#12 {main}
  thrown en /home/isilgodevradar/public_html/wp-content/themes/isilgo/woocommerce/loop/price.php en la línea 32

2023-09-27T15:31:36+00:00 CRITICAL Uncaught TypeError: Unsupported operand types: int / WC_Product_Simple in /home/isilgodevradar/public_html/wp-content/themes/isilgo/woocommerce/loop/price.php:32
Stack trace:
#0 /home/isilgodevradar/public_html/wp-content/plugins/woocommerce/includes/wc-core-functions.php(345): include()
#1 /home/isilgodevradar/public_html/wp-content/plugins/woocommerce/includes/wc-template-functions.php(1404): wc_get_template('loop/price.php')
#2 /home/isilgodevradar/public_html/wp-includes/class-wp-hook.php(310): woocommerce_template_loop_price('')
#3 /home/isilgodevradar/public_html/wp-includes/class-wp-hook.php(334): WP_Hook->apply_filters(NULL, Array)
#4 /home/isilgodevradar/public_html/wp-includes/plugin.php(517): WP_Hook->do_action(Array)
#5 /home/isilgodevradar/public_html/wp-content/themes/isilgo/woocommerce/content-product.php(105): do_action('woocommerce_aft...')
#6 /home/isilgodevradar/public_html/wp-includes/template.php(787): require('/home/isilgodev...')
#7 /home/isilgodevradar/public_html/wp-content/plugins/woocommerce/includes/wc-core-functions.php(284): load_template('/home/isilgodev...', false)
#8 /home/isilgodevradar/public_html/wp-content/themes/isilgo/page-membresia.php(62): wc_get_template_part('content', 'product')
#9 /home/isilgodevradar/public_html/wp-includes/template-loader.php(106): include('/home/isilgodev...')
#10 /home/isilgodevradar/public_html/wp-blog-header.php(19): require_once('/home/isilgodev...')
#11 /home/isilgodevradar/public_html/index.php(17): require('/home/isilgodev...')
#12 {main}
  thrown en /home/isilgodevradar/public_html/wp-content/themes/isilgo/woocommerce/loop/price.php en la línea 32

2023-09-27T15:33:33+00:00 CRITICAL Uncaught TypeError: Unsupported operand types: int / WC_Product_Simple in /home/isilgodevradar/public_html/wp-content/themes/isilgo/woocommerce/loop/price.php:38
Stack trace:
#0 /home/isilgodevradar/public_html/wp-content/plugins/woocommerce/includes/wc-core-functions.php(345): include()
#1 /home/isilgodevradar/public_html/wp-content/plugins/woocommerce/includes/wc-template-functions.php(1404): wc_get_template('loop/price.php')
#2 /home/isilgodevradar/public_html/wp-includes/class-wp-hook.php(310): woocommerce_template_loop_price('')
#3 /home/isilgodevradar/public_html/wp-includes/class-wp-hook.php(334): WP_Hook->apply_filters(NULL, Array)
#4 /home/isilgodevradar/public_html/wp-includes/plugin.php(517): WP_Hook->do_action(Array)
#5 /home/isilgodevradar/public_html/wp-content/themes/isilgo/woocommerce/content-product.php(105): do_action('woocommerce_aft...')
#6 /home/isilgodevradar/public_html/wp-includes/template.php(787): require('/home/isilgodev...')
#7 /home/isilgodevradar/public_html/wp-content/plugins/woocommerce/includes/wc-core-functions.php(284): load_template('/home/isilgodev...', false)
#8 /home/isilgodevradar/public_html/wp-content/themes/isilgo/page-membresia.php(62): wc_get_template_part('content', 'product')
#9 /home/isilgodevradar/public_html/wp-includes/template-loader.php(106): include('/home/isilgodev...')
#10 /home/isilgodevradar/public_html/wp-blog-header.php(19): require_once('/home/isilgodev...')
#11 /home/isilgodevradar/public_html/index.php(17): require('/home/isilgodev...')
#12 {main}
  thrown en /home/isilgodevradar/public_html/wp-content/themes/isilgo/woocommerce/loop/price.php en la línea 38

2023-09-27T15:34:03+00:00 CRITICAL Uncaught TypeError: Unsupported operand types: int / WC_Product_Simple in /home/isilgodevradar/public_html/wp-content/themes/isilgo/woocommerce/loop/price.php:38
Stack trace:
#0 /home/isilgodevradar/public_html/wp-content/plugins/woocommerce/includes/wc-core-functions.php(345): include()
#1 /home/isilgodevradar/public_html/wp-content/plugins/woocommerce/includes/wc-template-functions.php(1404): wc_get_template('loop/price.php')
#2 /home/isilgodevradar/public_html/wp-includes/class-wp-hook.php(310): woocommerce_template_loop_price('')
#3 /home/isilgodevradar/public_html/wp-includes/class-wp-hook.php(334): WP_Hook->apply_filters(NULL, Array)
#4 /home/isilgodevradar/public_html/wp-includes/plugin.php(517): WP_Hook->do_action(Array)
#5 /home/isilgodevradar/public_html/wp-content/themes/isilgo/woocommerce/content-product.php(105): do_action('woocommerce_aft...')
#6 /home/isilgodevradar/public_html/wp-includes/template.php(787): require('/home/isilgodev...')
#7 /home/isilgodevradar/public_html/wp-content/plugins/woocommerce/includes/wc-core-functions.php(284): load_template('/home/isilgodev...', false)
#8 /home/isilgodevradar/public_html/wp-content/themes/isilgo/page-membresia.php(62): wc_get_template_part('content', 'product')
#9 /home/isilgodevradar/public_html/wp-includes/template-loader.php(106): include('/home/isilgodev...')
#10 /home/isilgodevradar/public_html/wp-blog-header.php(19): require_once('/home/isilgodev...')
#11 /home/isilgodevradar/public_html/index.php(17): require('/home/isilgodev...')
#12 {main}
  thrown en /home/isilgodevradar/public_html/wp-content/themes/isilgo/woocommerce/loop/price.php en la línea 38

2023-09-27T15:35:09+00:00 CRITICAL Uncaught TypeError: Unsupported operand types: int / WC_Product_Simple in /home/isilgodevradar/public_html/wp-content/themes/isilgo/woocommerce/loop/price.php:40
Stack trace:
#0 /home/isilgodevradar/public_html/wp-content/plugins/woocommerce/includes/wc-core-functions.php(345): include()
#1 /home/isilgodevradar/public_html/wp-content/plugins/woocommerce/includes/wc-template-functions.php(1404): wc_get_template('loop/price.php')
#2 /home/isilgodevradar/public_html/wp-includes/class-wp-hook.php(310): woocommerce_template_loop_price('')
#3 /home/isilgodevradar/public_html/wp-includes/class-wp-hook.php(334): WP_Hook->apply_filters(NULL, Array)
#4 /home/isilgodevradar/public_html/wp-includes/plugin.php(517): WP_Hook->do_action(Array)
#5 /home/isilgodevradar/public_html/wp-content/themes/isilgo/woocommerce/content-product.php(105): do_action('woocommerce_aft...')
#6 /home/isilgodevradar/public_html/wp-includes/template.php(787): require('/home/isilgodev...')
#7 /home/isilgodevradar/public_html/wp-content/plugins/woocommerce/includes/wc-core-functions.php(284): load_template('/home/isilgodev...', false)
#8 /home/isilgodevradar/public_html/wp-content/themes/isilgo/page-membresia.php(62): wc_get_template_part('content', 'product')
#9 /home/isilgodevradar/public_html/wp-includes/template-loader.php(106): include('/home/isilgodev...')
#10 /home/isilgodevradar/public_html/wp-blog-header.php(19): require_once('/home/isilgodev...')
#11 /home/isilgodevradar/public_html/index.php(17): require('/home/isilgodev...')
#12 {main}
  thrown en /home/isilgodevradar/public_html/wp-content/themes/isilgo/woocommerce/loop/price.php en la línea 40

2023-09-27T15:35:50+00:00 CRITICAL Uncaught TypeError: Unsupported operand types: int / WC_Product_Simple in /home/isilgodevradar/public_html/wp-content/themes/isilgo/woocommerce/loop/price.php:40
Stack trace:
#0 /home/isilgodevradar/public_html/wp-content/plugins/woocommerce/includes/wc-core-functions.php(345): include()
#1 /home/isilgodevradar/public_html/wp-content/plugins/woocommerce/includes/wc-template-functions.php(1404): wc_get_template('loop/price.php')
#2 /home/isilgodevradar/public_html/wp-includes/class-wp-hook.php(310): woocommerce_template_loop_price('')
#3 /home/isilgodevradar/public_html/wp-includes/class-wp-hook.php(334): WP_Hook->apply_filters(NULL, Array)
#4 /home/isilgodevradar/public_html/wp-includes/plugin.php(517): WP_Hook->do_action(Array)
#5 /home/isilgodevradar/public_html/wp-content/themes/isilgo/woocommerce/content-product.php(105): do_action('woocommerce_aft...')
#6 /home/isilgodevradar/public_html/wp-includes/template.php(787): require('/home/isilgodev...')
#7 /home/isilgodevradar/public_html/wp-content/plugins/woocommerce/includes/wc-core-functions.php(284): load_template('/home/isilgodev...', false)
#8 /home/isilgodevradar/public_html/wp-content/themes/isilgo/page-membresia.php(62): wc_get_template_part('content', 'product')
#9 /home/isilgodevradar/public_html/wp-includes/template-loader.php(106): include('/home/isilgodev...')
#10 /home/isilgodevradar/public_html/wp-blog-header.php(19): require_once('/home/isilgodev...')
#11 /home/isilgodevradar/public_html/index.php(17): require('/home/isilgodev...')
#12 {main}
  thrown en /home/isilgodevradar/public_html/wp-content/themes/isilgo/woocommerce/loop/price.php en la línea 40

2023-09-27T15:37:33+00:00 CRITICAL Uncaught DivisionByZeroError: Division by zero in /home/isilgodevradar/public_html/wp-content/themes/isilgo/woocommerce/loop/price.php:40
Stack trace:
#0 /home/isilgodevradar/public_html/wp-content/plugins/woocommerce/includes/wc-core-functions.php(345): include()
#1 /home/isilgodevradar/public_html/wp-content/plugins/woocommerce/includes/wc-template-functions.php(1404): wc_get_template('loop/price.php')
#2 /home/isilgodevradar/public_html/wp-includes/class-wp-hook.php(310): woocommerce_template_loop_price('')
#3 /home/isilgodevradar/public_html/wp-includes/class-wp-hook.php(334): WP_Hook->apply_filters(NULL, Array)
#4 /home/isilgodevradar/public_html/wp-includes/plugin.php(517): WP_Hook->do_action(Array)
#5 /home/isilgodevradar/public_html/wp-content/themes/isilgo/woocommerce/content-product.php(105): do_action('woocommerce_aft...')
#6 /home/isilgodevradar/public_html/wp-includes/template.php(787): require('/home/isilgodev...')
#7 /home/isilgodevradar/public_html/wp-content/plugins/woocommerce/includes/wc-core-functions.php(284): load_template('/home/isilgodev...', false)
#8 /home/isilgodevradar/public_html/wp-content/themes/isilgo/page-membresia.php(62): wc_get_template_part('content', 'product')
#9 /home/isilgodevradar/public_html/wp-includes/template-loader.php(106): include('/home/isilgodev...')
#10 /home/isilgodevradar/public_html/wp-blog-header.php(19): require_once('/home/isilgodev...')
#11 /home/isilgodevradar/public_html/index.php(17): require('/home/isilgodev...')
#12 {main}
  thrown en /home/isilgodevradar/public_html/wp-content/themes/isilgo/woocommerce/loop/price.php en la línea 40

2023-09-27T16:14:58+00:00 CRITICAL Uncaught Error: Call to undefined function strftome() in /home/isilgodevradar/public_html/wp-content/themes/isilgo/woocommerce/emails/customer-completed-order.php:128
Stack trace:
#0 /home/isilgodevradar/public_html/wp-content/plugins/woocommerce/includes/wc-core-functions.php(345): include()
#1 /home/isilgodevradar/public_html/wp-content/plugins/woocommerce/includes/wc-core-functions.php(364): wc_get_template('emails/customer...', Array, '', '')
#2 /home/isilgodevradar/public_html/wp-content/plugins/woocommerce/includes/emails/class-wc-email-customer-completed-order.php(109): wc_get_template_html('emails/customer...', Array)
#3 /home/isilgodevradar/public_html/wp-content/plugins/woocommerce/includes/emails/class-wc-email.php(588): WC_Email_Customer_Completed_Order->get_content_html()
#4 /home/isilgodevradar/public_html/wp-content/plugins/woocommerce/includes/emails/class-wc-email-customer-completed-order.php(69): WC_Email->get_content()
#5 /home/isilgodevradar/public_html/wp-content/plugins/woo-preview-emails/includes/Main.php(315): WC_Email_Customer_Completed_Order->trigger(1572)
#6 /home/isilgodevradar/public_html/wp-includes/class-wp-hook.php(310): Codemanas\WooPreviewEmails\Main->email_preview_output('')
#7 /home/isilgodevradar/public_html/wp-includes/class-wp-hook.php(334): WP_Hook->apply_filters(NULL, Array)
#8 /home/isilgodevradar/public_html/wp-includes/plugin.php(517): WP_Hook->do_action(Array)
#9 /home/isilgodevradar/public_html/wp-admin/admin.php(175): do_action('admin_init')
#10 {main}
  thrown en /home/isilgodevradar/public_html/wp-content/themes/isilgo/woocommerce/emails/customer-completed-order.php en la línea 128

2023-09-27T16:15:33+00:00 CRITICAL Uncaught Error: Call to undefined function strtime() in /home/isilgodevradar/public_html/wp-content/themes/isilgo/woocommerce/emails/customer-completed-order.php:129
Stack trace:
#0 /home/isilgodevradar/public_html/wp-content/plugins/woocommerce/includes/wc-core-functions.php(345): include()
#1 /home/isilgodevradar/public_html/wp-content/plugins/woocommerce/includes/wc-core-functions.php(364): wc_get_template('emails/customer...', Array, '', '')
#2 /home/isilgodevradar/public_html/wp-content/plugins/woocommerce/includes/emails/class-wc-email-customer-completed-order.php(109): wc_get_template_html('emails/customer...', Array)
#3 /home/isilgodevradar/public_html/wp-content/plugins/woocommerce/includes/emails/class-wc-email.php(588): WC_Email_Customer_Completed_Order->get_content_html()
#4 /home/isilgodevradar/public_html/wp-content/plugins/woocommerce/includes/emails/class-wc-email-customer-completed-order.php(69): WC_Email->get_content()
#5 /home/isilgodevradar/public_html/wp-content/plugins/woo-preview-emails/includes/Main.php(315): WC_Email_Customer_Completed_Order->trigger(1572)
#6 /home/isilgodevradar/public_html/wp-includes/class-wp-hook.php(310): Codemanas\WooPreviewEmails\Main->email_preview_output('')
#7 /home/isilgodevradar/public_html/wp-includes/class-wp-hook.php(334): WP_Hook->apply_filters(NULL, Array)
#8 /home/isilgodevradar/public_html/wp-includes/plugin.php(517): WP_Hook->do_action(Array)
#9 /home/isilgodevradar/public_html/wp-admin/admin.php(175): do_action('admin_init')
#10 {main}
  thrown en /home/isilgodevradar/public_html/wp-content/themes/isilgo/woocommerce/emails/customer-completed-order.php en la línea 129

2023-09-27T19:02:40+00:00 CRITICAL Uncaught TypeError: Cannot access offset of type string on string in /home/isilgodevradar/public_html/wp-content/plugins/woocommerce/src/Admin/API/Reports/PerformanceIndicators/Controller.php:134
Stack trace:
#0 /home/isilgodevradar/public_html/wp-content/plugins/woocommerce/src/Admin/API/Reports/PerformanceIndicators/Controller.php(255): Automattic\WooCommerce\Admin\API\Reports\PerformanceIndicators\Controller->get_analytics_report_data()
#1 /home/isilgodevradar/public_html/wp-content/plugins/woocommerce/src/Admin/API/Reports/PerformanceIndicators/Controller.php(631): Automattic\WooCommerce\Admin\API\Reports\PerformanceIndicators\Controller->get_indicator_data()
#2 /home/isilgodevradar/public_html/wp-content/plugins/woocommerce/includes/rest-api/Controllers/Version1/class-wc-rest-reports-v1-controller.php(48): Automattic\WooCommerce\Admin\API\Reports\PerformanceIndicators\Controller->get_collection_params()
#3 /home/isilgodevradar/public_html/wp-content/plugins/woocommerce/src/Admin/API/Reports/PerformanceIndicators/Controller.php(85): WC_REST_Reports_V1_Controller->register_routes()
#4 /home/isilgodevradar/public_html/wp-content/plugins/woocommerce/src/Admin/API/Init.php(147): Automattic\WooCommerce\Admin\API\Reports\PerformanceIndicators\Controller->register_routes()
#5 /home/isilgodevradar/public_html/wp-includes/class-wp-hook.php(310): Automattic\WooCommerce\Admin\API\Init->rest_api_init(Object(WP_REST_Server))
#6 /home/isilgodevradar/public_html/wp-includes/class-wp-hook.php(334): WP_Hook->apply_filters(NULL, Array)
#7 /home/isilgodevradar/public_html/wp-includes/plugin.php(517): WP_Hook->do_action(Array)
#8 /home/isilgodevradar/public_html/wp-includes/rest-api.php(587): do_action('rest_api_init', Object(WP_REST_Server))
#9 /home/isilgodevradar/public_html/wp-includes/rest-api.php(411): rest_get_server()
#10 /home/isilgodevradar/public_html/wp-includes/class-wp-hook.php(310): rest_api_loaded(Object(WP))
#11 /home/isilgodevradar/public_html/wp-includes/class-wp-hook.php(334): WP_Hook->apply_filters(NULL, Array)
#12 /home/isilgodevradar/public_html/wp-includes/plugin.php(565): WP_Hook->do_action(Array)
#13 /home/isilgodevradar/public_html/wp-includes/class-wp.php(398): do_action_ref_array('parse_request', Array)
#14 /home/isilgodevradar/public_html/wp-includes/class-wp.php(779): WP->parse_request('')
#15 /home/isilgodevradar/public_html/wp-includes/functions.php(1335): WP->main('')
#16 /home/isilgodevradar/public_html/wp-blog-header.php(16): wp()
#17 /home/isilgodevradar/public_html/index.php(17): require('/home/isilgodev...')
#18 {main}
  thrown en /home/isilgodevradar/public_html/wp-content/plugins/woocommerce/src/Admin/API/Reports/PerformanceIndicators/Controller.php en la línea 134

2023-09-27T19:26:07+00:00 CRITICAL Uncaught Error: Call to undefined method WP_Post::get_category_ids() in /home/isilgodevradar/public_html/wp-content/themes/isilgo/functions.php:855
Stack trace:
#0 /home/isilgodevradar/public_html/wp-includes/class-wp-hook.php(310): dorzki_wc_track_product_views('')
#1 /home/isilgodevradar/public_html/wp-includes/class-wp-hook.php(334): WP_Hook->apply_filters(NULL, Array)
#2 /home/isilgodevradar/public_html/wp-includes/plugin.php(517): WP_Hook->do_action(Array)
#3 /home/isilgodevradar/public_html/wp-includes/template-loader.php(13): do_action('template_redire...')
#4 /home/isilgodevradar/public_html/wp-blog-header.php(19): require_once('/home/isilgodev...')
#5 /home/isilgodevradar/public_html/index.php(17): require('/home/isilgodev...')
#6 {main}
  thrown en /home/isilgodevradar/public_html/wp-content/themes/isilgo/functions.php en la línea 855

2023-09-27T19:26:20+00:00 CRITICAL Uncaught Error: Call to undefined method WP_Post::get_category_ids() in /home/isilgodevradar/public_html/wp-content/themes/isilgo/functions.php:855
Stack trace:
#0 /home/isilgodevradar/public_html/wp-includes/class-wp-hook.php(310): dorzki_wc_track_product_views('')
#1 /home/isilgodevradar/public_html/wp-includes/class-wp-hook.php(334): WP_Hook->apply_filters(NULL, Array)
#2 /home/isilgodevradar/public_html/wp-includes/plugin.php(517): WP_Hook->do_action(Array)
#3 /home/isilgodevradar/public_html/wp-includes/template-loader.php(13): do_action('template_redire...')
#4 /home/isilgodevradar/public_html/wp-blog-header.php(19): require_once('/home/isilgodev...')
#5 /home/isilgodevradar/public_html/index.php(17): require('/home/isilgodev...')
#6 {main}
  thrown en /home/isilgodevradar/public_html/wp-content/themes/isilgo/functions.php en la línea 855

2023-09-27T19:27:22+00:00 CRITICAL Uncaught Error: Call to undefined method WP_Post::get_category_ids() in /home/isilgodevradar/public_html/wp-content/themes/isilgo/functions.php:854
Stack trace:
#0 /home/isilgodevradar/public_html/wp-includes/class-wp-hook.php(310): dorzki_wc_track_product_views('')
#1 /home/isilgodevradar/public_html/wp-includes/class-wp-hook.php(334): WP_Hook->apply_filters(NULL, Array)
#2 /home/isilgodevradar/public_html/wp-includes/plugin.php(517): WP_Hook->do_action(Array)
#3 /home/isilgodevradar/public_html/wp-includes/template-loader.php(13): do_action('template_redire...')
#4 /home/isilgodevradar/public_html/wp-blog-header.php(19): require_once('/home/isilgodev...')
#5 /home/isilgodevradar/public_html/index.php(17): require('/home/isilgodev...')
#6 {main}
  thrown en /home/isilgodevradar/public_html/wp-content/themes/isilgo/functions.php en la línea 854

2023-09-27T19:28:08+00:00 CRITICAL Uncaught Error: Call to a member function get_category_ids() on string in /home/isilgodevradar/public_html/wp-content/themes/isilgo/functions.php:856
Stack trace:
#0 /home/isilgodevradar/public_html/wp-includes/class-wp-hook.php(310): dorzki_wc_track_product_views('')
#1 /home/isilgodevradar/public_html/wp-includes/class-wp-hook.php(334): WP_Hook->apply_filters(NULL, Array)
#2 /home/isilgodevradar/public_html/wp-includes/plugin.php(517): WP_Hook->do_action(Array)
#3 /home/isilgodevradar/public_html/wp-includes/template-loader.php(13): do_action('template_redire...')
#4 /home/isilgodevradar/public_html/wp-blog-header.php(19): require_once('/home/isilgodev...')
#5 /home/isilgodevradar/public_html/index.php(17): require('/home/isilgodev...')
#6 {main}
  thrown en /home/isilgodevradar/public_html/wp-content/themes/isilgo/functions.php en la línea 856

2023-09-27T19:28:43+00:00 CRITICAL Uncaught Error: Call to a member function get_category_ids() on string in /home/isilgodevradar/public_html/wp-content/themes/isilgo/functions.php:856
Stack trace:
#0 /home/isilgodevradar/public_html/wp-includes/class-wp-hook.php(310): dorzki_wc_track_product_views('')
#1 /home/isilgodevradar/public_html/wp-includes/class-wp-hook.php(334): WP_Hook->apply_filters(NULL, Array)
#2 /home/isilgodevradar/public_html/wp-includes/plugin.php(517): WP_Hook->do_action(Array)
#3 /home/isilgodevradar/public_html/wp-includes/template-loader.php(13): do_action('template_redire...')
#4 /home/isilgodevradar/public_html/wp-blog-header.php(19): require_once('/home/isilgodev...')
#5 /home/isilgodevradar/public_html/index.php(17): require('/home/isilgodev...')
#6 {main}
  thrown en /home/isilgodevradar/public_html/wp-content/themes/isilgo/functions.php en la línea 856

2023-09-27T19:51:21+00:00 CRITICAL Uncaught TypeError: Cannot access offset of type string on string in /home/isilgodevradar/public_html/wp-content/plugins/woocommerce/src/Admin/API/Reports/PerformanceIndicators/Controller.php:134
Stack trace:
#0 /home/isilgodevradar/public_html/wp-content/plugins/woocommerce/src/Admin/API/Reports/PerformanceIndicators/Controller.php(255): Automattic\WooCommerce\Admin\API\Reports\PerformanceIndicators\Controller->get_analytics_report_data()
#1 /home/isilgodevradar/public_html/wp-content/plugins/woocommerce/src/Admin/API/Reports/PerformanceIndicators/Controller.php(631): Automattic\WooCommerce\Admin\API\Reports\PerformanceIndicators\Controller->get_indicator_data()
#2 /home/isilgodevradar/public_html/wp-content/plugins/woocommerce/includes/rest-api/Controllers/Version1/class-wc-rest-reports-v1-controller.php(48): Automattic\WooCommerce\Admin\API\Reports\PerformanceIndicators\Controller->get_collection_params()
#3 /home/isilgodevradar/public_html/wp-content/plugins/woocommerce/src/Admin/API/Reports/PerformanceIndicators/Controller.php(85): WC_REST_Reports_V1_Controller->register_routes()
#4 /home/isilgodevradar/public_html/wp-content/plugins/woocommerce/src/Admin/API/Init.php(147): Automattic\WooCommerce\Admin\API\Reports\PerformanceIndicators\Controller->register_routes()
#5 /home/isilgodevradar/public_html/wp-includes/class-wp-hook.php(310): Automattic\WooCommerce\Admin\API\Init->rest_api_init(Object(WP_REST_Server))
#6 /home/isilgodevradar/public_html/wp-includes/class-wp-hook.php(334): WP_Hook->apply_filters(NULL, Array)
#7 /home/isilgodevradar/public_html/wp-includes/plugin.php(517): WP_Hook->do_action(Array)
#8 /home/isilgodevradar/public_html/wp-includes/rest-api.php(587): do_action('rest_api_init', Object(WP_REST_Server))
#9 /home/isilgodevradar/public_html/wp-includes/rest-api.php(411): rest_get_server()
#10 /home/isilgodevradar/public_html/wp-includes/class-wp-hook.php(310): rest_api_loaded(Object(WP))
#11 /home/isilgodevradar/public_html/wp-includes/class-wp-hook.php(334): WP_Hook->apply_filters(NULL, Array)
#12 /home/isilgodevradar/public_html/wp-includes/plugin.php(565): WP_Hook->do_action(Array)
#13 /home/isilgodevradar/public_html/wp-includes/class-wp.php(398): do_action_ref_array('parse_request', Array)
#14 /home/isilgodevradar/public_html/wp-includes/class-wp.php(779): WP->parse_request('')
#15 /home/isilgodevradar/public_html/wp-includes/functions.php(1335): WP->main('')
#16 /home/isilgodevradar/public_html/wp-blog-header.php(16): wp()
#17 /home/isilgodevradar/public_html/index.php(17): require('/home/isilgodev...')
#18 {main}
  thrown en /home/isilgodevradar/public_html/wp-content/plugins/woocommerce/src/Admin/API/Reports/PerformanceIndicators/Controller.php en la línea 134

2023-09-27T20:38:55+00:00 CRITICAL Uncaught TypeError: Cannot access offset of type string on string in /home/isilgodevradar/public_html/wp-content/plugins/woocommerce/src/Admin/API/Reports/PerformanceIndicators/Controller.php:134
Stack trace:
#0 /home/isilgodevradar/public_html/wp-content/plugins/woocommerce/src/Admin/API/Reports/PerformanceIndicators/Controller.php(255): Automattic\WooCommerce\Admin\API\Reports\PerformanceIndicators\Controller->get_analytics_report_data()
#1 /home/isilgodevradar/public_html/wp-content/plugins/woocommerce/src/Admin/API/Reports/PerformanceIndicators/Controller.php(631): Automattic\WooCommerce\Admin\API\Reports\PerformanceIndicators\Controller->get_indicator_data()
#2 /home/isilgodevradar/public_html/wp-content/plugins/woocommerce/includes/rest-api/Controllers/Version1/class-wc-rest-reports-v1-controller.php(48): Automattic\WooCommerce\Admin\API\Reports\PerformanceIndicators\Controller->get_collection_params()
#3 /home/isilgodevradar/public_html/wp-content/plugins/woocommerce/src/Admin/API/Reports/PerformanceIndicators/Controller.php(85): WC_REST_Reports_V1_Controller->register_routes()
#4 /home/isilgodevradar/public_html/wp-content/plugins/woocommerce/src/Admin/API/Init.php(147): Automattic\WooCommerce\Admin\API\Reports\PerformanceIndicators\Controller->register_routes()
#5 /home/isilgodevradar/public_html/wp-includes/class-wp-hook.php(310): Automattic\WooCommerce\Admin\API\Init->rest_api_init(Object(WP_REST_Server))
#6 /home/isilgodevradar/public_html/wp-includes/class-wp-hook.php(334): WP_Hook->apply_filters(NULL, Array)
#7 /home/isilgodevradar/public_html/wp-includes/plugin.php(517): WP_Hook->do_action(Array)
#8 /home/isilgodevradar/public_html/wp-includes/rest-api.php(587): do_action('rest_api_init', Object(WP_REST_Server))
#9 /home/isilgodevradar/public_html/wp-includes/rest-api.php(411): rest_get_server()
#10 /home/isilgodevradar/public_html/wp-includes/class-wp-hook.php(310): rest_api_loaded(Object(WP))
#11 /home/isilgodevradar/public_html/wp-includes/class-wp-hook.php(334): WP_Hook->apply_filters(NULL, Array)
#12 /home/isilgodevradar/public_html/wp-includes/plugin.php(565): WP_Hook->do_action(Array)
#13 /home/isilgodevradar/public_html/wp-includes/class-wp.php(398): do_action_ref_array('parse_request', Array)
#14 /home/isilgodevradar/public_html/wp-includes/class-wp.php(779): WP->parse_request('')
#15 /home/isilgodevradar/public_html/wp-includes/functions.php(1335): WP->main('')
#16 /home/isilgodevradar/public_html/wp-blog-header.php(16): wp()
#17 /home/isilgodevradar/public_html/index.php(17): require('/home/isilgodev...')
#18 {main}
  thrown en /home/isilgodevradar/public_html/wp-content/plugins/woocommerce/src/Admin/API/Reports/PerformanceIndicators/Controller.php en la línea 134

2023-09-27T22:27:56+00:00 CRITICAL Uncaught TypeError: Cannot access offset of type string on string in /home/isilgodevradar/public_html/wp-content/plugins/woocommerce/src/Admin/API/Reports/PerformanceIndicators/Controller.php:134
Stack trace:
#0 /home/isilgodevradar/public_html/wp-content/plugins/woocommerce/src/Admin/API/Reports/PerformanceIndicators/Controller.php(255): Automattic\WooCommerce\Admin\API\Reports\PerformanceIndicators\Controller->get_analytics_report_data()
#1 /home/isilgodevradar/public_html/wp-content/plugins/woocommerce/src/Admin/API/Reports/PerformanceIndicators/Controller.php(631): Automattic\WooCommerce\Admin\API\Reports\PerformanceIndicators\Controller->get_indicator_data()
#2 /home/isilgodevradar/public_html/wp-content/plugins/woocommerce/includes/rest-api/Controllers/Version1/class-wc-rest-reports-v1-controller.php(48): Automattic\WooCommerce\Admin\API\Reports\PerformanceIndicators\Controller->get_collection_params()
#3 /home/isilgodevradar/public_html/wp-content/plugins/woocommerce/src/Admin/API/Reports/PerformanceIndicators/Controller.php(85): WC_REST_Reports_V1_Controller->register_routes()
#4 /home/isilgodevradar/public_html/wp-content/plugins/woocommerce/src/Admin/API/Init.php(147): Automattic\WooCommerce\Admin\API\Reports\PerformanceIndicators\Controller->register_routes()
#5 /home/isilgodevradar/public_html/wp-includes/class-wp-hook.php(310): Automattic\WooCommerce\Admin\API\Init->rest_api_init(Object(WP_REST_Server))
#6 /home/isilgodevradar/public_html/wp-includes/class-wp-hook.php(334): WP_Hook->apply_filters(NULL, Array)
#7 /home/isilgodevradar/public_html/wp-includes/plugin.php(517): WP_Hook->do_action(Array)
#8 /home/isilgodevradar/public_html/wp-includes/rest-api.php(587): do_action('rest_api_init', Object(WP_REST_Server))
#9 /home/isilgodevradar/public_html/wp-includes/rest-api.php(411): rest_get_server()
#10 /home/isilgodevradar/public_html/wp-includes/class-wp-hook.php(310): rest_api_loaded(Object(WP))
#11 /home/isilgodevradar/public_html/wp-includes/class-wp-hook.php(334): WP_Hook->apply_filters(NULL, Array)
#12 /home/isilgodevradar/public_html/wp-includes/plugin.php(565): WP_Hook->do_action(Array)
#13 /home/isilgodevradar/public_html/wp-includes/class-wp.php(398): do_action_ref_array('parse_request', Array)
#14 /home/isilgodevradar/public_html/wp-includes/class-wp.php(779): WP->parse_request('')
#15 /home/isilgodevradar/public_html/wp-includes/functions.php(1335): WP->main('')
#16 /home/isilgodevradar/public_html/wp-blog-header.php(16): wp()
#17 /home/isilgodevradar/public_html/index.php(17): require('/home/isilgodev...')
#18 {main}
  thrown en /home/isilgodevradar/public_html/wp-content/plugins/woocommerce/src/Admin/API/Reports/PerformanceIndicators/Controller.php en la línea 134

2023-09-27T22:33:55+00:00 CRITICAL Uncaught TypeError: Cannot access offset of type string on string in /home/isilgodevradar/public_html/wp-content/plugins/woocommerce/src/Admin/API/Reports/PerformanceIndicators/Controller.php:134
Stack trace:
#0 /home/isilgodevradar/public_html/wp-content/plugins/woocommerce/src/Admin/API/Reports/PerformanceIndicators/Controller.php(255): Automattic\WooCommerce\Admin\API\Reports\PerformanceIndicators\Controller->get_analytics_report_data()
#1 /home/isilgodevradar/public_html/wp-content/plugins/woocommerce/src/Admin/API/Reports/PerformanceIndicators/Controller.php(631): Automattic\WooCommerce\Admin\API\Reports\PerformanceIndicators\Controller->get_indicator_data()
#2 /home/isilgodevradar/public_html/wp-content/plugins/woocommerce/includes/rest-api/Controllers/Version1/class-wc-rest-reports-v1-controller.php(48): Automattic\WooCommerce\Admin\API\Reports\PerformanceIndicators\Controller->get_collection_params()
#3 /home/isilgodevradar/public_html/wp-content/plugins/woocommerce/src/Admin/API/Reports/PerformanceIndicators/Controller.php(85): WC_REST_Reports_V1_Controller->register_routes()
#4 /home/isilgodevradar/public_html/wp-content/plugins/woocommerce/src/Admin/API/Init.php(147): Automattic\WooCommerce\Admin\API\Reports\PerformanceIndicators\Controller->register_routes()
#5 /home/isilgodevradar/public_html/wp-includes/class-wp-hook.php(310): Automattic\WooCommerce\Admin\API\Init->rest_api_init(Object(WP_REST_Server))
#6 /home/isilgodevradar/public_html/wp-includes/class-wp-hook.php(334): WP_Hook->apply_filters(NULL, Array)
#7 /home/isilgodevradar/public_html/wp-includes/plugin.php(517): WP_Hook->do_action(Array)
#8 /home/isilgodevradar/public_html/wp-includes/rest-api.php(587): do_action('rest_api_init', Object(WP_REST_Server))
#9 /home/isilgodevradar/public_html/wp-includes/rest-api.php(411): rest_get_server()
#10 /home/isilgodevradar/public_html/wp-includes/class-wp-hook.php(310): rest_api_loaded(Object(WP))
#11 /home/isilgodevradar/public_html/wp-includes/class-wp-hook.php(334): WP_Hook->apply_filters(NULL, Array)
#12 /home/isilgodevradar/public_html/wp-includes/plugin.php(565): WP_Hook->do_action(Array)
#13 /home/isilgodevradar/public_html/wp-includes/class-wp.php(398): do_action_ref_array('parse_request', Array)
#14 /home/isilgodevradar/public_html/wp-includes/class-wp.php(779): WP->parse_request('')
#15 /home/isilgodevradar/public_html/wp-includes/functions.php(1335): WP->main('')
#16 /home/isilgodevradar/public_html/wp-blog-header.php(16): wp()
#17 /home/isilgodevradar/public_html/index.php(17): require('/home/isilgodev...')
#18 {main}
  thrown en /home/isilgodevradar/public_html/wp-content/plugins/woocommerce/src/Admin/API/Reports/PerformanceIndicators/Controller.php en la línea 134

2023-09-27T23:07:02+00:00 CRITICAL Uncaught TypeError: Cannot access offset of type string on string in /home/isilgodevradar/public_html/wp-content/plugins/woocommerce/src/Admin/API/Reports/PerformanceIndicators/Controller.php:134
Stack trace:
#0 /home/isilgodevradar/public_html/wp-content/plugins/woocommerce/src/Admin/API/Reports/PerformanceIndicators/Controller.php(255): Automattic\WooCommerce\Admin\API\Reports\PerformanceIndicators\Controller->get_analytics_report_data()
#1 /home/isilgodevradar/public_html/wp-content/plugins/woocommerce/src/Admin/API/Reports/PerformanceIndicators/Controller.php(631): Automattic\WooCommerce\Admin\API\Reports\PerformanceIndicators\Controller->get_indicator_data()
#2 /home/isilgodevradar/public_html/wp-content/plugins/woocommerce/includes/rest-api/Controllers/Version1/class-wc-rest-reports-v1-controller.php(48): Automattic\WooCommerce\Admin\API\Reports\PerformanceIndicators\Controller->get_collection_params()
#3 /home/isilgodevradar/public_html/wp-content/plugins/woocommerce/src/Admin/API/Reports/PerformanceIndicators/Controller.php(85): WC_REST_Reports_V1_Controller->register_routes()
#4 /home/isilgodevradar/public_html/wp-content/plugins/woocommerce/src/Admin/API/Init.php(147): Automattic\WooCommerce\Admin\API\Reports\PerformanceIndicators\Controller->register_routes()
#5 /home/isilgodevradar/public_html/wp-includes/class-wp-hook.php(310): Automattic\WooCommerce\Admin\API\Init->rest_api_init(Object(WP_REST_Server))
#6 /home/isilgodevradar/public_html/wp-includes/class-wp-hook.php(334): WP_Hook->apply_filters(NULL, Array)
#7 /home/isilgodevradar/public_html/wp-includes/plugin.php(517): WP_Hook->do_action(Array)
#8 /home/isilgodevradar/public_html/wp-includes/rest-api.php(587): do_action('rest_api_init', Object(WP_REST_Server))
#9 /home/isilgodevradar/public_html/wp-includes/rest-api.php(411): rest_get_server()
#10 /home/isilgodevradar/public_html/wp-includes/class-wp-hook.php(310): rest_api_loaded(Object(WP))
#11 /home/isilgodevradar/public_html/wp-includes/class-wp-hook.php(334): WP_Hook->apply_filters(NULL, Array)
#12 /home/isilgodevradar/public_html/wp-includes/plugin.php(565): WP_Hook->do_action(Array)
#13 /home/isilgodevradar/public_html/wp-includes/class-wp.php(398): do_action_ref_array('parse_request', Array)
#14 /home/isilgodevradar/public_html/wp-includes/class-wp.php(779): WP->parse_request('')
#15 /home/isilgodevradar/public_html/wp-includes/functions.php(1335): WP->main('')
#16 /home/isilgodevradar/public_html/wp-blog-header.php(16): wp()
#17 /home/isilgodevradar/public_html/index.php(17): require('/home/isilgodev...')
#18 {main}
  thrown en /home/isilgodevradar/public_html/wp-content/plugins/woocommerce/src/Admin/API/Reports/PerformanceIndicators/Controller.php en la línea 134

2023-09-27T23:12:11+00:00 CRITICAL Uncaught DivisionByZeroError: Division by zero in /home/isilgodevradar/public_html/wp-content/themes/isilgo/author.php:26
Stack trace:
#0 /home/isilgodevradar/public_html/wp-includes/template-loader.php(106): include()
#1 /home/isilgodevradar/public_html/wp-blog-header.php(19): require_once('/home/isilgodev...')
#2 /home/isilgodevradar/public_html/index.php(17): require('/home/isilgodev...')
#3 {main}
  thrown en /home/isilgodevradar/public_html/wp-content/themes/isilgo/author.php en la línea 26

2023-09-27T23:12:17+00:00 CRITICAL Uncaught DivisionByZeroError: Division by zero in /home/isilgodevradar/public_html/wp-content/themes/isilgo/author.php:26
Stack trace:
#0 /home/isilgodevradar/public_html/wp-includes/template-loader.php(106): include()
#1 /home/isilgodevradar/public_html/wp-blog-header.php(19): require_once('/home/isilgodev...')
#2 /home/isilgodevradar/public_html/index.php(17): require('/home/isilgodev...')
#3 {main}
  thrown en /home/isilgodevradar/public_html/wp-content/themes/isilgo/author.php en la línea 26

2023-09-27T23:47:57+00:00 CRITICAL Uncaught DivisionByZeroError: Division by zero in /home/isilgodevradar/public_html/wp-content/themes/isilgo/woocommerce/checkout/review-order.php:79
Stack trace:
#0 /home/isilgodevradar/public_html/wp-content/plugins/woocommerce/includes/wc-core-functions.php(345): include()
#1 /home/isilgodevradar/public_html/wp-content/plugins/woocommerce/includes/wc-template-functions.php(2380): wc_get_template('checkout/review...', Array)
#2 /home/isilgodevradar/public_html/wp-includes/class-wp-hook.php(310): woocommerce_order_review('')
#3 /home/isilgodevradar/public_html/wp-includes/class-wp-hook.php(334): WP_Hook->apply_filters(NULL, Array)
#4 /home/isilgodevradar/public_html/wp-includes/plugin.php(517): WP_Hook->do_action(Array)
#5 /home/isilgodevradar/public_html/wp-content/themes/isilgo/woocommerce/checkout/form-checkout.php(83): do_action('woocommerce_che...')
#6 /home/isilgodevradar/public_html/wp-content/plugins/woocommerce/includes/wc-core-functions.php(345): include('/home/isilgodev...')
#7 /home/isilgodevradar/public_html/wp-content/plugins/woocommerce/includes/shortcodes/class-wc-shortcode-checkout.php(359): wc_get_template('checkout/form-c...', Array)
#8 /home/isilgodevradar/public_html/wp-content/plugins/woocommerce/includes/shortcodes/class-wc-shortcode-checkout.php(67): WC_Shortcode_Checkout::checkout()
#9 /home/isilgodevradar/public_html/wp-content/plugins/woocommerce/includes/class-wc-shortcodes.php(72): WC_Shortcode_Checkout::output('')
#10 /home/isilgodevradar/public_html/wp-content/plugins/woocommerce/includes/class-wc-shortcodes.php(95): WC_Shortcodes::shortcode_wrapper(Array, '')
#11 /home/isilgodevradar/public_html/wp-includes/shortcodes.php(395): WC_Shortcodes::checkout('', '', 'woocommerce_che...')
#12 [internal function]: do_shortcode_tag(Array)
#13 /home/isilgodevradar/public_html/wp-includes/shortcodes.php(235): preg_replace_callback('/\\[(\\[?)(woocom...', 'do_shortcode_ta...', '[woocommerce_ch...')
#14 /home/isilgodevradar/public_html/wp-includes/class-wp-hook.php(310): do_shortcode('[woocommerce_ch...')
#15 /home/isilgodevradar/public_html/wp-includes/plugin.php(205): WP_Hook->apply_filters('[woocommerce_ch...', Array)
#16 /home/isilgodevradar/public_html/wp-includes/post-template.php(256): apply_filters('the_content', '<!-- wp:shortco...')
#17 /home/isilgodevradar/public_html/wp-content/themes/isilgo/page.php(35): the_content()
#18 /home/isilgodevradar/public_html/wp-includes/template-loader.php(106): include('/home/isilgodev...')
#19 /home/isilgodevradar/public_html/wp-blog-header.php(19): require_once('/home/isilgodev...')
#20 /home/isilgodevradar/public_html/index.php(17): require('/home/isilgodev...')
#21 {main}
  thrown en /home/isilgodevradar/public_html/wp-content/themes/isilgo/woocommerce/checkout/review-order.php en la línea 79

