2023-10-06T12:56:27+00:00 CRITICAL Uncaught TypeError: Cannot access offset of type string on string in /home/isilgodevradar/public_html/wp-content/plugins/woocommerce/src/Admin/API/Reports/PerformanceIndicators/Controller.php:134
Stack trace:
#0 /home/isilgodevradar/public_html/wp-content/plugins/woocommerce/src/Admin/API/Reports/PerformanceIndicators/Controller.php(255): Automattic\WooCommerce\Admin\API\Reports\PerformanceIndicators\Controller->get_analytics_report_data()
#1 /home/isilgodevradar/public_html/wp-content/plugins/woocommerce/src/Admin/API/Reports/PerformanceIndicators/Controller.php(631): Automattic\WooCommerce\Admin\API\Reports\PerformanceIndicators\Controller->get_indicator_data()
#2 /home/isilgodevradar/public_html/wp-content/plugins/woocommerce/includes/rest-api/Controllers/Version1/class-wc-rest-reports-v1-controller.php(48): Automattic\WooCommerce\Admin\API\Reports\PerformanceIndicators\Controller->get_collection_params()
#3 /home/isilgodevradar/public_html/wp-content/plugins/woocommerce/src/Admin/API/Reports/PerformanceIndicators/Controller.php(85): WC_REST_Reports_V1_Controller->register_routes()
#4 /home/isilgodevradar/public_html/wp-content/plugins/woocommerce/src/Admin/API/Init.php(147): Automattic\WooCommerce\Admin\API\Reports\PerformanceIndicators\Controller->register_routes()
#5 /home/isilgodevradar/public_html/wp-includes/class-wp-hook.php(310): Automattic\WooCommerce\Admin\API\Init->rest_api_init(Object(WP_REST_Server))
#6 /home/isilgodevradar/public_html/wp-includes/class-wp-hook.php(334): WP_Hook->apply_filters(NULL, Array)
#7 /home/isilgodevradar/public_html/wp-includes/plugin.php(517): WP_Hook->do_action(Array)
#8 /home/isilgodevradar/public_html/wp-includes/rest-api.php(587): do_action('rest_api_init', Object(WP_REST_Server))
#9 /home/isilgodevradar/public_html/wp-includes/rest-api.php(411): rest_get_server()
#10 /home/isilgodevradar/public_html/wp-includes/class-wp-hook.php(310): rest_api_loaded(Object(WP))
#11 /home/isilgodevradar/public_html/wp-includes/class-wp-hook.php(334): WP_Hook->apply_filters(NULL, Array)
#12 /home/isilgodevradar/public_html/wp-includes/plugin.php(565): WP_Hook->do_action(Array)
#13 /home/isilgodevradar/public_html/wp-includes/class-wp.php(398): do_action_ref_array('parse_request', Array)
#14 /home/isilgodevradar/public_html/wp-includes/class-wp.php(779): WP->parse_request('')
#15 /home/isilgodevradar/public_html/wp-includes/functions.php(1335): WP->main('')
#16 /home/isilgodevradar/public_html/wp-blog-header.php(16): wp()
#17 /home/isilgodevradar/public_html/index.php(17): require('/home/isilgodev...')
#18 {main}
  thrown en /home/isilgodevradar/public_html/wp-content/plugins/woocommerce/src/Admin/API/Reports/PerformanceIndicators/Controller.php en la línea 134

2023-10-06T13:07:22+00:00 CRITICAL Uncaught TypeError: Cannot access offset of type string on string in /home/isilgodevradar/public_html/wp-content/plugins/woocommerce/src/Admin/API/Reports/PerformanceIndicators/Controller.php:134
Stack trace:
#0 /home/isilgodevradar/public_html/wp-content/plugins/woocommerce/src/Admin/API/Reports/PerformanceIndicators/Controller.php(255): Automattic\WooCommerce\Admin\API\Reports\PerformanceIndicators\Controller->get_analytics_report_data()
#1 /home/isilgodevradar/public_html/wp-content/plugins/woocommerce/src/Admin/API/Reports/PerformanceIndicators/Controller.php(631): Automattic\WooCommerce\Admin\API\Reports\PerformanceIndicators\Controller->get_indicator_data()
#2 /home/isilgodevradar/public_html/wp-content/plugins/woocommerce/includes/rest-api/Controllers/Version1/class-wc-rest-reports-v1-controller.php(48): Automattic\WooCommerce\Admin\API\Reports\PerformanceIndicators\Controller->get_collection_params()
#3 /home/isilgodevradar/public_html/wp-content/plugins/woocommerce/src/Admin/API/Reports/PerformanceIndicators/Controller.php(85): WC_REST_Reports_V1_Controller->register_routes()
#4 /home/isilgodevradar/public_html/wp-content/plugins/woocommerce/src/Admin/API/Init.php(147): Automattic\WooCommerce\Admin\API\Reports\PerformanceIndicators\Controller->register_routes()
#5 /home/isilgodevradar/public_html/wp-includes/class-wp-hook.php(310): Automattic\WooCommerce\Admin\API\Init->rest_api_init(Object(WP_REST_Server))
#6 /home/isilgodevradar/public_html/wp-includes/class-wp-hook.php(334): WP_Hook->apply_filters(NULL, Array)
#7 /home/isilgodevradar/public_html/wp-includes/plugin.php(517): WP_Hook->do_action(Array)
#8 /home/isilgodevradar/public_html/wp-includes/rest-api.php(587): do_action('rest_api_init', Object(WP_REST_Server))
#9 /home/isilgodevradar/public_html/wp-includes/rest-api.php(411): rest_get_server()
#10 /home/isilgodevradar/public_html/wp-includes/class-wp-hook.php(310): rest_api_loaded(Object(WP))
#11 /home/isilgodevradar/public_html/wp-includes/class-wp-hook.php(334): WP_Hook->apply_filters(NULL, Array)
#12 /home/isilgodevradar/public_html/wp-includes/plugin.php(565): WP_Hook->do_action(Array)
#13 /home/isilgodevradar/public_html/wp-includes/class-wp.php(398): do_action_ref_array('parse_request', Array)
#14 /home/isilgodevradar/public_html/wp-includes/class-wp.php(779): WP->parse_request('')
#15 /home/isilgodevradar/public_html/wp-includes/functions.php(1335): WP->main('')
#16 /home/isilgodevradar/public_html/wp-blog-header.php(16): wp()
#17 /home/isilgodevradar/public_html/index.php(17): require('/home/isilgodev...')
#18 {main}
  thrown en /home/isilgodevradar/public_html/wp-content/plugins/woocommerce/src/Admin/API/Reports/PerformanceIndicators/Controller.php en la línea 134

2023-10-06T13:50:53+00:00 CRITICAL Uncaught TypeError: array_diff(): Argument #2 must be of type array, null given in /home/isilgodevradar/public_html/wp-content/themes/isilgo/functions.php:1162
Stack trace:
#0 /home/isilgodevradar/public_html/wp-content/themes/isilgo/functions.php(1162): array_diff(Array, NULL)
#1 /home/isilgodevradar/public_html/wp-includes/class-wp-hook.php(310): recientesVistos('')
#2 /home/isilgodevradar/public_html/wp-includes/class-wp-hook.php(334): WP_Hook->apply_filters('', Array)
#3 /home/isilgodevradar/public_html/wp-includes/plugin.php(517): WP_Hook->do_action(Array)
#4 /home/isilgodevradar/public_html/wp-admin/admin-ajax.php(188): do_action('wp_ajax_recient...')
#5 {main}
  thrown en /home/isilgodevradar/public_html/wp-content/themes/isilgo/functions.php en la línea 1162

2023-10-06T13:51:00+00:00 CRITICAL Uncaught TypeError: array_diff(): Argument #2 must be of type array, null given in /home/isilgodevradar/public_html/wp-content/themes/isilgo/functions.php:1162
Stack trace:
#0 /home/isilgodevradar/public_html/wp-content/themes/isilgo/functions.php(1162): array_diff(Array, NULL)
#1 /home/isilgodevradar/public_html/wp-includes/class-wp-hook.php(310): recientesVistos('')
#2 /home/isilgodevradar/public_html/wp-includes/class-wp-hook.php(334): WP_Hook->apply_filters('', Array)
#3 /home/isilgodevradar/public_html/wp-includes/plugin.php(517): WP_Hook->do_action(Array)
#4 /home/isilgodevradar/public_html/wp-admin/admin-ajax.php(188): do_action('wp_ajax_recient...')
#5 {main}
  thrown en /home/isilgodevradar/public_html/wp-content/themes/isilgo/functions.php en la línea 1162

2023-10-06T13:54:41+00:00 CRITICAL Uncaught TypeError: array_diff(): Argument #2 must be of type array, null given in /home/isilgodevradar/public_html/wp-content/themes/isilgo/functions.php:1161
Stack trace:
#0 /home/isilgodevradar/public_html/wp-content/themes/isilgo/functions.php(1161): array_diff(Array, NULL)
#1 /home/isilgodevradar/public_html/wp-includes/class-wp-hook.php(310): recientesVistos('')
#2 /home/isilgodevradar/public_html/wp-includes/class-wp-hook.php(334): WP_Hook->apply_filters('', Array)
#3 /home/isilgodevradar/public_html/wp-includes/plugin.php(517): WP_Hook->do_action(Array)
#4 /home/isilgodevradar/public_html/wp-admin/admin-ajax.php(188): do_action('wp_ajax_recient...')
#5 {main}
  thrown en /home/isilgodevradar/public_html/wp-content/themes/isilgo/functions.php en la línea 1161

2023-10-06T14:16:45+00:00 CRITICAL Uncaught TypeError: array_diff(): Argument #2 must be of type array, null given in /home/isilgodevradar/public_html/wp-content/themes/isilgo/functions.php:1161
Stack trace:
#0 /home/isilgodevradar/public_html/wp-content/themes/isilgo/functions.php(1161): array_diff(Array, NULL)
#1 /home/isilgodevradar/public_html/wp-includes/class-wp-hook.php(310): recientesVistos('')
#2 /home/isilgodevradar/public_html/wp-includes/class-wp-hook.php(334): WP_Hook->apply_filters('', Array)
#3 /home/isilgodevradar/public_html/wp-includes/plugin.php(517): WP_Hook->do_action(Array)
#4 /home/isilgodevradar/public_html/wp-admin/admin-ajax.php(188): do_action('wp_ajax_recient...')
#5 {main}
  thrown en /home/isilgodevradar/public_html/wp-content/themes/isilgo/functions.php en la línea 1161

2023-10-06T14:16:50+00:00 CRITICAL Uncaught TypeError: array_diff(): Argument #2 must be of type array, null given in /home/isilgodevradar/public_html/wp-content/themes/isilgo/functions.php:1161
Stack trace:
#0 /home/isilgodevradar/public_html/wp-content/themes/isilgo/functions.php(1161): array_diff(Array, NULL)
#1 /home/isilgodevradar/public_html/wp-includes/class-wp-hook.php(310): recientesVistos('')
#2 /home/isilgodevradar/public_html/wp-includes/class-wp-hook.php(334): WP_Hook->apply_filters('', Array)
#3 /home/isilgodevradar/public_html/wp-includes/plugin.php(517): WP_Hook->do_action(Array)
#4 /home/isilgodevradar/public_html/wp-admin/admin-ajax.php(188): do_action('wp_ajax_recient...')
#5 {main}
  thrown en /home/isilgodevradar/public_html/wp-content/themes/isilgo/functions.php en la línea 1161

2023-10-06T14:17:02+00:00 CRITICAL Uncaught TypeError: array_diff(): Argument #2 must be of type array, null given in /home/isilgodevradar/public_html/wp-content/themes/isilgo/functions.php:1161
Stack trace:
#0 /home/isilgodevradar/public_html/wp-content/themes/isilgo/functions.php(1161): array_diff(Array, NULL)
#1 /home/isilgodevradar/public_html/wp-includes/class-wp-hook.php(310): recientesVistos('')
#2 /home/isilgodevradar/public_html/wp-includes/class-wp-hook.php(334): WP_Hook->apply_filters('', Array)
#3 /home/isilgodevradar/public_html/wp-includes/plugin.php(517): WP_Hook->do_action(Array)
#4 /home/isilgodevradar/public_html/wp-admin/admin-ajax.php(188): do_action('wp_ajax_recient...')
#5 {main}
  thrown en /home/isilgodevradar/public_html/wp-content/themes/isilgo/functions.php en la línea 1161

2023-10-06T14:18:11+00:00 CRITICAL Uncaught TypeError: array_diff(): Argument #2 must be of type array, null given in /home/isilgodevradar/public_html/wp-content/themes/isilgo/functions.php:1161
Stack trace:
#0 /home/isilgodevradar/public_html/wp-content/themes/isilgo/functions.php(1161): array_diff(Array, NULL)
#1 /home/isilgodevradar/public_html/wp-includes/class-wp-hook.php(310): recientesVistos('')
#2 /home/isilgodevradar/public_html/wp-includes/class-wp-hook.php(334): WP_Hook->apply_filters('', Array)
#3 /home/isilgodevradar/public_html/wp-includes/plugin.php(517): WP_Hook->do_action(Array)
#4 /home/isilgodevradar/public_html/wp-admin/admin-ajax.php(188): do_action('wp_ajax_recient...')
#5 {main}
  thrown en /home/isilgodevradar/public_html/wp-content/themes/isilgo/functions.php en la línea 1161

2023-10-06T14:19:12+00:00 CRITICAL Uncaught TypeError: array_diff(): Argument #2 must be of type array, null given in /home/isilgodevradar/public_html/wp-content/themes/isilgo/functions.php:1161
Stack trace:
#0 /home/isilgodevradar/public_html/wp-content/themes/isilgo/functions.php(1161): array_diff(Array, NULL)
#1 /home/isilgodevradar/public_html/wp-includes/class-wp-hook.php(310): recientesVistos('')
#2 /home/isilgodevradar/public_html/wp-includes/class-wp-hook.php(334): WP_Hook->apply_filters('', Array)
#3 /home/isilgodevradar/public_html/wp-includes/plugin.php(517): WP_Hook->do_action(Array)
#4 /home/isilgodevradar/public_html/wp-admin/admin-ajax.php(188): do_action('wp_ajax_recient...')
#5 {main}
  thrown en /home/isilgodevradar/public_html/wp-content/themes/isilgo/functions.php en la línea 1161

2023-10-06T14:22:13+00:00 CRITICAL Uncaught TypeError: array_diff(): Argument #2 must be of type array, null given in /home/isilgodevradar/public_html/wp-content/themes/isilgo/functions.php:1161
Stack trace:
#0 /home/isilgodevradar/public_html/wp-content/themes/isilgo/functions.php(1161): array_diff(Array, NULL)
#1 /home/isilgodevradar/public_html/wp-includes/class-wp-hook.php(310): recientesVistos('')
#2 /home/isilgodevradar/public_html/wp-includes/class-wp-hook.php(334): WP_Hook->apply_filters('', Array)
#3 /home/isilgodevradar/public_html/wp-includes/plugin.php(517): WP_Hook->do_action(Array)
#4 /home/isilgodevradar/public_html/wp-admin/admin-ajax.php(188): do_action('wp_ajax_recient...')
#5 {main}
  thrown en /home/isilgodevradar/public_html/wp-content/themes/isilgo/functions.php en la línea 1161

2023-10-06T14:35:45+00:00 CRITICAL Uncaught TypeError: array_diff(): Argument #2 must be of type array, null given in /home/isilgodevradar/public_html/wp-content/themes/isilgo/functions.php:1167
Stack trace:
#0 /home/isilgodevradar/public_html/wp-content/themes/isilgo/functions.php(1167): array_diff(Array, NULL)
#1 /home/isilgodevradar/public_html/wp-includes/class-wp-hook.php(310): recientesVistos('')
#2 /home/isilgodevradar/public_html/wp-includes/class-wp-hook.php(334): WP_Hook->apply_filters('', Array)
#3 /home/isilgodevradar/public_html/wp-includes/plugin.php(517): WP_Hook->do_action(Array)
#4 /home/isilgodevradar/public_html/wp-admin/admin-ajax.php(203): do_action('wp_ajax_nopriv_...')
#5 {main}
  thrown en /home/isilgodevradar/public_html/wp-content/themes/isilgo/functions.php en la línea 1167

2023-10-06T14:39:28+00:00 CRITICAL Uncaught TypeError: array_diff(): Argument #2 must be of type array, null given in /home/isilgodevradar/public_html/wp-content/themes/isilgo/functions.php:1167
Stack trace:
#0 /home/isilgodevradar/public_html/wp-content/themes/isilgo/functions.php(1167): array_diff(Array, NULL)
#1 /home/isilgodevradar/public_html/wp-includes/class-wp-hook.php(310): recientesVistos('')
#2 /home/isilgodevradar/public_html/wp-includes/class-wp-hook.php(334): WP_Hook->apply_filters('', Array)
#3 /home/isilgodevradar/public_html/wp-includes/plugin.php(517): WP_Hook->do_action(Array)
#4 /home/isilgodevradar/public_html/wp-admin/admin-ajax.php(188): do_action('wp_ajax_recient...')
#5 {main}
  thrown en /home/isilgodevradar/public_html/wp-content/themes/isilgo/functions.php en la línea 1167

2023-10-06T14:39:36+00:00 CRITICAL Uncaught TypeError: array_diff(): Argument #2 must be of type array, null given in /home/isilgodevradar/public_html/wp-content/themes/isilgo/functions.php:1167
Stack trace:
#0 /home/isilgodevradar/public_html/wp-content/themes/isilgo/functions.php(1167): array_diff(Array, NULL)
#1 /home/isilgodevradar/public_html/wp-includes/class-wp-hook.php(310): recientesVistos('')
#2 /home/isilgodevradar/public_html/wp-includes/class-wp-hook.php(334): WP_Hook->apply_filters('', Array)
#3 /home/isilgodevradar/public_html/wp-includes/plugin.php(517): WP_Hook->do_action(Array)
#4 /home/isilgodevradar/public_html/wp-admin/admin-ajax.php(188): do_action('wp_ajax_recient...')
#5 {main}
  thrown en /home/isilgodevradar/public_html/wp-content/themes/isilgo/functions.php en la línea 1167

2023-10-06T14:39:55+00:00 CRITICAL Uncaught TypeError: array_diff(): Argument #2 must be of type array, null given in /home/isilgodevradar/public_html/wp-content/themes/isilgo/functions.php:1167
Stack trace:
#0 /home/isilgodevradar/public_html/wp-content/themes/isilgo/functions.php(1167): array_diff(Array, NULL)
#1 /home/isilgodevradar/public_html/wp-includes/class-wp-hook.php(310): recientesVistos('')
#2 /home/isilgodevradar/public_html/wp-includes/class-wp-hook.php(334): WP_Hook->apply_filters('', Array)
#3 /home/isilgodevradar/public_html/wp-includes/plugin.php(517): WP_Hook->do_action(Array)
#4 /home/isilgodevradar/public_html/wp-admin/admin-ajax.php(188): do_action('wp_ajax_recient...')
#5 {main}
  thrown en /home/isilgodevradar/public_html/wp-content/themes/isilgo/functions.php en la línea 1167

2023-10-06T14:42:33+00:00 CRITICAL Uncaught TypeError: Cannot access offset of type string on string in /home/isilgodevradar/public_html/wp-content/plugins/woocommerce/src/Admin/API/Reports/PerformanceIndicators/Controller.php:134
Stack trace:
#0 /home/isilgodevradar/public_html/wp-content/plugins/woocommerce/src/Admin/API/Reports/PerformanceIndicators/Controller.php(255): Automattic\WooCommerce\Admin\API\Reports\PerformanceIndicators\Controller->get_analytics_report_data()
#1 /home/isilgodevradar/public_html/wp-content/plugins/woocommerce/src/Admin/API/Reports/PerformanceIndicators/Controller.php(631): Automattic\WooCommerce\Admin\API\Reports\PerformanceIndicators\Controller->get_indicator_data()
#2 /home/isilgodevradar/public_html/wp-content/plugins/woocommerce/includes/rest-api/Controllers/Version1/class-wc-rest-reports-v1-controller.php(48): Automattic\WooCommerce\Admin\API\Reports\PerformanceIndicators\Controller->get_collection_params()
#3 /home/isilgodevradar/public_html/wp-content/plugins/woocommerce/src/Admin/API/Reports/PerformanceIndicators/Controller.php(85): WC_REST_Reports_V1_Controller->register_routes()
#4 /home/isilgodevradar/public_html/wp-content/plugins/woocommerce/src/Admin/API/Init.php(147): Automattic\WooCommerce\Admin\API\Reports\PerformanceIndicators\Controller->register_routes()
#5 /home/isilgodevradar/public_html/wp-includes/class-wp-hook.php(310): Automattic\WooCommerce\Admin\API\Init->rest_api_init(Object(WP_REST_Server))
#6 /home/isilgodevradar/public_html/wp-includes/class-wp-hook.php(334): WP_Hook->apply_filters(NULL, Array)
#7 /home/isilgodevradar/public_html/wp-includes/plugin.php(517): WP_Hook->do_action(Array)
#8 /home/isilgodevradar/public_html/wp-includes/rest-api.php(587): do_action('rest_api_init', Object(WP_REST_Server))
#9 /home/isilgodevradar/public_html/wp-includes/rest-api.php(411): rest_get_server()
#10 /home/isilgodevradar/public_html/wp-includes/class-wp-hook.php(310): rest_api_loaded(Object(WP))
#11 /home/isilgodevradar/public_html/wp-includes/class-wp-hook.php(334): WP_Hook->apply_filters(NULL, Array)
#12 /home/isilgodevradar/public_html/wp-includes/plugin.php(565): WP_Hook->do_action(Array)
#13 /home/isilgodevradar/public_html/wp-includes/class-wp.php(398): do_action_ref_array('parse_request', Array)
#14 /home/isilgodevradar/public_html/wp-includes/class-wp.php(779): WP->parse_request('')
#15 /home/isilgodevradar/public_html/wp-includes/functions.php(1335): WP->main('')
#16 /home/isilgodevradar/public_html/wp-blog-header.php(16): wp()
#17 /home/isilgodevradar/public_html/index.php(17): require('/home/isilgodev...')
#18 {main}
  thrown en /home/isilgodevradar/public_html/wp-content/plugins/woocommerce/src/Admin/API/Reports/PerformanceIndicators/Controller.php en la línea 134

2023-10-06T14:43:06+00:00 CRITICAL Uncaught TypeError: array_diff(): Argument #2 must be of type array, null given in /home/isilgodevradar/public_html/wp-content/themes/isilgo/functions.php:1163
Stack trace:
#0 /home/isilgodevradar/public_html/wp-content/themes/isilgo/functions.php(1163): array_diff(Array, NULL)
#1 /home/isilgodevradar/public_html/wp-includes/class-wp-hook.php(310): recientesVistos('')
#2 /home/isilgodevradar/public_html/wp-includes/class-wp-hook.php(334): WP_Hook->apply_filters('', Array)
#3 /home/isilgodevradar/public_html/wp-includes/plugin.php(517): WP_Hook->do_action(Array)
#4 /home/isilgodevradar/public_html/wp-admin/admin-ajax.php(188): do_action('wp_ajax_recient...')
#5 {main}
  thrown en /home/isilgodevradar/public_html/wp-content/themes/isilgo/functions.php en la línea 1163

2023-10-06T14:43:25+00:00 CRITICAL Uncaught TypeError: array_diff(): Argument #2 must be of type array, null given in /home/isilgodevradar/public_html/wp-content/themes/isilgo/functions.php:1163
Stack trace:
#0 /home/isilgodevradar/public_html/wp-content/themes/isilgo/functions.php(1163): array_diff(Array, NULL)
#1 /home/isilgodevradar/public_html/wp-includes/class-wp-hook.php(310): recientesVistos('')
#2 /home/isilgodevradar/public_html/wp-includes/class-wp-hook.php(334): WP_Hook->apply_filters('', Array)
#3 /home/isilgodevradar/public_html/wp-includes/plugin.php(517): WP_Hook->do_action(Array)
#4 /home/isilgodevradar/public_html/wp-admin/admin-ajax.php(188): do_action('wp_ajax_recient...')
#5 {main}
  thrown en /home/isilgodevradar/public_html/wp-content/themes/isilgo/functions.php en la línea 1163

2023-10-06T14:46:27+00:00 CRITICAL Uncaught TypeError: array_diff(): Argument #2 must be of type array, null given in /home/isilgodevradar/public_html/wp-content/themes/isilgo/functions.php:1163
Stack trace:
#0 /home/isilgodevradar/public_html/wp-content/themes/isilgo/functions.php(1163): array_diff(Array, NULL)
#1 /home/isilgodevradar/public_html/wp-includes/class-wp-hook.php(310): recientesVistos('')
#2 /home/isilgodevradar/public_html/wp-includes/class-wp-hook.php(334): WP_Hook->apply_filters('', Array)
#3 /home/isilgodevradar/public_html/wp-includes/plugin.php(517): WP_Hook->do_action(Array)
#4 /home/isilgodevradar/public_html/wp-admin/admin-ajax.php(188): do_action('wp_ajax_recient...')
#5 {main}
  thrown en /home/isilgodevradar/public_html/wp-content/themes/isilgo/functions.php en la línea 1163

2023-10-06T14:49:15+00:00 CRITICAL Uncaught TypeError: array_diff(): Argument #2 must be of type array, null given in /home/isilgodevradar/public_html/wp-content/themes/isilgo/functions.php:1166
Stack trace:
#0 /home/isilgodevradar/public_html/wp-content/themes/isilgo/functions.php(1166): array_diff(Array, NULL)
#1 /home/isilgodevradar/public_html/wp-includes/class-wp-hook.php(310): recientesVistos('')
#2 /home/isilgodevradar/public_html/wp-includes/class-wp-hook.php(334): WP_Hook->apply_filters('', Array)
#3 /home/isilgodevradar/public_html/wp-includes/plugin.php(517): WP_Hook->do_action(Array)
#4 /home/isilgodevradar/public_html/wp-admin/admin-ajax.php(188): do_action('wp_ajax_recient...')
#5 {main}
  thrown en /home/isilgodevradar/public_html/wp-content/themes/isilgo/functions.php en la línea 1166

2023-10-06T14:49:24+00:00 CRITICAL Uncaught TypeError: array_diff(): Argument #2 must be of type array, null given in /home/isilgodevradar/public_html/wp-content/themes/isilgo/functions.php:1166
Stack trace:
#0 /home/isilgodevradar/public_html/wp-content/themes/isilgo/functions.php(1166): array_diff(Array, NULL)
#1 /home/isilgodevradar/public_html/wp-includes/class-wp-hook.php(310): recientesVistos('')
#2 /home/isilgodevradar/public_html/wp-includes/class-wp-hook.php(334): WP_Hook->apply_filters('', Array)
#3 /home/isilgodevradar/public_html/wp-includes/plugin.php(517): WP_Hook->do_action(Array)
#4 /home/isilgodevradar/public_html/wp-admin/admin-ajax.php(188): do_action('wp_ajax_recient...')
#5 {main}
  thrown en /home/isilgodevradar/public_html/wp-content/themes/isilgo/functions.php en la línea 1166

2023-10-06T14:50:47+00:00 CRITICAL Uncaught TypeError: array_diff(): Argument #2 must be of type array, null given in /home/isilgodevradar/public_html/wp-content/themes/isilgo/functions.php:1166
Stack trace:
#0 /home/isilgodevradar/public_html/wp-content/themes/isilgo/functions.php(1166): array_diff(Array, NULL)
#1 /home/isilgodevradar/public_html/wp-includes/class-wp-hook.php(310): recientesVistos('')
#2 /home/isilgodevradar/public_html/wp-includes/class-wp-hook.php(334): WP_Hook->apply_filters('', Array)
#3 /home/isilgodevradar/public_html/wp-includes/plugin.php(517): WP_Hook->do_action(Array)
#4 /home/isilgodevradar/public_html/wp-admin/admin-ajax.php(188): do_action('wp_ajax_recient...')
#5 {main}
  thrown en /home/isilgodevradar/public_html/wp-content/themes/isilgo/functions.php en la línea 1166

2023-10-06T15:01:03+00:00 CRITICAL Uncaught TypeError: array_diff(): Argument #2 must be of type array, null given in /home/isilgodevradar/public_html/wp-content/themes/isilgo/functions.php:1166
Stack trace:
#0 /home/isilgodevradar/public_html/wp-content/themes/isilgo/functions.php(1166): array_diff(Array, NULL)
#1 /home/isilgodevradar/public_html/wp-includes/class-wp-hook.php(310): recientesVistos('')
#2 /home/isilgodevradar/public_html/wp-includes/class-wp-hook.php(334): WP_Hook->apply_filters('', Array)
#3 /home/isilgodevradar/public_html/wp-includes/plugin.php(517): WP_Hook->do_action(Array)
#4 /home/isilgodevradar/public_html/wp-admin/admin-ajax.php(203): do_action('wp_ajax_nopriv_...')
#5 {main}
  thrown en /home/isilgodevradar/public_html/wp-content/themes/isilgo/functions.php en la línea 1166

2023-10-06T15:42:01+00:00 CRITICAL Uncaught TypeError: Cannot access offset of type string on string in /home/isilgodevradar/public_html/wp-content/plugins/woocommerce/src/Admin/API/Reports/PerformanceIndicators/Controller.php:134
Stack trace:
#0 /home/isilgodevradar/public_html/wp-content/plugins/woocommerce/src/Admin/API/Reports/PerformanceIndicators/Controller.php(255): Automattic\WooCommerce\Admin\API\Reports\PerformanceIndicators\Controller->get_analytics_report_data()
#1 /home/isilgodevradar/public_html/wp-content/plugins/woocommerce/src/Admin/API/Reports/PerformanceIndicators/Controller.php(631): Automattic\WooCommerce\Admin\API\Reports\PerformanceIndicators\Controller->get_indicator_data()
#2 /home/isilgodevradar/public_html/wp-content/plugins/woocommerce/includes/rest-api/Controllers/Version1/class-wc-rest-reports-v1-controller.php(48): Automattic\WooCommerce\Admin\API\Reports\PerformanceIndicators\Controller->get_collection_params()
#3 /home/isilgodevradar/public_html/wp-content/plugins/woocommerce/src/Admin/API/Reports/PerformanceIndicators/Controller.php(85): WC_REST_Reports_V1_Controller->register_routes()
#4 /home/isilgodevradar/public_html/wp-content/plugins/woocommerce/src/Admin/API/Init.php(147): Automattic\WooCommerce\Admin\API\Reports\PerformanceIndicators\Controller->register_routes()
#5 /home/isilgodevradar/public_html/wp-includes/class-wp-hook.php(310): Automattic\WooCommerce\Admin\API\Init->rest_api_init(Object(WP_REST_Server))
#6 /home/isilgodevradar/public_html/wp-includes/class-wp-hook.php(334): WP_Hook->apply_filters(NULL, Array)
#7 /home/isilgodevradar/public_html/wp-includes/plugin.php(517): WP_Hook->do_action(Array)
#8 /home/isilgodevradar/public_html/wp-includes/rest-api.php(587): do_action('rest_api_init', Object(WP_REST_Server))
#9 /home/isilgodevradar/public_html/wp-includes/rest-api.php(411): rest_get_server()
#10 /home/isilgodevradar/public_html/wp-includes/class-wp-hook.php(310): rest_api_loaded(Object(WP))
#11 /home/isilgodevradar/public_html/wp-includes/class-wp-hook.php(334): WP_Hook->apply_filters(NULL, Array)
#12 /home/isilgodevradar/public_html/wp-includes/plugin.php(565): WP_Hook->do_action(Array)
#13 /home/isilgodevradar/public_html/wp-includes/class-wp.php(398): do_action_ref_array('parse_request', Array)
#14 /home/isilgodevradar/public_html/wp-includes/class-wp.php(779): WP->parse_request('')
#15 /home/isilgodevradar/public_html/wp-includes/functions.php(1335): WP->main('')
#16 /home/isilgodevradar/public_html/wp-blog-header.php(16): wp()
#17 /home/isilgodevradar/public_html/index.php(17): require('/home/isilgodev...')
#18 {main}
  thrown en /home/isilgodevradar/public_html/wp-content/plugins/woocommerce/src/Admin/API/Reports/PerformanceIndicators/Controller.php en la línea 134

2023-10-06T16:12:10+00:00 CRITICAL Uncaught TypeError: array_diff(): Argument #2 must be of type array, null given in /home/isilgodevradar/public_html/wp-content/themes/isilgo/functions.php:1166
Stack trace:
#0 /home/isilgodevradar/public_html/wp-content/themes/isilgo/functions.php(1166): array_diff(Array, NULL)
#1 /home/isilgodevradar/public_html/wp-includes/class-wp-hook.php(310): recientesVistos('')
#2 /home/isilgodevradar/public_html/wp-includes/class-wp-hook.php(334): WP_Hook->apply_filters('', Array)
#3 /home/isilgodevradar/public_html/wp-includes/plugin.php(517): WP_Hook->do_action(Array)
#4 /home/isilgodevradar/public_html/wp-admin/admin-ajax.php(203): do_action('wp_ajax_nopriv_...')
#5 {main}
  thrown en /home/isilgodevradar/public_html/wp-content/themes/isilgo/functions.php en la línea 1166

2023-10-06T16:19:04+00:00 CRITICAL Uncaught TypeError: array_diff(): Argument #2 must be of type array, null given in /home/isilgodevradar/public_html/wp-content/themes/isilgo/functions.php:1166
Stack trace:
#0 /home/isilgodevradar/public_html/wp-content/themes/isilgo/functions.php(1166): array_diff(Array, NULL)
#1 /home/isilgodevradar/public_html/wp-includes/class-wp-hook.php(310): recientesVistos('')
#2 /home/isilgodevradar/public_html/wp-includes/class-wp-hook.php(334): WP_Hook->apply_filters('', Array)
#3 /home/isilgodevradar/public_html/wp-includes/plugin.php(517): WP_Hook->do_action(Array)
#4 /home/isilgodevradar/public_html/wp-admin/admin-ajax.php(203): do_action('wp_ajax_nopriv_...')
#5 {main}
  thrown en /home/isilgodevradar/public_html/wp-content/themes/isilgo/functions.php en la línea 1166

2023-10-06T16:37:15+00:00 CRITICAL Uncaught TypeError: Cannot access offset of type string on string in /home/isilgodevradar/public_html/wp-content/plugins/woocommerce/src/Admin/API/Reports/PerformanceIndicators/Controller.php:134
Stack trace:
#0 /home/isilgodevradar/public_html/wp-content/plugins/woocommerce/src/Admin/API/Reports/PerformanceIndicators/Controller.php(255): Automattic\WooCommerce\Admin\API\Reports\PerformanceIndicators\Controller->get_analytics_report_data()
#1 /home/isilgodevradar/public_html/wp-content/plugins/woocommerce/src/Admin/API/Reports/PerformanceIndicators/Controller.php(631): Automattic\WooCommerce\Admin\API\Reports\PerformanceIndicators\Controller->get_indicator_data()
#2 /home/isilgodevradar/public_html/wp-content/plugins/woocommerce/includes/rest-api/Controllers/Version1/class-wc-rest-reports-v1-controller.php(48): Automattic\WooCommerce\Admin\API\Reports\PerformanceIndicators\Controller->get_collection_params()
#3 /home/isilgodevradar/public_html/wp-content/plugins/woocommerce/src/Admin/API/Reports/PerformanceIndicators/Controller.php(85): WC_REST_Reports_V1_Controller->register_routes()
#4 /home/isilgodevradar/public_html/wp-content/plugins/woocommerce/src/Admin/API/Init.php(147): Automattic\WooCommerce\Admin\API\Reports\PerformanceIndicators\Controller->register_routes()
#5 /home/isilgodevradar/public_html/wp-includes/class-wp-hook.php(310): Automattic\WooCommerce\Admin\API\Init->rest_api_init(Object(WP_REST_Server))
#6 /home/isilgodevradar/public_html/wp-includes/class-wp-hook.php(334): WP_Hook->apply_filters(NULL, Array)
#7 /home/isilgodevradar/public_html/wp-includes/plugin.php(517): WP_Hook->do_action(Array)
#8 /home/isilgodevradar/public_html/wp-includes/rest-api.php(587): do_action('rest_api_init', Object(WP_REST_Server))
#9 /home/isilgodevradar/public_html/wp-includes/rest-api.php(411): rest_get_server()
#10 /home/isilgodevradar/public_html/wp-includes/class-wp-hook.php(310): rest_api_loaded(Object(WP))
#11 /home/isilgodevradar/public_html/wp-includes/class-wp-hook.php(334): WP_Hook->apply_filters(NULL, Array)
#12 /home/isilgodevradar/public_html/wp-includes/plugin.php(565): WP_Hook->do_action(Array)
#13 /home/isilgodevradar/public_html/wp-includes/class-wp.php(398): do_action_ref_array('parse_request', Array)
#14 /home/isilgodevradar/public_html/wp-includes/class-wp.php(779): WP->parse_request('')
#15 /home/isilgodevradar/public_html/wp-includes/functions.php(1335): WP->main('')
#16 /home/isilgodevradar/public_html/wp-blog-header.php(16): wp()
#17 /home/isilgodevradar/public_html/index.php(17): require('/home/isilgodev...')
#18 {main}
  thrown en /home/isilgodevradar/public_html/wp-content/plugins/woocommerce/src/Admin/API/Reports/PerformanceIndicators/Controller.php en la línea 134

2023-10-06T18:49:25+00:00 CRITICAL Uncaught TypeError: Cannot access offset of type string on string in /home/isilgodevradar/public_html/wp-content/plugins/woocommerce/src/Admin/API/Reports/PerformanceIndicators/Controller.php:134
Stack trace:
#0 /home/isilgodevradar/public_html/wp-content/plugins/woocommerce/src/Admin/API/Reports/PerformanceIndicators/Controller.php(255): Automattic\WooCommerce\Admin\API\Reports\PerformanceIndicators\Controller->get_analytics_report_data()
#1 /home/isilgodevradar/public_html/wp-content/plugins/woocommerce/src/Admin/API/Reports/PerformanceIndicators/Controller.php(631): Automattic\WooCommerce\Admin\API\Reports\PerformanceIndicators\Controller->get_indicator_data()
#2 /home/isilgodevradar/public_html/wp-content/plugins/woocommerce/includes/rest-api/Controllers/Version1/class-wc-rest-reports-v1-controller.php(48): Automattic\WooCommerce\Admin\API\Reports\PerformanceIndicators\Controller->get_collection_params()
#3 /home/isilgodevradar/public_html/wp-content/plugins/woocommerce/src/Admin/API/Reports/PerformanceIndicators/Controller.php(85): WC_REST_Reports_V1_Controller->register_routes()
#4 /home/isilgodevradar/public_html/wp-content/plugins/woocommerce/src/Admin/API/Init.php(147): Automattic\WooCommerce\Admin\API\Reports\PerformanceIndicators\Controller->register_routes()
#5 /home/isilgodevradar/public_html/wp-includes/class-wp-hook.php(310): Automattic\WooCommerce\Admin\API\Init->rest_api_init(Object(WP_REST_Server))
#6 /home/isilgodevradar/public_html/wp-includes/class-wp-hook.php(334): WP_Hook->apply_filters(NULL, Array)
#7 /home/isilgodevradar/public_html/wp-includes/plugin.php(517): WP_Hook->do_action(Array)
#8 /home/isilgodevradar/public_html/wp-includes/rest-api.php(587): do_action('rest_api_init', Object(WP_REST_Server))
#9 /home/isilgodevradar/public_html/wp-includes/rest-api.php(411): rest_get_server()
#10 /home/isilgodevradar/public_html/wp-includes/class-wp-hook.php(310): rest_api_loaded(Object(WP))
#11 /home/isilgodevradar/public_html/wp-includes/class-wp-hook.php(334): WP_Hook->apply_filters(NULL, Array)
#12 /home/isilgodevradar/public_html/wp-includes/plugin.php(565): WP_Hook->do_action(Array)
#13 /home/isilgodevradar/public_html/wp-includes/class-wp.php(398): do_action_ref_array('parse_request', Array)
#14 /home/isilgodevradar/public_html/wp-includes/class-wp.php(779): WP->parse_request('')
#15 /home/isilgodevradar/public_html/wp-includes/functions.php(1335): WP->main('')
#16 /home/isilgodevradar/public_html/wp-blog-header.php(16): wp()
#17 /home/isilgodevradar/public_html/index.php(17): require('/home/isilgodev...')
#18 {main}
  thrown en /home/isilgodevradar/public_html/wp-content/plugins/woocommerce/src/Admin/API/Reports/PerformanceIndicators/Controller.php en la línea 134

2023-10-06T19:15:35+00:00 CRITICAL Uncaught TypeError: array_diff(): Argument #2 must be of type array, null given in /home/isilgodevradar/public_html/wp-content/themes/isilgo/functions.php:1167
Stack trace:
#0 /home/isilgodevradar/public_html/wp-content/themes/isilgo/functions.php(1167): array_diff(Array, NULL)
#1 /home/isilgodevradar/public_html/wp-includes/class-wp-hook.php(310): recientesVistos('')
#2 /home/isilgodevradar/public_html/wp-includes/class-wp-hook.php(334): WP_Hook->apply_filters('', Array)
#3 /home/isilgodevradar/public_html/wp-includes/plugin.php(517): WP_Hook->do_action(Array)
#4 /home/isilgodevradar/public_html/wp-admin/admin-ajax.php(203): do_action('wp_ajax_nopriv_...')
#5 {main}
  thrown en /home/isilgodevradar/public_html/wp-content/themes/isilgo/functions.php en la línea 1167

2023-10-06T19:39:09+00:00 CRITICAL Uncaught TypeError: array_diff(): Argument #2 must be of type array, null given in /home/isilgodevradar/public_html/wp-content/themes/isilgo/functions.php:1167
Stack trace:
#0 /home/isilgodevradar/public_html/wp-content/themes/isilgo/functions.php(1167): array_diff(Array, NULL)
#1 /home/isilgodevradar/public_html/wp-includes/class-wp-hook.php(310): recientesVistos('')
#2 /home/isilgodevradar/public_html/wp-includes/class-wp-hook.php(334): WP_Hook->apply_filters('', Array)
#3 /home/isilgodevradar/public_html/wp-includes/plugin.php(517): WP_Hook->do_action(Array)
#4 /home/isilgodevradar/public_html/wp-admin/admin-ajax.php(203): do_action('wp_ajax_nopriv_...')
#5 {main}
  thrown en /home/isilgodevradar/public_html/wp-content/themes/isilgo/functions.php en la línea 1167

2023-10-06T19:39:30+00:00 CRITICAL Uncaught TypeError: array_diff(): Argument #2 must be of type array, null given in /home/isilgodevradar/public_html/wp-content/themes/isilgo/functions.php:1167
Stack trace:
#0 /home/isilgodevradar/public_html/wp-content/themes/isilgo/functions.php(1167): array_diff(Array, NULL)
#1 /home/isilgodevradar/public_html/wp-includes/class-wp-hook.php(310): recientesVistos('')
#2 /home/isilgodevradar/public_html/wp-includes/class-wp-hook.php(334): WP_Hook->apply_filters('', Array)
#3 /home/isilgodevradar/public_html/wp-includes/plugin.php(517): WP_Hook->do_action(Array)
#4 /home/isilgodevradar/public_html/wp-admin/admin-ajax.php(203): do_action('wp_ajax_nopriv_...')
#5 {main}
  thrown en /home/isilgodevradar/public_html/wp-content/themes/isilgo/functions.php en la línea 1167

