2023-10-23T05:37:17+00:00 CRITICAL Uncaught TypeError: array_diff(): Argument #1 ($array) must be of type array, null given in /usr/share/nginx/stage.isilgo.com/wp-content/themes/isilgo/functions.php:1193
Stack trace:
#0 /usr/share/nginx/stage.isilgo.com/wp-content/themes/isilgo/functions.php(1193): array_diff()
#1 /usr/share/nginx/stage.isilgo.com/wp-includes/class-wp-hook.php(310): recientesVistos()
#2 /usr/share/nginx/stage.isilgo.com/wp-includes/class-wp-hook.php(334): WP_Hook->apply_filters()
#3 /usr/share/nginx/stage.isilgo.com/wp-includes/plugin.php(517): WP_Hook->do_action()
#4 /usr/share/nginx/stage.isilgo.com/wp-admin/admin-ajax.php(188): do_action()
#5 {main}
  thrown en /usr/share/nginx/stage.isilgo.com/wp-content/themes/isilgo/functions.php en la línea 1193

2023-10-23T05:39:09+00:00 CRITICAL Uncaught TypeError: array_diff(): Argument #1 ($array) must be of type array, null given in /usr/share/nginx/stage.isilgo.com/wp-content/themes/isilgo/functions.php:1193
Stack trace:
#0 /usr/share/nginx/stage.isilgo.com/wp-content/themes/isilgo/functions.php(1193): array_diff()
#1 /usr/share/nginx/stage.isilgo.com/wp-includes/class-wp-hook.php(310): recientesVistos()
#2 /usr/share/nginx/stage.isilgo.com/wp-includes/class-wp-hook.php(334): WP_Hook->apply_filters()
#3 /usr/share/nginx/stage.isilgo.com/wp-includes/plugin.php(517): WP_Hook->do_action()
#4 /usr/share/nginx/stage.isilgo.com/wp-admin/admin-ajax.php(188): do_action()
#5 {main}
  thrown en /usr/share/nginx/stage.isilgo.com/wp-content/themes/isilgo/functions.php en la línea 1193

2023-10-23T05:39:14+00:00 CRITICAL Uncaught TypeError: array_diff(): Argument #1 ($array) must be of type array, null given in /usr/share/nginx/stage.isilgo.com/wp-content/themes/isilgo/functions.php:1193
Stack trace:
#0 /usr/share/nginx/stage.isilgo.com/wp-content/themes/isilgo/functions.php(1193): array_diff()
#1 /usr/share/nginx/stage.isilgo.com/wp-includes/class-wp-hook.php(310): recientesVistos()
#2 /usr/share/nginx/stage.isilgo.com/wp-includes/class-wp-hook.php(334): WP_Hook->apply_filters()
#3 /usr/share/nginx/stage.isilgo.com/wp-includes/plugin.php(517): WP_Hook->do_action()
#4 /usr/share/nginx/stage.isilgo.com/wp-admin/admin-ajax.php(188): do_action()
#5 {main}
  thrown en /usr/share/nginx/stage.isilgo.com/wp-content/themes/isilgo/functions.php en la línea 1193

2023-10-23T05:39:37+00:00 CRITICAL Uncaught TypeError: array_diff(): Argument #1 ($array) must be of type array, null given in /usr/share/nginx/stage.isilgo.com/wp-content/themes/isilgo/functions.php:1193
Stack trace:
#0 /usr/share/nginx/stage.isilgo.com/wp-content/themes/isilgo/functions.php(1193): array_diff()
#1 /usr/share/nginx/stage.isilgo.com/wp-includes/class-wp-hook.php(310): recientesVistos()
#2 /usr/share/nginx/stage.isilgo.com/wp-includes/class-wp-hook.php(334): WP_Hook->apply_filters()
#3 /usr/share/nginx/stage.isilgo.com/wp-includes/plugin.php(517): WP_Hook->do_action()
#4 /usr/share/nginx/stage.isilgo.com/wp-admin/admin-ajax.php(188): do_action()
#5 {main}
  thrown en /usr/share/nginx/stage.isilgo.com/wp-content/themes/isilgo/functions.php en la línea 1193

2023-10-23T05:39:41+00:00 CRITICAL Uncaught TypeError: array_diff(): Argument #1 ($array) must be of type array, null given in /usr/share/nginx/stage.isilgo.com/wp-content/themes/isilgo/functions.php:1193
Stack trace:
#0 /usr/share/nginx/stage.isilgo.com/wp-content/themes/isilgo/functions.php(1193): array_diff()
#1 /usr/share/nginx/stage.isilgo.com/wp-includes/class-wp-hook.php(310): recientesVistos()
#2 /usr/share/nginx/stage.isilgo.com/wp-includes/class-wp-hook.php(334): WP_Hook->apply_filters()
#3 /usr/share/nginx/stage.isilgo.com/wp-includes/plugin.php(517): WP_Hook->do_action()
#4 /usr/share/nginx/stage.isilgo.com/wp-admin/admin-ajax.php(188): do_action()
#5 {main}
  thrown en /usr/share/nginx/stage.isilgo.com/wp-content/themes/isilgo/functions.php en la línea 1193

2023-10-23T05:39:47+00:00 CRITICAL Uncaught TypeError: array_diff(): Argument #1 ($array) must be of type array, null given in /usr/share/nginx/stage.isilgo.com/wp-content/themes/isilgo/functions.php:1193
Stack trace:
#0 /usr/share/nginx/stage.isilgo.com/wp-content/themes/isilgo/functions.php(1193): array_diff()
#1 /usr/share/nginx/stage.isilgo.com/wp-includes/class-wp-hook.php(310): recientesVistos()
#2 /usr/share/nginx/stage.isilgo.com/wp-includes/class-wp-hook.php(334): WP_Hook->apply_filters()
#3 /usr/share/nginx/stage.isilgo.com/wp-includes/plugin.php(517): WP_Hook->do_action()
#4 /usr/share/nginx/stage.isilgo.com/wp-admin/admin-ajax.php(188): do_action()
#5 {main}
  thrown en /usr/share/nginx/stage.isilgo.com/wp-content/themes/isilgo/functions.php en la línea 1193

2023-10-23T05:39:59+00:00 CRITICAL Uncaught TypeError: array_diff(): Argument #1 ($array) must be of type array, null given in /usr/share/nginx/stage.isilgo.com/wp-content/themes/isilgo/functions.php:1193
Stack trace:
#0 /usr/share/nginx/stage.isilgo.com/wp-content/themes/isilgo/functions.php(1193): array_diff()
#1 /usr/share/nginx/stage.isilgo.com/wp-includes/class-wp-hook.php(310): recientesVistos()
#2 /usr/share/nginx/stage.isilgo.com/wp-includes/class-wp-hook.php(334): WP_Hook->apply_filters()
#3 /usr/share/nginx/stage.isilgo.com/wp-includes/plugin.php(517): WP_Hook->do_action()
#4 /usr/share/nginx/stage.isilgo.com/wp-admin/admin-ajax.php(188): do_action()
#5 {main}
  thrown en /usr/share/nginx/stage.isilgo.com/wp-content/themes/isilgo/functions.php en la línea 1193

2023-10-23T05:40:05+00:00 CRITICAL Uncaught TypeError: array_diff(): Argument #1 ($array) must be of type array, null given in /usr/share/nginx/stage.isilgo.com/wp-content/themes/isilgo/functions.php:1193
Stack trace:
#0 /usr/share/nginx/stage.isilgo.com/wp-content/themes/isilgo/functions.php(1193): array_diff()
#1 /usr/share/nginx/stage.isilgo.com/wp-includes/class-wp-hook.php(310): recientesVistos()
#2 /usr/share/nginx/stage.isilgo.com/wp-includes/class-wp-hook.php(334): WP_Hook->apply_filters()
#3 /usr/share/nginx/stage.isilgo.com/wp-includes/plugin.php(517): WP_Hook->do_action()
#4 /usr/share/nginx/stage.isilgo.com/wp-admin/admin-ajax.php(188): do_action()
#5 {main}
  thrown en /usr/share/nginx/stage.isilgo.com/wp-content/themes/isilgo/functions.php en la línea 1193

2023-10-23T05:40:34+00:00 CRITICAL Uncaught TypeError: array_diff(): Argument #1 ($array) must be of type array, null given in /usr/share/nginx/stage.isilgo.com/wp-content/themes/isilgo/functions.php:1193
Stack trace:
#0 /usr/share/nginx/stage.isilgo.com/wp-content/themes/isilgo/functions.php(1193): array_diff()
#1 /usr/share/nginx/stage.isilgo.com/wp-includes/class-wp-hook.php(310): recientesVistos()
#2 /usr/share/nginx/stage.isilgo.com/wp-includes/class-wp-hook.php(334): WP_Hook->apply_filters()
#3 /usr/share/nginx/stage.isilgo.com/wp-includes/plugin.php(517): WP_Hook->do_action()
#4 /usr/share/nginx/stage.isilgo.com/wp-admin/admin-ajax.php(188): do_action()
#5 {main}
  thrown en /usr/share/nginx/stage.isilgo.com/wp-content/themes/isilgo/functions.php en la línea 1193

2023-10-23T05:40:47+00:00 CRITICAL Uncaught TypeError: array_diff(): Argument #1 ($array) must be of type array, null given in /usr/share/nginx/stage.isilgo.com/wp-content/themes/isilgo/functions.php:1193
Stack trace:
#0 /usr/share/nginx/stage.isilgo.com/wp-content/themes/isilgo/functions.php(1193): array_diff()
#1 /usr/share/nginx/stage.isilgo.com/wp-includes/class-wp-hook.php(310): recientesVistos()
#2 /usr/share/nginx/stage.isilgo.com/wp-includes/class-wp-hook.php(334): WP_Hook->apply_filters()
#3 /usr/share/nginx/stage.isilgo.com/wp-includes/plugin.php(517): WP_Hook->do_action()
#4 /usr/share/nginx/stage.isilgo.com/wp-admin/admin-ajax.php(188): do_action()
#5 {main}
  thrown en /usr/share/nginx/stage.isilgo.com/wp-content/themes/isilgo/functions.php en la línea 1193

2023-10-23T05:40:53+00:00 CRITICAL Uncaught TypeError: array_diff(): Argument #1 ($array) must be of type array, null given in /usr/share/nginx/stage.isilgo.com/wp-content/themes/isilgo/functions.php:1193
Stack trace:
#0 /usr/share/nginx/stage.isilgo.com/wp-content/themes/isilgo/functions.php(1193): array_diff()
#1 /usr/share/nginx/stage.isilgo.com/wp-includes/class-wp-hook.php(310): recientesVistos()
#2 /usr/share/nginx/stage.isilgo.com/wp-includes/class-wp-hook.php(334): WP_Hook->apply_filters()
#3 /usr/share/nginx/stage.isilgo.com/wp-includes/plugin.php(517): WP_Hook->do_action()
#4 /usr/share/nginx/stage.isilgo.com/wp-admin/admin-ajax.php(188): do_action()
#5 {main}
  thrown en /usr/share/nginx/stage.isilgo.com/wp-content/themes/isilgo/functions.php en la línea 1193

2023-10-23T05:42:08+00:00 CRITICAL Uncaught TypeError: array_diff(): Argument #1 ($array) must be of type array, null given in /usr/share/nginx/stage.isilgo.com/wp-content/themes/isilgo/functions.php:1193
Stack trace:
#0 /usr/share/nginx/stage.isilgo.com/wp-content/themes/isilgo/functions.php(1193): array_diff()
#1 /usr/share/nginx/stage.isilgo.com/wp-includes/class-wp-hook.php(310): recientesVistos()
#2 /usr/share/nginx/stage.isilgo.com/wp-includes/class-wp-hook.php(334): WP_Hook->apply_filters()
#3 /usr/share/nginx/stage.isilgo.com/wp-includes/plugin.php(517): WP_Hook->do_action()
#4 /usr/share/nginx/stage.isilgo.com/wp-admin/admin-ajax.php(188): do_action()
#5 {main}
  thrown en /usr/share/nginx/stage.isilgo.com/wp-content/themes/isilgo/functions.php en la línea 1193

2023-10-23T05:42:54+00:00 CRITICAL Uncaught TypeError: array_diff(): Argument #1 ($array) must be of type array, null given in /usr/share/nginx/stage.isilgo.com/wp-content/themes/isilgo/functions.php:1193
Stack trace:
#0 /usr/share/nginx/stage.isilgo.com/wp-content/themes/isilgo/functions.php(1193): array_diff()
#1 /usr/share/nginx/stage.isilgo.com/wp-includes/class-wp-hook.php(310): recientesVistos()
#2 /usr/share/nginx/stage.isilgo.com/wp-includes/class-wp-hook.php(334): WP_Hook->apply_filters()
#3 /usr/share/nginx/stage.isilgo.com/wp-includes/plugin.php(517): WP_Hook->do_action()
#4 /usr/share/nginx/stage.isilgo.com/wp-admin/admin-ajax.php(188): do_action()
#5 {main}
  thrown en /usr/share/nginx/stage.isilgo.com/wp-content/themes/isilgo/functions.php en la línea 1193

2023-10-23T15:35:41+00:00 CRITICAL Uncaught TypeError: array_diff(): Argument #1 ($array) must be of type array, null given in /usr/share/nginx/stage.isilgo.com/wp-content/themes/isilgo/functions.php:1193
Stack trace:
#0 /usr/share/nginx/stage.isilgo.com/wp-content/themes/isilgo/functions.php(1193): array_diff()
#1 /usr/share/nginx/stage.isilgo.com/wp-includes/class-wp-hook.php(310): recientesVistos()
#2 /usr/share/nginx/stage.isilgo.com/wp-includes/class-wp-hook.php(334): WP_Hook->apply_filters()
#3 /usr/share/nginx/stage.isilgo.com/wp-includes/plugin.php(517): WP_Hook->do_action()
#4 /usr/share/nginx/stage.isilgo.com/wp-admin/admin-ajax.php(203): do_action()
#5 {main}
  thrown en /usr/share/nginx/stage.isilgo.com/wp-content/themes/isilgo/functions.php en la línea 1193

2023-10-23T15:36:32+00:00 CRITICAL Uncaught TypeError: array_diff(): Argument #1 ($array) must be of type array, null given in /usr/share/nginx/stage.isilgo.com/wp-content/themes/isilgo/functions.php:1193
Stack trace:
#0 /usr/share/nginx/stage.isilgo.com/wp-content/themes/isilgo/functions.php(1193): array_diff()
#1 /usr/share/nginx/stage.isilgo.com/wp-includes/class-wp-hook.php(310): recientesVistos()
#2 /usr/share/nginx/stage.isilgo.com/wp-includes/class-wp-hook.php(334): WP_Hook->apply_filters()
#3 /usr/share/nginx/stage.isilgo.com/wp-includes/plugin.php(517): WP_Hook->do_action()
#4 /usr/share/nginx/stage.isilgo.com/wp-admin/admin-ajax.php(203): do_action()
#5 {main}
  thrown en /usr/share/nginx/stage.isilgo.com/wp-content/themes/isilgo/functions.php en la línea 1193

2023-10-23T15:39:15+00:00 CRITICAL Uncaught TypeError: array_diff(): Argument #1 ($array) must be of type array, null given in /usr/share/nginx/stage.isilgo.com/wp-content/themes/isilgo/functions.php:1193
Stack trace:
#0 /usr/share/nginx/stage.isilgo.com/wp-content/themes/isilgo/functions.php(1193): array_diff()
#1 /usr/share/nginx/stage.isilgo.com/wp-includes/class-wp-hook.php(310): recientesVistos()
#2 /usr/share/nginx/stage.isilgo.com/wp-includes/class-wp-hook.php(334): WP_Hook->apply_filters()
#3 /usr/share/nginx/stage.isilgo.com/wp-includes/plugin.php(517): WP_Hook->do_action()
#4 /usr/share/nginx/stage.isilgo.com/wp-admin/admin-ajax.php(203): do_action()
#5 {main}
  thrown en /usr/share/nginx/stage.isilgo.com/wp-content/themes/isilgo/functions.php en la línea 1193

2023-10-23T15:47:13+00:00 CRITICAL Uncaught TypeError: array_diff(): Argument #1 ($array) must be of type array, null given in /usr/share/nginx/stage.isilgo.com/wp-content/themes/isilgo/functions.php:1193
Stack trace:
#0 /usr/share/nginx/stage.isilgo.com/wp-content/themes/isilgo/functions.php(1193): array_diff()
#1 /usr/share/nginx/stage.isilgo.com/wp-includes/class-wp-hook.php(310): recientesVistos()
#2 /usr/share/nginx/stage.isilgo.com/wp-includes/class-wp-hook.php(334): WP_Hook->apply_filters()
#3 /usr/share/nginx/stage.isilgo.com/wp-includes/plugin.php(517): WP_Hook->do_action()
#4 /usr/share/nginx/stage.isilgo.com/wp-admin/admin-ajax.php(203): do_action()
#5 {main}
  thrown en /usr/share/nginx/stage.isilgo.com/wp-content/themes/isilgo/functions.php en la línea 1193

2023-10-23T15:49:42+00:00 CRITICAL Uncaught TypeError: array_diff(): Argument #1 ($array) must be of type array, null given in /usr/share/nginx/stage.isilgo.com/wp-content/themes/isilgo/functions.php:1193
Stack trace:
#0 /usr/share/nginx/stage.isilgo.com/wp-content/themes/isilgo/functions.php(1193): array_diff()
#1 /usr/share/nginx/stage.isilgo.com/wp-includes/class-wp-hook.php(310): recientesVistos()
#2 /usr/share/nginx/stage.isilgo.com/wp-includes/class-wp-hook.php(334): WP_Hook->apply_filters()
#3 /usr/share/nginx/stage.isilgo.com/wp-includes/plugin.php(517): WP_Hook->do_action()
#4 /usr/share/nginx/stage.isilgo.com/wp-admin/admin-ajax.php(188): do_action()
#5 {main}
  thrown en /usr/share/nginx/stage.isilgo.com/wp-content/themes/isilgo/functions.php en la línea 1193

2023-10-23T15:50:00+00:00 CRITICAL Uncaught TypeError: array_diff(): Argument #1 ($array) must be of type array, null given in /usr/share/nginx/stage.isilgo.com/wp-content/themes/isilgo/functions.php:1193
Stack trace:
#0 /usr/share/nginx/stage.isilgo.com/wp-content/themes/isilgo/functions.php(1193): array_diff()
#1 /usr/share/nginx/stage.isilgo.com/wp-includes/class-wp-hook.php(310): recientesVistos()
#2 /usr/share/nginx/stage.isilgo.com/wp-includes/class-wp-hook.php(334): WP_Hook->apply_filters()
#3 /usr/share/nginx/stage.isilgo.com/wp-includes/plugin.php(517): WP_Hook->do_action()
#4 /usr/share/nginx/stage.isilgo.com/wp-admin/admin-ajax.php(188): do_action()
#5 {main}
  thrown en /usr/share/nginx/stage.isilgo.com/wp-content/themes/isilgo/functions.php en la línea 1193

2023-10-23T15:50:27+00:00 CRITICAL Uncaught TypeError: array_diff(): Argument #1 ($array) must be of type array, null given in /usr/share/nginx/stage.isilgo.com/wp-content/themes/isilgo/functions.php:1193
Stack trace:
#0 /usr/share/nginx/stage.isilgo.com/wp-content/themes/isilgo/functions.php(1193): array_diff()
#1 /usr/share/nginx/stage.isilgo.com/wp-includes/class-wp-hook.php(310): recientesVistos()
#2 /usr/share/nginx/stage.isilgo.com/wp-includes/class-wp-hook.php(334): WP_Hook->apply_filters()
#3 /usr/share/nginx/stage.isilgo.com/wp-includes/plugin.php(517): WP_Hook->do_action()
#4 /usr/share/nginx/stage.isilgo.com/wp-admin/admin-ajax.php(188): do_action()
#5 {main}
  thrown en /usr/share/nginx/stage.isilgo.com/wp-content/themes/isilgo/functions.php en la línea 1193

2023-10-23T15:50:32+00:00 CRITICAL Uncaught TypeError: array_diff(): Argument #1 ($array) must be of type array, null given in /usr/share/nginx/stage.isilgo.com/wp-content/themes/isilgo/functions.php:1193
Stack trace:
#0 /usr/share/nginx/stage.isilgo.com/wp-content/themes/isilgo/functions.php(1193): array_diff()
#1 /usr/share/nginx/stage.isilgo.com/wp-includes/class-wp-hook.php(310): recientesVistos()
#2 /usr/share/nginx/stage.isilgo.com/wp-includes/class-wp-hook.php(334): WP_Hook->apply_filters()
#3 /usr/share/nginx/stage.isilgo.com/wp-includes/plugin.php(517): WP_Hook->do_action()
#4 /usr/share/nginx/stage.isilgo.com/wp-admin/admin-ajax.php(188): do_action()
#5 {main}
  thrown en /usr/share/nginx/stage.isilgo.com/wp-content/themes/isilgo/functions.php en la línea 1193

2023-10-23T15:52:13+00:00 CRITICAL Uncaught TypeError: array_diff(): Argument #1 ($array) must be of type array, null given in /usr/share/nginx/stage.isilgo.com/wp-content/themes/isilgo/functions.php:1193
Stack trace:
#0 /usr/share/nginx/stage.isilgo.com/wp-content/themes/isilgo/functions.php(1193): array_diff()
#1 /usr/share/nginx/stage.isilgo.com/wp-includes/class-wp-hook.php(310): recientesVistos()
#2 /usr/share/nginx/stage.isilgo.com/wp-includes/class-wp-hook.php(334): WP_Hook->apply_filters()
#3 /usr/share/nginx/stage.isilgo.com/wp-includes/plugin.php(517): WP_Hook->do_action()
#4 /usr/share/nginx/stage.isilgo.com/wp-admin/admin-ajax.php(188): do_action()
#5 {main}
  thrown en /usr/share/nginx/stage.isilgo.com/wp-content/themes/isilgo/functions.php en la línea 1193

2023-10-23T15:52:36+00:00 CRITICAL Uncaught TypeError: array_diff(): Argument #1 ($array) must be of type array, null given in /usr/share/nginx/stage.isilgo.com/wp-content/themes/isilgo/functions.php:1193
Stack trace:
#0 /usr/share/nginx/stage.isilgo.com/wp-content/themes/isilgo/functions.php(1193): array_diff()
#1 /usr/share/nginx/stage.isilgo.com/wp-includes/class-wp-hook.php(310): recientesVistos()
#2 /usr/share/nginx/stage.isilgo.com/wp-includes/class-wp-hook.php(334): WP_Hook->apply_filters()
#3 /usr/share/nginx/stage.isilgo.com/wp-includes/plugin.php(517): WP_Hook->do_action()
#4 /usr/share/nginx/stage.isilgo.com/wp-admin/admin-ajax.php(188): do_action()
#5 {main}
  thrown en /usr/share/nginx/stage.isilgo.com/wp-content/themes/isilgo/functions.php en la línea 1193

2023-10-23T15:52:50+00:00 CRITICAL Uncaught TypeError: array_diff(): Argument #1 ($array) must be of type array, null given in /usr/share/nginx/stage.isilgo.com/wp-content/themes/isilgo/functions.php:1193
Stack trace:
#0 /usr/share/nginx/stage.isilgo.com/wp-content/themes/isilgo/functions.php(1193): array_diff()
#1 /usr/share/nginx/stage.isilgo.com/wp-includes/class-wp-hook.php(310): recientesVistos()
#2 /usr/share/nginx/stage.isilgo.com/wp-includes/class-wp-hook.php(334): WP_Hook->apply_filters()
#3 /usr/share/nginx/stage.isilgo.com/wp-includes/plugin.php(517): WP_Hook->do_action()
#4 /usr/share/nginx/stage.isilgo.com/wp-admin/admin-ajax.php(188): do_action()
#5 {main}
  thrown en /usr/share/nginx/stage.isilgo.com/wp-content/themes/isilgo/functions.php en la línea 1193

2023-10-23T16:03:15+00:00 CRITICAL Uncaught TypeError: array_diff(): Argument #1 ($array) must be of type array, null given in /usr/share/nginx/stage.isilgo.com/wp-content/themes/isilgo/functions.php:1193
Stack trace:
#0 /usr/share/nginx/stage.isilgo.com/wp-content/themes/isilgo/functions.php(1193): array_diff()
#1 /usr/share/nginx/stage.isilgo.com/wp-includes/class-wp-hook.php(310): recientesVistos()
#2 /usr/share/nginx/stage.isilgo.com/wp-includes/class-wp-hook.php(334): WP_Hook->apply_filters()
#3 /usr/share/nginx/stage.isilgo.com/wp-includes/plugin.php(517): WP_Hook->do_action()
#4 /usr/share/nginx/stage.isilgo.com/wp-admin/admin-ajax.php(203): do_action()
#5 {main}
  thrown en /usr/share/nginx/stage.isilgo.com/wp-content/themes/isilgo/functions.php en la línea 1193

2023-10-23T16:26:40+00:00 CRITICAL Uncaught TypeError: array_diff(): Argument #1 ($array) must be of type array, null given in /usr/share/nginx/stage.isilgo.com/wp-content/themes/isilgo/functions.php:1193
Stack trace:
#0 /usr/share/nginx/stage.isilgo.com/wp-content/themes/isilgo/functions.php(1193): array_diff()
#1 /usr/share/nginx/stage.isilgo.com/wp-includes/class-wp-hook.php(310): recientesVistos()
#2 /usr/share/nginx/stage.isilgo.com/wp-includes/class-wp-hook.php(334): WP_Hook->apply_filters()
#3 /usr/share/nginx/stage.isilgo.com/wp-includes/plugin.php(517): WP_Hook->do_action()
#4 /usr/share/nginx/stage.isilgo.com/wp-admin/admin-ajax.php(203): do_action()
#5 {main}
  thrown en /usr/share/nginx/stage.isilgo.com/wp-content/themes/isilgo/functions.php en la línea 1193

2023-10-23T16:29:04+00:00 CRITICAL Uncaught TypeError: array_diff(): Argument #1 ($array) must be of type array, null given in /usr/share/nginx/stage.isilgo.com/wp-content/themes/isilgo/functions.php:1193
Stack trace:
#0 /usr/share/nginx/stage.isilgo.com/wp-content/themes/isilgo/functions.php(1193): array_diff()
#1 /usr/share/nginx/stage.isilgo.com/wp-includes/class-wp-hook.php(310): recientesVistos()
#2 /usr/share/nginx/stage.isilgo.com/wp-includes/class-wp-hook.php(334): WP_Hook->apply_filters()
#3 /usr/share/nginx/stage.isilgo.com/wp-includes/plugin.php(517): WP_Hook->do_action()
#4 /usr/share/nginx/stage.isilgo.com/wp-admin/admin-ajax.php(203): do_action()
#5 {main}
  thrown en /usr/share/nginx/stage.isilgo.com/wp-content/themes/isilgo/functions.php en la línea 1193

2023-10-23T16:29:25+00:00 CRITICAL Uncaught TypeError: array_diff(): Argument #1 ($array) must be of type array, null given in /usr/share/nginx/stage.isilgo.com/wp-content/themes/isilgo/functions.php:1193
Stack trace:
#0 /usr/share/nginx/stage.isilgo.com/wp-content/themes/isilgo/functions.php(1193): array_diff()
#1 /usr/share/nginx/stage.isilgo.com/wp-includes/class-wp-hook.php(310): recientesVistos()
#2 /usr/share/nginx/stage.isilgo.com/wp-includes/class-wp-hook.php(334): WP_Hook->apply_filters()
#3 /usr/share/nginx/stage.isilgo.com/wp-includes/plugin.php(517): WP_Hook->do_action()
#4 /usr/share/nginx/stage.isilgo.com/wp-admin/admin-ajax.php(203): do_action()
#5 {main}
  thrown en /usr/share/nginx/stage.isilgo.com/wp-content/themes/isilgo/functions.php en la línea 1193

2023-10-23T16:35:00+00:00 CRITICAL Uncaught TypeError: array_diff(): Argument #1 ($array) must be of type array, null given in /usr/share/nginx/stage.isilgo.com/wp-content/themes/isilgo/functions.php:1193
Stack trace:
#0 /usr/share/nginx/stage.isilgo.com/wp-content/themes/isilgo/functions.php(1193): array_diff()
#1 /usr/share/nginx/stage.isilgo.com/wp-includes/class-wp-hook.php(310): recientesVistos()
#2 /usr/share/nginx/stage.isilgo.com/wp-includes/class-wp-hook.php(334): WP_Hook->apply_filters()
#3 /usr/share/nginx/stage.isilgo.com/wp-includes/plugin.php(517): WP_Hook->do_action()
#4 /usr/share/nginx/stage.isilgo.com/wp-admin/admin-ajax.php(203): do_action()
#5 {main}
  thrown en /usr/share/nginx/stage.isilgo.com/wp-content/themes/isilgo/functions.php en la línea 1193

2023-10-23T16:35:08+00:00 CRITICAL Uncaught TypeError: array_diff(): Argument #1 ($array) must be of type array, null given in /usr/share/nginx/stage.isilgo.com/wp-content/themes/isilgo/functions.php:1193
Stack trace:
#0 /usr/share/nginx/stage.isilgo.com/wp-content/themes/isilgo/functions.php(1193): array_diff()
#1 /usr/share/nginx/stage.isilgo.com/wp-includes/class-wp-hook.php(310): recientesVistos()
#2 /usr/share/nginx/stage.isilgo.com/wp-includes/class-wp-hook.php(334): WP_Hook->apply_filters()
#3 /usr/share/nginx/stage.isilgo.com/wp-includes/plugin.php(517): WP_Hook->do_action()
#4 /usr/share/nginx/stage.isilgo.com/wp-admin/admin-ajax.php(203): do_action()
#5 {main}
  thrown en /usr/share/nginx/stage.isilgo.com/wp-content/themes/isilgo/functions.php en la línea 1193

2023-10-23T16:35:16+00:00 CRITICAL Uncaught TypeError: array_diff(): Argument #1 ($array) must be of type array, null given in /usr/share/nginx/stage.isilgo.com/wp-content/themes/isilgo/functions.php:1193
Stack trace:
#0 /usr/share/nginx/stage.isilgo.com/wp-content/themes/isilgo/functions.php(1193): array_diff()
#1 /usr/share/nginx/stage.isilgo.com/wp-includes/class-wp-hook.php(310): recientesVistos()
#2 /usr/share/nginx/stage.isilgo.com/wp-includes/class-wp-hook.php(334): WP_Hook->apply_filters()
#3 /usr/share/nginx/stage.isilgo.com/wp-includes/plugin.php(517): WP_Hook->do_action()
#4 /usr/share/nginx/stage.isilgo.com/wp-admin/admin-ajax.php(203): do_action()
#5 {main}
  thrown en /usr/share/nginx/stage.isilgo.com/wp-content/themes/isilgo/functions.php en la línea 1193

2023-10-23T16:43:52+00:00 CRITICAL Uncaught TypeError: array_diff(): Argument #1 ($array) must be of type array, null given in /usr/share/nginx/stage.isilgo.com/wp-content/themes/isilgo/functions.php:1193
Stack trace:
#0 /usr/share/nginx/stage.isilgo.com/wp-content/themes/isilgo/functions.php(1193): array_diff()
#1 /usr/share/nginx/stage.isilgo.com/wp-includes/class-wp-hook.php(310): recientesVistos()
#2 /usr/share/nginx/stage.isilgo.com/wp-includes/class-wp-hook.php(334): WP_Hook->apply_filters()
#3 /usr/share/nginx/stage.isilgo.com/wp-includes/plugin.php(517): WP_Hook->do_action()
#4 /usr/share/nginx/stage.isilgo.com/wp-admin/admin-ajax.php(203): do_action()
#5 {main}
  thrown en /usr/share/nginx/stage.isilgo.com/wp-content/themes/isilgo/functions.php en la línea 1193

2023-10-23T16:47:59+00:00 CRITICAL Uncaught TypeError: array_diff(): Argument #1 ($array) must be of type array, null given in /usr/share/nginx/stage.isilgo.com/wp-content/themes/isilgo/functions.php:1193
Stack trace:
#0 /usr/share/nginx/stage.isilgo.com/wp-content/themes/isilgo/functions.php(1193): array_diff()
#1 /usr/share/nginx/stage.isilgo.com/wp-includes/class-wp-hook.php(310): recientesVistos()
#2 /usr/share/nginx/stage.isilgo.com/wp-includes/class-wp-hook.php(334): WP_Hook->apply_filters()
#3 /usr/share/nginx/stage.isilgo.com/wp-includes/plugin.php(517): WP_Hook->do_action()
#4 /usr/share/nginx/stage.isilgo.com/wp-admin/admin-ajax.php(203): do_action()
#5 {main}
  thrown en /usr/share/nginx/stage.isilgo.com/wp-content/themes/isilgo/functions.php en la línea 1193

2023-10-23T17:23:38+00:00 CRITICAL Uncaught Error: Call to a member function get_meta() on bool in /usr/share/nginx/stage.isilgo.com/wp-content/plugins/woo-multi-currency/admin/analytics.php:95
Stack trace:
#0 /usr/share/nginx/stage.isilgo.com/wp-content/plugins/woo-multi-currency/admin/analytics.php(166): WOOMULTI_CURRENCY_F_Admin_Analytics::get_converted_order()
#1 /usr/share/nginx/stage.isilgo.com/wp-includes/class-wp-hook.php(312): WOOMULTI_CURRENCY_F_Admin_Analytics->convert_orders_stats()
#2 /usr/share/nginx/stage.isilgo.com/wp-includes/plugin.php(205): WP_Hook->apply_filters()
#3 /usr/share/nginx/stage.isilgo.com/wp-content/plugins/woocommerce/src/Admin/API/Reports/Revenue/Query.php(65): apply_filters()
#4 /usr/share/nginx/stage.isilgo.com/wp-content/plugins/woocommerce/src/Admin/API/Reports/Revenue/Stats/Controller.php(71): Automattic\WooCommerce\Admin\API\Reports\Revenue\Query->get_data()
#5 /usr/share/nginx/stage.isilgo.com/wp-includes/rest-api/class-wp-rest-server.php(1194): Automattic\WooCommerce\Admin\API\Reports\Revenue\Stats\Controller->get_items()
#6 /usr/share/nginx/stage.isilgo.com/wp-includes/rest-api/class-wp-rest-server.php(1041): WP_REST_Server->respond_to_request()
#7 /usr/share/nginx/stage.isilgo.com/wp-includes/rest-api.php(545): WP_REST_Server->dispatch()
#8 /usr/share/nginx/stage.isilgo.com/wp-content/plugins/woocommerce/src/Admin/API/Reports/PerformanceIndicators/Controller.php(370): rest_do_request()
#9 /usr/share/nginx/stage.isilgo.com/wp-content/plugins/woocommerce/src/Admin/API/Reports/PerformanceIndicators/Controller.php(407): Automattic\WooCommerce\Admin\API\Reports\PerformanceIndicators\Controller->get_stats_data()
#10 /usr/share/nginx/stage.isilgo.com/wp-includes/rest-api/class-wp-rest-server.php(1194): Automattic\WooCommerce\Admin\API\Reports\PerformanceIndicators\Controller->get_items()
#11 /usr/share/nginx/stage.isilgo.com/wp-includes/rest-api/class-wp-rest-server.php(1041): WP_REST_Server->respond_to_request()
#12 /usr/share/nginx/stage.isilgo.com/wp-includes/rest-api.php(545): WP_REST_Server->dispatch()
#13 /usr/share/nginx/stage.isilgo.com/wp-content/plugins/woocommerce/includes/admin/class-wc-admin-dashboard.php(479): rest_do_request()
#14 /usr/share/nginx/stage.isilgo.com/wp-content/plugins/woocommerce/includes/admin/class-wc-admin-dashboard.php(138): WC_Admin_Dashboard->get_wc_admin_performance_data()
#15 /usr/share/nginx/stage.isilgo.com/wp-admin/includes/template.php(1443): WC_Admin_Dashboard->status_widget()
#16 /usr/share/nginx/stage.isilgo.com/wp-admin/includes/dashboard.php(271): do_meta_boxes()
#17 /usr/share/nginx/stage.isilgo.com/wp-admin/index.php(203): wp_dashboard()
#18 {main}
  thrown en /usr/share/nginx/stage.isilgo.com/wp-content/plugins/woo-multi-currency/admin/analytics.php en la línea 95

2023-10-23T17:41:01+00:00 CRITICAL Uncaught TypeError: array_diff(): Argument #1 ($array) must be of type array, null given in /usr/share/nginx/stage.isilgo.com/wp-content/themes/isilgo/functions.php:1193
Stack trace:
#0 /usr/share/nginx/stage.isilgo.com/wp-content/themes/isilgo/functions.php(1193): array_diff()
#1 /usr/share/nginx/stage.isilgo.com/wp-includes/class-wp-hook.php(310): recientesVistos()
#2 /usr/share/nginx/stage.isilgo.com/wp-includes/class-wp-hook.php(334): WP_Hook->apply_filters()
#3 /usr/share/nginx/stage.isilgo.com/wp-includes/plugin.php(517): WP_Hook->do_action()
#4 /usr/share/nginx/stage.isilgo.com/wp-admin/admin-ajax.php(188): do_action()
#5 {main}
  thrown en /usr/share/nginx/stage.isilgo.com/wp-content/themes/isilgo/functions.php en la línea 1193

2023-10-23T17:49:00+00:00 CRITICAL Uncaught TypeError: array_diff(): Argument #1 ($array) must be of type array, null given in /usr/share/nginx/stage.isilgo.com/wp-content/themes/isilgo/functions.php:1193
Stack trace:
#0 /usr/share/nginx/stage.isilgo.com/wp-content/themes/isilgo/functions.php(1193): array_diff()
#1 /usr/share/nginx/stage.isilgo.com/wp-includes/class-wp-hook.php(310): recientesVistos()
#2 /usr/share/nginx/stage.isilgo.com/wp-includes/class-wp-hook.php(334): WP_Hook->apply_filters()
#3 /usr/share/nginx/stage.isilgo.com/wp-includes/plugin.php(517): WP_Hook->do_action()
#4 /usr/share/nginx/stage.isilgo.com/wp-admin/admin-ajax.php(203): do_action()
#5 {main}
  thrown en /usr/share/nginx/stage.isilgo.com/wp-content/themes/isilgo/functions.php en la línea 1193

2023-10-23T17:58:12+00:00 CRITICAL Uncaught TypeError: array_diff(): Argument #1 ($array) must be of type array, null given in /usr/share/nginx/stage.isilgo.com/wp-content/themes/isilgo/functions.php:1193
Stack trace:
#0 /usr/share/nginx/stage.isilgo.com/wp-content/themes/isilgo/functions.php(1193): array_diff()
#1 /usr/share/nginx/stage.isilgo.com/wp-includes/class-wp-hook.php(310): recientesVistos()
#2 /usr/share/nginx/stage.isilgo.com/wp-includes/class-wp-hook.php(334): WP_Hook->apply_filters()
#3 /usr/share/nginx/stage.isilgo.com/wp-includes/plugin.php(517): WP_Hook->do_action()
#4 /usr/share/nginx/stage.isilgo.com/wp-admin/admin-ajax.php(188): do_action()
#5 {main}
  thrown en /usr/share/nginx/stage.isilgo.com/wp-content/themes/isilgo/functions.php en la línea 1193

2023-10-23T19:27:40+00:00 CRITICAL Uncaught Error: Call to a member function get_meta() on bool in /usr/share/nginx/stage.isilgo.com/wp-content/plugins/woo-multi-currency/admin/analytics.php:95
Stack trace:
#0 /usr/share/nginx/stage.isilgo.com/wp-content/plugins/woo-multi-currency/admin/analytics.php(166): WOOMULTI_CURRENCY_F_Admin_Analytics::get_converted_order()
#1 /usr/share/nginx/stage.isilgo.com/wp-includes/class-wp-hook.php(312): WOOMULTI_CURRENCY_F_Admin_Analytics->convert_orders_stats()
#2 /usr/share/nginx/stage.isilgo.com/wp-includes/plugin.php(205): WP_Hook->apply_filters()
#3 /usr/share/nginx/stage.isilgo.com/wp-content/plugins/woocommerce/src/Admin/API/Reports/Revenue/Query.php(65): apply_filters()
#4 /usr/share/nginx/stage.isilgo.com/wp-content/plugins/woocommerce/src/Admin/API/Reports/Revenue/Stats/Controller.php(71): Automattic\WooCommerce\Admin\API\Reports\Revenue\Query->get_data()
#5 /usr/share/nginx/stage.isilgo.com/wp-includes/rest-api/class-wp-rest-server.php(1194): Automattic\WooCommerce\Admin\API\Reports\Revenue\Stats\Controller->get_items()
#6 /usr/share/nginx/stage.isilgo.com/wp-includes/rest-api/class-wp-rest-server.php(1041): WP_REST_Server->respond_to_request()
#7 /usr/share/nginx/stage.isilgo.com/wp-includes/rest-api.php(545): WP_REST_Server->dispatch()
#8 /usr/share/nginx/stage.isilgo.com/wp-content/plugins/woocommerce/src/Admin/API/Reports/PerformanceIndicators/Controller.php(370): rest_do_request()
#9 /usr/share/nginx/stage.isilgo.com/wp-content/plugins/woocommerce/src/Admin/API/Reports/PerformanceIndicators/Controller.php(407): Automattic\WooCommerce\Admin\API\Reports\PerformanceIndicators\Controller->get_stats_data()
#10 /usr/share/nginx/stage.isilgo.com/wp-includes/rest-api/class-wp-rest-server.php(1194): Automattic\WooCommerce\Admin\API\Reports\PerformanceIndicators\Controller->get_items()
#11 /usr/share/nginx/stage.isilgo.com/wp-includes/rest-api/class-wp-rest-server.php(1041): WP_REST_Server->respond_to_request()
#12 /usr/share/nginx/stage.isilgo.com/wp-includes/rest-api.php(545): WP_REST_Server->dispatch()
#13 /usr/share/nginx/stage.isilgo.com/wp-content/plugins/woocommerce/includes/admin/class-wc-admin-dashboard.php(479): rest_do_request()
#14 /usr/share/nginx/stage.isilgo.com/wp-content/plugins/woocommerce/includes/admin/class-wc-admin-dashboard.php(138): WC_Admin_Dashboard->get_wc_admin_performance_data()
#15 /usr/share/nginx/stage.isilgo.com/wp-admin/includes/template.php(1443): WC_Admin_Dashboard->status_widget()
#16 /usr/share/nginx/stage.isilgo.com/wp-admin/includes/dashboard.php(271): do_meta_boxes()
#17 /usr/share/nginx/stage.isilgo.com/wp-admin/index.php(203): wp_dashboard()
#18 {main}
  thrown en /usr/share/nginx/stage.isilgo.com/wp-content/plugins/woo-multi-currency/admin/analytics.php en la línea 95

2023-10-23T19:36:19+00:00 CRITICAL Uncaught TypeError: array_diff(): Argument #1 ($array) must be of type array, null given in /usr/share/nginx/stage.isilgo.com/wp-content/themes/isilgo/functions.php:1193
Stack trace:
#0 /usr/share/nginx/stage.isilgo.com/wp-content/themes/isilgo/functions.php(1193): array_diff()
#1 /usr/share/nginx/stage.isilgo.com/wp-includes/class-wp-hook.php(310): recientesVistos()
#2 /usr/share/nginx/stage.isilgo.com/wp-includes/class-wp-hook.php(334): WP_Hook->apply_filters()
#3 /usr/share/nginx/stage.isilgo.com/wp-includes/plugin.php(517): WP_Hook->do_action()
#4 /usr/share/nginx/stage.isilgo.com/wp-admin/admin-ajax.php(203): do_action()
#5 {main}
  thrown en /usr/share/nginx/stage.isilgo.com/wp-content/themes/isilgo/functions.php en la línea 1193

2023-10-23T19:43:04+00:00 CRITICAL Uncaught Error: Call to a member function get_meta() on bool in /usr/share/nginx/stage.isilgo.com/wp-content/plugins/woo-multi-currency/admin/analytics.php:95
Stack trace:
#0 /usr/share/nginx/stage.isilgo.com/wp-content/plugins/woo-multi-currency/admin/analytics.php(166): WOOMULTI_CURRENCY_F_Admin_Analytics::get_converted_order()
#1 /usr/share/nginx/stage.isilgo.com/wp-includes/class-wp-hook.php(312): WOOMULTI_CURRENCY_F_Admin_Analytics->convert_orders_stats()
#2 /usr/share/nginx/stage.isilgo.com/wp-includes/plugin.php(205): WP_Hook->apply_filters()
#3 /usr/share/nginx/stage.isilgo.com/wp-content/plugins/woocommerce/src/Admin/API/Reports/Revenue/Query.php(65): apply_filters()
#4 /usr/share/nginx/stage.isilgo.com/wp-content/plugins/woocommerce/src/Admin/API/Reports/Revenue/Stats/Controller.php(71): Automattic\WooCommerce\Admin\API\Reports\Revenue\Query->get_data()
#5 /usr/share/nginx/stage.isilgo.com/wp-includes/rest-api/class-wp-rest-server.php(1194): Automattic\WooCommerce\Admin\API\Reports\Revenue\Stats\Controller->get_items()
#6 /usr/share/nginx/stage.isilgo.com/wp-includes/rest-api/class-wp-rest-server.php(1041): WP_REST_Server->respond_to_request()
#7 /usr/share/nginx/stage.isilgo.com/wp-includes/rest-api.php(545): WP_REST_Server->dispatch()
#8 /usr/share/nginx/stage.isilgo.com/wp-content/plugins/woocommerce/src/Admin/API/Reports/PerformanceIndicators/Controller.php(370): rest_do_request()
#9 /usr/share/nginx/stage.isilgo.com/wp-content/plugins/woocommerce/src/Admin/API/Reports/PerformanceIndicators/Controller.php(407): Automattic\WooCommerce\Admin\API\Reports\PerformanceIndicators\Controller->get_stats_data()
#10 /usr/share/nginx/stage.isilgo.com/wp-includes/rest-api/class-wp-rest-server.php(1194): Automattic\WooCommerce\Admin\API\Reports\PerformanceIndicators\Controller->get_items()
#11 /usr/share/nginx/stage.isilgo.com/wp-includes/rest-api/class-wp-rest-server.php(1041): WP_REST_Server->respond_to_request()
#12 /usr/share/nginx/stage.isilgo.com/wp-includes/rest-api.php(545): WP_REST_Server->dispatch()
#13 /usr/share/nginx/stage.isilgo.com/wp-content/plugins/woocommerce/includes/admin/class-wc-admin-dashboard.php(479): rest_do_request()
#14 /usr/share/nginx/stage.isilgo.com/wp-content/plugins/woocommerce/includes/admin/class-wc-admin-dashboard.php(138): WC_Admin_Dashboard->get_wc_admin_performance_data()
#15 /usr/share/nginx/stage.isilgo.com/wp-admin/includes/template.php(1443): WC_Admin_Dashboard->status_widget()
#16 /usr/share/nginx/stage.isilgo.com/wp-admin/includes/dashboard.php(271): do_meta_boxes()
#17 /usr/share/nginx/stage.isilgo.com/wp-admin/index.php(203): wp_dashboard()
#18 {main}
  thrown en /usr/share/nginx/stage.isilgo.com/wp-content/plugins/woo-multi-currency/admin/analytics.php en la línea 95

2023-10-23T20:00:22+00:00 CRITICAL Uncaught Error: Call to a member function get_meta() on bool in /usr/share/nginx/stage.isilgo.com/wp-content/plugins/woo-multi-currency/admin/analytics.php:95
Stack trace:
#0 /usr/share/nginx/stage.isilgo.com/wp-content/plugins/woo-multi-currency/admin/analytics.php(166): WOOMULTI_CURRENCY_F_Admin_Analytics::get_converted_order()
#1 /usr/share/nginx/stage.isilgo.com/wp-includes/class-wp-hook.php(312): WOOMULTI_CURRENCY_F_Admin_Analytics->convert_orders_stats()
#2 /usr/share/nginx/stage.isilgo.com/wp-includes/plugin.php(205): WP_Hook->apply_filters()
#3 /usr/share/nginx/stage.isilgo.com/wp-content/plugins/woocommerce/src/Admin/API/Reports/Revenue/Query.php(65): apply_filters()
#4 /usr/share/nginx/stage.isilgo.com/wp-content/plugins/woocommerce/src/Admin/API/Reports/Revenue/Stats/Controller.php(71): Automattic\WooCommerce\Admin\API\Reports\Revenue\Query->get_data()
#5 /usr/share/nginx/stage.isilgo.com/wp-includes/rest-api/class-wp-rest-server.php(1194): Automattic\WooCommerce\Admin\API\Reports\Revenue\Stats\Controller->get_items()
#6 /usr/share/nginx/stage.isilgo.com/wp-includes/rest-api/class-wp-rest-server.php(1041): WP_REST_Server->respond_to_request()
#7 /usr/share/nginx/stage.isilgo.com/wp-includes/rest-api.php(545): WP_REST_Server->dispatch()
#8 /usr/share/nginx/stage.isilgo.com/wp-content/plugins/woocommerce/src/Admin/API/Reports/PerformanceIndicators/Controller.php(370): rest_do_request()
#9 /usr/share/nginx/stage.isilgo.com/wp-content/plugins/woocommerce/src/Admin/API/Reports/PerformanceIndicators/Controller.php(407): Automattic\WooCommerce\Admin\API\Reports\PerformanceIndicators\Controller->get_stats_data()
#10 /usr/share/nginx/stage.isilgo.com/wp-includes/rest-api/class-wp-rest-server.php(1194): Automattic\WooCommerce\Admin\API\Reports\PerformanceIndicators\Controller->get_items()
#11 /usr/share/nginx/stage.isilgo.com/wp-includes/rest-api/class-wp-rest-server.php(1041): WP_REST_Server->respond_to_request()
#12 /usr/share/nginx/stage.isilgo.com/wp-includes/rest-api.php(545): WP_REST_Server->dispatch()
#13 /usr/share/nginx/stage.isilgo.com/wp-content/plugins/woocommerce/includes/admin/class-wc-admin-dashboard.php(479): rest_do_request()
#14 /usr/share/nginx/stage.isilgo.com/wp-content/plugins/woocommerce/includes/admin/class-wc-admin-dashboard.php(138): WC_Admin_Dashboard->get_wc_admin_performance_data()
#15 /usr/share/nginx/stage.isilgo.com/wp-admin/includes/template.php(1443): WC_Admin_Dashboard->status_widget()
#16 /usr/share/nginx/stage.isilgo.com/wp-admin/includes/dashboard.php(271): do_meta_boxes()
#17 /usr/share/nginx/stage.isilgo.com/wp-admin/index.php(203): wp_dashboard()
#18 {main}
  thrown en /usr/share/nginx/stage.isilgo.com/wp-content/plugins/woo-multi-currency/admin/analytics.php en la línea 95

2023-10-23T20:01:03+00:00 CRITICAL Uncaught TypeError: array_diff(): Argument #1 ($array) must be of type array, null given in /usr/share/nginx/stage.isilgo.com/wp-content/themes/isilgo/functions.php:1193
Stack trace:
#0 /usr/share/nginx/stage.isilgo.com/wp-content/themes/isilgo/functions.php(1193): array_diff()
#1 /usr/share/nginx/stage.isilgo.com/wp-includes/class-wp-hook.php(310): recientesVistos()
#2 /usr/share/nginx/stage.isilgo.com/wp-includes/class-wp-hook.php(334): WP_Hook->apply_filters()
#3 /usr/share/nginx/stage.isilgo.com/wp-includes/plugin.php(517): WP_Hook->do_action()
#4 /usr/share/nginx/stage.isilgo.com/wp-admin/admin-ajax.php(203): do_action()
#5 {main}
  thrown en /usr/share/nginx/stage.isilgo.com/wp-content/themes/isilgo/functions.php en la línea 1193

2023-10-23T20:01:08+00:00 CRITICAL Uncaught TypeError: array_diff(): Argument #1 ($array) must be of type array, null given in /usr/share/nginx/stage.isilgo.com/wp-content/themes/isilgo/functions.php:1193
Stack trace:
#0 /usr/share/nginx/stage.isilgo.com/wp-content/themes/isilgo/functions.php(1193): array_diff()
#1 /usr/share/nginx/stage.isilgo.com/wp-includes/class-wp-hook.php(310): recientesVistos()
#2 /usr/share/nginx/stage.isilgo.com/wp-includes/class-wp-hook.php(334): WP_Hook->apply_filters()
#3 /usr/share/nginx/stage.isilgo.com/wp-includes/plugin.php(517): WP_Hook->do_action()
#4 /usr/share/nginx/stage.isilgo.com/wp-admin/admin-ajax.php(203): do_action()
#5 {main}
  thrown en /usr/share/nginx/stage.isilgo.com/wp-content/themes/isilgo/functions.php en la línea 1193

2023-10-23T20:01:32+00:00 CRITICAL Uncaught TypeError: array_diff(): Argument #1 ($array) must be of type array, null given in /usr/share/nginx/stage.isilgo.com/wp-content/themes/isilgo/functions.php:1193
Stack trace:
#0 /usr/share/nginx/stage.isilgo.com/wp-content/themes/isilgo/functions.php(1193): array_diff()
#1 /usr/share/nginx/stage.isilgo.com/wp-includes/class-wp-hook.php(310): recientesVistos()
#2 /usr/share/nginx/stage.isilgo.com/wp-includes/class-wp-hook.php(334): WP_Hook->apply_filters()
#3 /usr/share/nginx/stage.isilgo.com/wp-includes/plugin.php(517): WP_Hook->do_action()
#4 /usr/share/nginx/stage.isilgo.com/wp-admin/admin-ajax.php(203): do_action()
#5 {main}
  thrown en /usr/share/nginx/stage.isilgo.com/wp-content/themes/isilgo/functions.php en la línea 1193

2023-10-23T20:02:54+00:00 CRITICAL Uncaught TypeError: array_diff(): Argument #1 ($array) must be of type array, null given in /usr/share/nginx/stage.isilgo.com/wp-content/themes/isilgo/functions.php:1193
Stack trace:
#0 /usr/share/nginx/stage.isilgo.com/wp-content/themes/isilgo/functions.php(1193): array_diff()
#1 /usr/share/nginx/stage.isilgo.com/wp-includes/class-wp-hook.php(310): recientesVistos()
#2 /usr/share/nginx/stage.isilgo.com/wp-includes/class-wp-hook.php(334): WP_Hook->apply_filters()
#3 /usr/share/nginx/stage.isilgo.com/wp-includes/plugin.php(517): WP_Hook->do_action()
#4 /usr/share/nginx/stage.isilgo.com/wp-admin/admin-ajax.php(188): do_action()
#5 {main}
  thrown en /usr/share/nginx/stage.isilgo.com/wp-content/themes/isilgo/functions.php en la línea 1193

2023-10-23T20:03:44+00:00 CRITICAL Uncaught TypeError: array_diff(): Argument #1 ($array) must be of type array, null given in /usr/share/nginx/stage.isilgo.com/wp-content/themes/isilgo/functions.php:1193
Stack trace:
#0 /usr/share/nginx/stage.isilgo.com/wp-content/themes/isilgo/functions.php(1193): array_diff()
#1 /usr/share/nginx/stage.isilgo.com/wp-includes/class-wp-hook.php(310): recientesVistos()
#2 /usr/share/nginx/stage.isilgo.com/wp-includes/class-wp-hook.php(334): WP_Hook->apply_filters()
#3 /usr/share/nginx/stage.isilgo.com/wp-includes/plugin.php(517): WP_Hook->do_action()
#4 /usr/share/nginx/stage.isilgo.com/wp-admin/admin-ajax.php(188): do_action()
#5 {main}
  thrown en /usr/share/nginx/stage.isilgo.com/wp-content/themes/isilgo/functions.php en la línea 1193

2023-10-23T20:05:02+00:00 CRITICAL Uncaught TypeError: array_diff(): Argument #1 ($array) must be of type array, null given in /usr/share/nginx/stage.isilgo.com/wp-content/themes/isilgo/functions.php:1193
Stack trace:
#0 /usr/share/nginx/stage.isilgo.com/wp-content/themes/isilgo/functions.php(1193): array_diff()
#1 /usr/share/nginx/stage.isilgo.com/wp-includes/class-wp-hook.php(310): recientesVistos()
#2 /usr/share/nginx/stage.isilgo.com/wp-includes/class-wp-hook.php(334): WP_Hook->apply_filters()
#3 /usr/share/nginx/stage.isilgo.com/wp-includes/plugin.php(517): WP_Hook->do_action()
#4 /usr/share/nginx/stage.isilgo.com/wp-admin/admin-ajax.php(188): do_action()
#5 {main}
  thrown en /usr/share/nginx/stage.isilgo.com/wp-content/themes/isilgo/functions.php en la línea 1193

2023-10-23T20:05:08+00:00 CRITICAL Uncaught TypeError: array_diff(): Argument #1 ($array) must be of type array, null given in /usr/share/nginx/stage.isilgo.com/wp-content/themes/isilgo/functions.php:1193
Stack trace:
#0 /usr/share/nginx/stage.isilgo.com/wp-content/themes/isilgo/functions.php(1193): array_diff()
#1 /usr/share/nginx/stage.isilgo.com/wp-includes/class-wp-hook.php(310): recientesVistos()
#2 /usr/share/nginx/stage.isilgo.com/wp-includes/class-wp-hook.php(334): WP_Hook->apply_filters()
#3 /usr/share/nginx/stage.isilgo.com/wp-includes/plugin.php(517): WP_Hook->do_action()
#4 /usr/share/nginx/stage.isilgo.com/wp-admin/admin-ajax.php(188): do_action()
#5 {main}
  thrown en /usr/share/nginx/stage.isilgo.com/wp-content/themes/isilgo/functions.php en la línea 1193

2023-10-23T20:05:31+00:00 CRITICAL Uncaught TypeError: array_diff(): Argument #1 ($array) must be of type array, null given in /usr/share/nginx/stage.isilgo.com/wp-content/themes/isilgo/functions.php:1193
Stack trace:
#0 /usr/share/nginx/stage.isilgo.com/wp-content/themes/isilgo/functions.php(1193): array_diff()
#1 /usr/share/nginx/stage.isilgo.com/wp-includes/class-wp-hook.php(310): recientesVistos()
#2 /usr/share/nginx/stage.isilgo.com/wp-includes/class-wp-hook.php(334): WP_Hook->apply_filters()
#3 /usr/share/nginx/stage.isilgo.com/wp-includes/plugin.php(517): WP_Hook->do_action()
#4 /usr/share/nginx/stage.isilgo.com/wp-admin/admin-ajax.php(188): do_action()
#5 {main}
  thrown en /usr/share/nginx/stage.isilgo.com/wp-content/themes/isilgo/functions.php en la línea 1193

2023-10-23T20:09:26+00:00 CRITICAL Uncaught TypeError: array_diff(): Argument #1 ($array) must be of type array, null given in /usr/share/nginx/stage.isilgo.com/wp-content/themes/isilgo/functions.php:1193
Stack trace:
#0 /usr/share/nginx/stage.isilgo.com/wp-content/themes/isilgo/functions.php(1193): array_diff()
#1 /usr/share/nginx/stage.isilgo.com/wp-includes/class-wp-hook.php(310): recientesVistos()
#2 /usr/share/nginx/stage.isilgo.com/wp-includes/class-wp-hook.php(334): WP_Hook->apply_filters()
#3 /usr/share/nginx/stage.isilgo.com/wp-includes/plugin.php(517): WP_Hook->do_action()
#4 /usr/share/nginx/stage.isilgo.com/wp-admin/admin-ajax.php(188): do_action()
#5 {main}
  thrown en /usr/share/nginx/stage.isilgo.com/wp-content/themes/isilgo/functions.php en la línea 1193

2023-10-23T20:11:25+00:00 CRITICAL Uncaught Error: Call to a member function get_meta() on bool in /usr/share/nginx/stage.isilgo.com/wp-content/plugins/woo-multi-currency/admin/analytics.php:95
Stack trace:
#0 /usr/share/nginx/stage.isilgo.com/wp-content/plugins/woo-multi-currency/admin/analytics.php(166): WOOMULTI_CURRENCY_F_Admin_Analytics::get_converted_order()
#1 /usr/share/nginx/stage.isilgo.com/wp-includes/class-wp-hook.php(312): WOOMULTI_CURRENCY_F_Admin_Analytics->convert_orders_stats()
#2 /usr/share/nginx/stage.isilgo.com/wp-includes/plugin.php(205): WP_Hook->apply_filters()
#3 /usr/share/nginx/stage.isilgo.com/wp-content/plugins/woocommerce/src/Admin/API/Reports/Revenue/Query.php(65): apply_filters()
#4 /usr/share/nginx/stage.isilgo.com/wp-content/plugins/woocommerce/src/Admin/API/Reports/Revenue/Stats/Controller.php(71): Automattic\WooCommerce\Admin\API\Reports\Revenue\Query->get_data()
#5 /usr/share/nginx/stage.isilgo.com/wp-includes/rest-api/class-wp-rest-server.php(1194): Automattic\WooCommerce\Admin\API\Reports\Revenue\Stats\Controller->get_items()
#6 /usr/share/nginx/stage.isilgo.com/wp-includes/rest-api/class-wp-rest-server.php(1041): WP_REST_Server->respond_to_request()
#7 /usr/share/nginx/stage.isilgo.com/wp-includes/rest-api.php(545): WP_REST_Server->dispatch()
#8 /usr/share/nginx/stage.isilgo.com/wp-content/plugins/woocommerce/src/Admin/API/Reports/PerformanceIndicators/Controller.php(370): rest_do_request()
#9 /usr/share/nginx/stage.isilgo.com/wp-content/plugins/woocommerce/src/Admin/API/Reports/PerformanceIndicators/Controller.php(407): Automattic\WooCommerce\Admin\API\Reports\PerformanceIndicators\Controller->get_stats_data()
#10 /usr/share/nginx/stage.isilgo.com/wp-includes/rest-api/class-wp-rest-server.php(1194): Automattic\WooCommerce\Admin\API\Reports\PerformanceIndicators\Controller->get_items()
#11 /usr/share/nginx/stage.isilgo.com/wp-includes/rest-api/class-wp-rest-server.php(1041): WP_REST_Server->respond_to_request()
#12 /usr/share/nginx/stage.isilgo.com/wp-includes/rest-api.php(545): WP_REST_Server->dispatch()
#13 /usr/share/nginx/stage.isilgo.com/wp-content/plugins/woocommerce/includes/admin/class-wc-admin-dashboard.php(479): rest_do_request()
#14 /usr/share/nginx/stage.isilgo.com/wp-content/plugins/woocommerce/includes/admin/class-wc-admin-dashboard.php(138): WC_Admin_Dashboard->get_wc_admin_performance_data()
#15 /usr/share/nginx/stage.isilgo.com/wp-admin/includes/template.php(1443): WC_Admin_Dashboard->status_widget()
#16 /usr/share/nginx/stage.isilgo.com/wp-admin/includes/dashboard.php(271): do_meta_boxes()
#17 /usr/share/nginx/stage.isilgo.com/wp-admin/index.php(203): wp_dashboard()
#18 {main}
  thrown en /usr/share/nginx/stage.isilgo.com/wp-content/plugins/woo-multi-currency/admin/analytics.php en la línea 95

2023-10-23T20:23:49+00:00 CRITICAL Uncaught TypeError: array_diff(): Argument #1 ($array) must be of type array, null given in /usr/share/nginx/stage.isilgo.com/wp-content/themes/isilgo/functions.php:1193
Stack trace:
#0 /usr/share/nginx/stage.isilgo.com/wp-content/themes/isilgo/functions.php(1193): array_diff()
#1 /usr/share/nginx/stage.isilgo.com/wp-includes/class-wp-hook.php(310): recientesVistos()
#2 /usr/share/nginx/stage.isilgo.com/wp-includes/class-wp-hook.php(334): WP_Hook->apply_filters()
#3 /usr/share/nginx/stage.isilgo.com/wp-includes/plugin.php(517): WP_Hook->do_action()
#4 /usr/share/nginx/stage.isilgo.com/wp-admin/admin-ajax.php(203): do_action()
#5 {main}
  thrown en /usr/share/nginx/stage.isilgo.com/wp-content/themes/isilgo/functions.php en la línea 1193

2023-10-23T20:26:21+00:00 CRITICAL Uncaught TypeError: array_diff(): Argument #1 ($array) must be of type array, null given in /usr/share/nginx/stage.isilgo.com/wp-content/themes/isilgo/functions.php:1193
Stack trace:
#0 /usr/share/nginx/stage.isilgo.com/wp-content/themes/isilgo/functions.php(1193): array_diff()
#1 /usr/share/nginx/stage.isilgo.com/wp-includes/class-wp-hook.php(310): recientesVistos()
#2 /usr/share/nginx/stage.isilgo.com/wp-includes/class-wp-hook.php(334): WP_Hook->apply_filters()
#3 /usr/share/nginx/stage.isilgo.com/wp-includes/plugin.php(517): WP_Hook->do_action()
#4 /usr/share/nginx/stage.isilgo.com/wp-admin/admin-ajax.php(203): do_action()
#5 {main}
  thrown en /usr/share/nginx/stage.isilgo.com/wp-content/themes/isilgo/functions.php en la línea 1193

2023-10-23T20:34:05+00:00 CRITICAL Uncaught TypeError: array_diff(): Argument #1 ($array) must be of type array, null given in /usr/share/nginx/stage.isilgo.com/wp-content/themes/isilgo/functions.php:1193
Stack trace:
#0 /usr/share/nginx/stage.isilgo.com/wp-content/themes/isilgo/functions.php(1193): array_diff()
#1 /usr/share/nginx/stage.isilgo.com/wp-includes/class-wp-hook.php(310): recientesVistos()
#2 /usr/share/nginx/stage.isilgo.com/wp-includes/class-wp-hook.php(334): WP_Hook->apply_filters()
#3 /usr/share/nginx/stage.isilgo.com/wp-includes/plugin.php(517): WP_Hook->do_action()
#4 /usr/share/nginx/stage.isilgo.com/wp-admin/admin-ajax.php(203): do_action()
#5 {main}
  thrown en /usr/share/nginx/stage.isilgo.com/wp-content/themes/isilgo/functions.php en la línea 1193

2023-10-23T20:34:26+00:00 CRITICAL Uncaught TypeError: array_diff(): Argument #1 ($array) must be of type array, null given in /usr/share/nginx/stage.isilgo.com/wp-content/themes/isilgo/functions.php:1193
Stack trace:
#0 /usr/share/nginx/stage.isilgo.com/wp-content/themes/isilgo/functions.php(1193): array_diff()
#1 /usr/share/nginx/stage.isilgo.com/wp-includes/class-wp-hook.php(310): recientesVistos()
#2 /usr/share/nginx/stage.isilgo.com/wp-includes/class-wp-hook.php(334): WP_Hook->apply_filters()
#3 /usr/share/nginx/stage.isilgo.com/wp-includes/plugin.php(517): WP_Hook->do_action()
#4 /usr/share/nginx/stage.isilgo.com/wp-admin/admin-ajax.php(203): do_action()
#5 {main}
  thrown en /usr/share/nginx/stage.isilgo.com/wp-content/themes/isilgo/functions.php en la línea 1193

2023-10-23T20:36:13+00:00 CRITICAL Uncaught TypeError: array_diff(): Argument #1 ($array) must be of type array, null given in /usr/share/nginx/stage.isilgo.com/wp-content/themes/isilgo/functions.php:1193
Stack trace:
#0 /usr/share/nginx/stage.isilgo.com/wp-content/themes/isilgo/functions.php(1193): array_diff()
#1 /usr/share/nginx/stage.isilgo.com/wp-includes/class-wp-hook.php(310): recientesVistos()
#2 /usr/share/nginx/stage.isilgo.com/wp-includes/class-wp-hook.php(334): WP_Hook->apply_filters()
#3 /usr/share/nginx/stage.isilgo.com/wp-includes/plugin.php(517): WP_Hook->do_action()
#4 /usr/share/nginx/stage.isilgo.com/wp-admin/admin-ajax.php(203): do_action()
#5 {main}
  thrown en /usr/share/nginx/stage.isilgo.com/wp-content/themes/isilgo/functions.php en la línea 1193

2023-10-23T20:44:47+00:00 CRITICAL Uncaught TypeError: array_diff(): Argument #1 ($array) must be of type array, null given in /usr/share/nginx/stage.isilgo.com/wp-content/themes/isilgo/functions.php:1193
Stack trace:
#0 /usr/share/nginx/stage.isilgo.com/wp-content/themes/isilgo/functions.php(1193): array_diff()
#1 /usr/share/nginx/stage.isilgo.com/wp-includes/class-wp-hook.php(310): recientesVistos()
#2 /usr/share/nginx/stage.isilgo.com/wp-includes/class-wp-hook.php(334): WP_Hook->apply_filters()
#3 /usr/share/nginx/stage.isilgo.com/wp-includes/plugin.php(517): WP_Hook->do_action()
#4 /usr/share/nginx/stage.isilgo.com/wp-admin/admin-ajax.php(203): do_action()
#5 {main}
  thrown en /usr/share/nginx/stage.isilgo.com/wp-content/themes/isilgo/functions.php en la línea 1193

2023-10-23T20:45:24+00:00 CRITICAL Uncaught TypeError: array_diff(): Argument #1 ($array) must be of type array, null given in /usr/share/nginx/stage.isilgo.com/wp-content/themes/isilgo/functions.php:1193
Stack trace:
#0 /usr/share/nginx/stage.isilgo.com/wp-content/themes/isilgo/functions.php(1193): array_diff()
#1 /usr/share/nginx/stage.isilgo.com/wp-includes/class-wp-hook.php(310): recientesVistos()
#2 /usr/share/nginx/stage.isilgo.com/wp-includes/class-wp-hook.php(334): WP_Hook->apply_filters()
#3 /usr/share/nginx/stage.isilgo.com/wp-includes/plugin.php(517): WP_Hook->do_action()
#4 /usr/share/nginx/stage.isilgo.com/wp-admin/admin-ajax.php(203): do_action()
#5 {main}
  thrown en /usr/share/nginx/stage.isilgo.com/wp-content/themes/isilgo/functions.php en la línea 1193

2023-10-23T20:48:30+00:00 CRITICAL Uncaught TypeError: array_diff(): Argument #1 ($array) must be of type array, null given in /usr/share/nginx/stage.isilgo.com/wp-content/themes/isilgo/functions.php:1193
Stack trace:
#0 /usr/share/nginx/stage.isilgo.com/wp-content/themes/isilgo/functions.php(1193): array_diff()
#1 /usr/share/nginx/stage.isilgo.com/wp-includes/class-wp-hook.php(310): recientesVistos()
#2 /usr/share/nginx/stage.isilgo.com/wp-includes/class-wp-hook.php(334): WP_Hook->apply_filters()
#3 /usr/share/nginx/stage.isilgo.com/wp-includes/plugin.php(517): WP_Hook->do_action()
#4 /usr/share/nginx/stage.isilgo.com/wp-admin/admin-ajax.php(203): do_action()
#5 {main}
  thrown en /usr/share/nginx/stage.isilgo.com/wp-content/themes/isilgo/functions.php en la línea 1193

2023-10-23T20:56:58+00:00 CRITICAL Uncaught TypeError: array_diff(): Argument #1 ($array) must be of type array, null given in /usr/share/nginx/stage.isilgo.com/wp-content/themes/isilgo/functions.php:1193
Stack trace:
#0 /usr/share/nginx/stage.isilgo.com/wp-content/themes/isilgo/functions.php(1193): array_diff()
#1 /usr/share/nginx/stage.isilgo.com/wp-includes/class-wp-hook.php(310): recientesVistos()
#2 /usr/share/nginx/stage.isilgo.com/wp-includes/class-wp-hook.php(334): WP_Hook->apply_filters()
#3 /usr/share/nginx/stage.isilgo.com/wp-includes/plugin.php(517): WP_Hook->do_action()
#4 /usr/share/nginx/stage.isilgo.com/wp-admin/admin-ajax.php(203): do_action()
#5 {main}
  thrown en /usr/share/nginx/stage.isilgo.com/wp-content/themes/isilgo/functions.php en la línea 1193

2023-10-23T21:04:04+00:00 CRITICAL Uncaught TypeError: array_diff(): Argument #1 ($array) must be of type array, null given in /usr/share/nginx/stage.isilgo.com/wp-content/themes/isilgo/functions.php:1193
Stack trace:
#0 /usr/share/nginx/stage.isilgo.com/wp-content/themes/isilgo/functions.php(1193): array_diff()
#1 /usr/share/nginx/stage.isilgo.com/wp-includes/class-wp-hook.php(310): recientesVistos()
#2 /usr/share/nginx/stage.isilgo.com/wp-includes/class-wp-hook.php(334): WP_Hook->apply_filters()
#3 /usr/share/nginx/stage.isilgo.com/wp-includes/plugin.php(517): WP_Hook->do_action()
#4 /usr/share/nginx/stage.isilgo.com/wp-admin/admin-ajax.php(203): do_action()
#5 {main}
  thrown en /usr/share/nginx/stage.isilgo.com/wp-content/themes/isilgo/functions.php en la línea 1193

2023-10-23T21:04:17+00:00 CRITICAL Uncaught TypeError: array_diff(): Argument #1 ($array) must be of type array, null given in /usr/share/nginx/stage.isilgo.com/wp-content/themes/isilgo/functions.php:1193
Stack trace:
#0 /usr/share/nginx/stage.isilgo.com/wp-content/themes/isilgo/functions.php(1193): array_diff()
#1 /usr/share/nginx/stage.isilgo.com/wp-includes/class-wp-hook.php(310): recientesVistos()
#2 /usr/share/nginx/stage.isilgo.com/wp-includes/class-wp-hook.php(334): WP_Hook->apply_filters()
#3 /usr/share/nginx/stage.isilgo.com/wp-includes/plugin.php(517): WP_Hook->do_action()
#4 /usr/share/nginx/stage.isilgo.com/wp-admin/admin-ajax.php(203): do_action()
#5 {main}
  thrown en /usr/share/nginx/stage.isilgo.com/wp-content/themes/isilgo/functions.php en la línea 1193

2023-10-23T21:07:06+00:00 CRITICAL Uncaught TypeError: array_diff(): Argument #1 ($array) must be of type array, null given in /usr/share/nginx/stage.isilgo.com/wp-content/themes/isilgo/functions.php:1193
Stack trace:
#0 /usr/share/nginx/stage.isilgo.com/wp-content/themes/isilgo/functions.php(1193): array_diff()
#1 /usr/share/nginx/stage.isilgo.com/wp-includes/class-wp-hook.php(310): recientesVistos()
#2 /usr/share/nginx/stage.isilgo.com/wp-includes/class-wp-hook.php(334): WP_Hook->apply_filters()
#3 /usr/share/nginx/stage.isilgo.com/wp-includes/plugin.php(517): WP_Hook->do_action()
#4 /usr/share/nginx/stage.isilgo.com/wp-admin/admin-ajax.php(203): do_action()
#5 {main}
  thrown en /usr/share/nginx/stage.isilgo.com/wp-content/themes/isilgo/functions.php en la línea 1193

2023-10-23T21:09:25+00:00 CRITICAL Uncaught TypeError: array_diff(): Argument #1 ($array) must be of type array, null given in /usr/share/nginx/stage.isilgo.com/wp-content/themes/isilgo/functions.php:1193
Stack trace:
#0 /usr/share/nginx/stage.isilgo.com/wp-content/themes/isilgo/functions.php(1193): array_diff()
#1 /usr/share/nginx/stage.isilgo.com/wp-includes/class-wp-hook.php(310): recientesVistos()
#2 /usr/share/nginx/stage.isilgo.com/wp-includes/class-wp-hook.php(334): WP_Hook->apply_filters()
#3 /usr/share/nginx/stage.isilgo.com/wp-includes/plugin.php(517): WP_Hook->do_action()
#4 /usr/share/nginx/stage.isilgo.com/wp-admin/admin-ajax.php(203): do_action()
#5 {main}
  thrown en /usr/share/nginx/stage.isilgo.com/wp-content/themes/isilgo/functions.php en la línea 1193

2023-10-23T21:10:33+00:00 CRITICAL Uncaught TypeError: array_diff(): Argument #1 ($array) must be of type array, null given in /usr/share/nginx/stage.isilgo.com/wp-content/themes/isilgo/functions.php:1193
Stack trace:
#0 /usr/share/nginx/stage.isilgo.com/wp-content/themes/isilgo/functions.php(1193): array_diff()
#1 /usr/share/nginx/stage.isilgo.com/wp-includes/class-wp-hook.php(310): recientesVistos()
#2 /usr/share/nginx/stage.isilgo.com/wp-includes/class-wp-hook.php(334): WP_Hook->apply_filters()
#3 /usr/share/nginx/stage.isilgo.com/wp-includes/plugin.php(517): WP_Hook->do_action()
#4 /usr/share/nginx/stage.isilgo.com/wp-admin/admin-ajax.php(203): do_action()
#5 {main}
  thrown en /usr/share/nginx/stage.isilgo.com/wp-content/themes/isilgo/functions.php en la línea 1193

2023-10-23T21:14:06+00:00 CRITICAL Uncaught TypeError: array_diff(): Argument #1 ($array) must be of type array, null given in /usr/share/nginx/stage.isilgo.com/wp-content/themes/isilgo/functions.php:1193
Stack trace:
#0 /usr/share/nginx/stage.isilgo.com/wp-content/themes/isilgo/functions.php(1193): array_diff()
#1 /usr/share/nginx/stage.isilgo.com/wp-includes/class-wp-hook.php(310): recientesVistos()
#2 /usr/share/nginx/stage.isilgo.com/wp-includes/class-wp-hook.php(334): WP_Hook->apply_filters()
#3 /usr/share/nginx/stage.isilgo.com/wp-includes/plugin.php(517): WP_Hook->do_action()
#4 /usr/share/nginx/stage.isilgo.com/wp-admin/admin-ajax.php(203): do_action()
#5 {main}
  thrown en /usr/share/nginx/stage.isilgo.com/wp-content/themes/isilgo/functions.php en la línea 1193

2023-10-23T21:14:36+00:00 CRITICAL Uncaught TypeError: array_diff(): Argument #1 ($array) must be of type array, null given in /usr/share/nginx/stage.isilgo.com/wp-content/themes/isilgo/functions.php:1193
Stack trace:
#0 /usr/share/nginx/stage.isilgo.com/wp-content/themes/isilgo/functions.php(1193): array_diff()
#1 /usr/share/nginx/stage.isilgo.com/wp-includes/class-wp-hook.php(310): recientesVistos()
#2 /usr/share/nginx/stage.isilgo.com/wp-includes/class-wp-hook.php(334): WP_Hook->apply_filters()
#3 /usr/share/nginx/stage.isilgo.com/wp-includes/plugin.php(517): WP_Hook->do_action()
#4 /usr/share/nginx/stage.isilgo.com/wp-admin/admin-ajax.php(188): do_action()
#5 {main}
  thrown en /usr/share/nginx/stage.isilgo.com/wp-content/themes/isilgo/functions.php en la línea 1193

2023-10-23T21:28:29+00:00 CRITICAL Uncaught TypeError: array_diff(): Argument #1 ($array) must be of type array, null given in /usr/share/nginx/stage.isilgo.com/wp-content/themes/isilgo/functions.php:1193
Stack trace:
#0 /usr/share/nginx/stage.isilgo.com/wp-content/themes/isilgo/functions.php(1193): array_diff()
#1 /usr/share/nginx/stage.isilgo.com/wp-includes/class-wp-hook.php(310): recientesVistos()
#2 /usr/share/nginx/stage.isilgo.com/wp-includes/class-wp-hook.php(334): WP_Hook->apply_filters()
#3 /usr/share/nginx/stage.isilgo.com/wp-includes/plugin.php(517): WP_Hook->do_action()
#4 /usr/share/nginx/stage.isilgo.com/wp-admin/admin-ajax.php(188): do_action()
#5 {main}
  thrown en /usr/share/nginx/stage.isilgo.com/wp-content/themes/isilgo/functions.php en la línea 1193

2023-10-23T21:32:11+00:00 CRITICAL Uncaught TypeError: array_diff(): Argument #1 ($array) must be of type array, null given in /usr/share/nginx/stage.isilgo.com/wp-content/themes/isilgo/functions.php:1193
Stack trace:
#0 /usr/share/nginx/stage.isilgo.com/wp-content/themes/isilgo/functions.php(1193): array_diff()
#1 /usr/share/nginx/stage.isilgo.com/wp-includes/class-wp-hook.php(310): recientesVistos()
#2 /usr/share/nginx/stage.isilgo.com/wp-includes/class-wp-hook.php(334): WP_Hook->apply_filters()
#3 /usr/share/nginx/stage.isilgo.com/wp-includes/plugin.php(517): WP_Hook->do_action()
#4 /usr/share/nginx/stage.isilgo.com/wp-admin/admin-ajax.php(188): do_action()
#5 {main}
  thrown en /usr/share/nginx/stage.isilgo.com/wp-content/themes/isilgo/functions.php en la línea 1193

2023-10-23T21:32:18+00:00 CRITICAL Uncaught TypeError: array_diff(): Argument #1 ($array) must be of type array, null given in /usr/share/nginx/stage.isilgo.com/wp-content/themes/isilgo/functions.php:1193
Stack trace:
#0 /usr/share/nginx/stage.isilgo.com/wp-content/themes/isilgo/functions.php(1193): array_diff()
#1 /usr/share/nginx/stage.isilgo.com/wp-includes/class-wp-hook.php(310): recientesVistos()
#2 /usr/share/nginx/stage.isilgo.com/wp-includes/class-wp-hook.php(334): WP_Hook->apply_filters()
#3 /usr/share/nginx/stage.isilgo.com/wp-includes/plugin.php(517): WP_Hook->do_action()
#4 /usr/share/nginx/stage.isilgo.com/wp-admin/admin-ajax.php(188): do_action()
#5 {main}
  thrown en /usr/share/nginx/stage.isilgo.com/wp-content/themes/isilgo/functions.php en la línea 1193

2023-10-23T21:32:41+00:00 CRITICAL Uncaught TypeError: array_diff(): Argument #1 ($array) must be of type array, null given in /usr/share/nginx/stage.isilgo.com/wp-content/themes/isilgo/functions.php:1193
Stack trace:
#0 /usr/share/nginx/stage.isilgo.com/wp-content/themes/isilgo/functions.php(1193): array_diff()
#1 /usr/share/nginx/stage.isilgo.com/wp-includes/class-wp-hook.php(310): recientesVistos()
#2 /usr/share/nginx/stage.isilgo.com/wp-includes/class-wp-hook.php(334): WP_Hook->apply_filters()
#3 /usr/share/nginx/stage.isilgo.com/wp-includes/plugin.php(517): WP_Hook->do_action()
#4 /usr/share/nginx/stage.isilgo.com/wp-admin/admin-ajax.php(188): do_action()
#5 {main}
  thrown en /usr/share/nginx/stage.isilgo.com/wp-content/themes/isilgo/functions.php en la línea 1193

2023-10-23T21:33:38+00:00 CRITICAL Uncaught TypeError: array_diff(): Argument #1 ($array) must be of type array, null given in /usr/share/nginx/stage.isilgo.com/wp-content/themes/isilgo/functions.php:1193
Stack trace:
#0 /usr/share/nginx/stage.isilgo.com/wp-content/themes/isilgo/functions.php(1193): array_diff()
#1 /usr/share/nginx/stage.isilgo.com/wp-includes/class-wp-hook.php(310): recientesVistos()
#2 /usr/share/nginx/stage.isilgo.com/wp-includes/class-wp-hook.php(334): WP_Hook->apply_filters()
#3 /usr/share/nginx/stage.isilgo.com/wp-includes/plugin.php(517): WP_Hook->do_action()
#4 /usr/share/nginx/stage.isilgo.com/wp-admin/admin-ajax.php(188): do_action()
#5 {main}
  thrown en /usr/share/nginx/stage.isilgo.com/wp-content/themes/isilgo/functions.php en la línea 1193

2023-10-23T21:33:49+00:00 CRITICAL Uncaught TypeError: array_diff(): Argument #1 ($array) must be of type array, null given in /usr/share/nginx/stage.isilgo.com/wp-content/themes/isilgo/functions.php:1193
Stack trace:
#0 /usr/share/nginx/stage.isilgo.com/wp-content/themes/isilgo/functions.php(1193): array_diff()
#1 /usr/share/nginx/stage.isilgo.com/wp-includes/class-wp-hook.php(310): recientesVistos()
#2 /usr/share/nginx/stage.isilgo.com/wp-includes/class-wp-hook.php(334): WP_Hook->apply_filters()
#3 /usr/share/nginx/stage.isilgo.com/wp-includes/plugin.php(517): WP_Hook->do_action()
#4 /usr/share/nginx/stage.isilgo.com/wp-admin/admin-ajax.php(188): do_action()
#5 {main}
  thrown en /usr/share/nginx/stage.isilgo.com/wp-content/themes/isilgo/functions.php en la línea 1193

2023-10-23T21:34:00+00:00 CRITICAL Uncaught TypeError: array_diff(): Argument #1 ($array) must be of type array, null given in /usr/share/nginx/stage.isilgo.com/wp-content/themes/isilgo/functions.php:1193
Stack trace:
#0 /usr/share/nginx/stage.isilgo.com/wp-content/themes/isilgo/functions.php(1193): array_diff()
#1 /usr/share/nginx/stage.isilgo.com/wp-includes/class-wp-hook.php(310): recientesVistos()
#2 /usr/share/nginx/stage.isilgo.com/wp-includes/class-wp-hook.php(334): WP_Hook->apply_filters()
#3 /usr/share/nginx/stage.isilgo.com/wp-includes/plugin.php(517): WP_Hook->do_action()
#4 /usr/share/nginx/stage.isilgo.com/wp-admin/admin-ajax.php(203): do_action()
#5 {main}
  thrown en /usr/share/nginx/stage.isilgo.com/wp-content/themes/isilgo/functions.php en la línea 1193

2023-10-23T21:34:32+00:00 CRITICAL Uncaught TypeError: array_diff(): Argument #1 ($array) must be of type array, null given in /usr/share/nginx/stage.isilgo.com/wp-content/themes/isilgo/functions.php:1193
Stack trace:
#0 /usr/share/nginx/stage.isilgo.com/wp-content/themes/isilgo/functions.php(1193): array_diff()
#1 /usr/share/nginx/stage.isilgo.com/wp-includes/class-wp-hook.php(310): recientesVistos()
#2 /usr/share/nginx/stage.isilgo.com/wp-includes/class-wp-hook.php(334): WP_Hook->apply_filters()
#3 /usr/share/nginx/stage.isilgo.com/wp-includes/plugin.php(517): WP_Hook->do_action()
#4 /usr/share/nginx/stage.isilgo.com/wp-admin/admin-ajax.php(203): do_action()
#5 {main}
  thrown en /usr/share/nginx/stage.isilgo.com/wp-content/themes/isilgo/functions.php en la línea 1193

