2023-09-12T00:00:45+00:00 CRITICAL Uncaught Error: Call to a member function get_items() on array in /home/isilgodevradar/public_html/wp-content/themes/isilgo/woocommerce/myaccount/dashboard.php:69
Stack trace:
#0 /home/isilgodevradar/public_html/wp-content/plugins/woocommerce/includes/wc-core-functions.php(345): include()
#1 /home/isilgodevradar/public_html/wp-content/plugins/woocommerce/includes/wc-template-functions.php(3223): wc_get_template('myaccount/dashb...', Array)
#2 /home/isilgodevradar/public_html/wp-includes/class-wp-hook.php(310): woocommerce_account_content('')
#3 /home/isilgodevradar/public_html/wp-includes/class-wp-hook.php(334): WP_Hook->apply_filters(NULL, Array)
#4 /home/isilgodevradar/public_html/wp-includes/plugin.php(517): WP_Hook->do_action(Array)
#5 /home/isilgodevradar/public_html/wp-content/plugins/woocommerce/templates/myaccount/my-account.php(34): do_action('woocommerce_acc...')
#6 /home/isilgodevradar/public_html/wp-content/plugins/woocommerce/includes/wc-core-functions.php(345): include('/home/isilgodev...')
#7 /home/isilgodevradar/public_html/wp-content/plugins/woocommerce/includes/shortcodes/class-wc-shortcode-my-account.php(123): wc_get_template('myaccount/my-ac...', Array)
#8 /home/isilgodevradar/public_html/wp-content/plugins/woocommerce/includes/shortcodes/class-wc-shortcode-my-account.php(72): WC_Shortcode_My_Account::my_account('')
#9 /home/isilgodevradar/public_html/wp-content/plugins/woocommerce/includes/class-wc-shortcodes.php(72): WC_Shortcode_My_Account::output('')
#10 /home/isilgodevradar/public_html/wp-content/plugins/woocommerce/includes/class-wc-shortcodes.php(115): WC_Shortcodes::shortcode_wrapper(Array, '')
#11 /home/isilgodevradar/public_html/wp-includes/shortcodes.php(395): WC_Shortcodes::my_account('', '', 'woocommerce_my_...')
#12 [internal function]: do_shortcode_tag(Array)
#13 /home/isilgodevradar/public_html/wp-includes/shortcodes.php(235): preg_replace_callback('/\\[(\\[?)(woocom...', 'do_shortcode_ta...', '[woocommerce_my...')
#14 /home/isilgodevradar/public_html/wp-includes/class-wp-hook.php(310): do_shortcode('[woocommerce_my...')
#15 /home/isilgodevradar/public_html/wp-includes/plugin.php(205): WP_Hook->apply_filters('[woocommerce_my...', Array)
#16 /home/isilgodevradar/public_html/wp-includes/post-template.php(256): apply_filters('the_content', '<!-- wp:shortco...')
#17 /home/isilgodevradar/public_html/wp-content/themes/isilgo/page.php(35): the_content()
#18 /home/isilgodevradar/public_html/wp-includes/template-loader.php(106): include('/home/isilgodev...')
#19 /home/isilgodevradar/public_html/wp-blog-header.php(19): require_once('/home/isilgodev...')
#20 /home/isilgodevradar/public_html/index.php(17): require('/home/isilgodev...')
#21 {main}
  thrown en /home/isilgodevradar/public_html/wp-content/themes/isilgo/woocommerce/myaccount/dashboard.php en la línea 69

2023-09-12T00:01:36+00:00 CRITICAL Uncaught Error: Call to a member function get_items() on array in /home/isilgodevradar/public_html/wp-content/themes/isilgo/woocommerce/myaccount/dashboard.php:70
Stack trace:
#0 /home/isilgodevradar/public_html/wp-content/plugins/woocommerce/includes/wc-core-functions.php(345): include()
#1 /home/isilgodevradar/public_html/wp-content/plugins/woocommerce/includes/wc-template-functions.php(3223): wc_get_template('myaccount/dashb...', Array)
#2 /home/isilgodevradar/public_html/wp-includes/class-wp-hook.php(310): woocommerce_account_content('')
#3 /home/isilgodevradar/public_html/wp-includes/class-wp-hook.php(334): WP_Hook->apply_filters(NULL, Array)
#4 /home/isilgodevradar/public_html/wp-includes/plugin.php(517): WP_Hook->do_action(Array)
#5 /home/isilgodevradar/public_html/wp-content/plugins/woocommerce/templates/myaccount/my-account.php(34): do_action('woocommerce_acc...')
#6 /home/isilgodevradar/public_html/wp-content/plugins/woocommerce/includes/wc-core-functions.php(345): include('/home/isilgodev...')
#7 /home/isilgodevradar/public_html/wp-content/plugins/woocommerce/includes/shortcodes/class-wc-shortcode-my-account.php(123): wc_get_template('myaccount/my-ac...', Array)
#8 /home/isilgodevradar/public_html/wp-content/plugins/woocommerce/includes/shortcodes/class-wc-shortcode-my-account.php(72): WC_Shortcode_My_Account::my_account('')
#9 /home/isilgodevradar/public_html/wp-content/plugins/woocommerce/includes/class-wc-shortcodes.php(72): WC_Shortcode_My_Account::output('')
#10 /home/isilgodevradar/public_html/wp-content/plugins/woocommerce/includes/class-wc-shortcodes.php(115): WC_Shortcodes::shortcode_wrapper(Array, '')
#11 /home/isilgodevradar/public_html/wp-includes/shortcodes.php(395): WC_Shortcodes::my_account('', '', 'woocommerce_my_...')
#12 [internal function]: do_shortcode_tag(Array)
#13 /home/isilgodevradar/public_html/wp-includes/shortcodes.php(235): preg_replace_callback('/\\[(\\[?)(woocom...', 'do_shortcode_ta...', '[woocommerce_my...')
#14 /home/isilgodevradar/public_html/wp-includes/class-wp-hook.php(310): do_shortcode('[woocommerce_my...')
#15 /home/isilgodevradar/public_html/wp-includes/plugin.php(205): WP_Hook->apply_filters('[woocommerce_my...', Array)
#16 /home/isilgodevradar/public_html/wp-includes/post-template.php(256): apply_filters('the_content', '<!-- wp:shortco...')
#17 /home/isilgodevradar/public_html/wp-content/themes/isilgo/page.php(35): the_content()
#18 /home/isilgodevradar/public_html/wp-includes/template-loader.php(106): include('/home/isilgodev...')
#19 /home/isilgodevradar/public_html/wp-blog-header.php(19): require_once('/home/isilgodev...')
#20 /home/isilgodevradar/public_html/index.php(17): require('/home/isilgodev...')
#21 {main}
  thrown en /home/isilgodevradar/public_html/wp-content/themes/isilgo/woocommerce/myaccount/dashboard.php en la línea 70

2023-09-12T00:02:06+00:00 CRITICAL Uncaught Error: Call to a member function get_items() on array in /home/isilgodevradar/public_html/wp-content/themes/isilgo/woocommerce/myaccount/dashboard.php:72
Stack trace:
#0 /home/isilgodevradar/public_html/wp-content/plugins/woocommerce/includes/wc-core-functions.php(345): include()
#1 /home/isilgodevradar/public_html/wp-content/plugins/woocommerce/includes/wc-template-functions.php(3223): wc_get_template('myaccount/dashb...', Array)
#2 /home/isilgodevradar/public_html/wp-includes/class-wp-hook.php(310): woocommerce_account_content('')
#3 /home/isilgodevradar/public_html/wp-includes/class-wp-hook.php(334): WP_Hook->apply_filters(NULL, Array)
#4 /home/isilgodevradar/public_html/wp-includes/plugin.php(517): WP_Hook->do_action(Array)
#5 /home/isilgodevradar/public_html/wp-content/plugins/woocommerce/templates/myaccount/my-account.php(34): do_action('woocommerce_acc...')
#6 /home/isilgodevradar/public_html/wp-content/plugins/woocommerce/includes/wc-core-functions.php(345): include('/home/isilgodev...')
#7 /home/isilgodevradar/public_html/wp-content/plugins/woocommerce/includes/shortcodes/class-wc-shortcode-my-account.php(123): wc_get_template('myaccount/my-ac...', Array)
#8 /home/isilgodevradar/public_html/wp-content/plugins/woocommerce/includes/shortcodes/class-wc-shortcode-my-account.php(72): WC_Shortcode_My_Account::my_account('')
#9 /home/isilgodevradar/public_html/wp-content/plugins/woocommerce/includes/class-wc-shortcodes.php(72): WC_Shortcode_My_Account::output('')
#10 /home/isilgodevradar/public_html/wp-content/plugins/woocommerce/includes/class-wc-shortcodes.php(115): WC_Shortcodes::shortcode_wrapper(Array, '')
#11 /home/isilgodevradar/public_html/wp-includes/shortcodes.php(395): WC_Shortcodes::my_account('', '', 'woocommerce_my_...')
#12 [internal function]: do_shortcode_tag(Array)
#13 /home/isilgodevradar/public_html/wp-includes/shortcodes.php(235): preg_replace_callback('/\\[(\\[?)(woocom...', 'do_shortcode_ta...', '[woocommerce_my...')
#14 /home/isilgodevradar/public_html/wp-includes/class-wp-hook.php(310): do_shortcode('[woocommerce_my...')
#15 /home/isilgodevradar/public_html/wp-includes/plugin.php(205): WP_Hook->apply_filters('[woocommerce_my...', Array)
#16 /home/isilgodevradar/public_html/wp-includes/post-template.php(256): apply_filters('the_content', '<!-- wp:shortco...')
#17 /home/isilgodevradar/public_html/wp-content/themes/isilgo/page.php(35): the_content()
#18 /home/isilgodevradar/public_html/wp-includes/template-loader.php(106): include('/home/isilgodev...')
#19 /home/isilgodevradar/public_html/wp-blog-header.php(19): require_once('/home/isilgodev...')
#20 /home/isilgodevradar/public_html/index.php(17): require('/home/isilgodev...')
#21 {main}
  thrown en /home/isilgodevradar/public_html/wp-content/themes/isilgo/woocommerce/myaccount/dashboard.php en la línea 72

2023-09-12T00:04:22+00:00 CRITICAL Uncaught Error: Call to a member function get_items() on array in /home/isilgodevradar/public_html/wp-content/themes/isilgo/woocommerce/myaccount/dashboard.php:73
Stack trace:
#0 /home/isilgodevradar/public_html/wp-content/plugins/woocommerce/includes/wc-core-functions.php(345): include()
#1 /home/isilgodevradar/public_html/wp-content/plugins/woocommerce/includes/wc-template-functions.php(3223): wc_get_template('myaccount/dashb...', Array)
#2 /home/isilgodevradar/public_html/wp-includes/class-wp-hook.php(310): woocommerce_account_content('')
#3 /home/isilgodevradar/public_html/wp-includes/class-wp-hook.php(334): WP_Hook->apply_filters(NULL, Array)
#4 /home/isilgodevradar/public_html/wp-includes/plugin.php(517): WP_Hook->do_action(Array)
#5 /home/isilgodevradar/public_html/wp-content/plugins/woocommerce/templates/myaccount/my-account.php(34): do_action('woocommerce_acc...')
#6 /home/isilgodevradar/public_html/wp-content/plugins/woocommerce/includes/wc-core-functions.php(345): include('/home/isilgodev...')
#7 /home/isilgodevradar/public_html/wp-content/plugins/woocommerce/includes/shortcodes/class-wc-shortcode-my-account.php(123): wc_get_template('myaccount/my-ac...', Array)
#8 /home/isilgodevradar/public_html/wp-content/plugins/woocommerce/includes/shortcodes/class-wc-shortcode-my-account.php(72): WC_Shortcode_My_Account::my_account('')
#9 /home/isilgodevradar/public_html/wp-content/plugins/woocommerce/includes/class-wc-shortcodes.php(72): WC_Shortcode_My_Account::output('')
#10 /home/isilgodevradar/public_html/wp-content/plugins/woocommerce/includes/class-wc-shortcodes.php(115): WC_Shortcodes::shortcode_wrapper(Array, '')
#11 /home/isilgodevradar/public_html/wp-includes/shortcodes.php(395): WC_Shortcodes::my_account('', '', 'woocommerce_my_...')
#12 [internal function]: do_shortcode_tag(Array)
#13 /home/isilgodevradar/public_html/wp-includes/shortcodes.php(235): preg_replace_callback('/\\[(\\[?)(woocom...', 'do_shortcode_ta...', '[woocommerce_my...')
#14 /home/isilgodevradar/public_html/wp-includes/class-wp-hook.php(310): do_shortcode('[woocommerce_my...')
#15 /home/isilgodevradar/public_html/wp-includes/plugin.php(205): WP_Hook->apply_filters('[woocommerce_my...', Array)
#16 /home/isilgodevradar/public_html/wp-includes/post-template.php(256): apply_filters('the_content', '<!-- wp:shortco...')
#17 /home/isilgodevradar/public_html/wp-content/themes/isilgo/page.php(35): the_content()
#18 /home/isilgodevradar/public_html/wp-includes/template-loader.php(106): include('/home/isilgodev...')
#19 /home/isilgodevradar/public_html/wp-blog-header.php(19): require_once('/home/isilgodev...')
#20 /home/isilgodevradar/public_html/index.php(17): require('/home/isilgodev...')
#21 {main}
  thrown en /home/isilgodevradar/public_html/wp-content/themes/isilgo/woocommerce/myaccount/dashboard.php en la línea 73

2023-09-12T00:05:36+00:00 CRITICAL Uncaught Error: Call to a member function get_items() on array in /home/isilgodevradar/public_html/wp-content/themes/isilgo/woocommerce/myaccount/dashboard.php:73
Stack trace:
#0 /home/isilgodevradar/public_html/wp-content/plugins/woocommerce/includes/wc-core-functions.php(345): include()
#1 /home/isilgodevradar/public_html/wp-content/plugins/woocommerce/includes/wc-template-functions.php(3223): wc_get_template('myaccount/dashb...', Array)
#2 /home/isilgodevradar/public_html/wp-includes/class-wp-hook.php(310): woocommerce_account_content('')
#3 /home/isilgodevradar/public_html/wp-includes/class-wp-hook.php(334): WP_Hook->apply_filters(NULL, Array)
#4 /home/isilgodevradar/public_html/wp-includes/plugin.php(517): WP_Hook->do_action(Array)
#5 /home/isilgodevradar/public_html/wp-content/plugins/woocommerce/templates/myaccount/my-account.php(34): do_action('woocommerce_acc...')
#6 /home/isilgodevradar/public_html/wp-content/plugins/woocommerce/includes/wc-core-functions.php(345): include('/home/isilgodev...')
#7 /home/isilgodevradar/public_html/wp-content/plugins/woocommerce/includes/shortcodes/class-wc-shortcode-my-account.php(123): wc_get_template('myaccount/my-ac...', Array)
#8 /home/isilgodevradar/public_html/wp-content/plugins/woocommerce/includes/shortcodes/class-wc-shortcode-my-account.php(72): WC_Shortcode_My_Account::my_account('')
#9 /home/isilgodevradar/public_html/wp-content/plugins/woocommerce/includes/class-wc-shortcodes.php(72): WC_Shortcode_My_Account::output('')
#10 /home/isilgodevradar/public_html/wp-content/plugins/woocommerce/includes/class-wc-shortcodes.php(115): WC_Shortcodes::shortcode_wrapper(Array, '')
#11 /home/isilgodevradar/public_html/wp-includes/shortcodes.php(395): WC_Shortcodes::my_account('', '', 'woocommerce_my_...')
#12 [internal function]: do_shortcode_tag(Array)
#13 /home/isilgodevradar/public_html/wp-includes/shortcodes.php(235): preg_replace_callback('/\\[(\\[?)(woocom...', 'do_shortcode_ta...', '[woocommerce_my...')
#14 /home/isilgodevradar/public_html/wp-includes/class-wp-hook.php(310): do_shortcode('[woocommerce_my...')
#15 /home/isilgodevradar/public_html/wp-includes/plugin.php(205): WP_Hook->apply_filters('[woocommerce_my...', Array)
#16 /home/isilgodevradar/public_html/wp-includes/post-template.php(256): apply_filters('the_content', '<!-- wp:shortco...')
#17 /home/isilgodevradar/public_html/wp-content/themes/isilgo/page.php(35): the_content()
#18 /home/isilgodevradar/public_html/wp-includes/template-loader.php(106): include('/home/isilgodev...')
#19 /home/isilgodevradar/public_html/wp-blog-header.php(19): require_once('/home/isilgodev...')
#20 /home/isilgodevradar/public_html/index.php(17): require('/home/isilgodev...')
#21 {main}
  thrown en /home/isilgodevradar/public_html/wp-content/themes/isilgo/woocommerce/myaccount/dashboard.php en la línea 73

2023-09-12T00:07:47+00:00 CRITICAL Uncaught Error: Call to a member function get_items() on array in /home/isilgodevradar/public_html/wp-content/themes/isilgo/woocommerce/myaccount/dashboard.php:73
Stack trace:
#0 /home/isilgodevradar/public_html/wp-content/plugins/woocommerce/includes/wc-core-functions.php(345): include()
#1 /home/isilgodevradar/public_html/wp-content/plugins/woocommerce/includes/wc-template-functions.php(3223): wc_get_template('myaccount/dashb...', Array)
#2 /home/isilgodevradar/public_html/wp-includes/class-wp-hook.php(310): woocommerce_account_content('')
#3 /home/isilgodevradar/public_html/wp-includes/class-wp-hook.php(334): WP_Hook->apply_filters(NULL, Array)
#4 /home/isilgodevradar/public_html/wp-includes/plugin.php(517): WP_Hook->do_action(Array)
#5 /home/isilgodevradar/public_html/wp-content/plugins/woocommerce/templates/myaccount/my-account.php(34): do_action('woocommerce_acc...')
#6 /home/isilgodevradar/public_html/wp-content/plugins/woocommerce/includes/wc-core-functions.php(345): include('/home/isilgodev...')
#7 /home/isilgodevradar/public_html/wp-content/plugins/woocommerce/includes/shortcodes/class-wc-shortcode-my-account.php(123): wc_get_template('myaccount/my-ac...', Array)
#8 /home/isilgodevradar/public_html/wp-content/plugins/woocommerce/includes/shortcodes/class-wc-shortcode-my-account.php(72): WC_Shortcode_My_Account::my_account('')
#9 /home/isilgodevradar/public_html/wp-content/plugins/woocommerce/includes/class-wc-shortcodes.php(72): WC_Shortcode_My_Account::output('')
#10 /home/isilgodevradar/public_html/wp-content/plugins/woocommerce/includes/class-wc-shortcodes.php(115): WC_Shortcodes::shortcode_wrapper(Array, '')
#11 /home/isilgodevradar/public_html/wp-includes/shortcodes.php(395): WC_Shortcodes::my_account('', '', 'woocommerce_my_...')
#12 [internal function]: do_shortcode_tag(Array)
#13 /home/isilgodevradar/public_html/wp-includes/shortcodes.php(235): preg_replace_callback('/\\[(\\[?)(woocom...', 'do_shortcode_ta...', '[woocommerce_my...')
#14 /home/isilgodevradar/public_html/wp-includes/class-wp-hook.php(310): do_shortcode('[woocommerce_my...')
#15 /home/isilgodevradar/public_html/wp-includes/plugin.php(205): WP_Hook->apply_filters('[woocommerce_my...', Array)
#16 /home/isilgodevradar/public_html/wp-includes/post-template.php(256): apply_filters('the_content', '<!-- wp:shortco...')
#17 /home/isilgodevradar/public_html/wp-content/themes/isilgo/page.php(35): the_content()
#18 /home/isilgodevradar/public_html/wp-includes/template-loader.php(106): include('/home/isilgodev...')
#19 /home/isilgodevradar/public_html/wp-blog-header.php(19): require_once('/home/isilgodev...')
#20 /home/isilgodevradar/public_html/index.php(17): require('/home/isilgodev...')
#21 {main}
  thrown en /home/isilgodevradar/public_html/wp-content/themes/isilgo/woocommerce/myaccount/dashboard.php en la línea 73

2023-09-12T12:56:15+00:00 CRITICAL Uncaught TypeError: date(): Argument #2 ($timestamp) must be of type ?int, string given in /home/isilgodevradar/public_html/wp-content/plugins/radar_salesforce/radar_salesforce.php:227
Stack trace:
#0 /home/isilgodevradar/public_html/wp-content/plugins/radar_salesforce/radar_salesforce.php(227): date('d/m/Y', '')
#1 /home/isilgodevradar/public_html/wp-includes/class-wp-hook.php(310): custom_user_profile_fields(83)
#2 /home/isilgodevradar/public_html/wp-includes/class-wp-hook.php(334): WP_Hook->apply_filters('', Array)
#3 /home/isilgodevradar/public_html/wp-includes/plugin.php(517): WP_Hook->do_action(Array)
#4 /home/isilgodevradar/public_html/wp-content/plugins/woocommerce/includes/class-wc-form-handler.php(348): do_action('woocommerce_sav...', 83)
#5 /home/isilgodevradar/public_html/wp-includes/class-wp-hook.php(310): WC_Form_Handler::save_account_details('')
#6 /home/isilgodevradar/public_html/wp-includes/class-wp-hook.php(334): WP_Hook->apply_filters(NULL, Array)
#7 /home/isilgodevradar/public_html/wp-includes/plugin.php(517): WP_Hook->do_action(Array)
#8 /home/isilgodevradar/public_html/wp-includes/template-loader.php(13): do_action('template_redire...')
#9 /home/isilgodevradar/public_html/wp-blog-header.php(19): require_once('/home/isilgodev...')
#10 /home/isilgodevradar/public_html/index.php(17): require('/home/isilgodev...')
#11 {main}
  thrown en /home/isilgodevradar/public_html/wp-content/plugins/radar_salesforce/radar_salesforce.php en la línea 227

2023-09-12T12:57:58+00:00 CRITICAL Uncaught TypeError: date(): Argument #2 ($timestamp) must be of type ?int, string given in /home/isilgodevradar/public_html/wp-content/plugins/radar_salesforce/radar_salesforce.php:220
Stack trace:
#0 /home/isilgodevradar/public_html/wp-content/plugins/radar_salesforce/radar_salesforce.php(220): date('d/m/Y', '')
#1 /home/isilgodevradar/public_html/wp-includes/class-wp-hook.php(310): custom_user_profile_fields(83)
#2 /home/isilgodevradar/public_html/wp-includes/class-wp-hook.php(334): WP_Hook->apply_filters('', Array)
#3 /home/isilgodevradar/public_html/wp-includes/plugin.php(517): WP_Hook->do_action(Array)
#4 /home/isilgodevradar/public_html/wp-content/plugins/woocommerce/includes/class-wc-form-handler.php(348): do_action('woocommerce_sav...', 83)
#5 /home/isilgodevradar/public_html/wp-includes/class-wp-hook.php(310): WC_Form_Handler::save_account_details('')
#6 /home/isilgodevradar/public_html/wp-includes/class-wp-hook.php(334): WP_Hook->apply_filters(NULL, Array)
#7 /home/isilgodevradar/public_html/wp-includes/plugin.php(517): WP_Hook->do_action(Array)
#8 /home/isilgodevradar/public_html/wp-includes/template-loader.php(13): do_action('template_redire...')
#9 /home/isilgodevradar/public_html/wp-blog-header.php(19): require_once('/home/isilgodev...')
#10 /home/isilgodevradar/public_html/index.php(17): require('/home/isilgodev...')
#11 {main}
  thrown en /home/isilgodevradar/public_html/wp-content/plugins/radar_salesforce/radar_salesforce.php en la línea 220

2023-09-12T12:59:11+00:00 CRITICAL Uncaught TypeError: date(): Argument #2 ($timestamp) must be of type ?int, string given in /home/isilgodevradar/public_html/wp-content/plugins/radar_salesforce/radar_salesforce.php:221
Stack trace:
#0 /home/isilgodevradar/public_html/wp-content/plugins/radar_salesforce/radar_salesforce.php(221): date('d/m/Y', '')
#1 /home/isilgodevradar/public_html/wp-includes/class-wp-hook.php(310): custom_user_profile_fields(83)
#2 /home/isilgodevradar/public_html/wp-includes/class-wp-hook.php(334): WP_Hook->apply_filters('', Array)
#3 /home/isilgodevradar/public_html/wp-includes/plugin.php(517): WP_Hook->do_action(Array)
#4 /home/isilgodevradar/public_html/wp-content/plugins/woocommerce/includes/class-wc-form-handler.php(348): do_action('woocommerce_sav...', 83)
#5 /home/isilgodevradar/public_html/wp-includes/class-wp-hook.php(310): WC_Form_Handler::save_account_details('')
#6 /home/isilgodevradar/public_html/wp-includes/class-wp-hook.php(334): WP_Hook->apply_filters(NULL, Array)
#7 /home/isilgodevradar/public_html/wp-includes/plugin.php(517): WP_Hook->do_action(Array)
#8 /home/isilgodevradar/public_html/wp-includes/template-loader.php(13): do_action('template_redire...')
#9 /home/isilgodevradar/public_html/wp-blog-header.php(19): require_once('/home/isilgodev...')
#10 /home/isilgodevradar/public_html/index.php(17): require('/home/isilgodev...')
#11 {main}
  thrown en /home/isilgodevradar/public_html/wp-content/plugins/radar_salesforce/radar_salesforce.php en la línea 221

2023-09-12T12:59:24+00:00 CRITICAL Uncaught TypeError: date(): Argument #2 ($timestamp) must be of type ?int, string given in /home/isilgodevradar/public_html/wp-content/plugins/radar_salesforce/radar_salesforce.php:221
Stack trace:
#0 /home/isilgodevradar/public_html/wp-content/plugins/radar_salesforce/radar_salesforce.php(221): date('d/m/Y', '2023-09-14')
#1 /home/isilgodevradar/public_html/wp-includes/class-wp-hook.php(310): custom_user_profile_fields(83)
#2 /home/isilgodevradar/public_html/wp-includes/class-wp-hook.php(334): WP_Hook->apply_filters('', Array)
#3 /home/isilgodevradar/public_html/wp-includes/plugin.php(517): WP_Hook->do_action(Array)
#4 /home/isilgodevradar/public_html/wp-content/plugins/woocommerce/includes/class-wc-form-handler.php(348): do_action('woocommerce_sav...', 83)
#5 /home/isilgodevradar/public_html/wp-includes/class-wp-hook.php(310): WC_Form_Handler::save_account_details('')
#6 /home/isilgodevradar/public_html/wp-includes/class-wp-hook.php(334): WP_Hook->apply_filters(NULL, Array)
#7 /home/isilgodevradar/public_html/wp-includes/plugin.php(517): WP_Hook->do_action(Array)
#8 /home/isilgodevradar/public_html/wp-includes/template-loader.php(13): do_action('template_redire...')
#9 /home/isilgodevradar/public_html/wp-blog-header.php(19): require_once('/home/isilgodev...')
#10 /home/isilgodevradar/public_html/index.php(17): require('/home/isilgodev...')
#11 {main}
  thrown en /home/isilgodevradar/public_html/wp-content/plugins/radar_salesforce/radar_salesforce.php en la línea 221

2023-09-12T13:34:13+00:00 CRITICAL Uncaught Error: Call to a member function get_name() on bool in /home/isilgodevradar/public_html/wp-content/themes/isilgo/functions.php:692
Stack trace:
#0 /home/isilgodevradar/public_html/wp-includes/class-wp-hook.php(312): completa_regalo(1098, 'pending')
#1 /home/isilgodevradar/public_html/wp-includes/class-wp-hook.php(334): WP_Hook->apply_filters('', Array)
#2 /home/isilgodevradar/public_html/wp-includes/plugin.php(517): WP_Hook->do_action(Array)
#3 /home/isilgodevradar/public_html/wp-content/plugins/woocommerce/includes/class-wc-order.php(405): do_action('woocommerce_ord...', 1098, 'pending', 'completed', Object(WC_Order))
#4 /home/isilgodevradar/public_html/wp-content/plugins/woocommerce/includes/class-wc-order.php(253): WC_Order->status_transition()
#5 /home/isilgodevradar/public_html/wp-content/plugins/woocommerce/includes/class-wc-order.php(365): WC_Order->save()
#6 /home/isilgodevradar/public_html/wp-content/plugins/niubiz_woocommerce/index.php(466): WC_Order->update_status('completed')
#7 /home/isilgodevradar/public_html/wp-includes/class-wp-hook.php(310): WC_Niubiz->thankyou_page(1098)
#8 /home/isilgodevradar/public_html/wp-includes/class-wp-hook.php(334): WP_Hook->apply_filters('', Array)
#9 /home/isilgodevradar/public_html/wp-includes/plugin.php(517): WP_Hook->do_action(Array)
#10 /home/isilgodevradar/public_html/wp-content/themes/isilgo/woocommerce/checkout/thankyou.php(63): do_action('woocommerce_tha...', 1098)
#11 /home/isilgodevradar/public_html/wp-content/plugins/woocommerce/includes/wc-core-functions.php(345): include('/home/isilgodev...')
#12 /home/isilgodevradar/public_html/wp-content/plugins/woocommerce/includes/shortcodes/class-wc-shortcode-checkout.php(322): wc_get_template('checkout/thanky...', Array)
#13 /home/isilgodevradar/public_html/wp-content/plugins/woocommerce/includes/shortcodes/class-wc-shortcode-checkout.php(63): WC_Shortcode_Checkout::order_received(1098)
#14 /home/isilgodevradar/public_html/wp-content/plugins/woocommerce/includes/class-wc-shortcodes.php(72): WC_Shortcode_Checkout::output('')
#15 /home/isilgodevradar/public_html/wp-content/plugins/woocommerce/includes/class-wc-shortcodes.php(95): WC_Shortcodes::shortcode_wrapper(Array, '')
#16 /home/isilgodevradar/public_html/wp-includes/shortcodes.php(395): WC_Shortcodes::checkout('', '', 'woocommerce_che...')
#17 [internal function]: do_shortcode_tag(Array)
#18 /home/isilgodevradar/public_html/wp-includes/shortcodes.php(235): preg_replace_callback('/\\[(\\[?)(woocom...', 'do_shortcode_ta...', '[woocommerce_ch...')
#19 /home/isilgodevradar/public_html/wp-includes/class-wp-hook.php(310): do_shortcode('[woocommerce_ch...')
#20 /home/isilgodevradar/public_html/wp-includes/plugin.php(205): WP_Hook->apply_filters('[woocommerce_ch...', Array)
#21 /home/isilgodevradar/public_html/wp-includes/post-template.php(256): apply_filters('the_content', '<!-- wp:shortco...')
#22 /home/isilgodevradar/public_html/wp-content/themes/isilgo/page.php(35): the_content()
#23 /home/isilgodevradar/public_html/wp-includes/template-loader.php(106): include('/home/isilgodev...')
#24 /home/isilgodevradar/public_html/wp-blog-header.php(19): require_once('/home/isilgodev...')
#25 /home/isilgodevradar/public_html/index.php(17): require('/home/isilgodev...')
#26 {main}
  thrown en /home/isilgodevradar/public_html/wp-content/themes/isilgo/functions.php en la línea 692

2023-09-12T14:52:13+00:00 CRITICAL Uncaught TypeError: Cannot access offset of type string on string in /home/isilgodevradar/public_html/wp-content/plugins/woocommerce/src/Admin/API/Reports/PerformanceIndicators/Controller.php:134
Stack trace:
#0 /home/isilgodevradar/public_html/wp-content/plugins/woocommerce/src/Admin/API/Reports/PerformanceIndicators/Controller.php(255): Automattic\WooCommerce\Admin\API\Reports\PerformanceIndicators\Controller->get_analytics_report_data()
#1 /home/isilgodevradar/public_html/wp-content/plugins/woocommerce/src/Admin/API/Reports/PerformanceIndicators/Controller.php(631): Automattic\WooCommerce\Admin\API\Reports\PerformanceIndicators\Controller->get_indicator_data()
#2 /home/isilgodevradar/public_html/wp-content/plugins/woocommerce/includes/rest-api/Controllers/Version1/class-wc-rest-reports-v1-controller.php(48): Automattic\WooCommerce\Admin\API\Reports\PerformanceIndicators\Controller->get_collection_params()
#3 /home/isilgodevradar/public_html/wp-content/plugins/woocommerce/src/Admin/API/Reports/PerformanceIndicators/Controller.php(85): WC_REST_Reports_V1_Controller->register_routes()
#4 /home/isilgodevradar/public_html/wp-content/plugins/woocommerce/src/Admin/API/Init.php(147): Automattic\WooCommerce\Admin\API\Reports\PerformanceIndicators\Controller->register_routes()
#5 /home/isilgodevradar/public_html/wp-includes/class-wp-hook.php(310): Automattic\WooCommerce\Admin\API\Init->rest_api_init(Object(WP_REST_Server))
#6 /home/isilgodevradar/public_html/wp-includes/class-wp-hook.php(334): WP_Hook->apply_filters(NULL, Array)
#7 /home/isilgodevradar/public_html/wp-includes/plugin.php(517): WP_Hook->do_action(Array)
#8 /home/isilgodevradar/public_html/wp-includes/rest-api.php(587): do_action('rest_api_init', Object(WP_REST_Server))
#9 /home/isilgodevradar/public_html/wp-includes/rest-api.php(411): rest_get_server()
#10 /home/isilgodevradar/public_html/wp-includes/class-wp-hook.php(310): rest_api_loaded(Object(WP))
#11 /home/isilgodevradar/public_html/wp-includes/class-wp-hook.php(334): WP_Hook->apply_filters(NULL, Array)
#12 /home/isilgodevradar/public_html/wp-includes/plugin.php(565): WP_Hook->do_action(Array)
#13 /home/isilgodevradar/public_html/wp-includes/class-wp.php(398): do_action_ref_array('parse_request', Array)
#14 /home/isilgodevradar/public_html/wp-includes/class-wp.php(779): WP->parse_request('')
#15 /home/isilgodevradar/public_html/wp-includes/functions.php(1335): WP->main('')
#16 /home/isilgodevradar/public_html/wp-blog-header.php(16): wp()
#17 /home/isilgodevradar/public_html/index.php(17): require('/home/isilgodev...')
#18 {main}
  thrown en /home/isilgodevradar/public_html/wp-content/plugins/woocommerce/src/Admin/API/Reports/PerformanceIndicators/Controller.php en la línea 134

2023-09-12T15:15:23+00:00 CRITICAL Uncaught TypeError: Cannot access offset of type string on string in /home/isilgodevradar/public_html/wp-content/plugins/woocommerce/src/Admin/API/Reports/PerformanceIndicators/Controller.php:134
Stack trace:
#0 /home/isilgodevradar/public_html/wp-content/plugins/woocommerce/src/Admin/API/Reports/PerformanceIndicators/Controller.php(255): Automattic\WooCommerce\Admin\API\Reports\PerformanceIndicators\Controller->get_analytics_report_data()
#1 /home/isilgodevradar/public_html/wp-content/plugins/woocommerce/src/Admin/API/Reports/PerformanceIndicators/Controller.php(631): Automattic\WooCommerce\Admin\API\Reports\PerformanceIndicators\Controller->get_indicator_data()
#2 /home/isilgodevradar/public_html/wp-content/plugins/woocommerce/includes/rest-api/Controllers/Version1/class-wc-rest-reports-v1-controller.php(48): Automattic\WooCommerce\Admin\API\Reports\PerformanceIndicators\Controller->get_collection_params()
#3 /home/isilgodevradar/public_html/wp-content/plugins/woocommerce/src/Admin/API/Reports/PerformanceIndicators/Controller.php(85): WC_REST_Reports_V1_Controller->register_routes()
#4 /home/isilgodevradar/public_html/wp-content/plugins/woocommerce/src/Admin/API/Init.php(147): Automattic\WooCommerce\Admin\API\Reports\PerformanceIndicators\Controller->register_routes()
#5 /home/isilgodevradar/public_html/wp-includes/class-wp-hook.php(310): Automattic\WooCommerce\Admin\API\Init->rest_api_init(Object(WP_REST_Server))
#6 /home/isilgodevradar/public_html/wp-includes/class-wp-hook.php(334): WP_Hook->apply_filters(NULL, Array)
#7 /home/isilgodevradar/public_html/wp-includes/plugin.php(517): WP_Hook->do_action(Array)
#8 /home/isilgodevradar/public_html/wp-includes/rest-api.php(587): do_action('rest_api_init', Object(WP_REST_Server))
#9 /home/isilgodevradar/public_html/wp-includes/rest-api.php(411): rest_get_server()
#10 /home/isilgodevradar/public_html/wp-includes/class-wp-hook.php(310): rest_api_loaded(Object(WP))
#11 /home/isilgodevradar/public_html/wp-includes/class-wp-hook.php(334): WP_Hook->apply_filters(NULL, Array)
#12 /home/isilgodevradar/public_html/wp-includes/plugin.php(565): WP_Hook->do_action(Array)
#13 /home/isilgodevradar/public_html/wp-includes/class-wp.php(398): do_action_ref_array('parse_request', Array)
#14 /home/isilgodevradar/public_html/wp-includes/class-wp.php(779): WP->parse_request('')
#15 /home/isilgodevradar/public_html/wp-includes/functions.php(1335): WP->main('')
#16 /home/isilgodevradar/public_html/wp-blog-header.php(16): wp()
#17 /home/isilgodevradar/public_html/index.php(17): require('/home/isilgodev...')
#18 {main}
  thrown en /home/isilgodevradar/public_html/wp-content/plugins/woocommerce/src/Admin/API/Reports/PerformanceIndicators/Controller.php en la línea 134

2023-09-12T15:20:01+00:00 CRITICAL Uncaught TypeError: Cannot access offset of type string on string in /home/isilgodevradar/public_html/wp-content/plugins/woocommerce/src/Admin/API/Reports/PerformanceIndicators/Controller.php:134
Stack trace:
#0 /home/isilgodevradar/public_html/wp-content/plugins/woocommerce/src/Admin/API/Reports/PerformanceIndicators/Controller.php(255): Automattic\WooCommerce\Admin\API\Reports\PerformanceIndicators\Controller->get_analytics_report_data()
#1 /home/isilgodevradar/public_html/wp-content/plugins/woocommerce/src/Admin/API/Reports/PerformanceIndicators/Controller.php(631): Automattic\WooCommerce\Admin\API\Reports\PerformanceIndicators\Controller->get_indicator_data()
#2 /home/isilgodevradar/public_html/wp-content/plugins/woocommerce/includes/rest-api/Controllers/Version1/class-wc-rest-reports-v1-controller.php(48): Automattic\WooCommerce\Admin\API\Reports\PerformanceIndicators\Controller->get_collection_params()
#3 /home/isilgodevradar/public_html/wp-content/plugins/woocommerce/src/Admin/API/Reports/PerformanceIndicators/Controller.php(85): WC_REST_Reports_V1_Controller->register_routes()
#4 /home/isilgodevradar/public_html/wp-content/plugins/woocommerce/src/Admin/API/Init.php(147): Automattic\WooCommerce\Admin\API\Reports\PerformanceIndicators\Controller->register_routes()
#5 /home/isilgodevradar/public_html/wp-includes/class-wp-hook.php(310): Automattic\WooCommerce\Admin\API\Init->rest_api_init(Object(WP_REST_Server))
#6 /home/isilgodevradar/public_html/wp-includes/class-wp-hook.php(334): WP_Hook->apply_filters(NULL, Array)
#7 /home/isilgodevradar/public_html/wp-includes/plugin.php(517): WP_Hook->do_action(Array)
#8 /home/isilgodevradar/public_html/wp-includes/rest-api.php(587): do_action('rest_api_init', Object(WP_REST_Server))
#9 /home/isilgodevradar/public_html/wp-includes/rest-api.php(411): rest_get_server()
#10 /home/isilgodevradar/public_html/wp-includes/class-wp-hook.php(310): rest_api_loaded(Object(WP))
#11 /home/isilgodevradar/public_html/wp-includes/class-wp-hook.php(334): WP_Hook->apply_filters(NULL, Array)
#12 /home/isilgodevradar/public_html/wp-includes/plugin.php(565): WP_Hook->do_action(Array)
#13 /home/isilgodevradar/public_html/wp-includes/class-wp.php(398): do_action_ref_array('parse_request', Array)
#14 /home/isilgodevradar/public_html/wp-includes/class-wp.php(779): WP->parse_request('')
#15 /home/isilgodevradar/public_html/wp-includes/functions.php(1335): WP->main('')
#16 /home/isilgodevradar/public_html/wp-blog-header.php(16): wp()
#17 /home/isilgodevradar/public_html/index.php(17): require('/home/isilgodev...')
#18 {main}
  thrown en /home/isilgodevradar/public_html/wp-content/plugins/woocommerce/src/Admin/API/Reports/PerformanceIndicators/Controller.php en la línea 134

2023-09-12T16:31:17+00:00 CRITICAL Uncaught TypeError: Cannot access offset of type string on string in /home/isilgodevradar/public_html/wp-content/plugins/woocommerce/src/Admin/API/Reports/PerformanceIndicators/Controller.php:134
Stack trace:
#0 /home/isilgodevradar/public_html/wp-content/plugins/woocommerce/src/Admin/API/Reports/PerformanceIndicators/Controller.php(255): Automattic\WooCommerce\Admin\API\Reports\PerformanceIndicators\Controller->get_analytics_report_data()
#1 /home/isilgodevradar/public_html/wp-content/plugins/woocommerce/src/Admin/API/Reports/PerformanceIndicators/Controller.php(631): Automattic\WooCommerce\Admin\API\Reports\PerformanceIndicators\Controller->get_indicator_data()
#2 /home/isilgodevradar/public_html/wp-content/plugins/woocommerce/includes/rest-api/Controllers/Version1/class-wc-rest-reports-v1-controller.php(48): Automattic\WooCommerce\Admin\API\Reports\PerformanceIndicators\Controller->get_collection_params()
#3 /home/isilgodevradar/public_html/wp-content/plugins/woocommerce/src/Admin/API/Reports/PerformanceIndicators/Controller.php(85): WC_REST_Reports_V1_Controller->register_routes()
#4 /home/isilgodevradar/public_html/wp-content/plugins/woocommerce/src/Admin/API/Init.php(147): Automattic\WooCommerce\Admin\API\Reports\PerformanceIndicators\Controller->register_routes()
#5 /home/isilgodevradar/public_html/wp-includes/class-wp-hook.php(310): Automattic\WooCommerce\Admin\API\Init->rest_api_init(Object(WP_REST_Server))
#6 /home/isilgodevradar/public_html/wp-includes/class-wp-hook.php(334): WP_Hook->apply_filters(NULL, Array)
#7 /home/isilgodevradar/public_html/wp-includes/plugin.php(517): WP_Hook->do_action(Array)
#8 /home/isilgodevradar/public_html/wp-includes/rest-api.php(587): do_action('rest_api_init', Object(WP_REST_Server))
#9 /home/isilgodevradar/public_html/wp-includes/rest-api.php(411): rest_get_server()
#10 /home/isilgodevradar/public_html/wp-includes/class-wp-hook.php(310): rest_api_loaded(Object(WP))
#11 /home/isilgodevradar/public_html/wp-includes/class-wp-hook.php(334): WP_Hook->apply_filters(NULL, Array)
#12 /home/isilgodevradar/public_html/wp-includes/plugin.php(565): WP_Hook->do_action(Array)
#13 /home/isilgodevradar/public_html/wp-includes/class-wp.php(398): do_action_ref_array('parse_request', Array)
#14 /home/isilgodevradar/public_html/wp-includes/class-wp.php(779): WP->parse_request('')
#15 /home/isilgodevradar/public_html/wp-includes/functions.php(1335): WP->main('')
#16 /home/isilgodevradar/public_html/wp-blog-header.php(16): wp()
#17 /home/isilgodevradar/public_html/index.php(17): require('/home/isilgodev...')
#18 {main}
  thrown en /home/isilgodevradar/public_html/wp-content/plugins/woocommerce/src/Admin/API/Reports/PerformanceIndicators/Controller.php en la línea 134

2023-09-12T16:31:36+00:00 CRITICAL Uncaught TypeError: Cannot access offset of type string on string in /home/isilgodevradar/public_html/wp-content/plugins/woocommerce/src/Admin/API/Reports/PerformanceIndicators/Controller.php:134
Stack trace:
#0 /home/isilgodevradar/public_html/wp-content/plugins/woocommerce/src/Admin/API/Reports/PerformanceIndicators/Controller.php(255): Automattic\WooCommerce\Admin\API\Reports\PerformanceIndicators\Controller->get_analytics_report_data()
#1 /home/isilgodevradar/public_html/wp-content/plugins/woocommerce/src/Admin/API/Reports/PerformanceIndicators/Controller.php(631): Automattic\WooCommerce\Admin\API\Reports\PerformanceIndicators\Controller->get_indicator_data()
#2 /home/isilgodevradar/public_html/wp-content/plugins/woocommerce/includes/rest-api/Controllers/Version1/class-wc-rest-reports-v1-controller.php(48): Automattic\WooCommerce\Admin\API\Reports\PerformanceIndicators\Controller->get_collection_params()
#3 /home/isilgodevradar/public_html/wp-content/plugins/woocommerce/src/Admin/API/Reports/PerformanceIndicators/Controller.php(85): WC_REST_Reports_V1_Controller->register_routes()
#4 /home/isilgodevradar/public_html/wp-content/plugins/woocommerce/src/Admin/API/Init.php(147): Automattic\WooCommerce\Admin\API\Reports\PerformanceIndicators\Controller->register_routes()
#5 /home/isilgodevradar/public_html/wp-includes/class-wp-hook.php(310): Automattic\WooCommerce\Admin\API\Init->rest_api_init(Object(WP_REST_Server))
#6 /home/isilgodevradar/public_html/wp-includes/class-wp-hook.php(334): WP_Hook->apply_filters(NULL, Array)
#7 /home/isilgodevradar/public_html/wp-includes/plugin.php(517): WP_Hook->do_action(Array)
#8 /home/isilgodevradar/public_html/wp-includes/rest-api.php(587): do_action('rest_api_init', Object(WP_REST_Server))
#9 /home/isilgodevradar/public_html/wp-includes/rest-api.php(411): rest_get_server()
#10 /home/isilgodevradar/public_html/wp-includes/class-wp-hook.php(310): rest_api_loaded(Object(WP))
#11 /home/isilgodevradar/public_html/wp-includes/class-wp-hook.php(334): WP_Hook->apply_filters(NULL, Array)
#12 /home/isilgodevradar/public_html/wp-includes/plugin.php(565): WP_Hook->do_action(Array)
#13 /home/isilgodevradar/public_html/wp-includes/class-wp.php(398): do_action_ref_array('parse_request', Array)
#14 /home/isilgodevradar/public_html/wp-includes/class-wp.php(779): WP->parse_request('')
#15 /home/isilgodevradar/public_html/wp-includes/functions.php(1335): WP->main('')
#16 /home/isilgodevradar/public_html/wp-blog-header.php(16): wp()
#17 /home/isilgodevradar/public_html/index.php(17): require('/home/isilgodev...')
#18 {main}
  thrown en /home/isilgodevradar/public_html/wp-content/plugins/woocommerce/src/Admin/API/Reports/PerformanceIndicators/Controller.php en la línea 134

2023-09-12T16:34:55+00:00 CRITICAL Uncaught Error: Object of class WP_User could not be converted to string in /home/isilgodevradar/public_html/wp-content/themes/isilgo/functions.php:691
Stack trace:
#0 /home/isilgodevradar/public_html/wp-includes/class-wp-hook.php(312): completa_regalo(1104, 'pending')
#1 /home/isilgodevradar/public_html/wp-includes/class-wp-hook.php(334): WP_Hook->apply_filters('', Array)
#2 /home/isilgodevradar/public_html/wp-includes/plugin.php(517): WP_Hook->do_action(Array)
#3 /home/isilgodevradar/public_html/wp-content/plugins/woocommerce/includes/class-wc-order.php(405): do_action('woocommerce_ord...', 1104, 'pending', 'completed', Object(WC_Order))
#4 /home/isilgodevradar/public_html/wp-content/plugins/woocommerce/includes/class-wc-order.php(253): WC_Order->status_transition()
#5 /home/isilgodevradar/public_html/wp-content/plugins/woocommerce/includes/class-wc-order.php(365): WC_Order->save()
#6 /home/isilgodevradar/public_html/wp-content/plugins/niubiz_woocommerce/index.php(466): WC_Order->update_status('completed')
#7 /home/isilgodevradar/public_html/wp-includes/class-wp-hook.php(310): WC_Niubiz->thankyou_page(1104)
#8 /home/isilgodevradar/public_html/wp-includes/class-wp-hook.php(334): WP_Hook->apply_filters('', Array)
#9 /home/isilgodevradar/public_html/wp-includes/plugin.php(517): WP_Hook->do_action(Array)
#10 /home/isilgodevradar/public_html/wp-content/themes/isilgo/woocommerce/checkout/thankyou.php(63): do_action('woocommerce_tha...', 1104)
#11 /home/isilgodevradar/public_html/wp-content/plugins/woocommerce/includes/wc-core-functions.php(345): include('/home/isilgodev...')
#12 /home/isilgodevradar/public_html/wp-content/plugins/woocommerce/includes/shortcodes/class-wc-shortcode-checkout.php(322): wc_get_template('checkout/thanky...', Array)
#13 /home/isilgodevradar/public_html/wp-content/plugins/woocommerce/includes/shortcodes/class-wc-shortcode-checkout.php(63): WC_Shortcode_Checkout::order_received(1104)
#14 /home/isilgodevradar/public_html/wp-content/plugins/woocommerce/includes/class-wc-shortcodes.php(72): WC_Shortcode_Checkout::output('')
#15 /home/isilgodevradar/public_html/wp-content/plugins/woocommerce/includes/class-wc-shortcodes.php(95): WC_Shortcodes::shortcode_wrapper(Array, '')
#16 /home/isilgodevradar/public_html/wp-includes/shortcodes.php(395): WC_Shortcodes::checkout('', '', 'woocommerce_che...')
#17 [internal function]: do_shortcode_tag(Array)
#18 /home/isilgodevradar/public_html/wp-includes/shortcodes.php(235): preg_replace_callback('/\\[(\\[?)(woocom...', 'do_shortcode_ta...', '[woocommerce_ch...')
#19 /home/isilgodevradar/public_html/wp-includes/class-wp-hook.php(310): do_shortcode('[woocommerce_ch...')
#20 /home/isilgodevradar/public_html/wp-includes/plugin.php(205): WP_Hook->apply_filters('[woocommerce_ch...', Array)
#21 /home/isilgodevradar/public_html/wp-includes/post-template.php(256): apply_filters('the_content', '<!-- wp:shortco...')
#22 /home/isilgodevradar/public_html/wp-content/themes/isilgo/page.php(35): the_content()
#23 /home/isilgodevradar/public_html/wp-includes/template-loader.php(106): include('/home/isilgodev...')
#24 /home/isilgodevradar/public_html/wp-blog-header.php(19): require_once('/home/isilgodev...')
#25 /home/isilgodevradar/public_html/index.php(17): require('/home/isilgodev...')
#26 {main}
  thrown en /home/isilgodevradar/public_html/wp-content/themes/isilgo/functions.php en la línea 691

2023-09-12T16:46:51+00:00 CRITICAL Uncaught TypeError: Cannot access offset of type string on string in /home/isilgodevradar/public_html/wp-content/plugins/woocommerce/src/Admin/API/Reports/PerformanceIndicators/Controller.php:134
Stack trace:
#0 /home/isilgodevradar/public_html/wp-content/plugins/woocommerce/src/Admin/API/Reports/PerformanceIndicators/Controller.php(255): Automattic\WooCommerce\Admin\API\Reports\PerformanceIndicators\Controller->get_analytics_report_data()
#1 /home/isilgodevradar/public_html/wp-content/plugins/woocommerce/src/Admin/API/Reports/PerformanceIndicators/Controller.php(631): Automattic\WooCommerce\Admin\API\Reports\PerformanceIndicators\Controller->get_indicator_data()
#2 /home/isilgodevradar/public_html/wp-content/plugins/woocommerce/includes/rest-api/Controllers/Version1/class-wc-rest-reports-v1-controller.php(48): Automattic\WooCommerce\Admin\API\Reports\PerformanceIndicators\Controller->get_collection_params()
#3 /home/isilgodevradar/public_html/wp-content/plugins/woocommerce/src/Admin/API/Reports/PerformanceIndicators/Controller.php(85): WC_REST_Reports_V1_Controller->register_routes()
#4 /home/isilgodevradar/public_html/wp-content/plugins/woocommerce/src/Admin/API/Init.php(147): Automattic\WooCommerce\Admin\API\Reports\PerformanceIndicators\Controller->register_routes()
#5 /home/isilgodevradar/public_html/wp-includes/class-wp-hook.php(310): Automattic\WooCommerce\Admin\API\Init->rest_api_init(Object(WP_REST_Server))
#6 /home/isilgodevradar/public_html/wp-includes/class-wp-hook.php(334): WP_Hook->apply_filters(NULL, Array)
#7 /home/isilgodevradar/public_html/wp-includes/plugin.php(517): WP_Hook->do_action(Array)
#8 /home/isilgodevradar/public_html/wp-includes/rest-api.php(587): do_action('rest_api_init', Object(WP_REST_Server))
#9 /home/isilgodevradar/public_html/wp-includes/rest-api.php(411): rest_get_server()
#10 /home/isilgodevradar/public_html/wp-includes/class-wp-hook.php(310): rest_api_loaded(Object(WP))
#11 /home/isilgodevradar/public_html/wp-includes/class-wp-hook.php(334): WP_Hook->apply_filters(NULL, Array)
#12 /home/isilgodevradar/public_html/wp-includes/plugin.php(565): WP_Hook->do_action(Array)
#13 /home/isilgodevradar/public_html/wp-includes/class-wp.php(398): do_action_ref_array('parse_request', Array)
#14 /home/isilgodevradar/public_html/wp-includes/class-wp.php(779): WP->parse_request('')
#15 /home/isilgodevradar/public_html/wp-includes/functions.php(1335): WP->main('')
#16 /home/isilgodevradar/public_html/wp-blog-header.php(16): wp()
#17 /home/isilgodevradar/public_html/index.php(17): require('/home/isilgodev...')
#18 {main}
  thrown en /home/isilgodevradar/public_html/wp-content/plugins/woocommerce/src/Admin/API/Reports/PerformanceIndicators/Controller.php en la línea 134

2023-09-12T17:03:28+00:00 CRITICAL Uncaught Error: Object of class WP_User could not be converted to string in /home/isilgodevradar/public_html/wp-content/themes/isilgo/functions.php:741
Stack trace:
#0 /home/isilgodevradar/public_html/wp-content/themes/isilgo/functions.php(726): asocia_curso('509', Object(WP_User))
#1 /home/isilgodevradar/public_html/wp-includes/class-wp-hook.php(310): asocia_regalo('dr_hemmerick@ho...', Object(WP_User))
#2 /home/isilgodevradar/public_html/wp-includes/class-wp-hook.php(334): WP_Hook->apply_filters(NULL, Array)
#3 /home/isilgodevradar/public_html/wp-includes/plugin.php(517): WP_Hook->do_action(Array)
#4 /home/isilgodevradar/public_html/wp-content/plugins/miniorange-login-with-eve-online-google-facebook/classes/Standard/OAuthHandler/class-loginhandler.php(493): do_action('wp_login', 'dr_hemmerick@ho...', Object(WP_User))
#5 /home/isilgodevradar/public_html/wp-content/plugins/miniorange-login-with-eve-online-google-facebook/classes/common/Widget/class-loginhandler.php(771): MoOauthClient\Standard\LoginHandler->handle_sso('openidconnect', Array, Array, 'eyI2MTcwNzA2ZTY...', Array)
#6 /home/isilgodevradar/public_html/wp-content/plugins/miniorange-login-with-eve-online-google-facebook/classes/Premium/OAuthHandler/class-loginhandler.php(208): MoOauthClient\LoginHandler->mo_oauth_login_validate()
#7 /home/isilgodevradar/public_html/wp-content/plugins/miniorange-login-with-eve-online-google-facebook/classes/common/Widget/class-loginhandler.php(29): MoOauthClient\Premium\LoginHandler->mo_oauth_login_validate()
#8 /home/isilgodevradar/public_html/wp-includes/class-wp-hook.php(310): MoOauthClient\LoginHandler->mo_oauth_decide_flow('')
#9 /home/isilgodevradar/public_html/wp-includes/class-wp-hook.php(334): WP_Hook->apply_filters(NULL, Array)
#10 /home/isilgodevradar/public_html/wp-includes/plugin.php(517): WP_Hook->do_action(Array)
#11 /home/isilgodevradar/public_html/wp-settings.php(632): do_action('init')
#12 /home/isilgodevradar/public_html/wp-config.php(105): require_once('/home/isilgodev...')
#13 /home/isilgodevradar/public_html/wp-load.php(50): require_once('/home/isilgodev...')
#14 /home/isilgodevradar/public_html/wp-blog-header.php(13): require_once('/home/isilgodev...')
#15 /home/isilgodevradar/public_html/index.php(17): require('/home/isilgodev...')
#16 {main}
  thrown en /home/isilgodevradar/public_html/wp-content/themes/isilgo/functions.php en la línea 741

2023-09-12T18:15:29+00:00 CRITICAL Uncaught TypeError: Cannot access offset of type string on string in /home/isilgodevradar/public_html/wp-content/plugins/woocommerce/src/Admin/API/Reports/PerformanceIndicators/Controller.php:134
Stack trace:
#0 /home/isilgodevradar/public_html/wp-content/plugins/woocommerce/src/Admin/API/Reports/PerformanceIndicators/Controller.php(255): Automattic\WooCommerce\Admin\API\Reports\PerformanceIndicators\Controller->get_analytics_report_data()
#1 /home/isilgodevradar/public_html/wp-content/plugins/woocommerce/src/Admin/API/Reports/PerformanceIndicators/Controller.php(631): Automattic\WooCommerce\Admin\API\Reports\PerformanceIndicators\Controller->get_indicator_data()
#2 /home/isilgodevradar/public_html/wp-content/plugins/woocommerce/includes/rest-api/Controllers/Version1/class-wc-rest-reports-v1-controller.php(48): Automattic\WooCommerce\Admin\API\Reports\PerformanceIndicators\Controller->get_collection_params()
#3 /home/isilgodevradar/public_html/wp-content/plugins/woocommerce/src/Admin/API/Reports/PerformanceIndicators/Controller.php(85): WC_REST_Reports_V1_Controller->register_routes()
#4 /home/isilgodevradar/public_html/wp-content/plugins/woocommerce/src/Admin/API/Init.php(147): Automattic\WooCommerce\Admin\API\Reports\PerformanceIndicators\Controller->register_routes()
#5 /home/isilgodevradar/public_html/wp-includes/class-wp-hook.php(310): Automattic\WooCommerce\Admin\API\Init->rest_api_init(Object(WP_REST_Server))
#6 /home/isilgodevradar/public_html/wp-includes/class-wp-hook.php(334): WP_Hook->apply_filters(NULL, Array)
#7 /home/isilgodevradar/public_html/wp-includes/plugin.php(517): WP_Hook->do_action(Array)
#8 /home/isilgodevradar/public_html/wp-includes/rest-api.php(587): do_action('rest_api_init', Object(WP_REST_Server))
#9 /home/isilgodevradar/public_html/wp-includes/rest-api.php(411): rest_get_server()
#10 /home/isilgodevradar/public_html/wp-includes/class-wp-hook.php(310): rest_api_loaded(Object(WP))
#11 /home/isilgodevradar/public_html/wp-includes/class-wp-hook.php(334): WP_Hook->apply_filters(NULL, Array)
#12 /home/isilgodevradar/public_html/wp-includes/plugin.php(565): WP_Hook->do_action(Array)
#13 /home/isilgodevradar/public_html/wp-includes/class-wp.php(398): do_action_ref_array('parse_request', Array)
#14 /home/isilgodevradar/public_html/wp-includes/class-wp.php(779): WP->parse_request('')
#15 /home/isilgodevradar/public_html/wp-includes/functions.php(1335): WP->main('')
#16 /home/isilgodevradar/public_html/wp-blog-header.php(16): wp()
#17 /home/isilgodevradar/public_html/index.php(17): require('/home/isilgodev...')
#18 {main}
  thrown en /home/isilgodevradar/public_html/wp-content/plugins/woocommerce/src/Admin/API/Reports/PerformanceIndicators/Controller.php en la línea 134

2023-09-12T18:36:25+00:00 CRITICAL Uncaught TypeError: Cannot access offset of type string on string in /home/isilgodevradar/public_html/wp-content/plugins/woocommerce/src/Admin/API/Reports/PerformanceIndicators/Controller.php:134
Stack trace:
#0 /home/isilgodevradar/public_html/wp-content/plugins/woocommerce/src/Admin/API/Reports/PerformanceIndicators/Controller.php(255): Automattic\WooCommerce\Admin\API\Reports\PerformanceIndicators\Controller->get_analytics_report_data()
#1 /home/isilgodevradar/public_html/wp-content/plugins/woocommerce/src/Admin/API/Reports/PerformanceIndicators/Controller.php(631): Automattic\WooCommerce\Admin\API\Reports\PerformanceIndicators\Controller->get_indicator_data()
#2 /home/isilgodevradar/public_html/wp-content/plugins/woocommerce/includes/rest-api/Controllers/Version1/class-wc-rest-reports-v1-controller.php(48): Automattic\WooCommerce\Admin\API\Reports\PerformanceIndicators\Controller->get_collection_params()
#3 /home/isilgodevradar/public_html/wp-content/plugins/woocommerce/src/Admin/API/Reports/PerformanceIndicators/Controller.php(85): WC_REST_Reports_V1_Controller->register_routes()
#4 /home/isilgodevradar/public_html/wp-content/plugins/woocommerce/src/Admin/API/Init.php(147): Automattic\WooCommerce\Admin\API\Reports\PerformanceIndicators\Controller->register_routes()
#5 /home/isilgodevradar/public_html/wp-includes/class-wp-hook.php(310): Automattic\WooCommerce\Admin\API\Init->rest_api_init(Object(WP_REST_Server))
#6 /home/isilgodevradar/public_html/wp-includes/class-wp-hook.php(334): WP_Hook->apply_filters(NULL, Array)
#7 /home/isilgodevradar/public_html/wp-includes/plugin.php(517): WP_Hook->do_action(Array)
#8 /home/isilgodevradar/public_html/wp-includes/rest-api.php(587): do_action('rest_api_init', Object(WP_REST_Server))
#9 /home/isilgodevradar/public_html/wp-includes/rest-api.php(411): rest_get_server()
#10 /home/isilgodevradar/public_html/wp-includes/class-wp-hook.php(310): rest_api_loaded(Object(WP))
#11 /home/isilgodevradar/public_html/wp-includes/class-wp-hook.php(334): WP_Hook->apply_filters(NULL, Array)
#12 /home/isilgodevradar/public_html/wp-includes/plugin.php(565): WP_Hook->do_action(Array)
#13 /home/isilgodevradar/public_html/wp-includes/class-wp.php(398): do_action_ref_array('parse_request', Array)
#14 /home/isilgodevradar/public_html/wp-includes/class-wp.php(779): WP->parse_request('')
#15 /home/isilgodevradar/public_html/wp-includes/functions.php(1335): WP->main('')
#16 /home/isilgodevradar/public_html/wp-blog-header.php(16): wp()
#17 /home/isilgodevradar/public_html/index.php(17): require('/home/isilgodev...')
#18 {main}
  thrown en /home/isilgodevradar/public_html/wp-content/plugins/woocommerce/src/Admin/API/Reports/PerformanceIndicators/Controller.php en la línea 134

2023-09-12T18:45:22+00:00 CRITICAL syntax error, unexpected token "," en /home/isilgodevradar/public_html/wp-content/themes/isilgo/functions.php en la línea 665

2023-09-12T18:46:22+00:00 CRITICAL syntax error, unexpected token "," en /home/isilgodevradar/public_html/wp-content/themes/isilgo/functions.php en la línea 665

2023-09-12T18:46:39+00:00 CRITICAL syntax error, unexpected token "," en /home/isilgodevradar/public_html/wp-content/themes/isilgo/functions.php en la línea 665

2023-09-12T18:46:41+00:00 CRITICAL syntax error, unexpected token "," en /home/isilgodevradar/public_html/wp-content/themes/isilgo/functions.php en la línea 665

2023-09-12T18:47:23+00:00 CRITICAL syntax error, unexpected token "," en /home/isilgodevradar/public_html/wp-content/themes/isilgo/functions.php en la línea 665

2023-09-12T18:47:24+00:00 CRITICAL syntax error, unexpected token "," en /home/isilgodevradar/public_html/wp-content/themes/isilgo/functions.php en la línea 665

2023-09-12T18:47:25+00:00 CRITICAL syntax error, unexpected token "," en /home/isilgodevradar/public_html/wp-content/themes/isilgo/functions.php en la línea 665

2023-09-12T18:47:29+00:00 CRITICAL syntax error, unexpected token "," en /home/isilgodevradar/public_html/wp-content/themes/isilgo/functions.php en la línea 665

2023-09-12T18:47:31+00:00 CRITICAL syntax error, unexpected token "," en /home/isilgodevradar/public_html/wp-content/themes/isilgo/functions.php en la línea 665

2023-09-12T18:47:43+00:00 CRITICAL syntax error, unexpected token "," en /home/isilgodevradar/public_html/wp-content/themes/isilgo/functions.php en la línea 665

2023-09-12T18:47:45+00:00 CRITICAL syntax error, unexpected token "," en /home/isilgodevradar/public_html/wp-content/themes/isilgo/functions.php en la línea 665

2023-09-12T18:48:23+00:00 CRITICAL syntax error, unexpected token "," en /home/isilgodevradar/public_html/wp-content/themes/isilgo/functions.php en la línea 665

2023-09-12T18:48:25+00:00 CRITICAL syntax error, unexpected token "," en /home/isilgodevradar/public_html/wp-content/themes/isilgo/functions.php en la línea 665

2023-09-12T18:48:27+00:00 CRITICAL syntax error, unexpected token "," en /home/isilgodevradar/public_html/wp-content/themes/isilgo/functions.php en la línea 665

2023-09-12T18:49:24+00:00 CRITICAL syntax error, unexpected token "," en /home/isilgodevradar/public_html/wp-content/themes/isilgo/functions.php en la línea 665

2023-09-12T22:40:34+00:00 CRITICAL Uncaught TypeError: Cannot access offset of type string on string in /home/isilgodevradar/public_html/wp-content/plugins/woocommerce/src/Admin/API/Reports/PerformanceIndicators/Controller.php:134
Stack trace:
#0 /home/isilgodevradar/public_html/wp-content/plugins/woocommerce/src/Admin/API/Reports/PerformanceIndicators/Controller.php(255): Automattic\WooCommerce\Admin\API\Reports\PerformanceIndicators\Controller->get_analytics_report_data()
#1 /home/isilgodevradar/public_html/wp-content/plugins/woocommerce/src/Admin/API/Reports/PerformanceIndicators/Controller.php(631): Automattic\WooCommerce\Admin\API\Reports\PerformanceIndicators\Controller->get_indicator_data()
#2 /home/isilgodevradar/public_html/wp-content/plugins/woocommerce/includes/rest-api/Controllers/Version1/class-wc-rest-reports-v1-controller.php(48): Automattic\WooCommerce\Admin\API\Reports\PerformanceIndicators\Controller->get_collection_params()
#3 /home/isilgodevradar/public_html/wp-content/plugins/woocommerce/src/Admin/API/Reports/PerformanceIndicators/Controller.php(85): WC_REST_Reports_V1_Controller->register_routes()
#4 /home/isilgodevradar/public_html/wp-content/plugins/woocommerce/src/Admin/API/Init.php(147): Automattic\WooCommerce\Admin\API\Reports\PerformanceIndicators\Controller->register_routes()
#5 /home/isilgodevradar/public_html/wp-includes/class-wp-hook.php(310): Automattic\WooCommerce\Admin\API\Init->rest_api_init(Object(WP_REST_Server))
#6 /home/isilgodevradar/public_html/wp-includes/class-wp-hook.php(334): WP_Hook->apply_filters(NULL, Array)
#7 /home/isilgodevradar/public_html/wp-includes/plugin.php(517): WP_Hook->do_action(Array)
#8 /home/isilgodevradar/public_html/wp-includes/rest-api.php(587): do_action('rest_api_init', Object(WP_REST_Server))
#9 /home/isilgodevradar/public_html/wp-includes/rest-api.php(411): rest_get_server()
#10 /home/isilgodevradar/public_html/wp-includes/class-wp-hook.php(310): rest_api_loaded(Object(WP))
#11 /home/isilgodevradar/public_html/wp-includes/class-wp-hook.php(334): WP_Hook->apply_filters(NULL, Array)
#12 /home/isilgodevradar/public_html/wp-includes/plugin.php(565): WP_Hook->do_action(Array)
#13 /home/isilgodevradar/public_html/wp-includes/class-wp.php(398): do_action_ref_array('parse_request', Array)
#14 /home/isilgodevradar/public_html/wp-includes/class-wp.php(779): WP->parse_request('')
#15 /home/isilgodevradar/public_html/wp-includes/functions.php(1335): WP->main('')
#16 /home/isilgodevradar/public_html/wp-blog-header.php(16): wp()
#17 /home/isilgodevradar/public_html/index.php(17): require('/home/isilgodev...')
#18 {main}
  thrown en /home/isilgodevradar/public_html/wp-content/plugins/woocommerce/src/Admin/API/Reports/PerformanceIndicators/Controller.php en la línea 134

