2023-11-04T00:00:06+00:00 CRITICAL Uncaught TypeError: array_diff(): Argument #1 ($array) must be of type array, null given in /usr/share/nginx/stage.isilgo.com/wp-content/themes/isilgo/functions.php:1229
Stack trace:
#0 /usr/share/nginx/stage.isilgo.com/wp-content/themes/isilgo/functions.php(1229): array_diff()
#1 /usr/share/nginx/stage.isilgo.com/wp-includes/class-wp-hook.php(310): recientesVistos()
#2 /usr/share/nginx/stage.isilgo.com/wp-includes/class-wp-hook.php(334): WP_Hook->apply_filters()
#3 /usr/share/nginx/stage.isilgo.com/wp-includes/plugin.php(517): WP_Hook->do_action()
#4 /usr/share/nginx/stage.isilgo.com/wp-admin/admin-ajax.php(188): do_action()
#5 {main}
  thrown en /usr/share/nginx/stage.isilgo.com/wp-content/themes/isilgo/functions.php en la línea 1229

2023-11-04T02:02:44+00:00 CRITICAL Uncaught TypeError: array_diff(): Argument #1 ($array) must be of type array, null given in /usr/share/nginx/stage.isilgo.com/wp-content/themes/isilgo/functions.php:1229
Stack trace:
#0 /usr/share/nginx/stage.isilgo.com/wp-content/themes/isilgo/functions.php(1229): array_diff()
#1 /usr/share/nginx/stage.isilgo.com/wp-includes/class-wp-hook.php(310): recientesVistos()
#2 /usr/share/nginx/stage.isilgo.com/wp-includes/class-wp-hook.php(334): WP_Hook->apply_filters()
#3 /usr/share/nginx/stage.isilgo.com/wp-includes/plugin.php(517): WP_Hook->do_action()
#4 /usr/share/nginx/stage.isilgo.com/wp-admin/admin-ajax.php(203): do_action()
#5 {main}
  thrown en /usr/share/nginx/stage.isilgo.com/wp-content/themes/isilgo/functions.php en la línea 1229

2023-11-04T02:03:05+00:00 CRITICAL Uncaught TypeError: array_diff(): Argument #1 ($array) must be of type array, null given in /usr/share/nginx/stage.isilgo.com/wp-content/themes/isilgo/functions.php:1229
Stack trace:
#0 /usr/share/nginx/stage.isilgo.com/wp-content/themes/isilgo/functions.php(1229): array_diff()
#1 /usr/share/nginx/stage.isilgo.com/wp-includes/class-wp-hook.php(310): recientesVistos()
#2 /usr/share/nginx/stage.isilgo.com/wp-includes/class-wp-hook.php(334): WP_Hook->apply_filters()
#3 /usr/share/nginx/stage.isilgo.com/wp-includes/plugin.php(517): WP_Hook->do_action()
#4 /usr/share/nginx/stage.isilgo.com/wp-admin/admin-ajax.php(203): do_action()
#5 {main}
  thrown en /usr/share/nginx/stage.isilgo.com/wp-content/themes/isilgo/functions.php en la línea 1229

2023-11-04T02:03:41+00:00 CRITICAL Uncaught TypeError: array_diff(): Argument #1 ($array) must be of type array, null given in /usr/share/nginx/stage.isilgo.com/wp-content/themes/isilgo/functions.php:1229
Stack trace:
#0 /usr/share/nginx/stage.isilgo.com/wp-content/themes/isilgo/functions.php(1229): array_diff()
#1 /usr/share/nginx/stage.isilgo.com/wp-includes/class-wp-hook.php(310): recientesVistos()
#2 /usr/share/nginx/stage.isilgo.com/wp-includes/class-wp-hook.php(334): WP_Hook->apply_filters()
#3 /usr/share/nginx/stage.isilgo.com/wp-includes/plugin.php(517): WP_Hook->do_action()
#4 /usr/share/nginx/stage.isilgo.com/wp-admin/admin-ajax.php(203): do_action()
#5 {main}
  thrown en /usr/share/nginx/stage.isilgo.com/wp-content/themes/isilgo/functions.php en la línea 1229

2023-11-04T02:04:31+00:00 CRITICAL Uncaught TypeError: array_diff(): Argument #1 ($array) must be of type array, null given in /usr/share/nginx/stage.isilgo.com/wp-content/themes/isilgo/functions.php:1229
Stack trace:
#0 /usr/share/nginx/stage.isilgo.com/wp-content/themes/isilgo/functions.php(1229): array_diff()
#1 /usr/share/nginx/stage.isilgo.com/wp-includes/class-wp-hook.php(310): recientesVistos()
#2 /usr/share/nginx/stage.isilgo.com/wp-includes/class-wp-hook.php(334): WP_Hook->apply_filters()
#3 /usr/share/nginx/stage.isilgo.com/wp-includes/plugin.php(517): WP_Hook->do_action()
#4 /usr/share/nginx/stage.isilgo.com/wp-admin/admin-ajax.php(203): do_action()
#5 {main}
  thrown en /usr/share/nginx/stage.isilgo.com/wp-content/themes/isilgo/functions.php en la línea 1229

2023-11-04T03:03:57+00:00 CRITICAL Uncaught TypeError: array_diff(): Argument #1 ($array) must be of type array, null given in /usr/share/nginx/stage.isilgo.com/wp-content/themes/isilgo/functions.php:1229
Stack trace:
#0 /usr/share/nginx/stage.isilgo.com/wp-content/themes/isilgo/functions.php(1229): array_diff()
#1 /usr/share/nginx/stage.isilgo.com/wp-includes/class-wp-hook.php(310): recientesVistos()
#2 /usr/share/nginx/stage.isilgo.com/wp-includes/class-wp-hook.php(334): WP_Hook->apply_filters()
#3 /usr/share/nginx/stage.isilgo.com/wp-includes/plugin.php(517): WP_Hook->do_action()
#4 /usr/share/nginx/stage.isilgo.com/wp-admin/admin-ajax.php(188): do_action()
#5 {main}
  thrown en /usr/share/nginx/stage.isilgo.com/wp-content/themes/isilgo/functions.php en la línea 1229

2023-11-04T03:04:03+00:00 CRITICAL Uncaught TypeError: array_diff(): Argument #1 ($array) must be of type array, null given in /usr/share/nginx/stage.isilgo.com/wp-content/themes/isilgo/functions.php:1229
Stack trace:
#0 /usr/share/nginx/stage.isilgo.com/wp-content/themes/isilgo/functions.php(1229): array_diff()
#1 /usr/share/nginx/stage.isilgo.com/wp-includes/class-wp-hook.php(310): recientesVistos()
#2 /usr/share/nginx/stage.isilgo.com/wp-includes/class-wp-hook.php(334): WP_Hook->apply_filters()
#3 /usr/share/nginx/stage.isilgo.com/wp-includes/plugin.php(517): WP_Hook->do_action()
#4 /usr/share/nginx/stage.isilgo.com/wp-admin/admin-ajax.php(188): do_action()
#5 {main}
  thrown en /usr/share/nginx/stage.isilgo.com/wp-content/themes/isilgo/functions.php en la línea 1229

2023-11-04T03:07:28+00:00 CRITICAL Uncaught TypeError: array_diff(): Argument #1 ($array) must be of type array, null given in /usr/share/nginx/stage.isilgo.com/wp-content/themes/isilgo/functions.php:1229
Stack trace:
#0 /usr/share/nginx/stage.isilgo.com/wp-content/themes/isilgo/functions.php(1229): array_diff()
#1 /usr/share/nginx/stage.isilgo.com/wp-includes/class-wp-hook.php(310): recientesVistos()
#2 /usr/share/nginx/stage.isilgo.com/wp-includes/class-wp-hook.php(334): WP_Hook->apply_filters()
#3 /usr/share/nginx/stage.isilgo.com/wp-includes/plugin.php(517): WP_Hook->do_action()
#4 /usr/share/nginx/stage.isilgo.com/wp-admin/admin-ajax.php(188): do_action()
#5 {main}
  thrown en /usr/share/nginx/stage.isilgo.com/wp-content/themes/isilgo/functions.php en la línea 1229

2023-11-04T03:07:33+00:00 CRITICAL Uncaught TypeError: array_diff(): Argument #1 ($array) must be of type array, null given in /usr/share/nginx/stage.isilgo.com/wp-content/themes/isilgo/functions.php:1229
Stack trace:
#0 /usr/share/nginx/stage.isilgo.com/wp-content/themes/isilgo/functions.php(1229): array_diff()
#1 /usr/share/nginx/stage.isilgo.com/wp-includes/class-wp-hook.php(310): recientesVistos()
#2 /usr/share/nginx/stage.isilgo.com/wp-includes/class-wp-hook.php(334): WP_Hook->apply_filters()
#3 /usr/share/nginx/stage.isilgo.com/wp-includes/plugin.php(517): WP_Hook->do_action()
#4 /usr/share/nginx/stage.isilgo.com/wp-admin/admin-ajax.php(188): do_action()
#5 {main}
  thrown en /usr/share/nginx/stage.isilgo.com/wp-content/themes/isilgo/functions.php en la línea 1229

2023-11-04T03:13:09+00:00 CRITICAL Uncaught TypeError: array_diff(): Argument #1 ($array) must be of type array, null given in /usr/share/nginx/stage.isilgo.com/wp-content/themes/isilgo/functions.php:1229
Stack trace:
#0 /usr/share/nginx/stage.isilgo.com/wp-content/themes/isilgo/functions.php(1229): array_diff()
#1 /usr/share/nginx/stage.isilgo.com/wp-includes/class-wp-hook.php(310): recientesVistos()
#2 /usr/share/nginx/stage.isilgo.com/wp-includes/class-wp-hook.php(334): WP_Hook->apply_filters()
#3 /usr/share/nginx/stage.isilgo.com/wp-includes/plugin.php(517): WP_Hook->do_action()
#4 /usr/share/nginx/stage.isilgo.com/wp-admin/admin-ajax.php(188): do_action()
#5 {main}
  thrown en /usr/share/nginx/stage.isilgo.com/wp-content/themes/isilgo/functions.php en la línea 1229

2023-11-04T03:13:14+00:00 CRITICAL Uncaught TypeError: array_diff(): Argument #1 ($array) must be of type array, null given in /usr/share/nginx/stage.isilgo.com/wp-content/themes/isilgo/functions.php:1229
Stack trace:
#0 /usr/share/nginx/stage.isilgo.com/wp-content/themes/isilgo/functions.php(1229): array_diff()
#1 /usr/share/nginx/stage.isilgo.com/wp-includes/class-wp-hook.php(310): recientesVistos()
#2 /usr/share/nginx/stage.isilgo.com/wp-includes/class-wp-hook.php(334): WP_Hook->apply_filters()
#3 /usr/share/nginx/stage.isilgo.com/wp-includes/plugin.php(517): WP_Hook->do_action()
#4 /usr/share/nginx/stage.isilgo.com/wp-admin/admin-ajax.php(188): do_action()
#5 {main}
  thrown en /usr/share/nginx/stage.isilgo.com/wp-content/themes/isilgo/functions.php en la línea 1229

2023-11-04T03:14:17+00:00 CRITICAL Uncaught TypeError: array_diff(): Argument #1 ($array) must be of type array, null given in /usr/share/nginx/stage.isilgo.com/wp-content/themes/isilgo/functions.php:1229
Stack trace:
#0 /usr/share/nginx/stage.isilgo.com/wp-content/themes/isilgo/functions.php(1229): array_diff()
#1 /usr/share/nginx/stage.isilgo.com/wp-includes/class-wp-hook.php(310): recientesVistos()
#2 /usr/share/nginx/stage.isilgo.com/wp-includes/class-wp-hook.php(334): WP_Hook->apply_filters()
#3 /usr/share/nginx/stage.isilgo.com/wp-includes/plugin.php(517): WP_Hook->do_action()
#4 /usr/share/nginx/stage.isilgo.com/wp-admin/admin-ajax.php(188): do_action()
#5 {main}
  thrown en /usr/share/nginx/stage.isilgo.com/wp-content/themes/isilgo/functions.php en la línea 1229

2023-11-04T03:14:22+00:00 CRITICAL Uncaught TypeError: array_diff(): Argument #1 ($array) must be of type array, null given in /usr/share/nginx/stage.isilgo.com/wp-content/themes/isilgo/functions.php:1229
Stack trace:
#0 /usr/share/nginx/stage.isilgo.com/wp-content/themes/isilgo/functions.php(1229): array_diff()
#1 /usr/share/nginx/stage.isilgo.com/wp-includes/class-wp-hook.php(310): recientesVistos()
#2 /usr/share/nginx/stage.isilgo.com/wp-includes/class-wp-hook.php(334): WP_Hook->apply_filters()
#3 /usr/share/nginx/stage.isilgo.com/wp-includes/plugin.php(517): WP_Hook->do_action()
#4 /usr/share/nginx/stage.isilgo.com/wp-admin/admin-ajax.php(188): do_action()
#5 {main}
  thrown en /usr/share/nginx/stage.isilgo.com/wp-content/themes/isilgo/functions.php en la línea 1229

2023-11-04T03:29:55+00:00 CRITICAL Uncaught TypeError: array_diff(): Argument #1 ($array) must be of type array, null given in /usr/share/nginx/stage.isilgo.com/wp-content/themes/isilgo/functions.php:1229
Stack trace:
#0 /usr/share/nginx/stage.isilgo.com/wp-content/themes/isilgo/functions.php(1229): array_diff()
#1 /usr/share/nginx/stage.isilgo.com/wp-includes/class-wp-hook.php(310): recientesVistos()
#2 /usr/share/nginx/stage.isilgo.com/wp-includes/class-wp-hook.php(334): WP_Hook->apply_filters()
#3 /usr/share/nginx/stage.isilgo.com/wp-includes/plugin.php(517): WP_Hook->do_action()
#4 /usr/share/nginx/stage.isilgo.com/wp-admin/admin-ajax.php(188): do_action()
#5 {main}
  thrown en /usr/share/nginx/stage.isilgo.com/wp-content/themes/isilgo/functions.php en la línea 1229

2023-11-04T03:30:00+00:00 CRITICAL Uncaught TypeError: array_diff(): Argument #1 ($array) must be of type array, null given in /usr/share/nginx/stage.isilgo.com/wp-content/themes/isilgo/functions.php:1229
Stack trace:
#0 /usr/share/nginx/stage.isilgo.com/wp-content/themes/isilgo/functions.php(1229): array_diff()
#1 /usr/share/nginx/stage.isilgo.com/wp-includes/class-wp-hook.php(310): recientesVistos()
#2 /usr/share/nginx/stage.isilgo.com/wp-includes/class-wp-hook.php(334): WP_Hook->apply_filters()
#3 /usr/share/nginx/stage.isilgo.com/wp-includes/plugin.php(517): WP_Hook->do_action()
#4 /usr/share/nginx/stage.isilgo.com/wp-admin/admin-ajax.php(188): do_action()
#5 {main}
  thrown en /usr/share/nginx/stage.isilgo.com/wp-content/themes/isilgo/functions.php en la línea 1229

2023-11-04T03:35:46+00:00 CRITICAL Uncaught TypeError: array_diff(): Argument #1 ($array) must be of type array, null given in /usr/share/nginx/stage.isilgo.com/wp-content/themes/isilgo/functions.php:1229
Stack trace:
#0 /usr/share/nginx/stage.isilgo.com/wp-content/themes/isilgo/functions.php(1229): array_diff()
#1 /usr/share/nginx/stage.isilgo.com/wp-includes/class-wp-hook.php(310): recientesVistos()
#2 /usr/share/nginx/stage.isilgo.com/wp-includes/class-wp-hook.php(334): WP_Hook->apply_filters()
#3 /usr/share/nginx/stage.isilgo.com/wp-includes/plugin.php(517): WP_Hook->do_action()
#4 /usr/share/nginx/stage.isilgo.com/wp-admin/admin-ajax.php(188): do_action()
#5 {main}
  thrown en /usr/share/nginx/stage.isilgo.com/wp-content/themes/isilgo/functions.php en la línea 1229

2023-11-04T03:35:51+00:00 CRITICAL Uncaught TypeError: array_diff(): Argument #1 ($array) must be of type array, null given in /usr/share/nginx/stage.isilgo.com/wp-content/themes/isilgo/functions.php:1229
Stack trace:
#0 /usr/share/nginx/stage.isilgo.com/wp-content/themes/isilgo/functions.php(1229): array_diff()
#1 /usr/share/nginx/stage.isilgo.com/wp-includes/class-wp-hook.php(310): recientesVistos()
#2 /usr/share/nginx/stage.isilgo.com/wp-includes/class-wp-hook.php(334): WP_Hook->apply_filters()
#3 /usr/share/nginx/stage.isilgo.com/wp-includes/plugin.php(517): WP_Hook->do_action()
#4 /usr/share/nginx/stage.isilgo.com/wp-admin/admin-ajax.php(188): do_action()
#5 {main}
  thrown en /usr/share/nginx/stage.isilgo.com/wp-content/themes/isilgo/functions.php en la línea 1229

2023-11-04T03:36:14+00:00 CRITICAL Uncaught TypeError: array_diff(): Argument #1 ($array) must be of type array, null given in /usr/share/nginx/stage.isilgo.com/wp-content/themes/isilgo/functions.php:1229
Stack trace:
#0 /usr/share/nginx/stage.isilgo.com/wp-content/themes/isilgo/functions.php(1229): array_diff()
#1 /usr/share/nginx/stage.isilgo.com/wp-includes/class-wp-hook.php(310): recientesVistos()
#2 /usr/share/nginx/stage.isilgo.com/wp-includes/class-wp-hook.php(334): WP_Hook->apply_filters()
#3 /usr/share/nginx/stage.isilgo.com/wp-includes/plugin.php(517): WP_Hook->do_action()
#4 /usr/share/nginx/stage.isilgo.com/wp-admin/admin-ajax.php(188): do_action()
#5 {main}
  thrown en /usr/share/nginx/stage.isilgo.com/wp-content/themes/isilgo/functions.php en la línea 1229

2023-11-04T03:36:19+00:00 CRITICAL Uncaught TypeError: array_diff(): Argument #1 ($array) must be of type array, null given in /usr/share/nginx/stage.isilgo.com/wp-content/themes/isilgo/functions.php:1229
Stack trace:
#0 /usr/share/nginx/stage.isilgo.com/wp-content/themes/isilgo/functions.php(1229): array_diff()
#1 /usr/share/nginx/stage.isilgo.com/wp-includes/class-wp-hook.php(310): recientesVistos()
#2 /usr/share/nginx/stage.isilgo.com/wp-includes/class-wp-hook.php(334): WP_Hook->apply_filters()
#3 /usr/share/nginx/stage.isilgo.com/wp-includes/plugin.php(517): WP_Hook->do_action()
#4 /usr/share/nginx/stage.isilgo.com/wp-admin/admin-ajax.php(188): do_action()
#5 {main}
  thrown en /usr/share/nginx/stage.isilgo.com/wp-content/themes/isilgo/functions.php en la línea 1229

2023-11-04T03:39:45+00:00 CRITICAL Uncaught TypeError: array_diff(): Argument #1 ($array) must be of type array, null given in /usr/share/nginx/stage.isilgo.com/wp-content/themes/isilgo/functions.php:1229
Stack trace:
#0 /usr/share/nginx/stage.isilgo.com/wp-content/themes/isilgo/functions.php(1229): array_diff()
#1 /usr/share/nginx/stage.isilgo.com/wp-includes/class-wp-hook.php(310): recientesVistos()
#2 /usr/share/nginx/stage.isilgo.com/wp-includes/class-wp-hook.php(334): WP_Hook->apply_filters()
#3 /usr/share/nginx/stage.isilgo.com/wp-includes/plugin.php(517): WP_Hook->do_action()
#4 /usr/share/nginx/stage.isilgo.com/wp-admin/admin-ajax.php(188): do_action()
#5 {main}
  thrown en /usr/share/nginx/stage.isilgo.com/wp-content/themes/isilgo/functions.php en la línea 1229

2023-11-04T03:39:50+00:00 CRITICAL Uncaught TypeError: array_diff(): Argument #1 ($array) must be of type array, null given in /usr/share/nginx/stage.isilgo.com/wp-content/themes/isilgo/functions.php:1229
Stack trace:
#0 /usr/share/nginx/stage.isilgo.com/wp-content/themes/isilgo/functions.php(1229): array_diff()
#1 /usr/share/nginx/stage.isilgo.com/wp-includes/class-wp-hook.php(310): recientesVistos()
#2 /usr/share/nginx/stage.isilgo.com/wp-includes/class-wp-hook.php(334): WP_Hook->apply_filters()
#3 /usr/share/nginx/stage.isilgo.com/wp-includes/plugin.php(517): WP_Hook->do_action()
#4 /usr/share/nginx/stage.isilgo.com/wp-admin/admin-ajax.php(188): do_action()
#5 {main}
  thrown en /usr/share/nginx/stage.isilgo.com/wp-content/themes/isilgo/functions.php en la línea 1229

2023-11-04T04:12:15+00:00 CRITICAL Uncaught TypeError: array_diff(): Argument #1 ($array) must be of type array, null given in /usr/share/nginx/stage.isilgo.com/wp-content/themes/isilgo/functions.php:1229
Stack trace:
#0 /usr/share/nginx/stage.isilgo.com/wp-content/themes/isilgo/functions.php(1229): array_diff()
#1 /usr/share/nginx/stage.isilgo.com/wp-includes/class-wp-hook.php(310): recientesVistos()
#2 /usr/share/nginx/stage.isilgo.com/wp-includes/class-wp-hook.php(334): WP_Hook->apply_filters()
#3 /usr/share/nginx/stage.isilgo.com/wp-includes/plugin.php(517): WP_Hook->do_action()
#4 /usr/share/nginx/stage.isilgo.com/wp-admin/admin-ajax.php(188): do_action()
#5 {main}
  thrown en /usr/share/nginx/stage.isilgo.com/wp-content/themes/isilgo/functions.php en la línea 1229

2023-11-04T04:12:20+00:00 CRITICAL Uncaught TypeError: array_diff(): Argument #1 ($array) must be of type array, null given in /usr/share/nginx/stage.isilgo.com/wp-content/themes/isilgo/functions.php:1229
Stack trace:
#0 /usr/share/nginx/stage.isilgo.com/wp-content/themes/isilgo/functions.php(1229): array_diff()
#1 /usr/share/nginx/stage.isilgo.com/wp-includes/class-wp-hook.php(310): recientesVistos()
#2 /usr/share/nginx/stage.isilgo.com/wp-includes/class-wp-hook.php(334): WP_Hook->apply_filters()
#3 /usr/share/nginx/stage.isilgo.com/wp-includes/plugin.php(517): WP_Hook->do_action()
#4 /usr/share/nginx/stage.isilgo.com/wp-admin/admin-ajax.php(188): do_action()
#5 {main}
  thrown en /usr/share/nginx/stage.isilgo.com/wp-content/themes/isilgo/functions.php en la línea 1229

2023-11-04T04:26:36+00:00 CRITICAL Uncaught TypeError: array_diff(): Argument #1 ($array) must be of type array, null given in /usr/share/nginx/stage.isilgo.com/wp-content/themes/isilgo/functions.php:1229
Stack trace:
#0 /usr/share/nginx/stage.isilgo.com/wp-content/themes/isilgo/functions.php(1229): array_diff()
#1 /usr/share/nginx/stage.isilgo.com/wp-includes/class-wp-hook.php(310): recientesVistos()
#2 /usr/share/nginx/stage.isilgo.com/wp-includes/class-wp-hook.php(334): WP_Hook->apply_filters()
#3 /usr/share/nginx/stage.isilgo.com/wp-includes/plugin.php(517): WP_Hook->do_action()
#4 /usr/share/nginx/stage.isilgo.com/wp-admin/admin-ajax.php(188): do_action()
#5 {main}
  thrown en /usr/share/nginx/stage.isilgo.com/wp-content/themes/isilgo/functions.php en la línea 1229

2023-11-04T04:28:01+00:00 CRITICAL Uncaught TypeError: array_diff(): Argument #1 ($array) must be of type array, null given in /usr/share/nginx/stage.isilgo.com/wp-content/themes/isilgo/functions.php:1229
Stack trace:
#0 /usr/share/nginx/stage.isilgo.com/wp-content/themes/isilgo/functions.php(1229): array_diff()
#1 /usr/share/nginx/stage.isilgo.com/wp-includes/class-wp-hook.php(310): recientesVistos()
#2 /usr/share/nginx/stage.isilgo.com/wp-includes/class-wp-hook.php(334): WP_Hook->apply_filters()
#3 /usr/share/nginx/stage.isilgo.com/wp-includes/plugin.php(517): WP_Hook->do_action()
#4 /usr/share/nginx/stage.isilgo.com/wp-admin/admin-ajax.php(188): do_action()
#5 {main}
  thrown en /usr/share/nginx/stage.isilgo.com/wp-content/themes/isilgo/functions.php en la línea 1229

2023-11-04T04:29:27+00:00 CRITICAL Uncaught TypeError: array_diff(): Argument #1 ($array) must be of type array, null given in /usr/share/nginx/stage.isilgo.com/wp-content/themes/isilgo/functions.php:1229
Stack trace:
#0 /usr/share/nginx/stage.isilgo.com/wp-content/themes/isilgo/functions.php(1229): array_diff()
#1 /usr/share/nginx/stage.isilgo.com/wp-includes/class-wp-hook.php(310): recientesVistos()
#2 /usr/share/nginx/stage.isilgo.com/wp-includes/class-wp-hook.php(334): WP_Hook->apply_filters()
#3 /usr/share/nginx/stage.isilgo.com/wp-includes/plugin.php(517): WP_Hook->do_action()
#4 /usr/share/nginx/stage.isilgo.com/wp-admin/admin-ajax.php(188): do_action()
#5 {main}
  thrown en /usr/share/nginx/stage.isilgo.com/wp-content/themes/isilgo/functions.php en la línea 1229

2023-11-04T04:29:45+00:00 CRITICAL Uncaught TypeError: array_diff(): Argument #1 ($array) must be of type array, null given in /usr/share/nginx/stage.isilgo.com/wp-content/themes/isilgo/functions.php:1229
Stack trace:
#0 /usr/share/nginx/stage.isilgo.com/wp-content/themes/isilgo/functions.php(1229): array_diff()
#1 /usr/share/nginx/stage.isilgo.com/wp-includes/class-wp-hook.php(310): recientesVistos()
#2 /usr/share/nginx/stage.isilgo.com/wp-includes/class-wp-hook.php(334): WP_Hook->apply_filters()
#3 /usr/share/nginx/stage.isilgo.com/wp-includes/plugin.php(517): WP_Hook->do_action()
#4 /usr/share/nginx/stage.isilgo.com/wp-admin/admin-ajax.php(188): do_action()
#5 {main}
  thrown en /usr/share/nginx/stage.isilgo.com/wp-content/themes/isilgo/functions.php en la línea 1229

2023-11-04T04:30:06+00:00 CRITICAL Uncaught TypeError: Cannot access offset of type string on string in /usr/share/nginx/stage.isilgo.com/wp-content/plugins/woocommerce/src/Admin/API/Reports/PerformanceIndicators/Controller.php:134
Stack trace:
#0 /usr/share/nginx/stage.isilgo.com/wp-content/plugins/woocommerce/src/Admin/API/Reports/PerformanceIndicators/Controller.php(255): Automattic\WooCommerce\Admin\API\Reports\PerformanceIndicators\Controller->get_analytics_report_data()
#1 /usr/share/nginx/stage.isilgo.com/wp-content/plugins/woocommerce/src/Admin/API/Reports/PerformanceIndicators/Controller.php(631): Automattic\WooCommerce\Admin\API\Reports\PerformanceIndicators\Controller->get_indicator_data()
#2 /usr/share/nginx/stage.isilgo.com/wp-content/plugins/woocommerce/includes/rest-api/Controllers/Version1/class-wc-rest-reports-v1-controller.php(48): Automattic\WooCommerce\Admin\API\Reports\PerformanceIndicators\Controller->get_collection_params()
#3 /usr/share/nginx/stage.isilgo.com/wp-content/plugins/woocommerce/src/Admin/API/Reports/PerformanceIndicators/Controller.php(85): WC_REST_Reports_V1_Controller->register_routes()
#4 /usr/share/nginx/stage.isilgo.com/wp-content/plugins/woocommerce/src/Admin/API/Init.php(147): Automattic\WooCommerce\Admin\API\Reports\PerformanceIndicators\Controller->register_routes()
#5 /usr/share/nginx/stage.isilgo.com/wp-includes/class-wp-hook.php(310): Automattic\WooCommerce\Admin\API\Init->rest_api_init()
#6 /usr/share/nginx/stage.isilgo.com/wp-includes/class-wp-hook.php(334): WP_Hook->apply_filters()
#7 /usr/share/nginx/stage.isilgo.com/wp-includes/plugin.php(517): WP_Hook->do_action()
#8 /usr/share/nginx/stage.isilgo.com/wp-includes/rest-api.php(587): do_action()
#9 /usr/share/nginx/stage.isilgo.com/wp-includes/rest-api.php(411): rest_get_server()
#10 /usr/share/nginx/stage.isilgo.com/wp-includes/class-wp-hook.php(310): rest_api_loaded()
#11 /usr/share/nginx/stage.isilgo.com/wp-includes/class-wp-hook.php(334): WP_Hook->apply_filters()
#12 /usr/share/nginx/stage.isilgo.com/wp-includes/plugin.php(565): WP_Hook->do_action()
#13 /usr/share/nginx/stage.isilgo.com/wp-includes/class-wp.php(398): do_action_ref_array()
#14 /usr/share/nginx/stage.isilgo.com/wp-includes/class-wp.php(779): WP->parse_request()
#15 /usr/share/nginx/stage.isilgo.com/wp-includes/functions.php(1335): WP->main()
#16 /usr/share/nginx/stage.isilgo.com/wp-blog-header.php(16): wp()
#17 /usr/share/nginx/stage.isilgo.com/index.php(17): require('...')
#18 {main}
  thrown en /usr/share/nginx/stage.isilgo.com/wp-content/plugins/woocommerce/src/Admin/API/Reports/PerformanceIndicators/Controller.php en la línea 134

2023-11-04T04:31:38+00:00 CRITICAL Uncaught TypeError: array_diff(): Argument #1 ($array) must be of type array, null given in /usr/share/nginx/stage.isilgo.com/wp-content/themes/isilgo/functions.php:1229
Stack trace:
#0 /usr/share/nginx/stage.isilgo.com/wp-content/themes/isilgo/functions.php(1229): array_diff()
#1 /usr/share/nginx/stage.isilgo.com/wp-includes/class-wp-hook.php(310): recientesVistos()
#2 /usr/share/nginx/stage.isilgo.com/wp-includes/class-wp-hook.php(334): WP_Hook->apply_filters()
#3 /usr/share/nginx/stage.isilgo.com/wp-includes/plugin.php(517): WP_Hook->do_action()
#4 /usr/share/nginx/stage.isilgo.com/wp-admin/admin-ajax.php(188): do_action()
#5 {main}
  thrown en /usr/share/nginx/stage.isilgo.com/wp-content/themes/isilgo/functions.php en la línea 1229

2023-11-04T04:32:52+00:00 CRITICAL Uncaught TypeError: array_diff(): Argument #1 ($array) must be of type array, null given in /usr/share/nginx/stage.isilgo.com/wp-content/themes/isilgo/functions.php:1229
Stack trace:
#0 /usr/share/nginx/stage.isilgo.com/wp-content/themes/isilgo/functions.php(1229): array_diff()
#1 /usr/share/nginx/stage.isilgo.com/wp-includes/class-wp-hook.php(310): recientesVistos()
#2 /usr/share/nginx/stage.isilgo.com/wp-includes/class-wp-hook.php(334): WP_Hook->apply_filters()
#3 /usr/share/nginx/stage.isilgo.com/wp-includes/plugin.php(517): WP_Hook->do_action()
#4 /usr/share/nginx/stage.isilgo.com/wp-admin/admin-ajax.php(188): do_action()
#5 {main}
  thrown en /usr/share/nginx/stage.isilgo.com/wp-content/themes/isilgo/functions.php en la línea 1229

2023-11-04T04:33:19+00:00 CRITICAL Uncaught TypeError: array_diff(): Argument #1 ($array) must be of type array, null given in /usr/share/nginx/stage.isilgo.com/wp-content/themes/isilgo/functions.php:1229
Stack trace:
#0 /usr/share/nginx/stage.isilgo.com/wp-content/themes/isilgo/functions.php(1229): array_diff()
#1 /usr/share/nginx/stage.isilgo.com/wp-includes/class-wp-hook.php(310): recientesVistos()
#2 /usr/share/nginx/stage.isilgo.com/wp-includes/class-wp-hook.php(334): WP_Hook->apply_filters()
#3 /usr/share/nginx/stage.isilgo.com/wp-includes/plugin.php(517): WP_Hook->do_action()
#4 /usr/share/nginx/stage.isilgo.com/wp-admin/admin-ajax.php(188): do_action()
#5 {main}
  thrown en /usr/share/nginx/stage.isilgo.com/wp-content/themes/isilgo/functions.php en la línea 1229

2023-11-04T04:34:30+00:00 CRITICAL Uncaught TypeError: array_diff(): Argument #1 ($array) must be of type array, null given in /usr/share/nginx/stage.isilgo.com/wp-content/themes/isilgo/functions.php:1229
Stack trace:
#0 /usr/share/nginx/stage.isilgo.com/wp-content/themes/isilgo/functions.php(1229): array_diff()
#1 /usr/share/nginx/stage.isilgo.com/wp-includes/class-wp-hook.php(310): recientesVistos()
#2 /usr/share/nginx/stage.isilgo.com/wp-includes/class-wp-hook.php(334): WP_Hook->apply_filters()
#3 /usr/share/nginx/stage.isilgo.com/wp-includes/plugin.php(517): WP_Hook->do_action()
#4 /usr/share/nginx/stage.isilgo.com/wp-admin/admin-ajax.php(188): do_action()
#5 {main}
  thrown en /usr/share/nginx/stage.isilgo.com/wp-content/themes/isilgo/functions.php en la línea 1229

2023-11-04T04:35:35+00:00 CRITICAL Uncaught TypeError: array_diff(): Argument #1 ($array) must be of type array, null given in /usr/share/nginx/stage.isilgo.com/wp-content/themes/isilgo/functions.php:1229
Stack trace:
#0 /usr/share/nginx/stage.isilgo.com/wp-content/themes/isilgo/functions.php(1229): array_diff()
#1 /usr/share/nginx/stage.isilgo.com/wp-includes/class-wp-hook.php(310): recientesVistos()
#2 /usr/share/nginx/stage.isilgo.com/wp-includes/class-wp-hook.php(334): WP_Hook->apply_filters()
#3 /usr/share/nginx/stage.isilgo.com/wp-includes/plugin.php(517): WP_Hook->do_action()
#4 /usr/share/nginx/stage.isilgo.com/wp-admin/admin-ajax.php(188): do_action()
#5 {main}
  thrown en /usr/share/nginx/stage.isilgo.com/wp-content/themes/isilgo/functions.php en la línea 1229

2023-11-04T04:35:47+00:00 CRITICAL Uncaught TypeError: array_diff(): Argument #1 ($array) must be of type array, null given in /usr/share/nginx/stage.isilgo.com/wp-content/themes/isilgo/functions.php:1229
Stack trace:
#0 /usr/share/nginx/stage.isilgo.com/wp-content/themes/isilgo/functions.php(1229): array_diff()
#1 /usr/share/nginx/stage.isilgo.com/wp-includes/class-wp-hook.php(310): recientesVistos()
#2 /usr/share/nginx/stage.isilgo.com/wp-includes/class-wp-hook.php(334): WP_Hook->apply_filters()
#3 /usr/share/nginx/stage.isilgo.com/wp-includes/plugin.php(517): WP_Hook->do_action()
#4 /usr/share/nginx/stage.isilgo.com/wp-admin/admin-ajax.php(188): do_action()
#5 {main}
  thrown en /usr/share/nginx/stage.isilgo.com/wp-content/themes/isilgo/functions.php en la línea 1229

2023-11-04T04:36:09+00:00 CRITICAL Uncaught TypeError: array_diff(): Argument #1 ($array) must be of type array, null given in /usr/share/nginx/stage.isilgo.com/wp-content/themes/isilgo/functions.php:1229
Stack trace:
#0 /usr/share/nginx/stage.isilgo.com/wp-content/themes/isilgo/functions.php(1229): array_diff()
#1 /usr/share/nginx/stage.isilgo.com/wp-includes/class-wp-hook.php(310): recientesVistos()
#2 /usr/share/nginx/stage.isilgo.com/wp-includes/class-wp-hook.php(334): WP_Hook->apply_filters()
#3 /usr/share/nginx/stage.isilgo.com/wp-includes/plugin.php(517): WP_Hook->do_action()
#4 /usr/share/nginx/stage.isilgo.com/wp-admin/admin-ajax.php(188): do_action()
#5 {main}
  thrown en /usr/share/nginx/stage.isilgo.com/wp-content/themes/isilgo/functions.php en la línea 1229

2023-11-04T04:36:56+00:00 CRITICAL Uncaught TypeError: array_diff(): Argument #1 ($array) must be of type array, null given in /usr/share/nginx/stage.isilgo.com/wp-content/themes/isilgo/functions.php:1229
Stack trace:
#0 /usr/share/nginx/stage.isilgo.com/wp-content/themes/isilgo/functions.php(1229): array_diff()
#1 /usr/share/nginx/stage.isilgo.com/wp-includes/class-wp-hook.php(310): recientesVistos()
#2 /usr/share/nginx/stage.isilgo.com/wp-includes/class-wp-hook.php(334): WP_Hook->apply_filters()
#3 /usr/share/nginx/stage.isilgo.com/wp-includes/plugin.php(517): WP_Hook->do_action()
#4 /usr/share/nginx/stage.isilgo.com/wp-admin/admin-ajax.php(188): do_action()
#5 {main}
  thrown en /usr/share/nginx/stage.isilgo.com/wp-content/themes/isilgo/functions.php en la línea 1229

2023-11-04T04:37:05+00:00 CRITICAL Uncaught TypeError: array_diff(): Argument #1 ($array) must be of type array, null given in /usr/share/nginx/stage.isilgo.com/wp-content/themes/isilgo/functions.php:1229
Stack trace:
#0 /usr/share/nginx/stage.isilgo.com/wp-content/themes/isilgo/functions.php(1229): array_diff()
#1 /usr/share/nginx/stage.isilgo.com/wp-includes/class-wp-hook.php(310): recientesVistos()
#2 /usr/share/nginx/stage.isilgo.com/wp-includes/class-wp-hook.php(334): WP_Hook->apply_filters()
#3 /usr/share/nginx/stage.isilgo.com/wp-includes/plugin.php(517): WP_Hook->do_action()
#4 /usr/share/nginx/stage.isilgo.com/wp-admin/admin-ajax.php(188): do_action()
#5 {main}
  thrown en /usr/share/nginx/stage.isilgo.com/wp-content/themes/isilgo/functions.php en la línea 1229

2023-11-04T04:37:15+00:00 CRITICAL Uncaught TypeError: array_diff(): Argument #1 ($array) must be of type array, null given in /usr/share/nginx/stage.isilgo.com/wp-content/themes/isilgo/functions.php:1229
Stack trace:
#0 /usr/share/nginx/stage.isilgo.com/wp-content/themes/isilgo/functions.php(1229): array_diff()
#1 /usr/share/nginx/stage.isilgo.com/wp-includes/class-wp-hook.php(310): recientesVistos()
#2 /usr/share/nginx/stage.isilgo.com/wp-includes/class-wp-hook.php(334): WP_Hook->apply_filters()
#3 /usr/share/nginx/stage.isilgo.com/wp-includes/plugin.php(517): WP_Hook->do_action()
#4 /usr/share/nginx/stage.isilgo.com/wp-admin/admin-ajax.php(188): do_action()
#5 {main}
  thrown en /usr/share/nginx/stage.isilgo.com/wp-content/themes/isilgo/functions.php en la línea 1229

2023-11-04T04:37:26+00:00 CRITICAL Uncaught TypeError: array_diff(): Argument #1 ($array) must be of type array, null given in /usr/share/nginx/stage.isilgo.com/wp-content/themes/isilgo/functions.php:1229
Stack trace:
#0 /usr/share/nginx/stage.isilgo.com/wp-content/themes/isilgo/functions.php(1229): array_diff()
#1 /usr/share/nginx/stage.isilgo.com/wp-includes/class-wp-hook.php(310): recientesVistos()
#2 /usr/share/nginx/stage.isilgo.com/wp-includes/class-wp-hook.php(334): WP_Hook->apply_filters()
#3 /usr/share/nginx/stage.isilgo.com/wp-includes/plugin.php(517): WP_Hook->do_action()
#4 /usr/share/nginx/stage.isilgo.com/wp-admin/admin-ajax.php(188): do_action()
#5 {main}
  thrown en /usr/share/nginx/stage.isilgo.com/wp-content/themes/isilgo/functions.php en la línea 1229

2023-11-04T04:37:40+00:00 CRITICAL Uncaught TypeError: array_diff(): Argument #1 ($array) must be of type array, null given in /usr/share/nginx/stage.isilgo.com/wp-content/themes/isilgo/functions.php:1229
Stack trace:
#0 /usr/share/nginx/stage.isilgo.com/wp-content/themes/isilgo/functions.php(1229): array_diff()
#1 /usr/share/nginx/stage.isilgo.com/wp-includes/class-wp-hook.php(310): recientesVistos()
#2 /usr/share/nginx/stage.isilgo.com/wp-includes/class-wp-hook.php(334): WP_Hook->apply_filters()
#3 /usr/share/nginx/stage.isilgo.com/wp-includes/plugin.php(517): WP_Hook->do_action()
#4 /usr/share/nginx/stage.isilgo.com/wp-admin/admin-ajax.php(188): do_action()
#5 {main}
  thrown en /usr/share/nginx/stage.isilgo.com/wp-content/themes/isilgo/functions.php en la línea 1229

2023-11-04T04:37:50+00:00 CRITICAL Uncaught TypeError: array_diff(): Argument #1 ($array) must be of type array, null given in /usr/share/nginx/stage.isilgo.com/wp-content/themes/isilgo/functions.php:1229
Stack trace:
#0 /usr/share/nginx/stage.isilgo.com/wp-content/themes/isilgo/functions.php(1229): array_diff()
#1 /usr/share/nginx/stage.isilgo.com/wp-includes/class-wp-hook.php(310): recientesVistos()
#2 /usr/share/nginx/stage.isilgo.com/wp-includes/class-wp-hook.php(334): WP_Hook->apply_filters()
#3 /usr/share/nginx/stage.isilgo.com/wp-includes/plugin.php(517): WP_Hook->do_action()
#4 /usr/share/nginx/stage.isilgo.com/wp-admin/admin-ajax.php(188): do_action()
#5 {main}
  thrown en /usr/share/nginx/stage.isilgo.com/wp-content/themes/isilgo/functions.php en la línea 1229

2023-11-04T04:38:05+00:00 CRITICAL Uncaught TypeError: array_diff(): Argument #1 ($array) must be of type array, null given in /usr/share/nginx/stage.isilgo.com/wp-content/themes/isilgo/functions.php:1229
Stack trace:
#0 /usr/share/nginx/stage.isilgo.com/wp-content/themes/isilgo/functions.php(1229): array_diff()
#1 /usr/share/nginx/stage.isilgo.com/wp-includes/class-wp-hook.php(310): recientesVistos()
#2 /usr/share/nginx/stage.isilgo.com/wp-includes/class-wp-hook.php(334): WP_Hook->apply_filters()
#3 /usr/share/nginx/stage.isilgo.com/wp-includes/plugin.php(517): WP_Hook->do_action()
#4 /usr/share/nginx/stage.isilgo.com/wp-admin/admin-ajax.php(188): do_action()
#5 {main}
  thrown en /usr/share/nginx/stage.isilgo.com/wp-content/themes/isilgo/functions.php en la línea 1229

2023-11-04T05:45:41+00:00 CRITICAL Uncaught TypeError: array_diff(): Argument #1 ($array) must be of type array, null given in /usr/share/nginx/stage.isilgo.com/wp-content/themes/isilgo/functions.php:1229
Stack trace:
#0 /usr/share/nginx/stage.isilgo.com/wp-content/themes/isilgo/functions.php(1229): array_diff()
#1 /usr/share/nginx/stage.isilgo.com/wp-includes/class-wp-hook.php(310): recientesVistos()
#2 /usr/share/nginx/stage.isilgo.com/wp-includes/class-wp-hook.php(334): WP_Hook->apply_filters()
#3 /usr/share/nginx/stage.isilgo.com/wp-includes/plugin.php(517): WP_Hook->do_action()
#4 /usr/share/nginx/stage.isilgo.com/wp-admin/admin-ajax.php(188): do_action()
#5 {main}
  thrown en /usr/share/nginx/stage.isilgo.com/wp-content/themes/isilgo/functions.php en la línea 1229

2023-11-04T05:45:56+00:00 CRITICAL Uncaught TypeError: array_diff(): Argument #1 ($array) must be of type array, null given in /usr/share/nginx/stage.isilgo.com/wp-content/themes/isilgo/functions.php:1229
Stack trace:
#0 /usr/share/nginx/stage.isilgo.com/wp-content/themes/isilgo/functions.php(1229): array_diff()
#1 /usr/share/nginx/stage.isilgo.com/wp-includes/class-wp-hook.php(310): recientesVistos()
#2 /usr/share/nginx/stage.isilgo.com/wp-includes/class-wp-hook.php(334): WP_Hook->apply_filters()
#3 /usr/share/nginx/stage.isilgo.com/wp-includes/plugin.php(517): WP_Hook->do_action()
#4 /usr/share/nginx/stage.isilgo.com/wp-admin/admin-ajax.php(188): do_action()
#5 {main}
  thrown en /usr/share/nginx/stage.isilgo.com/wp-content/themes/isilgo/functions.php en la línea 1229

2023-11-04T05:46:00+00:00 CRITICAL Uncaught TypeError: array_diff(): Argument #1 ($array) must be of type array, null given in /usr/share/nginx/stage.isilgo.com/wp-content/themes/isilgo/functions.php:1229
Stack trace:
#0 /usr/share/nginx/stage.isilgo.com/wp-content/themes/isilgo/functions.php(1229): array_diff()
#1 /usr/share/nginx/stage.isilgo.com/wp-includes/class-wp-hook.php(310): recientesVistos()
#2 /usr/share/nginx/stage.isilgo.com/wp-includes/class-wp-hook.php(334): WP_Hook->apply_filters()
#3 /usr/share/nginx/stage.isilgo.com/wp-includes/plugin.php(517): WP_Hook->do_action()
#4 /usr/share/nginx/stage.isilgo.com/wp-admin/admin-ajax.php(188): do_action()
#5 {main}
  thrown en /usr/share/nginx/stage.isilgo.com/wp-content/themes/isilgo/functions.php en la línea 1229

2023-11-04T05:48:47+00:00 CRITICAL Uncaught TypeError: array_diff(): Argument #1 ($array) must be of type array, null given in /usr/share/nginx/stage.isilgo.com/wp-content/themes/isilgo/functions.php:1229
Stack trace:
#0 /usr/share/nginx/stage.isilgo.com/wp-content/themes/isilgo/functions.php(1229): array_diff()
#1 /usr/share/nginx/stage.isilgo.com/wp-includes/class-wp-hook.php(310): recientesVistos()
#2 /usr/share/nginx/stage.isilgo.com/wp-includes/class-wp-hook.php(334): WP_Hook->apply_filters()
#3 /usr/share/nginx/stage.isilgo.com/wp-includes/plugin.php(517): WP_Hook->do_action()
#4 /usr/share/nginx/stage.isilgo.com/wp-admin/admin-ajax.php(188): do_action()
#5 {main}
  thrown en /usr/share/nginx/stage.isilgo.com/wp-content/themes/isilgo/functions.php en la línea 1229

2023-11-04T05:48:51+00:00 CRITICAL Uncaught TypeError: array_diff(): Argument #1 ($array) must be of type array, null given in /usr/share/nginx/stage.isilgo.com/wp-content/themes/isilgo/functions.php:1229
Stack trace:
#0 /usr/share/nginx/stage.isilgo.com/wp-content/themes/isilgo/functions.php(1229): array_diff()
#1 /usr/share/nginx/stage.isilgo.com/wp-includes/class-wp-hook.php(310): recientesVistos()
#2 /usr/share/nginx/stage.isilgo.com/wp-includes/class-wp-hook.php(334): WP_Hook->apply_filters()
#3 /usr/share/nginx/stage.isilgo.com/wp-includes/plugin.php(517): WP_Hook->do_action()
#4 /usr/share/nginx/stage.isilgo.com/wp-admin/admin-ajax.php(188): do_action()
#5 {main}
  thrown en /usr/share/nginx/stage.isilgo.com/wp-content/themes/isilgo/functions.php en la línea 1229

2023-11-04T05:52:16+00:00 CRITICAL Uncaught TypeError: array_diff(): Argument #1 ($array) must be of type array, null given in /usr/share/nginx/stage.isilgo.com/wp-content/themes/isilgo/functions.php:1229
Stack trace:
#0 /usr/share/nginx/stage.isilgo.com/wp-content/themes/isilgo/functions.php(1229): array_diff()
#1 /usr/share/nginx/stage.isilgo.com/wp-includes/class-wp-hook.php(310): recientesVistos()
#2 /usr/share/nginx/stage.isilgo.com/wp-includes/class-wp-hook.php(334): WP_Hook->apply_filters()
#3 /usr/share/nginx/stage.isilgo.com/wp-includes/plugin.php(517): WP_Hook->do_action()
#4 /usr/share/nginx/stage.isilgo.com/wp-admin/admin-ajax.php(188): do_action()
#5 {main}
  thrown en /usr/share/nginx/stage.isilgo.com/wp-content/themes/isilgo/functions.php en la línea 1229

2023-11-04T05:52:21+00:00 CRITICAL Uncaught TypeError: array_diff(): Argument #1 ($array) must be of type array, null given in /usr/share/nginx/stage.isilgo.com/wp-content/themes/isilgo/functions.php:1229
Stack trace:
#0 /usr/share/nginx/stage.isilgo.com/wp-content/themes/isilgo/functions.php(1229): array_diff()
#1 /usr/share/nginx/stage.isilgo.com/wp-includes/class-wp-hook.php(310): recientesVistos()
#2 /usr/share/nginx/stage.isilgo.com/wp-includes/class-wp-hook.php(334): WP_Hook->apply_filters()
#3 /usr/share/nginx/stage.isilgo.com/wp-includes/plugin.php(517): WP_Hook->do_action()
#4 /usr/share/nginx/stage.isilgo.com/wp-admin/admin-ajax.php(188): do_action()
#5 {main}
  thrown en /usr/share/nginx/stage.isilgo.com/wp-content/themes/isilgo/functions.php en la línea 1229

2023-11-04T05:53:50+00:00 CRITICAL Uncaught TypeError: array_diff(): Argument #1 ($array) must be of type array, null given in /usr/share/nginx/stage.isilgo.com/wp-content/themes/isilgo/functions.php:1229
Stack trace:
#0 /usr/share/nginx/stage.isilgo.com/wp-content/themes/isilgo/functions.php(1229): array_diff()
#1 /usr/share/nginx/stage.isilgo.com/wp-includes/class-wp-hook.php(310): recientesVistos()
#2 /usr/share/nginx/stage.isilgo.com/wp-includes/class-wp-hook.php(334): WP_Hook->apply_filters()
#3 /usr/share/nginx/stage.isilgo.com/wp-includes/plugin.php(517): WP_Hook->do_action()
#4 /usr/share/nginx/stage.isilgo.com/wp-admin/admin-ajax.php(188): do_action()
#5 {main}
  thrown en /usr/share/nginx/stage.isilgo.com/wp-content/themes/isilgo/functions.php en la línea 1229

2023-11-04T05:53:55+00:00 CRITICAL Uncaught TypeError: array_diff(): Argument #1 ($array) must be of type array, null given in /usr/share/nginx/stage.isilgo.com/wp-content/themes/isilgo/functions.php:1229
Stack trace:
#0 /usr/share/nginx/stage.isilgo.com/wp-content/themes/isilgo/functions.php(1229): array_diff()
#1 /usr/share/nginx/stage.isilgo.com/wp-includes/class-wp-hook.php(310): recientesVistos()
#2 /usr/share/nginx/stage.isilgo.com/wp-includes/class-wp-hook.php(334): WP_Hook->apply_filters()
#3 /usr/share/nginx/stage.isilgo.com/wp-includes/plugin.php(517): WP_Hook->do_action()
#4 /usr/share/nginx/stage.isilgo.com/wp-admin/admin-ajax.php(188): do_action()
#5 {main}
  thrown en /usr/share/nginx/stage.isilgo.com/wp-content/themes/isilgo/functions.php en la línea 1229

2023-11-04T05:55:23+00:00 CRITICAL Uncaught TypeError: array_diff(): Argument #1 ($array) must be of type array, null given in /usr/share/nginx/stage.isilgo.com/wp-content/themes/isilgo/functions.php:1229
Stack trace:
#0 /usr/share/nginx/stage.isilgo.com/wp-content/themes/isilgo/functions.php(1229): array_diff()
#1 /usr/share/nginx/stage.isilgo.com/wp-includes/class-wp-hook.php(310): recientesVistos()
#2 /usr/share/nginx/stage.isilgo.com/wp-includes/class-wp-hook.php(334): WP_Hook->apply_filters()
#3 /usr/share/nginx/stage.isilgo.com/wp-includes/plugin.php(517): WP_Hook->do_action()
#4 /usr/share/nginx/stage.isilgo.com/wp-admin/admin-ajax.php(188): do_action()
#5 {main}
  thrown en /usr/share/nginx/stage.isilgo.com/wp-content/themes/isilgo/functions.php en la línea 1229

2023-11-04T05:55:27+00:00 CRITICAL Uncaught TypeError: array_diff(): Argument #1 ($array) must be of type array, null given in /usr/share/nginx/stage.isilgo.com/wp-content/themes/isilgo/functions.php:1229
Stack trace:
#0 /usr/share/nginx/stage.isilgo.com/wp-content/themes/isilgo/functions.php(1229): array_diff()
#1 /usr/share/nginx/stage.isilgo.com/wp-includes/class-wp-hook.php(310): recientesVistos()
#2 /usr/share/nginx/stage.isilgo.com/wp-includes/class-wp-hook.php(334): WP_Hook->apply_filters()
#3 /usr/share/nginx/stage.isilgo.com/wp-includes/plugin.php(517): WP_Hook->do_action()
#4 /usr/share/nginx/stage.isilgo.com/wp-admin/admin-ajax.php(188): do_action()
#5 {main}
  thrown en /usr/share/nginx/stage.isilgo.com/wp-content/themes/isilgo/functions.php en la línea 1229

2023-11-04T05:58:03+00:00 CRITICAL Uncaught TypeError: array_diff(): Argument #1 ($array) must be of type array, null given in /usr/share/nginx/stage.isilgo.com/wp-content/themes/isilgo/functions.php:1229
Stack trace:
#0 /usr/share/nginx/stage.isilgo.com/wp-content/themes/isilgo/functions.php(1229): array_diff()
#1 /usr/share/nginx/stage.isilgo.com/wp-includes/class-wp-hook.php(310): recientesVistos()
#2 /usr/share/nginx/stage.isilgo.com/wp-includes/class-wp-hook.php(334): WP_Hook->apply_filters()
#3 /usr/share/nginx/stage.isilgo.com/wp-includes/plugin.php(517): WP_Hook->do_action()
#4 /usr/share/nginx/stage.isilgo.com/wp-admin/admin-ajax.php(188): do_action()
#5 {main}
  thrown en /usr/share/nginx/stage.isilgo.com/wp-content/themes/isilgo/functions.php en la línea 1229

2023-11-04T05:58:07+00:00 CRITICAL Uncaught TypeError: array_diff(): Argument #1 ($array) must be of type array, null given in /usr/share/nginx/stage.isilgo.com/wp-content/themes/isilgo/functions.php:1229
Stack trace:
#0 /usr/share/nginx/stage.isilgo.com/wp-content/themes/isilgo/functions.php(1229): array_diff()
#1 /usr/share/nginx/stage.isilgo.com/wp-includes/class-wp-hook.php(310): recientesVistos()
#2 /usr/share/nginx/stage.isilgo.com/wp-includes/class-wp-hook.php(334): WP_Hook->apply_filters()
#3 /usr/share/nginx/stage.isilgo.com/wp-includes/plugin.php(517): WP_Hook->do_action()
#4 /usr/share/nginx/stage.isilgo.com/wp-admin/admin-ajax.php(188): do_action()
#5 {main}
  thrown en /usr/share/nginx/stage.isilgo.com/wp-content/themes/isilgo/functions.php en la línea 1229

2023-11-04T05:58:37+00:00 CRITICAL Uncaught TypeError: array_diff(): Argument #1 ($array) must be of type array, null given in /usr/share/nginx/stage.isilgo.com/wp-content/themes/isilgo/functions.php:1229
Stack trace:
#0 /usr/share/nginx/stage.isilgo.com/wp-content/themes/isilgo/functions.php(1229): array_diff()
#1 /usr/share/nginx/stage.isilgo.com/wp-includes/class-wp-hook.php(310): recientesVistos()
#2 /usr/share/nginx/stage.isilgo.com/wp-includes/class-wp-hook.php(334): WP_Hook->apply_filters()
#3 /usr/share/nginx/stage.isilgo.com/wp-includes/plugin.php(517): WP_Hook->do_action()
#4 /usr/share/nginx/stage.isilgo.com/wp-admin/admin-ajax.php(188): do_action()
#5 {main}
  thrown en /usr/share/nginx/stage.isilgo.com/wp-content/themes/isilgo/functions.php en la línea 1229

2023-11-04T11:56:53+00:00 CRITICAL Uncaught TypeError: array_diff(): Argument #1 ($array) must be of type array, null given in /usr/share/nginx/stage.isilgo.com/wp-content/themes/isilgo/functions.php:1229
Stack trace:
#0 /usr/share/nginx/stage.isilgo.com/wp-content/themes/isilgo/functions.php(1229): array_diff()
#1 /usr/share/nginx/stage.isilgo.com/wp-includes/class-wp-hook.php(310): recientesVistos()
#2 /usr/share/nginx/stage.isilgo.com/wp-includes/class-wp-hook.php(334): WP_Hook->apply_filters()
#3 /usr/share/nginx/stage.isilgo.com/wp-includes/plugin.php(517): WP_Hook->do_action()
#4 /usr/share/nginx/stage.isilgo.com/wp-admin/admin-ajax.php(188): do_action()
#5 {main}
  thrown en /usr/share/nginx/stage.isilgo.com/wp-content/themes/isilgo/functions.php en la línea 1229

2023-11-04T12:06:07+00:00 CRITICAL Uncaught TypeError: array_diff(): Argument #1 ($array) must be of type array, null given in /usr/share/nginx/stage.isilgo.com/wp-content/themes/isilgo/functions.php:1229
Stack trace:
#0 /usr/share/nginx/stage.isilgo.com/wp-content/themes/isilgo/functions.php(1229): array_diff()
#1 /usr/share/nginx/stage.isilgo.com/wp-includes/class-wp-hook.php(310): recientesVistos()
#2 /usr/share/nginx/stage.isilgo.com/wp-includes/class-wp-hook.php(334): WP_Hook->apply_filters()
#3 /usr/share/nginx/stage.isilgo.com/wp-includes/plugin.php(517): WP_Hook->do_action()
#4 /usr/share/nginx/stage.isilgo.com/wp-admin/admin-ajax.php(188): do_action()
#5 {main}
  thrown en /usr/share/nginx/stage.isilgo.com/wp-content/themes/isilgo/functions.php en la línea 1229

2023-11-04T12:06:17+00:00 CRITICAL Uncaught TypeError: array_diff(): Argument #1 ($array) must be of type array, null given in /usr/share/nginx/stage.isilgo.com/wp-content/themes/isilgo/functions.php:1229
Stack trace:
#0 /usr/share/nginx/stage.isilgo.com/wp-content/themes/isilgo/functions.php(1229): array_diff()
#1 /usr/share/nginx/stage.isilgo.com/wp-includes/class-wp-hook.php(310): recientesVistos()
#2 /usr/share/nginx/stage.isilgo.com/wp-includes/class-wp-hook.php(334): WP_Hook->apply_filters()
#3 /usr/share/nginx/stage.isilgo.com/wp-includes/plugin.php(517): WP_Hook->do_action()
#4 /usr/share/nginx/stage.isilgo.com/wp-admin/admin-ajax.php(188): do_action()
#5 {main}
  thrown en /usr/share/nginx/stage.isilgo.com/wp-content/themes/isilgo/functions.php en la línea 1229

2023-11-04T12:14:03+00:00 CRITICAL Uncaught TypeError: array_diff(): Argument #1 ($array) must be of type array, null given in /usr/share/nginx/stage.isilgo.com/wp-content/themes/isilgo/functions.php:1229
Stack trace:
#0 /usr/share/nginx/stage.isilgo.com/wp-content/themes/isilgo/functions.php(1229): array_diff()
#1 /usr/share/nginx/stage.isilgo.com/wp-includes/class-wp-hook.php(310): recientesVistos()
#2 /usr/share/nginx/stage.isilgo.com/wp-includes/class-wp-hook.php(334): WP_Hook->apply_filters()
#3 /usr/share/nginx/stage.isilgo.com/wp-includes/plugin.php(517): WP_Hook->do_action()
#4 /usr/share/nginx/stage.isilgo.com/wp-admin/admin-ajax.php(188): do_action()
#5 {main}
  thrown en /usr/share/nginx/stage.isilgo.com/wp-content/themes/isilgo/functions.php en la línea 1229

2023-11-04T12:14:42+00:00 CRITICAL Uncaught TypeError: array_diff(): Argument #1 ($array) must be of type array, null given in /usr/share/nginx/stage.isilgo.com/wp-content/themes/isilgo/functions.php:1229
Stack trace:
#0 /usr/share/nginx/stage.isilgo.com/wp-content/themes/isilgo/functions.php(1229): array_diff()
#1 /usr/share/nginx/stage.isilgo.com/wp-includes/class-wp-hook.php(310): recientesVistos()
#2 /usr/share/nginx/stage.isilgo.com/wp-includes/class-wp-hook.php(334): WP_Hook->apply_filters()
#3 /usr/share/nginx/stage.isilgo.com/wp-includes/plugin.php(517): WP_Hook->do_action()
#4 /usr/share/nginx/stage.isilgo.com/wp-admin/admin-ajax.php(188): do_action()
#5 {main}
  thrown en /usr/share/nginx/stage.isilgo.com/wp-content/themes/isilgo/functions.php en la línea 1229

2023-11-04T12:16:01+00:00 CRITICAL Uncaught TypeError: array_diff(): Argument #1 ($array) must be of type array, null given in /usr/share/nginx/stage.isilgo.com/wp-content/themes/isilgo/functions.php:1229
Stack trace:
#0 /usr/share/nginx/stage.isilgo.com/wp-content/themes/isilgo/functions.php(1229): array_diff()
#1 /usr/share/nginx/stage.isilgo.com/wp-includes/class-wp-hook.php(310): recientesVistos()
#2 /usr/share/nginx/stage.isilgo.com/wp-includes/class-wp-hook.php(334): WP_Hook->apply_filters()
#3 /usr/share/nginx/stage.isilgo.com/wp-includes/plugin.php(517): WP_Hook->do_action()
#4 /usr/share/nginx/stage.isilgo.com/wp-admin/admin-ajax.php(188): do_action()
#5 {main}
  thrown en /usr/share/nginx/stage.isilgo.com/wp-content/themes/isilgo/functions.php en la línea 1229

2023-11-04T12:18:21+00:00 CRITICAL Uncaught TypeError: array_diff(): Argument #1 ($array) must be of type array, null given in /usr/share/nginx/stage.isilgo.com/wp-content/themes/isilgo/functions.php:1229
Stack trace:
#0 /usr/share/nginx/stage.isilgo.com/wp-content/themes/isilgo/functions.php(1229): array_diff()
#1 /usr/share/nginx/stage.isilgo.com/wp-includes/class-wp-hook.php(310): recientesVistos()
#2 /usr/share/nginx/stage.isilgo.com/wp-includes/class-wp-hook.php(334): WP_Hook->apply_filters()
#3 /usr/share/nginx/stage.isilgo.com/wp-includes/plugin.php(517): WP_Hook->do_action()
#4 /usr/share/nginx/stage.isilgo.com/wp-admin/admin-ajax.php(188): do_action()
#5 {main}
  thrown en /usr/share/nginx/stage.isilgo.com/wp-content/themes/isilgo/functions.php en la línea 1229

2023-11-04T12:20:55+00:00 CRITICAL Uncaught TypeError: array_diff(): Argument #1 ($array) must be of type array, null given in /usr/share/nginx/stage.isilgo.com/wp-content/themes/isilgo/functions.php:1229
Stack trace:
#0 /usr/share/nginx/stage.isilgo.com/wp-content/themes/isilgo/functions.php(1229): array_diff()
#1 /usr/share/nginx/stage.isilgo.com/wp-includes/class-wp-hook.php(310): recientesVistos()
#2 /usr/share/nginx/stage.isilgo.com/wp-includes/class-wp-hook.php(334): WP_Hook->apply_filters()
#3 /usr/share/nginx/stage.isilgo.com/wp-includes/plugin.php(517): WP_Hook->do_action()
#4 /usr/share/nginx/stage.isilgo.com/wp-admin/admin-ajax.php(188): do_action()
#5 {main}
  thrown en /usr/share/nginx/stage.isilgo.com/wp-content/themes/isilgo/functions.php en la línea 1229

2023-11-04T12:24:50+00:00 CRITICAL Uncaught TypeError: array_diff(): Argument #1 ($array) must be of type array, null given in /usr/share/nginx/stage.isilgo.com/wp-content/themes/isilgo/functions.php:1229
Stack trace:
#0 /usr/share/nginx/stage.isilgo.com/wp-content/themes/isilgo/functions.php(1229): array_diff()
#1 /usr/share/nginx/stage.isilgo.com/wp-includes/class-wp-hook.php(310): recientesVistos()
#2 /usr/share/nginx/stage.isilgo.com/wp-includes/class-wp-hook.php(334): WP_Hook->apply_filters()
#3 /usr/share/nginx/stage.isilgo.com/wp-includes/plugin.php(517): WP_Hook->do_action()
#4 /usr/share/nginx/stage.isilgo.com/wp-admin/admin-ajax.php(188): do_action()
#5 {main}
  thrown en /usr/share/nginx/stage.isilgo.com/wp-content/themes/isilgo/functions.php en la línea 1229

2023-11-04T12:29:30+00:00 CRITICAL Uncaught TypeError: array_diff(): Argument #1 ($array) must be of type array, null given in /usr/share/nginx/stage.isilgo.com/wp-content/themes/isilgo/functions.php:1229
Stack trace:
#0 /usr/share/nginx/stage.isilgo.com/wp-content/themes/isilgo/functions.php(1229): array_diff()
#1 /usr/share/nginx/stage.isilgo.com/wp-includes/class-wp-hook.php(310): recientesVistos()
#2 /usr/share/nginx/stage.isilgo.com/wp-includes/class-wp-hook.php(334): WP_Hook->apply_filters()
#3 /usr/share/nginx/stage.isilgo.com/wp-includes/plugin.php(517): WP_Hook->do_action()
#4 /usr/share/nginx/stage.isilgo.com/wp-admin/admin-ajax.php(188): do_action()
#5 {main}
  thrown en /usr/share/nginx/stage.isilgo.com/wp-content/themes/isilgo/functions.php en la línea 1229

2023-11-04T19:46:26+00:00 CRITICAL Uncaught TypeError: array_diff(): Argument #1 ($array) must be of type array, null given in /usr/share/nginx/stage.isilgo.com/wp-content/themes/isilgo/functions.php:1229
Stack trace:
#0 /usr/share/nginx/stage.isilgo.com/wp-content/themes/isilgo/functions.php(1229): array_diff()
#1 /usr/share/nginx/stage.isilgo.com/wp-includes/class-wp-hook.php(310): recientesVistos()
#2 /usr/share/nginx/stage.isilgo.com/wp-includes/class-wp-hook.php(334): WP_Hook->apply_filters()
#3 /usr/share/nginx/stage.isilgo.com/wp-includes/plugin.php(517): WP_Hook->do_action()
#4 /usr/share/nginx/stage.isilgo.com/wp-admin/admin-ajax.php(188): do_action()
#5 {main}
  thrown en /usr/share/nginx/stage.isilgo.com/wp-content/themes/isilgo/functions.php en la línea 1229

2023-11-04T21:00:43+00:00 CRITICAL Uncaught TypeError: array_diff(): Argument #1 ($array) must be of type array, null given in /usr/share/nginx/stage.isilgo.com/wp-content/themes/isilgo/functions.php:1229
Stack trace:
#0 /usr/share/nginx/stage.isilgo.com/wp-content/themes/isilgo/functions.php(1229): array_diff()
#1 /usr/share/nginx/stage.isilgo.com/wp-includes/class-wp-hook.php(310): recientesVistos()
#2 /usr/share/nginx/stage.isilgo.com/wp-includes/class-wp-hook.php(334): WP_Hook->apply_filters()
#3 /usr/share/nginx/stage.isilgo.com/wp-includes/plugin.php(517): WP_Hook->do_action()
#4 /usr/share/nginx/stage.isilgo.com/wp-admin/admin-ajax.php(188): do_action()
#5 {main}
  thrown en /usr/share/nginx/stage.isilgo.com/wp-content/themes/isilgo/functions.php en la línea 1229

2023-11-04T21:04:59+00:00 CRITICAL Uncaught TypeError: array_diff(): Argument #1 ($array) must be of type array, null given in /usr/share/nginx/stage.isilgo.com/wp-content/themes/isilgo/functions.php:1229
Stack trace:
#0 /usr/share/nginx/stage.isilgo.com/wp-content/themes/isilgo/functions.php(1229): array_diff()
#1 /usr/share/nginx/stage.isilgo.com/wp-includes/class-wp-hook.php(310): recientesVistos()
#2 /usr/share/nginx/stage.isilgo.com/wp-includes/class-wp-hook.php(334): WP_Hook->apply_filters()
#3 /usr/share/nginx/stage.isilgo.com/wp-includes/plugin.php(517): WP_Hook->do_action()
#4 /usr/share/nginx/stage.isilgo.com/wp-admin/admin-ajax.php(188): do_action()
#5 {main}
  thrown en /usr/share/nginx/stage.isilgo.com/wp-content/themes/isilgo/functions.php en la línea 1229

2023-11-04T21:14:44+00:00 CRITICAL Uncaught TypeError: array_diff(): Argument #1 ($array) must be of type array, null given in /usr/share/nginx/stage.isilgo.com/wp-content/themes/isilgo/functions.php:1229
Stack trace:
#0 /usr/share/nginx/stage.isilgo.com/wp-content/themes/isilgo/functions.php(1229): array_diff()
#1 /usr/share/nginx/stage.isilgo.com/wp-includes/class-wp-hook.php(310): recientesVistos()
#2 /usr/share/nginx/stage.isilgo.com/wp-includes/class-wp-hook.php(334): WP_Hook->apply_filters()
#3 /usr/share/nginx/stage.isilgo.com/wp-includes/plugin.php(517): WP_Hook->do_action()
#4 /usr/share/nginx/stage.isilgo.com/wp-admin/admin-ajax.php(188): do_action()
#5 {main}
  thrown en /usr/share/nginx/stage.isilgo.com/wp-content/themes/isilgo/functions.php en la línea 1229

2023-11-04T21:17:13+00:00 CRITICAL Uncaught TypeError: array_diff(): Argument #1 ($array) must be of type array, null given in /usr/share/nginx/stage.isilgo.com/wp-content/themes/isilgo/functions.php:1229
Stack trace:
#0 /usr/share/nginx/stage.isilgo.com/wp-content/themes/isilgo/functions.php(1229): array_diff()
#1 /usr/share/nginx/stage.isilgo.com/wp-includes/class-wp-hook.php(310): recientesVistos()
#2 /usr/share/nginx/stage.isilgo.com/wp-includes/class-wp-hook.php(334): WP_Hook->apply_filters()
#3 /usr/share/nginx/stage.isilgo.com/wp-includes/plugin.php(517): WP_Hook->do_action()
#4 /usr/share/nginx/stage.isilgo.com/wp-admin/admin-ajax.php(188): do_action()
#5 {main}
  thrown en /usr/share/nginx/stage.isilgo.com/wp-content/themes/isilgo/functions.php en la línea 1229

2023-11-04T21:17:19+00:00 CRITICAL Uncaught TypeError: array_diff(): Argument #1 ($array) must be of type array, null given in /usr/share/nginx/stage.isilgo.com/wp-content/themes/isilgo/functions.php:1229
Stack trace:
#0 /usr/share/nginx/stage.isilgo.com/wp-content/themes/isilgo/functions.php(1229): array_diff()
#1 /usr/share/nginx/stage.isilgo.com/wp-includes/class-wp-hook.php(310): recientesVistos()
#2 /usr/share/nginx/stage.isilgo.com/wp-includes/class-wp-hook.php(334): WP_Hook->apply_filters()
#3 /usr/share/nginx/stage.isilgo.com/wp-includes/plugin.php(517): WP_Hook->do_action()
#4 /usr/share/nginx/stage.isilgo.com/wp-admin/admin-ajax.php(188): do_action()
#5 {main}
  thrown en /usr/share/nginx/stage.isilgo.com/wp-content/themes/isilgo/functions.php en la línea 1229

2023-11-04T21:18:17+00:00 CRITICAL Uncaught TypeError: array_diff(): Argument #1 ($array) must be of type array, null given in /usr/share/nginx/stage.isilgo.com/wp-content/themes/isilgo/functions.php:1229
Stack trace:
#0 /usr/share/nginx/stage.isilgo.com/wp-content/themes/isilgo/functions.php(1229): array_diff()
#1 /usr/share/nginx/stage.isilgo.com/wp-includes/class-wp-hook.php(310): recientesVistos()
#2 /usr/share/nginx/stage.isilgo.com/wp-includes/class-wp-hook.php(334): WP_Hook->apply_filters()
#3 /usr/share/nginx/stage.isilgo.com/wp-includes/plugin.php(517): WP_Hook->do_action()
#4 /usr/share/nginx/stage.isilgo.com/wp-admin/admin-ajax.php(188): do_action()
#5 {main}
  thrown en /usr/share/nginx/stage.isilgo.com/wp-content/themes/isilgo/functions.php en la línea 1229

2023-11-04T21:19:03+00:00 CRITICAL Uncaught TypeError: array_diff(): Argument #1 ($array) must be of type array, null given in /usr/share/nginx/stage.isilgo.com/wp-content/themes/isilgo/functions.php:1229
Stack trace:
#0 /usr/share/nginx/stage.isilgo.com/wp-content/themes/isilgo/functions.php(1229): array_diff()
#1 /usr/share/nginx/stage.isilgo.com/wp-includes/class-wp-hook.php(310): recientesVistos()
#2 /usr/share/nginx/stage.isilgo.com/wp-includes/class-wp-hook.php(334): WP_Hook->apply_filters()
#3 /usr/share/nginx/stage.isilgo.com/wp-includes/plugin.php(517): WP_Hook->do_action()
#4 /usr/share/nginx/stage.isilgo.com/wp-admin/admin-ajax.php(188): do_action()
#5 {main}
  thrown en /usr/share/nginx/stage.isilgo.com/wp-content/themes/isilgo/functions.php en la línea 1229

2023-11-04T21:19:19+00:00 CRITICAL Uncaught TypeError: array_diff(): Argument #1 ($array) must be of type array, null given in /usr/share/nginx/stage.isilgo.com/wp-content/themes/isilgo/functions.php:1229
Stack trace:
#0 /usr/share/nginx/stage.isilgo.com/wp-content/themes/isilgo/functions.php(1229): array_diff()
#1 /usr/share/nginx/stage.isilgo.com/wp-includes/class-wp-hook.php(310): recientesVistos()
#2 /usr/share/nginx/stage.isilgo.com/wp-includes/class-wp-hook.php(334): WP_Hook->apply_filters()
#3 /usr/share/nginx/stage.isilgo.com/wp-includes/plugin.php(517): WP_Hook->do_action()
#4 /usr/share/nginx/stage.isilgo.com/wp-admin/admin-ajax.php(188): do_action()
#5 {main}
  thrown en /usr/share/nginx/stage.isilgo.com/wp-content/themes/isilgo/functions.php en la línea 1229

2023-11-04T21:19:44+00:00 CRITICAL Uncaught TypeError: array_diff(): Argument #1 ($array) must be of type array, null given in /usr/share/nginx/stage.isilgo.com/wp-content/themes/isilgo/functions.php:1229
Stack trace:
#0 /usr/share/nginx/stage.isilgo.com/wp-content/themes/isilgo/functions.php(1229): array_diff()
#1 /usr/share/nginx/stage.isilgo.com/wp-includes/class-wp-hook.php(310): recientesVistos()
#2 /usr/share/nginx/stage.isilgo.com/wp-includes/class-wp-hook.php(334): WP_Hook->apply_filters()
#3 /usr/share/nginx/stage.isilgo.com/wp-includes/plugin.php(517): WP_Hook->do_action()
#4 /usr/share/nginx/stage.isilgo.com/wp-admin/admin-ajax.php(188): do_action()
#5 {main}
  thrown en /usr/share/nginx/stage.isilgo.com/wp-content/themes/isilgo/functions.php en la línea 1229

2023-11-04T21:22:13+00:00 CRITICAL Uncaught TypeError: array_diff(): Argument #1 ($array) must be of type array, null given in /usr/share/nginx/stage.isilgo.com/wp-content/themes/isilgo/functions.php:1229
Stack trace:
#0 /usr/share/nginx/stage.isilgo.com/wp-content/themes/isilgo/functions.php(1229): array_diff()
#1 /usr/share/nginx/stage.isilgo.com/wp-includes/class-wp-hook.php(310): recientesVistos()
#2 /usr/share/nginx/stage.isilgo.com/wp-includes/class-wp-hook.php(334): WP_Hook->apply_filters()
#3 /usr/share/nginx/stage.isilgo.com/wp-includes/plugin.php(517): WP_Hook->do_action()
#4 /usr/share/nginx/stage.isilgo.com/wp-admin/admin-ajax.php(188): do_action()
#5 {main}
  thrown en /usr/share/nginx/stage.isilgo.com/wp-content/themes/isilgo/functions.php en la línea 1229

2023-11-04T21:23:18+00:00 CRITICAL Uncaught TypeError: array_diff(): Argument #1 ($array) must be of type array, null given in /usr/share/nginx/stage.isilgo.com/wp-content/themes/isilgo/functions.php:1229
Stack trace:
#0 /usr/share/nginx/stage.isilgo.com/wp-content/themes/isilgo/functions.php(1229): array_diff()
#1 /usr/share/nginx/stage.isilgo.com/wp-includes/class-wp-hook.php(310): recientesVistos()
#2 /usr/share/nginx/stage.isilgo.com/wp-includes/class-wp-hook.php(334): WP_Hook->apply_filters()
#3 /usr/share/nginx/stage.isilgo.com/wp-includes/plugin.php(517): WP_Hook->do_action()
#4 /usr/share/nginx/stage.isilgo.com/wp-admin/admin-ajax.php(188): do_action()
#5 {main}
  thrown en /usr/share/nginx/stage.isilgo.com/wp-content/themes/isilgo/functions.php en la línea 1229

2023-11-04T21:24:24+00:00 CRITICAL Uncaught TypeError: Cannot access offset of type string on string in /usr/share/nginx/stage.isilgo.com/wp-content/plugins/woocommerce/src/Admin/API/Reports/PerformanceIndicators/Controller.php:134
Stack trace:
#0 /usr/share/nginx/stage.isilgo.com/wp-content/plugins/woocommerce/src/Admin/API/Reports/PerformanceIndicators/Controller.php(255): Automattic\WooCommerce\Admin\API\Reports\PerformanceIndicators\Controller->get_analytics_report_data()
#1 /usr/share/nginx/stage.isilgo.com/wp-content/plugins/woocommerce/src/Admin/API/Reports/PerformanceIndicators/Controller.php(631): Automattic\WooCommerce\Admin\API\Reports\PerformanceIndicators\Controller->get_indicator_data()
#2 /usr/share/nginx/stage.isilgo.com/wp-content/plugins/woocommerce/includes/rest-api/Controllers/Version1/class-wc-rest-reports-v1-controller.php(48): Automattic\WooCommerce\Admin\API\Reports\PerformanceIndicators\Controller->get_collection_params()
#3 /usr/share/nginx/stage.isilgo.com/wp-content/plugins/woocommerce/src/Admin/API/Reports/PerformanceIndicators/Controller.php(85): WC_REST_Reports_V1_Controller->register_routes()
#4 /usr/share/nginx/stage.isilgo.com/wp-content/plugins/woocommerce/src/Admin/API/Init.php(147): Automattic\WooCommerce\Admin\API\Reports\PerformanceIndicators\Controller->register_routes()
#5 /usr/share/nginx/stage.isilgo.com/wp-includes/class-wp-hook.php(310): Automattic\WooCommerce\Admin\API\Init->rest_api_init()
#6 /usr/share/nginx/stage.isilgo.com/wp-includes/class-wp-hook.php(334): WP_Hook->apply_filters()
#7 /usr/share/nginx/stage.isilgo.com/wp-includes/plugin.php(517): WP_Hook->do_action()
#8 /usr/share/nginx/stage.isilgo.com/wp-includes/rest-api.php(587): do_action()
#9 /usr/share/nginx/stage.isilgo.com/wp-includes/rest-api.php(411): rest_get_server()
#10 /usr/share/nginx/stage.isilgo.com/wp-includes/class-wp-hook.php(310): rest_api_loaded()
#11 /usr/share/nginx/stage.isilgo.com/wp-includes/class-wp-hook.php(334): WP_Hook->apply_filters()
#12 /usr/share/nginx/stage.isilgo.com/wp-includes/plugin.php(565): WP_Hook->do_action()
#13 /usr/share/nginx/stage.isilgo.com/wp-includes/class-wp.php(398): do_action_ref_array()
#14 /usr/share/nginx/stage.isilgo.com/wp-includes/class-wp.php(779): WP->parse_request()
#15 /usr/share/nginx/stage.isilgo.com/wp-includes/functions.php(1335): WP->main()
#16 /usr/share/nginx/stage.isilgo.com/wp-blog-header.php(16): wp()
#17 /usr/share/nginx/stage.isilgo.com/index.php(17): require('...')
#18 {main}
  thrown en /usr/share/nginx/stage.isilgo.com/wp-content/plugins/woocommerce/src/Admin/API/Reports/PerformanceIndicators/Controller.php en la línea 134

2023-11-04T21:26:31+00:00 CRITICAL Uncaught TypeError: array_diff(): Argument #1 ($array) must be of type array, null given in /usr/share/nginx/stage.isilgo.com/wp-content/themes/isilgo/functions.php:1229
Stack trace:
#0 /usr/share/nginx/stage.isilgo.com/wp-content/themes/isilgo/functions.php(1229): array_diff()
#1 /usr/share/nginx/stage.isilgo.com/wp-includes/class-wp-hook.php(310): recientesVistos()
#2 /usr/share/nginx/stage.isilgo.com/wp-includes/class-wp-hook.php(334): WP_Hook->apply_filters()
#3 /usr/share/nginx/stage.isilgo.com/wp-includes/plugin.php(517): WP_Hook->do_action()
#4 /usr/share/nginx/stage.isilgo.com/wp-admin/admin-ajax.php(188): do_action()
#5 {main}
  thrown en /usr/share/nginx/stage.isilgo.com/wp-content/themes/isilgo/functions.php en la línea 1229

2023-11-04T21:26:45+00:00 CRITICAL Uncaught TypeError: array_diff(): Argument #1 ($array) must be of type array, null given in /usr/share/nginx/stage.isilgo.com/wp-content/themes/isilgo/functions.php:1229
Stack trace:
#0 /usr/share/nginx/stage.isilgo.com/wp-content/themes/isilgo/functions.php(1229): array_diff()
#1 /usr/share/nginx/stage.isilgo.com/wp-includes/class-wp-hook.php(310): recientesVistos()
#2 /usr/share/nginx/stage.isilgo.com/wp-includes/class-wp-hook.php(334): WP_Hook->apply_filters()
#3 /usr/share/nginx/stage.isilgo.com/wp-includes/plugin.php(517): WP_Hook->do_action()
#4 /usr/share/nginx/stage.isilgo.com/wp-admin/admin-ajax.php(188): do_action()
#5 {main}
  thrown en /usr/share/nginx/stage.isilgo.com/wp-content/themes/isilgo/functions.php en la línea 1229

2023-11-04T21:26:55+00:00 CRITICAL Uncaught TypeError: array_diff(): Argument #1 ($array) must be of type array, null given in /usr/share/nginx/stage.isilgo.com/wp-content/themes/isilgo/functions.php:1229
Stack trace:
#0 /usr/share/nginx/stage.isilgo.com/wp-content/themes/isilgo/functions.php(1229): array_diff()
#1 /usr/share/nginx/stage.isilgo.com/wp-includes/class-wp-hook.php(310): recientesVistos()
#2 /usr/share/nginx/stage.isilgo.com/wp-includes/class-wp-hook.php(334): WP_Hook->apply_filters()
#3 /usr/share/nginx/stage.isilgo.com/wp-includes/plugin.php(517): WP_Hook->do_action()
#4 /usr/share/nginx/stage.isilgo.com/wp-admin/admin-ajax.php(188): do_action()
#5 {main}
  thrown en /usr/share/nginx/stage.isilgo.com/wp-content/themes/isilgo/functions.php en la línea 1229

2023-11-04T21:29:38+00:00 CRITICAL Uncaught TypeError: array_diff(): Argument #1 ($array) must be of type array, null given in /usr/share/nginx/stage.isilgo.com/wp-content/themes/isilgo/functions.php:1229
Stack trace:
#0 /usr/share/nginx/stage.isilgo.com/wp-content/themes/isilgo/functions.php(1229): array_diff()
#1 /usr/share/nginx/stage.isilgo.com/wp-includes/class-wp-hook.php(310): recientesVistos()
#2 /usr/share/nginx/stage.isilgo.com/wp-includes/class-wp-hook.php(334): WP_Hook->apply_filters()
#3 /usr/share/nginx/stage.isilgo.com/wp-includes/plugin.php(517): WP_Hook->do_action()
#4 /usr/share/nginx/stage.isilgo.com/wp-admin/admin-ajax.php(188): do_action()
#5 {main}
  thrown en /usr/share/nginx/stage.isilgo.com/wp-content/themes/isilgo/functions.php en la línea 1229

2023-11-04T21:29:58+00:00 CRITICAL Uncaught TypeError: array_diff(): Argument #1 ($array) must be of type array, null given in /usr/share/nginx/stage.isilgo.com/wp-content/themes/isilgo/functions.php:1229
Stack trace:
#0 /usr/share/nginx/stage.isilgo.com/wp-content/themes/isilgo/functions.php(1229): array_diff()
#1 /usr/share/nginx/stage.isilgo.com/wp-includes/class-wp-hook.php(310): recientesVistos()
#2 /usr/share/nginx/stage.isilgo.com/wp-includes/class-wp-hook.php(334): WP_Hook->apply_filters()
#3 /usr/share/nginx/stage.isilgo.com/wp-includes/plugin.php(517): WP_Hook->do_action()
#4 /usr/share/nginx/stage.isilgo.com/wp-admin/admin-ajax.php(188): do_action()
#5 {main}
  thrown en /usr/share/nginx/stage.isilgo.com/wp-content/themes/isilgo/functions.php en la línea 1229

2023-11-04T21:43:58+00:00 CRITICAL Uncaught TypeError: array_diff(): Argument #1 ($array) must be of type array, null given in /usr/share/nginx/stage.isilgo.com/wp-content/themes/isilgo/functions.php:1229
Stack trace:
#0 /usr/share/nginx/stage.isilgo.com/wp-content/themes/isilgo/functions.php(1229): array_diff()
#1 /usr/share/nginx/stage.isilgo.com/wp-includes/class-wp-hook.php(310): recientesVistos()
#2 /usr/share/nginx/stage.isilgo.com/wp-includes/class-wp-hook.php(334): WP_Hook->apply_filters()
#3 /usr/share/nginx/stage.isilgo.com/wp-includes/plugin.php(517): WP_Hook->do_action()
#4 /usr/share/nginx/stage.isilgo.com/wp-admin/admin-ajax.php(188): do_action()
#5 {main}
  thrown en /usr/share/nginx/stage.isilgo.com/wp-content/themes/isilgo/functions.php en la línea 1229

2023-11-04T21:47:04+00:00 CRITICAL Uncaught TypeError: array_diff(): Argument #1 ($array) must be of type array, null given in /usr/share/nginx/stage.isilgo.com/wp-content/themes/isilgo/functions.php:1229
Stack trace:
#0 /usr/share/nginx/stage.isilgo.com/wp-content/themes/isilgo/functions.php(1229): array_diff()
#1 /usr/share/nginx/stage.isilgo.com/wp-includes/class-wp-hook.php(310): recientesVistos()
#2 /usr/share/nginx/stage.isilgo.com/wp-includes/class-wp-hook.php(334): WP_Hook->apply_filters()
#3 /usr/share/nginx/stage.isilgo.com/wp-includes/plugin.php(517): WP_Hook->do_action()
#4 /usr/share/nginx/stage.isilgo.com/wp-admin/admin-ajax.php(188): do_action()
#5 {main}
  thrown en /usr/share/nginx/stage.isilgo.com/wp-content/themes/isilgo/functions.php en la línea 1229

2023-11-04T21:47:24+00:00 CRITICAL Uncaught TypeError: array_diff(): Argument #1 ($array) must be of type array, null given in /usr/share/nginx/stage.isilgo.com/wp-content/themes/isilgo/functions.php:1229
Stack trace:
#0 /usr/share/nginx/stage.isilgo.com/wp-content/themes/isilgo/functions.php(1229): array_diff()
#1 /usr/share/nginx/stage.isilgo.com/wp-includes/class-wp-hook.php(310): recientesVistos()
#2 /usr/share/nginx/stage.isilgo.com/wp-includes/class-wp-hook.php(334): WP_Hook->apply_filters()
#3 /usr/share/nginx/stage.isilgo.com/wp-includes/plugin.php(517): WP_Hook->do_action()
#4 /usr/share/nginx/stage.isilgo.com/wp-admin/admin-ajax.php(188): do_action()
#5 {main}
  thrown en /usr/share/nginx/stage.isilgo.com/wp-content/themes/isilgo/functions.php en la línea 1229

2023-11-04T21:50:34+00:00 CRITICAL Uncaught TypeError: array_diff(): Argument #1 ($array) must be of type array, null given in /usr/share/nginx/stage.isilgo.com/wp-content/themes/isilgo/functions.php:1229
Stack trace:
#0 /usr/share/nginx/stage.isilgo.com/wp-content/themes/isilgo/functions.php(1229): array_diff()
#1 /usr/share/nginx/stage.isilgo.com/wp-includes/class-wp-hook.php(310): recientesVistos()
#2 /usr/share/nginx/stage.isilgo.com/wp-includes/class-wp-hook.php(334): WP_Hook->apply_filters()
#3 /usr/share/nginx/stage.isilgo.com/wp-includes/plugin.php(517): WP_Hook->do_action()
#4 /usr/share/nginx/stage.isilgo.com/wp-admin/admin-ajax.php(188): do_action()
#5 {main}
  thrown en /usr/share/nginx/stage.isilgo.com/wp-content/themes/isilgo/functions.php en la línea 1229

2023-11-04T21:53:43+00:00 CRITICAL Uncaught TypeError: array_diff(): Argument #1 ($array) must be of type array, null given in /usr/share/nginx/stage.isilgo.com/wp-content/themes/isilgo/functions.php:1229
Stack trace:
#0 /usr/share/nginx/stage.isilgo.com/wp-content/themes/isilgo/functions.php(1229): array_diff()
#1 /usr/share/nginx/stage.isilgo.com/wp-includes/class-wp-hook.php(310): recientesVistos()
#2 /usr/share/nginx/stage.isilgo.com/wp-includes/class-wp-hook.php(334): WP_Hook->apply_filters()
#3 /usr/share/nginx/stage.isilgo.com/wp-includes/plugin.php(517): WP_Hook->do_action()
#4 /usr/share/nginx/stage.isilgo.com/wp-admin/admin-ajax.php(188): do_action()
#5 {main}
  thrown en /usr/share/nginx/stage.isilgo.com/wp-content/themes/isilgo/functions.php en la línea 1229

2023-11-04T21:55:36+00:00 CRITICAL Uncaught TypeError: array_diff(): Argument #1 ($array) must be of type array, null given in /usr/share/nginx/stage.isilgo.com/wp-content/themes/isilgo/functions.php:1229
Stack trace:
#0 /usr/share/nginx/stage.isilgo.com/wp-content/themes/isilgo/functions.php(1229): array_diff()
#1 /usr/share/nginx/stage.isilgo.com/wp-includes/class-wp-hook.php(310): recientesVistos()
#2 /usr/share/nginx/stage.isilgo.com/wp-includes/class-wp-hook.php(334): WP_Hook->apply_filters()
#3 /usr/share/nginx/stage.isilgo.com/wp-includes/plugin.php(517): WP_Hook->do_action()
#4 /usr/share/nginx/stage.isilgo.com/wp-admin/admin-ajax.php(188): do_action()
#5 {main}
  thrown en /usr/share/nginx/stage.isilgo.com/wp-content/themes/isilgo/functions.php en la línea 1229

2023-11-04T21:57:44+00:00 CRITICAL Uncaught TypeError: array_diff(): Argument #1 ($array) must be of type array, null given in /usr/share/nginx/stage.isilgo.com/wp-content/themes/isilgo/functions.php:1229
Stack trace:
#0 /usr/share/nginx/stage.isilgo.com/wp-content/themes/isilgo/functions.php(1229): array_diff()
#1 /usr/share/nginx/stage.isilgo.com/wp-includes/class-wp-hook.php(310): recientesVistos()
#2 /usr/share/nginx/stage.isilgo.com/wp-includes/class-wp-hook.php(334): WP_Hook->apply_filters()
#3 /usr/share/nginx/stage.isilgo.com/wp-includes/plugin.php(517): WP_Hook->do_action()
#4 /usr/share/nginx/stage.isilgo.com/wp-admin/admin-ajax.php(188): do_action()
#5 {main}
  thrown en /usr/share/nginx/stage.isilgo.com/wp-content/themes/isilgo/functions.php en la línea 1229

2023-11-04T21:58:31+00:00 CRITICAL Uncaught TypeError: array_diff(): Argument #1 ($array) must be of type array, null given in /usr/share/nginx/stage.isilgo.com/wp-content/themes/isilgo/functions.php:1229
Stack trace:
#0 /usr/share/nginx/stage.isilgo.com/wp-content/themes/isilgo/functions.php(1229): array_diff()
#1 /usr/share/nginx/stage.isilgo.com/wp-includes/class-wp-hook.php(310): recientesVistos()
#2 /usr/share/nginx/stage.isilgo.com/wp-includes/class-wp-hook.php(334): WP_Hook->apply_filters()
#3 /usr/share/nginx/stage.isilgo.com/wp-includes/plugin.php(517): WP_Hook->do_action()
#4 /usr/share/nginx/stage.isilgo.com/wp-admin/admin-ajax.php(188): do_action()
#5 {main}
  thrown en /usr/share/nginx/stage.isilgo.com/wp-content/themes/isilgo/functions.php en la línea 1229

2023-11-04T21:58:41+00:00 CRITICAL Uncaught TypeError: array_diff(): Argument #1 ($array) must be of type array, null given in /usr/share/nginx/stage.isilgo.com/wp-content/themes/isilgo/functions.php:1229
Stack trace:
#0 /usr/share/nginx/stage.isilgo.com/wp-content/themes/isilgo/functions.php(1229): array_diff()
#1 /usr/share/nginx/stage.isilgo.com/wp-includes/class-wp-hook.php(310): recientesVistos()
#2 /usr/share/nginx/stage.isilgo.com/wp-includes/class-wp-hook.php(334): WP_Hook->apply_filters()
#3 /usr/share/nginx/stage.isilgo.com/wp-includes/plugin.php(517): WP_Hook->do_action()
#4 /usr/share/nginx/stage.isilgo.com/wp-admin/admin-ajax.php(188): do_action()
#5 {main}
  thrown en /usr/share/nginx/stage.isilgo.com/wp-content/themes/isilgo/functions.php en la línea 1229

2023-11-04T21:59:53+00:00 CRITICAL Uncaught TypeError: array_diff(): Argument #1 ($array) must be of type array, null given in /usr/share/nginx/stage.isilgo.com/wp-content/themes/isilgo/functions.php:1229
Stack trace:
#0 /usr/share/nginx/stage.isilgo.com/wp-content/themes/isilgo/functions.php(1229): array_diff()
#1 /usr/share/nginx/stage.isilgo.com/wp-includes/class-wp-hook.php(310): recientesVistos()
#2 /usr/share/nginx/stage.isilgo.com/wp-includes/class-wp-hook.php(334): WP_Hook->apply_filters()
#3 /usr/share/nginx/stage.isilgo.com/wp-includes/plugin.php(517): WP_Hook->do_action()
#4 /usr/share/nginx/stage.isilgo.com/wp-admin/admin-ajax.php(188): do_action()
#5 {main}
  thrown en /usr/share/nginx/stage.isilgo.com/wp-content/themes/isilgo/functions.php en la línea 1229

2023-11-04T21:59:58+00:00 CRITICAL Uncaught TypeError: array_diff(): Argument #1 ($array) must be of type array, null given in /usr/share/nginx/stage.isilgo.com/wp-content/themes/isilgo/functions.php:1229
Stack trace:
#0 /usr/share/nginx/stage.isilgo.com/wp-content/themes/isilgo/functions.php(1229): array_diff()
#1 /usr/share/nginx/stage.isilgo.com/wp-includes/class-wp-hook.php(310): recientesVistos()
#2 /usr/share/nginx/stage.isilgo.com/wp-includes/class-wp-hook.php(334): WP_Hook->apply_filters()
#3 /usr/share/nginx/stage.isilgo.com/wp-includes/plugin.php(517): WP_Hook->do_action()
#4 /usr/share/nginx/stage.isilgo.com/wp-admin/admin-ajax.php(188): do_action()
#5 {main}
  thrown en /usr/share/nginx/stage.isilgo.com/wp-content/themes/isilgo/functions.php en la línea 1229

2023-11-04T22:00:22+00:00 CRITICAL Uncaught TypeError: array_diff(): Argument #1 ($array) must be of type array, null given in /usr/share/nginx/stage.isilgo.com/wp-content/themes/isilgo/functions.php:1229
Stack trace:
#0 /usr/share/nginx/stage.isilgo.com/wp-content/themes/isilgo/functions.php(1229): array_diff()
#1 /usr/share/nginx/stage.isilgo.com/wp-includes/class-wp-hook.php(310): recientesVistos()
#2 /usr/share/nginx/stage.isilgo.com/wp-includes/class-wp-hook.php(334): WP_Hook->apply_filters()
#3 /usr/share/nginx/stage.isilgo.com/wp-includes/plugin.php(517): WP_Hook->do_action()
#4 /usr/share/nginx/stage.isilgo.com/wp-admin/admin-ajax.php(188): do_action()
#5 {main}
  thrown en /usr/share/nginx/stage.isilgo.com/wp-content/themes/isilgo/functions.php en la línea 1229

2023-11-04T22:01:29+00:00 CRITICAL Uncaught TypeError: array_diff(): Argument #1 ($array) must be of type array, null given in /usr/share/nginx/stage.isilgo.com/wp-content/themes/isilgo/functions.php:1229
Stack trace:
#0 /usr/share/nginx/stage.isilgo.com/wp-content/themes/isilgo/functions.php(1229): array_diff()
#1 /usr/share/nginx/stage.isilgo.com/wp-includes/class-wp-hook.php(310): recientesVistos()
#2 /usr/share/nginx/stage.isilgo.com/wp-includes/class-wp-hook.php(334): WP_Hook->apply_filters()
#3 /usr/share/nginx/stage.isilgo.com/wp-includes/plugin.php(517): WP_Hook->do_action()
#4 /usr/share/nginx/stage.isilgo.com/wp-admin/admin-ajax.php(188): do_action()
#5 {main}
  thrown en /usr/share/nginx/stage.isilgo.com/wp-content/themes/isilgo/functions.php en la línea 1229

2023-11-04T22:01:42+00:00 CRITICAL Uncaught TypeError: array_diff(): Argument #1 ($array) must be of type array, null given in /usr/share/nginx/stage.isilgo.com/wp-content/themes/isilgo/functions.php:1229
Stack trace:
#0 /usr/share/nginx/stage.isilgo.com/wp-content/themes/isilgo/functions.php(1229): array_diff()
#1 /usr/share/nginx/stage.isilgo.com/wp-includes/class-wp-hook.php(310): recientesVistos()
#2 /usr/share/nginx/stage.isilgo.com/wp-includes/class-wp-hook.php(334): WP_Hook->apply_filters()
#3 /usr/share/nginx/stage.isilgo.com/wp-includes/plugin.php(517): WP_Hook->do_action()
#4 /usr/share/nginx/stage.isilgo.com/wp-admin/admin-ajax.php(188): do_action()
#5 {main}
  thrown en /usr/share/nginx/stage.isilgo.com/wp-content/themes/isilgo/functions.php en la línea 1229

2023-11-04T22:03:36+00:00 CRITICAL Uncaught TypeError: array_diff(): Argument #1 ($array) must be of type array, null given in /usr/share/nginx/stage.isilgo.com/wp-content/themes/isilgo/functions.php:1229
Stack trace:
#0 /usr/share/nginx/stage.isilgo.com/wp-content/themes/isilgo/functions.php(1229): array_diff()
#1 /usr/share/nginx/stage.isilgo.com/wp-includes/class-wp-hook.php(310): recientesVistos()
#2 /usr/share/nginx/stage.isilgo.com/wp-includes/class-wp-hook.php(334): WP_Hook->apply_filters()
#3 /usr/share/nginx/stage.isilgo.com/wp-includes/plugin.php(517): WP_Hook->do_action()
#4 /usr/share/nginx/stage.isilgo.com/wp-admin/admin-ajax.php(188): do_action()
#5 {main}
  thrown en /usr/share/nginx/stage.isilgo.com/wp-content/themes/isilgo/functions.php en la línea 1229

2023-11-04T22:03:45+00:00 CRITICAL Uncaught TypeError: array_diff(): Argument #1 ($array) must be of type array, null given in /usr/share/nginx/stage.isilgo.com/wp-content/themes/isilgo/functions.php:1229
Stack trace:
#0 /usr/share/nginx/stage.isilgo.com/wp-content/themes/isilgo/functions.php(1229): array_diff()
#1 /usr/share/nginx/stage.isilgo.com/wp-includes/class-wp-hook.php(310): recientesVistos()
#2 /usr/share/nginx/stage.isilgo.com/wp-includes/class-wp-hook.php(334): WP_Hook->apply_filters()
#3 /usr/share/nginx/stage.isilgo.com/wp-includes/plugin.php(517): WP_Hook->do_action()
#4 /usr/share/nginx/stage.isilgo.com/wp-admin/admin-ajax.php(188): do_action()
#5 {main}
  thrown en /usr/share/nginx/stage.isilgo.com/wp-content/themes/isilgo/functions.php en la línea 1229

2023-11-04T22:15:22+00:00 CRITICAL Uncaught TypeError: array_diff(): Argument #1 ($array) must be of type array, null given in /usr/share/nginx/stage.isilgo.com/wp-content/themes/isilgo/functions.php:1229
Stack trace:
#0 /usr/share/nginx/stage.isilgo.com/wp-content/themes/isilgo/functions.php(1229): array_diff()
#1 /usr/share/nginx/stage.isilgo.com/wp-includes/class-wp-hook.php(310): recientesVistos()
#2 /usr/share/nginx/stage.isilgo.com/wp-includes/class-wp-hook.php(334): WP_Hook->apply_filters()
#3 /usr/share/nginx/stage.isilgo.com/wp-includes/plugin.php(517): WP_Hook->do_action()
#4 /usr/share/nginx/stage.isilgo.com/wp-admin/admin-ajax.php(188): do_action()
#5 {main}
  thrown en /usr/share/nginx/stage.isilgo.com/wp-content/themes/isilgo/functions.php en la línea 1229

2023-11-04T22:15:28+00:00 CRITICAL Uncaught TypeError: array_diff(): Argument #1 ($array) must be of type array, null given in /usr/share/nginx/stage.isilgo.com/wp-content/themes/isilgo/functions.php:1229
Stack trace:
#0 /usr/share/nginx/stage.isilgo.com/wp-content/themes/isilgo/functions.php(1229): array_diff()
#1 /usr/share/nginx/stage.isilgo.com/wp-includes/class-wp-hook.php(310): recientesVistos()
#2 /usr/share/nginx/stage.isilgo.com/wp-includes/class-wp-hook.php(334): WP_Hook->apply_filters()
#3 /usr/share/nginx/stage.isilgo.com/wp-includes/plugin.php(517): WP_Hook->do_action()
#4 /usr/share/nginx/stage.isilgo.com/wp-admin/admin-ajax.php(188): do_action()
#5 {main}
  thrown en /usr/share/nginx/stage.isilgo.com/wp-content/themes/isilgo/functions.php en la línea 1229

2023-11-04T22:15:48+00:00 CRITICAL Uncaught TypeError: array_diff(): Argument #1 ($array) must be of type array, null given in /usr/share/nginx/stage.isilgo.com/wp-content/themes/isilgo/functions.php:1229
Stack trace:
#0 /usr/share/nginx/stage.isilgo.com/wp-content/themes/isilgo/functions.php(1229): array_diff()
#1 /usr/share/nginx/stage.isilgo.com/wp-includes/class-wp-hook.php(310): recientesVistos()
#2 /usr/share/nginx/stage.isilgo.com/wp-includes/class-wp-hook.php(334): WP_Hook->apply_filters()
#3 /usr/share/nginx/stage.isilgo.com/wp-includes/plugin.php(517): WP_Hook->do_action()
#4 /usr/share/nginx/stage.isilgo.com/wp-admin/admin-ajax.php(188): do_action()
#5 {main}
  thrown en /usr/share/nginx/stage.isilgo.com/wp-content/themes/isilgo/functions.php en la línea 1229

2023-11-04T22:15:59+00:00 CRITICAL Uncaught TypeError: array_diff(): Argument #1 ($array) must be of type array, null given in /usr/share/nginx/stage.isilgo.com/wp-content/themes/isilgo/functions.php:1229
Stack trace:
#0 /usr/share/nginx/stage.isilgo.com/wp-content/themes/isilgo/functions.php(1229): array_diff()
#1 /usr/share/nginx/stage.isilgo.com/wp-includes/class-wp-hook.php(310): recientesVistos()
#2 /usr/share/nginx/stage.isilgo.com/wp-includes/class-wp-hook.php(334): WP_Hook->apply_filters()
#3 /usr/share/nginx/stage.isilgo.com/wp-includes/plugin.php(517): WP_Hook->do_action()
#4 /usr/share/nginx/stage.isilgo.com/wp-admin/admin-ajax.php(188): do_action()
#5 {main}
  thrown en /usr/share/nginx/stage.isilgo.com/wp-content/themes/isilgo/functions.php en la línea 1229

2023-11-04T22:16:51+00:00 CRITICAL Uncaught TypeError: array_diff(): Argument #1 ($array) must be of type array, null given in /usr/share/nginx/stage.isilgo.com/wp-content/themes/isilgo/functions.php:1229
Stack trace:
#0 /usr/share/nginx/stage.isilgo.com/wp-content/themes/isilgo/functions.php(1229): array_diff()
#1 /usr/share/nginx/stage.isilgo.com/wp-includes/class-wp-hook.php(310): recientesVistos()
#2 /usr/share/nginx/stage.isilgo.com/wp-includes/class-wp-hook.php(334): WP_Hook->apply_filters()
#3 /usr/share/nginx/stage.isilgo.com/wp-includes/plugin.php(517): WP_Hook->do_action()
#4 /usr/share/nginx/stage.isilgo.com/wp-admin/admin-ajax.php(188): do_action()
#5 {main}
  thrown en /usr/share/nginx/stage.isilgo.com/wp-content/themes/isilgo/functions.php en la línea 1229

2023-11-04T22:16:55+00:00 CRITICAL Uncaught TypeError: array_diff(): Argument #1 ($array) must be of type array, null given in /usr/share/nginx/stage.isilgo.com/wp-content/themes/isilgo/functions.php:1229
Stack trace:
#0 /usr/share/nginx/stage.isilgo.com/wp-content/themes/isilgo/functions.php(1229): array_diff()
#1 /usr/share/nginx/stage.isilgo.com/wp-includes/class-wp-hook.php(310): recientesVistos()
#2 /usr/share/nginx/stage.isilgo.com/wp-includes/class-wp-hook.php(334): WP_Hook->apply_filters()
#3 /usr/share/nginx/stage.isilgo.com/wp-includes/plugin.php(517): WP_Hook->do_action()
#4 /usr/share/nginx/stage.isilgo.com/wp-admin/admin-ajax.php(188): do_action()
#5 {main}
  thrown en /usr/share/nginx/stage.isilgo.com/wp-content/themes/isilgo/functions.php en la línea 1229

2023-11-04T22:17:40+00:00 CRITICAL Uncaught TypeError: array_diff(): Argument #1 ($array) must be of type array, null given in /usr/share/nginx/stage.isilgo.com/wp-content/themes/isilgo/functions.php:1229
Stack trace:
#0 /usr/share/nginx/stage.isilgo.com/wp-content/themes/isilgo/functions.php(1229): array_diff()
#1 /usr/share/nginx/stage.isilgo.com/wp-includes/class-wp-hook.php(310): recientesVistos()
#2 /usr/share/nginx/stage.isilgo.com/wp-includes/class-wp-hook.php(334): WP_Hook->apply_filters()
#3 /usr/share/nginx/stage.isilgo.com/wp-includes/plugin.php(517): WP_Hook->do_action()
#4 /usr/share/nginx/stage.isilgo.com/wp-admin/admin-ajax.php(188): do_action()
#5 {main}
  thrown en /usr/share/nginx/stage.isilgo.com/wp-content/themes/isilgo/functions.php en la línea 1229

2023-11-04T22:18:18+00:00 CRITICAL Uncaught TypeError: array_diff(): Argument #1 ($array) must be of type array, null given in /usr/share/nginx/stage.isilgo.com/wp-content/themes/isilgo/functions.php:1229
Stack trace:
#0 /usr/share/nginx/stage.isilgo.com/wp-content/themes/isilgo/functions.php(1229): array_diff()
#1 /usr/share/nginx/stage.isilgo.com/wp-includes/class-wp-hook.php(310): recientesVistos()
#2 /usr/share/nginx/stage.isilgo.com/wp-includes/class-wp-hook.php(334): WP_Hook->apply_filters()
#3 /usr/share/nginx/stage.isilgo.com/wp-includes/plugin.php(517): WP_Hook->do_action()
#4 /usr/share/nginx/stage.isilgo.com/wp-admin/admin-ajax.php(188): do_action()
#5 {main}
  thrown en /usr/share/nginx/stage.isilgo.com/wp-content/themes/isilgo/functions.php en la línea 1229

2023-11-04T22:19:00+00:00 CRITICAL Uncaught TypeError: array_diff(): Argument #1 ($array) must be of type array, null given in /usr/share/nginx/stage.isilgo.com/wp-content/themes/isilgo/functions.php:1229
Stack trace:
#0 /usr/share/nginx/stage.isilgo.com/wp-content/themes/isilgo/functions.php(1229): array_diff()
#1 /usr/share/nginx/stage.isilgo.com/wp-includes/class-wp-hook.php(310): recientesVistos()
#2 /usr/share/nginx/stage.isilgo.com/wp-includes/class-wp-hook.php(334): WP_Hook->apply_filters()
#3 /usr/share/nginx/stage.isilgo.com/wp-includes/plugin.php(517): WP_Hook->do_action()
#4 /usr/share/nginx/stage.isilgo.com/wp-admin/admin-ajax.php(188): do_action()
#5 {main}
  thrown en /usr/share/nginx/stage.isilgo.com/wp-content/themes/isilgo/functions.php en la línea 1229

2023-11-04T22:20:15+00:00 CRITICAL Uncaught TypeError: array_diff(): Argument #1 ($array) must be of type array, null given in /usr/share/nginx/stage.isilgo.com/wp-content/themes/isilgo/functions.php:1229
Stack trace:
#0 /usr/share/nginx/stage.isilgo.com/wp-content/themes/isilgo/functions.php(1229): array_diff()
#1 /usr/share/nginx/stage.isilgo.com/wp-includes/class-wp-hook.php(310): recientesVistos()
#2 /usr/share/nginx/stage.isilgo.com/wp-includes/class-wp-hook.php(334): WP_Hook->apply_filters()
#3 /usr/share/nginx/stage.isilgo.com/wp-includes/plugin.php(517): WP_Hook->do_action()
#4 /usr/share/nginx/stage.isilgo.com/wp-admin/admin-ajax.php(188): do_action()
#5 {main}
  thrown en /usr/share/nginx/stage.isilgo.com/wp-content/themes/isilgo/functions.php en la línea 1229

2023-11-04T22:20:58+00:00 CRITICAL Uncaught TypeError: array_diff(): Argument #1 ($array) must be of type array, null given in /usr/share/nginx/stage.isilgo.com/wp-content/themes/isilgo/functions.php:1229
Stack trace:
#0 /usr/share/nginx/stage.isilgo.com/wp-content/themes/isilgo/functions.php(1229): array_diff()
#1 /usr/share/nginx/stage.isilgo.com/wp-includes/class-wp-hook.php(310): recientesVistos()
#2 /usr/share/nginx/stage.isilgo.com/wp-includes/class-wp-hook.php(334): WP_Hook->apply_filters()
#3 /usr/share/nginx/stage.isilgo.com/wp-includes/plugin.php(517): WP_Hook->do_action()
#4 /usr/share/nginx/stage.isilgo.com/wp-admin/admin-ajax.php(188): do_action()
#5 {main}
  thrown en /usr/share/nginx/stage.isilgo.com/wp-content/themes/isilgo/functions.php en la línea 1229

2023-11-04T22:29:42+00:00 CRITICAL Uncaught TypeError: array_diff(): Argument #1 ($array) must be of type array, null given in /usr/share/nginx/stage.isilgo.com/wp-content/themes/isilgo/functions.php:1229
Stack trace:
#0 /usr/share/nginx/stage.isilgo.com/wp-content/themes/isilgo/functions.php(1229): array_diff()
#1 /usr/share/nginx/stage.isilgo.com/wp-includes/class-wp-hook.php(310): recientesVistos()
#2 /usr/share/nginx/stage.isilgo.com/wp-includes/class-wp-hook.php(334): WP_Hook->apply_filters()
#3 /usr/share/nginx/stage.isilgo.com/wp-includes/plugin.php(517): WP_Hook->do_action()
#4 /usr/share/nginx/stage.isilgo.com/wp-admin/admin-ajax.php(188): do_action()
#5 {main}
  thrown en /usr/share/nginx/stage.isilgo.com/wp-content/themes/isilgo/functions.php en la línea 1229

2023-11-04T22:31:52+00:00 CRITICAL Uncaught TypeError: array_diff(): Argument #1 ($array) must be of type array, null given in /usr/share/nginx/stage.isilgo.com/wp-content/themes/isilgo/functions.php:1229
Stack trace:
#0 /usr/share/nginx/stage.isilgo.com/wp-content/themes/isilgo/functions.php(1229): array_diff()
#1 /usr/share/nginx/stage.isilgo.com/wp-includes/class-wp-hook.php(310): recientesVistos()
#2 /usr/share/nginx/stage.isilgo.com/wp-includes/class-wp-hook.php(334): WP_Hook->apply_filters()
#3 /usr/share/nginx/stage.isilgo.com/wp-includes/plugin.php(517): WP_Hook->do_action()
#4 /usr/share/nginx/stage.isilgo.com/wp-admin/admin-ajax.php(188): do_action()
#5 {main}
  thrown en /usr/share/nginx/stage.isilgo.com/wp-content/themes/isilgo/functions.php en la línea 1229

2023-11-04T22:33:02+00:00 CRITICAL Uncaught TypeError: array_diff(): Argument #1 ($array) must be of type array, null given in /usr/share/nginx/stage.isilgo.com/wp-content/themes/isilgo/functions.php:1229
Stack trace:
#0 /usr/share/nginx/stage.isilgo.com/wp-content/themes/isilgo/functions.php(1229): array_diff()
#1 /usr/share/nginx/stage.isilgo.com/wp-includes/class-wp-hook.php(310): recientesVistos()
#2 /usr/share/nginx/stage.isilgo.com/wp-includes/class-wp-hook.php(334): WP_Hook->apply_filters()
#3 /usr/share/nginx/stage.isilgo.com/wp-includes/plugin.php(517): WP_Hook->do_action()
#4 /usr/share/nginx/stage.isilgo.com/wp-admin/admin-ajax.php(188): do_action()
#5 {main}
  thrown en /usr/share/nginx/stage.isilgo.com/wp-content/themes/isilgo/functions.php en la línea 1229

2023-11-04T22:33:53+00:00 CRITICAL Uncaught TypeError: array_diff(): Argument #1 ($array) must be of type array, null given in /usr/share/nginx/stage.isilgo.com/wp-content/themes/isilgo/functions.php:1229
Stack trace:
#0 /usr/share/nginx/stage.isilgo.com/wp-content/themes/isilgo/functions.php(1229): array_diff()
#1 /usr/share/nginx/stage.isilgo.com/wp-includes/class-wp-hook.php(310): recientesVistos()
#2 /usr/share/nginx/stage.isilgo.com/wp-includes/class-wp-hook.php(334): WP_Hook->apply_filters()
#3 /usr/share/nginx/stage.isilgo.com/wp-includes/plugin.php(517): WP_Hook->do_action()
#4 /usr/share/nginx/stage.isilgo.com/wp-admin/admin-ajax.php(188): do_action()
#5 {main}
  thrown en /usr/share/nginx/stage.isilgo.com/wp-content/themes/isilgo/functions.php en la línea 1229

