2023-09-23T00:00:31+00:00 INFO actualiza usuario:
{
    "first_name": "VIERNES DOS PRUEBAAA",
    "last_name": "VEINTIDOS DE SEPTIEMBRE",
    "email": "biyiron882@apxby.com",
    "company": "VIERNES DOS PRUEBA VEINTE Y DOS DEL NUEVE",
    "00Nf400000TUbiN": "968696501",
    "00Nf400000TUZxw": "",
    "00N2S000006lwOz": "1",
    "00Nf400000TUZxq": "12568945",
    "00N2S000006lxYR": "",
    "00N2S000006lxYW": "",
    "country": "PE",
    "city": "Chiclayo",
    "state": "LAM",
    "00Nf400000TUZxy": "f078",
    "00Nf400000TUZy9": "82",
    "00Nf400000TUZyL": "s751",
    "recordType": "0122S000000DLhf",
    "lead_source": "Web to Lead",
    "00N2S000007RuM4": "",
    "00N2S000007RuME": "",
    "00N2S000007RuMT": "",
    "00N2S000007RuMP": "",
    "oid": "00D3I0000008lXO"
}
2023-09-23T00:00:32+00:00 INFO actualiza usuario:
{
    "first_name": "VIERNES DOS PRUEBAAA",
    "last_name": "VEINTIDOS DE SEPTIEMBRE",
    "email": "biyiron882@apxby.com",
    "company": "VIERNES DOS PRUEBAAA VEINTIDOS DE SEPTIEMBRE",
    "00Nf400000TUbiN": "968696501",
    "00Nf400000TUZxw": "",
    "00N2S000006lwOz": "1",
    "00Nf400000TUZxq": "12568945",
    "00N2S000006lxYR": "",
    "00N2S000006lxYW": "",
    "country": "PE",
    "city": "Chiclayo",
    "state": "LAM",
    "00Nf400000TUZxy": "f078",
    "00Nf400000TUZy9": "82",
    "00Nf400000TUZyL": "s751",
    "recordType": "0122S000000DLhf",
    "lead_source": "Web to Lead",
    "00N2S000007RuM4": "",
    "00N2S000007RuME": "",
    "00N2S000007RuMT": "",
    "00N2S000007RuMP": "",
    "oid": "00D3I0000008lXO"
}
2023-09-23T00:00:32+00:00 INFO actualiza usuario:
{
    "first_name": "VIERNES DOS PRUEBAAA",
    "last_name": "VEINTIDOS DE SEPTIEMBRE",
    "email": "biyiron882@apxby.com",
    "company": "VIERNES DOS PRUEBA VEINTE Y DOS DEL NUEVE",
    "00Nf400000TUbiN": "968696501",
    "00Nf400000TUZxw": "12\/10\/2023",
    "00N2S000006lwOz": "1",
    "00Nf400000TUZxq": "12568945",
    "00N2S000006lxYR": "Universitario completo",
    "00N2S000006lxYW": "Trabajo independiente",
    "country": "PE",
    "city": "Chiclayo",
    "state": "LAM",
    "00Nf400000TUZxy": "f078",
    "00Nf400000TUZy9": "82",
    "00Nf400000TUZyL": "s751",
    "recordType": "0122S000000DLhf",
    "lead_source": "Web to Lead",
    "00N2S000007RuM4": "Administraci\u00f3n",
    "00N2S000007RuME": "Administraci\u00f3n Bancaria",
    "00N2S000007RuMT": "Dise\u00f1o de Interiores",
    "00N2S000007RuMP": "Operaciones y Log\u00edstica",
    "oid": "00D3I0000008lXO"
}
2023-09-23T00:00:54+00:00 INFO actualiza usuario:
{
    "first_name": "VIERNES DOS PRUEBAAA",
    "last_name": "VEINTIDOS DE SEPTIEMBRE",
    "email": "biyiron882@apxby.com",
    "company": "VIERNES DOS PRUEBAAA VEINTIDOS DE SEPTIEMBRE",
    "00Nf400000TUbiN": "968696501",
    "00Nf400000TUZxw": "",
    "00N2S000006lwOz": "1",
    "00Nf400000TUZxq": "12568945",
    "00N2S000006lxYR": "",
    "00N2S000006lxYW": "",
    "country": "PE",
    "city": "Chiclayo",
    "state": "LAM",
    "00Nf400000TUZxy": "f078",
    "00Nf400000TUZy9": "82",
    "00Nf400000TUZyL": "s751",
    "recordType": "0122S000000DLhf",
    "lead_source": "Web to Lead",
    "00N2S000007RuM4": "",
    "00N2S000007RuME": "",
    "00N2S000007RuMT": "",
    "00N2S000007RuMP": "",
    "oid": "00D3I0000008lXO"
}
2023-09-23T00:00:54+00:00 INFO actualiza usuario:
{
    "first_name": "VIERNES DOS PRUEBAAA",
    "last_name": "VEINTIDOS DE SEPTIEMBRE",
    "email": "biyiron882@apxby.com",
    "company": "VIERNES DOS PRUEBAAA VEINTIDOS DE SEPTIEMBRE",
    "00Nf400000TUbiN": "968696501",
    "00Nf400000TUZxw": "",
    "00N2S000006lwOz": "1",
    "00Nf400000TUZxq": "12568945",
    "00N2S000006lxYR": "",
    "00N2S000006lxYW": "",
    "country": "PE",
    "city": "Chiclayo",
    "state": "LAM",
    "00Nf400000TUZxy": "f078",
    "00Nf400000TUZy9": "82",
    "00Nf400000TUZyL": "s751",
    "recordType": "0122S000000DLhf",
    "lead_source": "Web to Lead",
    "00N2S000007RuM4": "",
    "00N2S000007RuME": "",
    "00N2S000007RuMT": "",
    "00N2S000007RuMP": "",
    "oid": "00D3I0000008lXO"
}
2023-09-23T00:00:55+00:00 INFO actualiza usuario:
{
    "first_name": "VIERNES DOS PRUEBAAA",
    "last_name": "VEINTIDOS DE SEPTIEMBRE",
    "email": "biyiron882@apxby.com",
    "company": "VIERNES DOS PRUEBAAA VEINTIDOS DE SEPTIEMBRE",
    "00Nf400000TUbiN": "968696501",
    "00Nf400000TUZxw": "12\/01\/2000",
    "00N2S000006lwOz": "1",
    "00Nf400000TUZxq": "12568945",
    "00N2S000006lxYR": "Universitario completo",
    "00N2S000006lxYW": "Trabajo independiente",
    "country": "PE",
    "city": "Chiclayo",
    "state": "LAM",
    "00Nf400000TUZxy": "f078",
    "00Nf400000TUZy9": "82",
    "00Nf400000TUZyL": "s751",
    "recordType": "0122S000000DLhf",
    "lead_source": "Web to Lead",
    "00N2S000007RuM4": "Administraci\u00f3n",
    "00N2S000007RuME": "Administraci\u00f3n Bancaria",
    "00N2S000007RuMT": "Dise\u00f1o de Interiores",
    "00N2S000007RuMP": "Operaciones y Log\u00edstica",
    "oid": "00D3I0000008lXO"
}
2023-09-23T00:03:29+00:00 INFO actualiza usuario:
{
    "first_name": "PRUEBA VIERNES",
    "last_name": "VEINTIDOS DE SEPTIEMBRE",
    "email": "capu.sbpfg99@luhec.com",
    "company": "PRUEBA VIERNES VEINTIDOS DE SEPTIEMBRE",
    "00Nf400000TUbiN": "955441100",
    "00Nf400000TUZxw": "",
    "00N2S000006lwOz": "4",
    "00Nf400000TUZxq": "935100005",
    "00N2S000006lxYR": "",
    "00N2S000006lxYW": "",
    "country": "PE",
    "city": "Lima",
    "state": "LMA",
    "00Nf400000TUZxy": "f078",
    "00Nf400000TUZy9": "82",
    "00Nf400000TUZyL": "s751",
    "recordType": "0122S000000DLhf",
    "lead_source": "Web to Lead",
    "00N2S000007RuM4": "",
    "00N2S000007RuME": "",
    "00N2S000007RuMT": "",
    "00N2S000007RuMP": "",
    "oid": "00D3I0000008lXO"
}
2023-09-23T00:03:30+00:00 INFO actualiza usuario:
{
    "first_name": "PRUEBA VIERNES",
    "last_name": "VEINTIDOS DE SEPTIEMBRE",
    "email": "capu.sbpfg99@luhec.com",
    "company": "PRUEBA VIERNES VEINTIDOS DE SEPTIEMBRE",
    "00Nf400000TUbiN": "955441100",
    "00Nf400000TUZxw": "",
    "00N2S000006lwOz": "4",
    "00Nf400000TUZxq": "935100005",
    "00N2S000006lxYR": "",
    "00N2S000006lxYW": "",
    "country": "PE",
    "city": "Lima",
    "state": "LMA",
    "00Nf400000TUZxy": "f078",
    "00Nf400000TUZy9": "82",
    "00Nf400000TUZyL": "s751",
    "recordType": "0122S000000DLhf",
    "lead_source": "Web to Lead",
    "00N2S000007RuM4": "",
    "00N2S000007RuME": "",
    "00N2S000007RuMT": "",
    "00N2S000007RuMP": "",
    "oid": "00D3I0000008lXO"
}
2023-09-23T00:03:30+00:00 INFO actualiza usuario:
{
    "first_name": "PRUEBA VIERNES",
    "last_name": "VEINTIDOS DE SEPTIEMBRE",
    "email": "capu.sbpfg99@luhec.com",
    "company": "PRUEBA VIERNES VEINTIDOS DE SEPTIEMBRE",
    "00Nf400000TUbiN": "955441100",
    "00Nf400000TUZxw": "25\/07\/1984",
    "00N2S000006lwOz": "4",
    "00Nf400000TUZxq": "935100005",
    "00N2S000006lxYR": "Doctorado",
    "00N2S000006lxYW": "Jubilado(a)",
    "country": "PE",
    "city": "Lima",
    "state": "LMA",
    "00Nf400000TUZxy": "f078",
    "00Nf400000TUZy9": "82",
    "00Nf400000TUZyL": "s751",
    "recordType": "0122S000000DLhf",
    "lead_source": "Web to Lead",
    "00N2S000007RuM4": "Gesti\u00f3n del Talento",
    "00N2S000007RuME": "Contabilidad y Finanzas",
    "00N2S000007RuMT": "Innovaci\u00f3n y Transformaci\u00f3n digital",
    "00N2S000007RuMP": "Administraci\u00f3n",
    "oid": "00D3I0000008lXO"
}
2023-09-23T00:10:31+00:00 INFO nuevo usuario:
{
    "first_name": "VIERNES DOS PRUEBA",
    "last_name": "VEINTE Y DOS DEL NUEVE",
    "company": "VIERNES DOS PRUEBA VEINTE Y DOS DEL NUEVE",
    "email": "biyiron882@apxby.com",
    "00Nf400000TUbiN": "968696501",
    "00N2S000007Bt0I": 1,
    "00Nf400000TUZxy": "f077",
    "00Nf400000TUZy9": "82",
    "00Nf400000TUZyL": "s751",
    "recordType": "0122S000000DLhf",
    "00N2S000007S7ro": "23\/09\/2023",
    "lead_source": "Web to Lead",
    "oid": "00D3I0000008lXO"
}
2023-09-23T00:10:35+00:00 INFO nuevo usuario:
{
    "first_name": "VIERNES DOS PRUEBA",
    "last_name": "VEINTE Y DOS DEL NUEVE",
    "company": "VIERNES DOS PRUEBA VEINTE Y DOS DEL NUEVE",
    "email": "biyiron882@apxby.com",
    "00Nf400000TUbiN": "968696501",
    "00N2S000007Bt0I": 1,
    "00Nf400000TUZxy": "f077",
    "00Nf400000TUZy9": "82",
    "00Nf400000TUZyL": "s751",
    "recordType": "0122S000000DLhf",
    "00N2S000007S7ro": "23\/09\/2023",
    "lead_source": "Web to Lead",
    "oid": "00D3I0000008lXO"
}
2023-09-23T04:56:47+00:00 INFO actualiza usuario:
{
    "first_name": "Cristi\u00e1n",
    "last_name": "Frenkel",
    "email": "cristian@radar.cl",
    "company": "",
    "00Nf400000TUbiN": "990029433",
    "00Nf400000TUZxw": "",
    "00N2S000006lwOz": "7",
    "00Nf400000TUZxq": "15563712-9",
    "00N2S000006lxYR": "",
    "00N2S000006lxYW": "",
    "country": "CL",
    "city": "Providencia",
    "state": "CL-RM",
    "00Nf400000TUZxy": "f078",
    "00Nf400000TUZy9": "82",
    "00Nf400000TUZyL": "s751",
    "recordType": "0122S000000DLhf",
    "lead_source": "Web to Lead",
    "00N2S000007RuM4": "",
    "00N2S000007RuME": "",
    "00N2S000007RuMT": "",
    "00N2S000007RuMP": "",
    "oid": "00D3I0000008lXO"
}
2023-09-23T04:57:27+00:00 INFO actualiza usuario:
{
    "first_name": "Cristi\u00e1n",
    "last_name": "Frenkel",
    "email": "cristian@radar.cl",
    "company": "",
    "00Nf400000TUbiN": "990029433",
    "00Nf400000TUZxw": "",
    "00N2S000006lwOz": "7",
    "00Nf400000TUZxq": "15563712-9",
    "00N2S000006lxYR": "",
    "00N2S000006lxYW": "",
    "country": "CL",
    "city": "Providencia",
    "state": "CL-RM",
    "00Nf400000TUZxy": "f078",
    "00Nf400000TUZy9": "82",
    "00Nf400000TUZyL": "s751",
    "recordType": "0122S000000DLhf",
    "lead_source": "Web to Lead",
    "00N2S000007RuM4": "",
    "00N2S000007RuME": "",
    "00N2S000007RuMT": "",
    "00N2S000007RuMP": "",
    "oid": "00D3I0000008lXO"
}
