2023-11-08T12:00:18+00:00 INFO URL: https://apitestenv.vnforapps.com/api.security/v1/security
2023-11-08T12:00:18+00:00 INFO Base64: : aW50ZWdyYWNpb25lc0BuaXViaXouY29tLnBlOl83ejNAOGZG
2023-11-08T12:00:18+00:00 INFO URL: https://apitestenv.vnforapps.com/api.ecommerce/v2/ecommerce/token/session/
2023-11-08T12:00:18+00:00 INFO Request: {"amount":"49.59","antifraud":{"clientIp":"10.0.7.17","merchantDefineData":{"MDD21":"0","MDD4":"jevar17397@viicard.com","MDD32":"jevar17397@viicard.com"}},"channel":"web","recurrenceMaxAmount":null}
2023-11-08T12:00:18+00:00 INFO Response: 
2023-11-08T12:01:52+00:00 INFO URL: https://apitestenv.vnforapps.com/api.security/v1/security
2023-11-08T12:01:52+00:00 INFO Base64: : aW50ZWdyYWNpb25lc0BuaXViaXouY29tLnBlOl83ejNAOGZG
2023-11-08T12:01:52+00:00 INFO URL: https://apitestenv.vnforapps.com/api.ecommerce/v2/ecommerce/token/session/
2023-11-08T12:01:52+00:00 INFO Request: {"amount":"49.59","antifraud":{"clientIp":"10.0.6.251","merchantDefineData":{"MDD21":"0","MDD4":"jevar17397@viicard.com","MDD32":"jevar17397@viicard.com"}},"channel":"web","recurrenceMaxAmount":null}
2023-11-08T12:01:52+00:00 INFO Response: 
2023-11-08T12:02:12+00:00 INFO URL: https://apitestenv.vnforapps.com/api.security/v1/security
2023-11-08T12:02:12+00:00 INFO Base64: : aW50ZWdyYWNpb25lc0BuaXViaXouY29tLnBlOl83ejNAOGZG
2023-11-08T12:02:12+00:00 INFO URL: https://apitestenv.vnforapps.com/api.ecommerce/v2/ecommerce/token/session/
2023-11-08T12:02:12+00:00 INFO Request: {"amount":"49.59","antifraud":{"clientIp":"10.0.6.251","merchantDefineData":{"MDD21":"0","MDD4":"jevar17397@viicard.com","MDD32":"jevar17397@viicard.com"}},"channel":"web","recurrenceMaxAmount":null}
2023-11-08T12:02:12+00:00 INFO Response: 
2023-11-08T12:05:02+00:00 INFO URL: https://apitestenv.vnforapps.com/api.security/v1/security
2023-11-08T12:05:02+00:00 INFO Base64: : aW50ZWdyYWNpb25lc0BuaXViaXouY29tLnBlOl83ejNAOGZG
2023-11-08T12:05:02+00:00 INFO URL: https://apitestenv.vnforapps.com/api.ecommerce/v2/ecommerce/token/session/456879853
2023-11-08T12:05:02+00:00 INFO Request: {"amount":"49.59","antifraud":{"clientIp":"10.0.6.251","merchantDefineData":{"MDD21":"0","MDD4":"jevar17397@viicard.com","MDD32":"jevar17397@viicard.com"}},"channel":"web","recurrenceMaxAmount":null}
2023-11-08T12:05:02+00:00 INFO Response: {"sessionKey":"fd3cae8cf2ae7cdc04287ea3e7255dbf2aafcc9ab0553252b02dc288e310ceb1","expirationTime":1699446002820}
2023-11-08T12:06:55+00:00 INFO URL: https://apitestenv.vnforapps.com/api.authorization/v3/authorization/ecommerce/456879853
2023-11-08T12:06:55+00:00 INFO Request: {"antifraud":null,"captureType":"manual","channel":"web","countable":"true","order":{"amount":"49.59","currency":"USD","purchaseNumber":9591,"tokenId":"137AD6C64F7747A8BAD6C64F7747A8B9","productId":"112"},"cardHolder":{"documentType":"0","documentNumber":"00009591"},"recurrence":{"type":"FIXEDINITIAL","frequency":"BIANNUAL","beneficiaryId":"15640182","beneficiaryFirstName":"Pancracio","beneficiaryLastName":"Martinez","maxAmount":"49.59","amount":"49.59"}}
2023-11-08T12:06:55+00:00 INFO Response: {"errorCode":400,"errorMessage":"Not Authorized","header":{"ecoreTransactionUUID":"b2a87265-273f-4dba-bbe8-50723b6a6114","ecoreTransactionDate":1699445215279,"millis":1327},"data":{"YAPE_ID":"","CURRENCY":"0840","TERMINAL":"00000001","TRANSACTION_DATE":"231108070654","ACTION_CODE":"754","TRACE_NUMBER":"971040","RECURRENCE_MAX_AMOUNT":"49.59","ECI_DESCRIPTION":"Transaccion no autenticada pero enviada en canal seguro","ECI":"07","SIGNATURE":"b2a87265-273f-4dba-bbe8-50723b6a6114","CARD":"621094******0005","BRAND":"unionpay","MERCHANT":"456879853","STATUS":"Not Authorized","ADQUIRENTE":"570009","ACTION_DESCRIPTION":"Comercio o terminal no valido","AMOUNT":"49.59","PROCESS_CODE":"000000"}}
2023-11-08T12:07:36+00:00 INFO URL: https://apisandbox.vnforappstest.com/api.security/v1/security
2023-11-08T12:07:36+00:00 INFO Base64: : aW50ZWdyYWNpb25lc0BuaXViaXouY29tLnBlOl83ejNAOGZG
2023-11-08T12:07:36+00:00 INFO URL: https://apisandbox.vnforappstest.com/api.ecommerce/v2/ecommerce/token/session/456879853
2023-11-08T12:07:36+00:00 INFO Request: {"amount":"49.59","antifraud":{"clientIp":"10.0.6.251","merchantDefineData":{"MDD21":"0","MDD4":"jevar17397@viicard.com","MDD32":"jevar17397@viicard.com"}},"channel":"web","recurrenceMaxAmount":null}
2023-11-08T12:07:36+00:00 INFO Response: {"sessionKey":"225bc4a6e4c125c4dc0a2fe4d11b49cc3be532868d61613d50c338cfbd8158e5","expirationTime":1699446156654}
2023-11-08T12:08:06+00:00 INFO URL: https://apisandbox.vnforappstest.com/api.authorization/v3/authorization/ecommerce/456879853
2023-11-08T12:08:06+00:00 INFO Request: {"antifraud":null,"captureType":"manual","channel":"web","countable":"true","order":{"amount":"49.59","currency":"USD","purchaseNumber":9591,"tokenId":"63F31D604713477DB31D604713B77DC3","productId":"112"},"cardHolder":{"documentType":"0","documentNumber":"00009591"},"recurrence":{"type":"FIXEDINITIAL","frequency":"BIANNUAL","beneficiaryId":"15640182","beneficiaryFirstName":"Pancracio","beneficiaryLastName":"Martinez","maxAmount":"49.59","amount":"49.59"}}
2023-11-08T12:08:06+00:00 INFO Response: {"errorCode":400,"errorMessage":"Voided","header":{"ecoreTransactionUUID":"d42e8ccb-ed3d-4e3b-9452-40fa26919733","ecoreTransactionDate":1699445286605,"millis":3348},"data":{"TERMINAL":"00000001","BRAND_ACTION_CODE":"00","BRAND_HOST_DATE_TIME":"201209114839","TRACE_NUMBER":"202933","RECURRENCE_MAX_AMOUNT":"49.59","ECI_DESCRIPTION":"Transaccion no autenticada pero enviada en canal seguro","SIGNATURE":"d42e8ccb-ed3d-4e3b-9452-40fa26919733","CARD":"621094******0005","MERCHANT":"341198210","STATUS":"Voided","ACTION_DESCRIPTION":"Aprobado y completado con exito","ID_UNICO":"993211570048521","AMOUNT":"49.59","BRAND_HOST_ID":"544404","AUTHORIZATION_CODE":"115231","YAPE_ID":"","CURRENCY":"0604","TRANSACTION_DATE":"231108070805","ACTION_CODE":"000","CVV2_VALIDATION_RESULT":"M","ECI":"07","ID_RESOLUTOR":"420201222142237","BRAND":"visa","ADQUIRENTE":"570009","BRAND_NAME":"UP","PROCESS_CODE":"000000","TRANSACTION_ID":"993211570048521"}}
2023-11-08T17:43:18+00:00 INFO URL: https://apitestenv.vnforapps.com/api.security/v1/security
2023-11-08T17:43:18+00:00 INFO Base64: : aW50ZWdyYWNpb25lc0BuaXViaXouY29tLnBlOl83ejNAOGZG
2023-11-08T17:43:18+00:00 INFO URL: https://apitestenv.vnforapps.com/api.ecommerce/v2/ecommerce/token/session/522591303
2023-11-08T17:43:18+00:00 INFO Request: {"amount":"23.69","antifraud":{"clientIp":"10.0.6.251","merchantDefineData":{"MDD21":"0","MDD4":"jevar17397@viicard.com","MDD32":"jevar17397@viicard.com"}},"channel":"web","recurrenceMaxAmount":null}
2023-11-08T17:43:18+00:00 INFO Response: {"sessionKey":"c769a73b801ed68c09e5979e43406677c6fcd5037869dc8c03697dd2a5a66100","expirationTime":1699466298499}
2023-11-08T17:46:05+00:00 INFO URL: https://apitestenv.vnforapps.com/api.authorization/v3/authorization/ecommerce/522591303
2023-11-08T17:46:05+00:00 INFO Request: {"antifraud":null,"captureType":"manual","channel":"web","countable":"true","order":{"amount":"23.69","currency":"USD","purchaseNumber":9592,"tokenId":"D084261619A640EC84261619A6D0ECF6","productId":"105"},"cardHolder":{"documentType":"0","documentNumber":"00009592"},"recurrence":{"type":"FIXEDINITIAL","frequency":"QUARTERLY","beneficiaryId":"15640182","beneficiaryFirstName":"Pancracio","beneficiaryLastName":"Martinez","maxAmount":"23.69","amount":"23.69"}}
2023-11-08T17:46:05+00:00 INFO Response: {"errorCode":400,"errorMessage":"Currency Mismatch","header":{"ecoreTransactionUUID":"a9752be7-e684-4b19-a170-3b8f6c2aa033","ecoreTransactionDate":1699465564987,"millis":422},"data":{"CURRENCY":"0840","AMOUNT":"23.69","MERCHANT":"522591303"}}
2023-11-08T20:21:14+00:00 INFO URL: https://apitestenv.vnforapps.com/api.posservices/api/v1/service/recurrence.getAffiliation
2023-11-08T20:21:14+00:00 INFO Request: {"terminalId":"00000001","merchantId":"522591303","merchantName":"Isilgo","dateTime":"231108202113","dataMap":{"channelAffiliation":null,"affiliationDateFrom":"2023-10-30","affiliationDateTo":"2023-10-30","merchantId":"522591303","beneficiaryId":"989338413","channelId":6}}
2023-11-08T20:21:14+00:00 INFO Response: {"header":"","merchantId":"522591303","traceNumber":null,"operationType":null,"dateTime":"231108202113","amount":"000000000000","currencyId":null,"status":"000","data":null,"dataMap":{"messageResponse":{"header":{"status":{"busResponseCode":"0","busResponseMessage":"EJECUCIÓN CON ÉXITO","busResponseMsgId":"-","srvResponseCode":"0","srvResponseMessage":"EJECUCIÓN CON ÉXITO","responseType":"0"}},"body":{"comercioListadoAfiliacionResponse":[{"idAfiliacion":"21919687","numTarjeta":"455170******8059","mesExpTarjeta":"3","anoExpTarjeta":"2028","tipDocTarHabiente":"0","idDocTarHabiente":"00009483","nomTarHabiente":"KATYA","apePatTarHabiente":"GARVICH","telTarHabiente":"989338413","correoTarHabiente":"kgarvich@hotmail.com","idBeneficiario":"989338413","nomBeneficiario":"KATIA ELIZABETH","apePatBeneficiario":"SAN MARTIN","codProducto":"112","nomProducto":"ADVANCE","canalAfiliacion":"6","monMaximo":"180.0","fecSolicitudAfiliacion":null,"fecAfiliacion":"2023-10-30 16:32:38.0","estadoAfiliacion":"0","fechaExpiracion":"03-2028"}]}}}}
2023-11-08T20:21:14+00:00 INFO URL: https://apitestenv.vnforapps.com/api.posservices/api/v1/service/recurrence.getCharges
2023-11-08T20:21:14+00:00 INFO Request: {"terminalId":"00000001","merchantId":"522591303","merchantName":"Isilgo","dateTime":"231108202114","dataMap":{"channelAffiliation":6,"requestDateFrom":"2023-11-05","requestDateTo":"2023-11-08","merchantId":"522591303","channelId":6,"beneficiaryId":"989338413"}}
2023-11-08T20:21:14+00:00 INFO Response: {"header":"","merchantId":"522591303","traceNumber":null,"operationType":null,"dateTime":"231108202114","amount":"000000000000","currencyId":null,"status":"000","data":null,"dataMap":{"messageResponse":{"header":{"status":{"busResponseCode":"0","busResponseMessage":"EJECUCIÓN CON ÉXITO","busResponseMsgId":"-","srvResponseCode":"0","srvResponseMessage":"EJECUCIÓN CON ÉXITO","responseType":"0"}},"body":{"comercioListadoCargoResponse":[{"idTransaccion":"991233110053133","idCargo":"274965118","numTarjeta":"455170******8059","mesExpTarjeta":"3","anoExpTarjeta":"2028","codAutorizacion":"140707","nomTarHabiente":"KATYA","tipDocTarHabiente":"0","idDocTarHabiente":"00009483","apePatTarHabiente":"GARVICH","idBeneficiario":"989338413","nomBeneficiario":"KATIA ELIZABETH","apePatBeneficiario":"SAN MARTIN","codEmisor":"11","nomEmisor":"BANCO CONTINENTAL","codComercio":"341198214","nomComercio":"REC VISANET SOLES","codProducto":"112","nomProducto":"ADVANCE","canalAfiliacion":"6","fecAfiliacion":"2023-10-30 16:32:38.0","canalDesafiliacion":null,"fecDesafiliacion":null,"canalSuspension":null,"fecSuspension":null,"fecProceso":"2023-11-08 00:00:00.0","monMaximo":"180.0","estadoCargo":"5","codAccion":"000","motivoRechazo":"AUTORIZADA","nroLote":"204502608","nroReintento":"0","fecEstimada":"2023-11-30 00:00:00.0","montoCargo":"180.0","nroRecibo":"","tipoTarjeta":"DEBITO"}]}}}}
2023-11-08T21:00:20+00:00 INFO URL: https://apitestenv.vnforapps.com/api.security/v1/security
2023-11-08T21:00:20+00:00 INFO Base64: : aW50ZWdyYWNpb25lc0BuaXViaXouY29tLnBlOl83ejNAOGZG
2023-11-08T21:00:20+00:00 INFO URL: https://apitestenv.vnforapps.com/api.ecommerce/v2/ecommerce/token/session/522591303
2023-11-08T21:00:20+00:00 INFO Request: {"amount":"86.00","antifraud":{"clientIp":"10.0.7.17","merchantDefineData":{"MDD21":"0","MDD4":"jevar17397@viicard.com","MDD32":"jevar17397@viicard.com"}},"channel":"web","recurrenceMaxAmount":null}
2023-11-08T21:00:20+00:00 INFO Response: {"sessionKey":"e563269058015d9b48f95c9648e84103728f4f0e6527a551c23d889c8890a8cd","expirationTime":1699478120414}
2023-11-08T21:01:11+00:00 INFO URL: https://apitestenv.vnforapps.com/api.authorization/v3/authorization/ecommerce/522591303
2023-11-08T21:01:11+00:00 INFO Request: {"antifraud":null,"captureType":"manual","channel":"web","countable":"true","order":{"amount":"86.00","currency":"PEN","purchaseNumber":9594,"tokenId":"DEE7101973FB4163A7101973FB3163CD","productId":"105"},"cardHolder":{"documentType":"0","documentNumber":"00009594"},"recurrence":{"type":"FIXEDINITIAL","frequency":"QUARTERLY","beneficiaryId":"15640182","beneficiaryFirstName":"Pancracio","beneficiaryLastName":"Martinez","maxAmount":"86.00","amount":"86.00"}}
2023-11-08T21:01:11+00:00 INFO Response: {"header":{"ecoreTransactionUUID":"e2e83d30-4515-460c-a26d-86d0d9f10976","ecoreTransactionDate":1699477271368,"millis":4555},"fulfillment":{"channel":"web","merchantId":"522591303","terminalId":"00000001","captureType":"manual","countable":true,"fastPayment":false,"signature":"e2e83d30-4515-460c-a26d-86d0d9f10976"},"order":{"tokenId":"DEE7101973FB4163A7101973FB3163CD","purchaseNumber":"9594","productId":"105","amount":86.0,"installment":0,"currency":"PEN","authorizedAmount":86.0,"authorizationCode":"160052","actionCode":"000","traceNumber":"971755","transactionDate":"231108160107","transactionId":"991233120055013"},"token":{"tokenId":"7000010039505700","ownerId":null,"expireOn":"280331235959"},"dataMap":{"TERMINAL":"00000001","BRAND_ACTION_CODE":"00","BRAND_HOST_DATE_TIME":"231108161528","TRACE_NUMBER":"971755","RECURRENCE_MAX_AMOUNT":"86.0","CARD_TYPE":"C","ECI_DESCRIPTION":"Transaccion no autenticada pero enviada en canal seguro","SIGNATURE":"e2e83d30-4515-460c-a26d-86d0d9f10976","CARD":"455170******8059","MERCHANT":"522591303","EXPIRATION_MONTH":"03","STATUS":"Authorized","ACTION_DESCRIPTION":"Aprobado y completado con exito","ID_UNICO":"991233120055013","AMOUNT":"86.00","EXPIRATION_YEAR":"2028","BRAND_HOST_ID":"174356","AUTHORIZATION_CODE":"160052","YAPE_ID":"","CURRENCY":"0604","TRANSACTION_DATE":"231108160107","ACTION_CODE":"000","CARD_TOKEN":"7000010039505700","ECI":"07","ID_RESOLUTOR":"620231108160052","BRAND":"visa","ADQUIRENTE":"570009","RECURRENCE_SRV_MESSAGE":"Registro de afiliacion con exito","BRAND_NAME":"VI","PROCESS_CODE":"000000","RECURRENCE_SRV_CODE":"000","RECURRENCE_STATUS":"Registered","TRANSACTION_ID":"991233120055013"}}
2023-11-08T21:01:14+00:00 INFO URL: https://apitestenv.vnforapps.com/api.posservices/api/v1/service/recurrence.getAffiliation
2023-11-08T21:01:14+00:00 INFO Request: {"terminalId":"00000001","merchantId":"522591303","merchantName":"Isilgo","dateTime":"231108210113","dataMap":{"channelAffiliation":null,"affiliationDateFrom":"2023-11-08","affiliationDateTo":"2023-11-08","merchantId":"522591303","channelId":6}}
2023-11-08T21:01:14+00:00 INFO Response: {"header":"","merchantId":"522591303","traceNumber":null,"operationType":null,"dateTime":"231108210113","amount":"000000000000","currencyId":null,"status":"000","data":null,"dataMap":{"messageResponse":{"header":{"status":{"busResponseCode":"0","busResponseMessage":"EJECUCIÓN CON ÉXITO","busResponseMsgId":"-","srvResponseCode":"0","srvResponseMessage":"EJECUCIÓN CON ÉXITO","responseType":"0"}},"body":{"comercioListadoAfiliacionResponse":[{"idAfiliacion":"21919847","numTarjeta":"455170******8059","mesExpTarjeta":"3","anoExpTarjeta":"2028","tipDocTarHabiente":"0","idDocTarHabiente":"00009594","nomTarHabiente":"MANUEL","apePatTarHabiente":"RNERI","telTarHabiente":"789456123","correoTarHabiente":"mromero@testes.com","idBeneficiario":"15640182","nomBeneficiario":"PANCRACIO","apePatBeneficiario":"MARTINEZ","codProducto":"105","nomProducto":"BOOST","canalAfiliacion":"6","monMaximo":"86.0","fecSolicitudAfiliacion":null,"fecAfiliacion":"2023-11-08 16:01:08.0","estadoAfiliacion":"0","fechaExpiracion":"03-2028"}]}}}}
