2023-10-27T13:45:13+00:00 INFO nuevo usuario:
{
    "first_name": "TI19",
    "last_name": "PRUEBA",
    "company": "TI19 PRUEBA",
    "email": "tiprueba19@gmail.com",
    "00Nf400000TUbiN": "989338407",
    "00N2S000007Bt0I": 1,
    "00Nf400000TUZxy": "f077",
    "00Nf400000TUZy9": "82",
    "00Nf400000TUZyL": "s751",
    "recordType": "0122S000000DLhf",
    "00N2S000007S7ro": "27\/10\/2023",
    "lead_source": "Web to Lead",
    "oid": "00D3I0000008lXO"
}
2023-10-27T15:15:10+00:00 INFO nuevo usuario:
{
    "first_name": "Cesar Aurelio",
    "last_name": "Alfaro Estela",
    "company": "Cesar Aurelio Alfaro Estela",
    "email": "calfaro@isil.pe",
    "00Nf400000TUbiN": "",
    "00N2S000007Bt0I": 1,
    "00Nf400000TUZxy": "f077",
    "00Nf400000TUZy9": "82",
    "00Nf400000TUZyL": "s751",
    "recordType": "0122S000000DLhf",
    "00N2S000007S7ro": "27\/10\/2023",
    "lead_source": "Web to Lead",
    "oid": "00D3I0000008lXO"
}
2023-10-27T15:25:49+00:00 INFO actualiza usuario:
{
    "first_name": "Cesar Aurelio",
    "last_name": "Alfaro Estela",
    "email": "calfaro@isil.pe",
    "company": "Cesar Aurelio Alfaro Estela",
    "00Nf400000TUbiN": "",
    "00Nf400000TUZxw": "",
    "00N2S000006lwOz": "1",
    "00Nf400000TUZxq": "44000413",
    "00N2S000006lxYR": "",
    "00N2S000006lxYW": "",
    "country": "PE",
    "city": "Lima",
    "state": "LMA",
    "00Nf400000TUZxy": "f078",
    "00Nf400000TUZy9": "82",
    "00Nf400000TUZyL": "s751",
    "recordType": "0122S000000DLhf",
    "lead_source": "Web to Lead",
    "00N2S000007RuM4": "",
    "00N2S000007RuME": "",
    "00N2S000007RuMT": "",
    "00N2S000007RuMP": "",
    "oid": "00D3I0000008lXO"
}
2023-10-27T15:37:42+00:00 INFO nuevo usuario:
{
    "first_name": "VIERNES DOS PRUEBA",
    "last_name": "VEINTE Y DOS DEL NUEVE",
    "company": "VIERNES DOS PRUEBA VEINTE Y DOS DEL NUEVE",
    "email": "biyiron882@apxby.com",
    "00Nf400000TUbiN": "968696501",
    "00N2S000007Bt0I": 1,
    "00Nf400000TUZxy": "f077",
    "00Nf400000TUZy9": "82",
    "00Nf400000TUZyL": "s751",
    "recordType": "0122S000000DLhf",
    "00N2S000007S7ro": "27\/10\/2023",
    "lead_source": "Web to Lead",
    "oid": "00D3I0000008lXO"
}
2023-10-27T16:14:22+00:00 INFO nuevo usuario:
{
    "first_name": "KATIA ELIZABETH",
    "last_name": "GARVICH SAN MARTIN",
    "company": "KATIA ELIZABETH GARVICH SAN MARTIN",
    "email": "katyae16@hotmail.com",
    "00Nf400000TUbiN": "",
    "00N2S000007Bt0I": 1,
    "00Nf400000TUZxy": "f077",
    "00Nf400000TUZy9": "82",
    "00Nf400000TUZyL": "s751",
    "recordType": "0122S000000DLhf",
    "00N2S000007S7ro": "27\/10\/2023",
    "lead_source": "Web to Lead",
    "oid": "00D3I0000008lXO"
}
2023-10-27T16:49:00+00:00 INFO nuevo usuario:
{
    "first_name": "VIERNES DOS PRUEBA",
    "last_name": "VEINTE Y DOS DEL NUEVE",
    "company": "VIERNES DOS PRUEBA VEINTE Y DOS DEL NUEVE",
    "email": "biyiron882@apxby.com",
    "00Nf400000TUbiN": "968696501",
    "00N2S000007Bt0I": 1,
    "00Nf400000TUZxy": "f077",
    "00Nf400000TUZy9": "82",
    "00Nf400000TUZyL": "s751",
    "recordType": "0122S000000DLhf",
    "00N2S000007S7ro": "27\/10\/2023",
    "lead_source": "Web to Lead",
    "oid": "00D3I0000008lXO"
}
2023-10-27T20:26:43+00:00 INFO nuevo usuario:
{
    "first_name": "VIERNES DOS PRUEBA",
    "last_name": "VEINTE Y DOS DEL NUEVE",
    "company": "VIERNES DOS PRUEBA VEINTE Y DOS DEL NUEVE",
    "email": "biyiron882@apxby.com",
    "00Nf400000TUbiN": "968696501",
    "00N2S000007Bt0I": 1,
    "00Nf400000TUZxy": "f077",
    "00Nf400000TUZy9": "82",
    "00Nf400000TUZyL": "s751",
    "recordType": "0122S000000DLhf",
    "00N2S000007S7ro": "27\/10\/2023",
    "lead_source": "Web to Lead",
    "oid": "00D3I0000008lXO"
}
2023-10-27T20:30:57+00:00 INFO nuevo usuario:
{
    "first_name": "VIERNES DOS PRUEBA",
    "last_name": "VEINTE Y DOS DEL NUEVE",
    "company": "VIERNES DOS PRUEBA VEINTE Y DOS DEL NUEVE",
    "email": "biyiron882@apxby.com",
    "00Nf400000TUbiN": "968696501",
    "00N2S000007Bt0I": 1,
    "00Nf400000TUZxy": "f077",
    "00Nf400000TUZy9": "82",
    "00Nf400000TUZyL": "s751",
    "recordType": "0122S000000DLhf",
    "00N2S000007S7ro": "27\/10\/2023",
    "lead_source": "Web to Lead",
    "oid": "00D3I0000008lXO"
}
2023-10-27T21:08:11+00:00 INFO nuevo usuario:
{
    "first_name": "VIERNES DOS PRUEBA",
    "last_name": "VEINTE Y DOS DEL NUEVE",
    "company": "VIERNES DOS PRUEBA VEINTE Y DOS DEL NUEVE",
    "email": "biyiron882@apxby.com",
    "00Nf400000TUbiN": "968696501",
    "00N2S000007Bt0I": 1,
    "00Nf400000TUZxy": "f077",
    "00Nf400000TUZy9": "82",
    "00Nf400000TUZyL": "s751",
    "recordType": "0122S000000DLhf",
    "00N2S000007S7ro": "27\/10\/2023",
    "lead_source": "Web to Lead",
    "oid": "00D3I0000008lXO"
}
2023-10-27T22:07:37+00:00 INFO nuevo usuario:
{
    "first_name": "VIERNES DOS PRUEBA",
    "last_name": "VEINTE Y DOS DEL NUEVE",
    "company": "VIERNES DOS PRUEBA VEINTE Y DOS DEL NUEVE",
    "email": "biyiron882@apxby.com",
    "00Nf400000TUbiN": "968696501",
    "00N2S000007Bt0I": 1,
    "00Nf400000TUZxy": "f077",
    "00Nf400000TUZy9": "82",
    "00Nf400000TUZyL": "s751",
    "recordType": "0122S000000DLhf",
    "00N2S000007S7ro": "27\/10\/2023",
    "lead_source": "Web to Lead",
    "oid": "00D3I0000008lXO"
}
2023-10-27T22:07:41+00:00 INFO nuevo usuario:
{
    "first_name": "VIERNES DOS PRUEBA",
    "last_name": "VEINTE Y DOS DEL NUEVE",
    "company": "VIERNES DOS PRUEBA VEINTE Y DOS DEL NUEVE",
    "email": "biyiron882@apxby.com",
    "00Nf400000TUbiN": "968696501",
    "00N2S000007Bt0I": 1,
    "00Nf400000TUZxy": "f077",
    "00Nf400000TUZy9": "82",
    "00Nf400000TUZyL": "s751",
    "recordType": "0122S000000DLhf",
    "00N2S000007S7ro": "27\/10\/2023",
    "lead_source": "Web to Lead",
    "oid": "00D3I0000008lXO"
}
2023-10-27T22:07:44+00:00 INFO nuevo usuario:
{
    "first_name": "VIERNES DOS PRUEBA",
    "last_name": "VEINTE Y DOS DEL NUEVE",
    "company": "VIERNES DOS PRUEBA VEINTE Y DOS DEL NUEVE",
    "email": "biyiron882@apxby.com",
    "00Nf400000TUbiN": "968696501",
    "00N2S000007Bt0I": 1,
    "00Nf400000TUZxy": "f077",
    "00Nf400000TUZy9": "82",
    "00Nf400000TUZyL": "s751",
    "recordType": "0122S000000DLhf",
    "00N2S000007S7ro": "27\/10\/2023",
    "lead_source": "Web to Lead",
    "oid": "00D3I0000008lXO"
}
2023-10-27T22:08:03+00:00 INFO nuevo usuario:
{
    "first_name": "VIERNES DOS PRUEBA",
    "last_name": "VEINTE Y DOS DEL NUEVE",
    "company": "VIERNES DOS PRUEBA VEINTE Y DOS DEL NUEVE",
    "email": "biyiron882@apxby.com",
    "00Nf400000TUbiN": "968696501",
    "00N2S000007Bt0I": 1,
    "00Nf400000TUZxy": "f077",
    "00Nf400000TUZy9": "82",
    "00Nf400000TUZyL": "s751",
    "recordType": "0122S000000DLhf",
    "00N2S000007S7ro": "27\/10\/2023",
    "lead_source": "Web to Lead",
    "oid": "00D3I0000008lXO"
}
2023-10-27T22:43:07+00:00 INFO nuevo usuario:
{
    "first_name": "VIERNES DOS PRUEBA",
    "last_name": "VEINTE Y DOS DEL NUEVE",
    "company": "VIERNES DOS PRUEBA VEINTE Y DOS DEL NUEVE",
    "email": "biyiron882@apxby.com",
    "00Nf400000TUbiN": "968696501",
    "00N2S000007Bt0I": 1,
    "00Nf400000TUZxy": "f077",
    "00Nf400000TUZy9": "82",
    "00Nf400000TUZyL": "s751",
    "recordType": "0122S000000DLhf",
    "00N2S000007S7ro": "27\/10\/2023",
    "lead_source": "Web to Lead",
    "oid": "00D3I0000008lXO"
}
2023-10-27T22:43:46+00:00 INFO nuevo usuario:
{
    "first_name": "VIERNES DOS PRUEBA",
    "last_name": "VEINTE Y DOS DEL NUEVE",
    "company": "VIERNES DOS PRUEBA VEINTE Y DOS DEL NUEVE",
    "email": "biyiron882@apxby.com",
    "00Nf400000TUbiN": "968696501",
    "00N2S000007Bt0I": 1,
    "00Nf400000TUZxy": "f077",
    "00Nf400000TUZy9": "82",
    "00Nf400000TUZyL": "s751",
    "recordType": "0122S000000DLhf",
    "00N2S000007S7ro": "27\/10\/2023",
    "lead_source": "Web to Lead",
    "oid": "00D3I0000008lXO"
}
2023-10-27T22:44:22+00:00 INFO nuevo usuario:
{
    "first_name": "VIERNES DOS PRUEBA",
    "last_name": "VEINTE Y DOS DEL NUEVE",
    "company": "VIERNES DOS PRUEBA VEINTE Y DOS DEL NUEVE",
    "email": "biyiron882@apxby.com",
    "00Nf400000TUbiN": "968696501",
    "00N2S000007Bt0I": 1,
    "00Nf400000TUZxy": "f077",
    "00Nf400000TUZy9": "82",
    "00Nf400000TUZyL": "s751",
    "recordType": "0122S000000DLhf",
    "00N2S000007S7ro": "27\/10\/2023",
    "lead_source": "Web to Lead",
    "oid": "00D3I0000008lXO"
}
