2023-09-22T15:40:53+00:00 INFO URL: https://apitestenv.vnforapps.com/api.posservices/api/v1/service/recurrence.deaffiliateProduct/
2023-09-22T15:40:53+00:00 INFO Request: {"terminalId":"00000001","merchantId":"522591303","merchantName":"Isilgo","dateTime":"230922154050","currencyId":604,"channelId":6,"amount":0,"dataMap":{"merchantId":"522591303","productCode":"105","channelId":6,"beneficiaryId":"97366355"}}
2023-09-22T15:40:53+00:00 INFO Response: {"header":"","merchantId":"522591303","traceNumber":null,"operationType":null,"dateTime":"230922154050","amount":"000000000000","currencyId":"604","status":"200","data":null,"dataMap":{"messageResponse":{"header":{"status":{"busResponseType":"0","busResponseCode":"000","busResponseMessage":"Exito","busResponseMsgId":"42524b4553424130688803c8595e11eeab8dac110be60000","srvResponseCode":"000","srvResponseMessage":"Registro de desafiliacion con exito"}},"body":{"comercioRegistrarDesafiliacionResponse":{"idBeneficiario":"97366355","nomBeneficiario":"PRUEBA JUEVES","apePatBeneficiario":"VENTIUNO DE SEPTIEMBRE","codProducto":"105","nomProducto":"BOOST","nomTarHabiente":"PRUEBA JUEVES","apePatTarHabiente":"VEINTIUNO DE SEPTIEMBRE"}}}}}
2023-09-22T15:40:55+00:00 INFO URL: https://apitestenv.vnforapps.com/api.posservices/api/v1/service/recurrence.deaffiliateProduct/
2023-09-22T15:40:55+00:00 INFO Request: {"terminalId":"00000001","merchantId":"522591303","merchantName":"Isilgo","dateTime":"230922154053","currencyId":604,"channelId":6,"amount":0,"dataMap":{"merchantId":"522591303","productCode":"105","channelId":6,"beneficiaryId":"97366355"}}
2023-09-22T15:40:55+00:00 INFO Response: {"header":"","merchantId":"522591303","traceNumber":null,"operationType":null,"dateTime":"230922154053","amount":"000000000000","currencyId":"604","status":"400","data":null,"dataMap":{"messageResponse":{"header":{"status":{"busResponseType":"1","busResponseCode":"000","busResponseMessage":"Exito","busResponseMsgId":"42524b45534241306aca88ea595e11eeab8dac110be60000","srvResponseCode":"118","srvResponseMessage":"El nro de beneficiario no existe o la afiliacion esta inactiva"}},"body":{"comercioRegistrarDesafiliacionResponse":{}}}}}
2023-09-22T20:48:32+00:00 INFO URL: https://apitestenv.vnforapps.com/api.security/v1/security
2023-09-22T20:48:32+00:00 INFO Base64: : aW50ZWdyYWNpb25lc0BuaXViaXouY29tLnBlOl83ejNAOGZG
2023-09-22T20:48:33+00:00 INFO URL: https://apitestenv.vnforapps.com/api.ecommerce/v2/ecommerce/token/session/522591303
2023-09-22T20:48:33+00:00 INFO Request: {"amount":"40.00","antifraud":{"clientIp":"201.230.248.219","merchantDefineData":{"MDD21":"0","MDD4":"capu.sbpfg99@luhec.com","MDD32":"capu.sbpfg99@luhec.com"}},"channel":"web","recurrenceMaxAmount":null}
2023-09-22T20:48:33+00:00 INFO Response: {"sessionKey":"e2cf6eeea668395664127ad2a7b8905c31927432653baa024deef65a14c20b94","expirationTime":1695416613094}
2023-09-22T20:52:39+00:00 INFO URL: https://apitestenv.vnforapps.com/api.authorization/v3/authorization/ecommerce/522591303
2023-09-22T20:52:39+00:00 INFO Request: {"antifraud":null,"captureType":"manual","channel":"web","countable":"true","order":{"amount":"40.00","currency":"PEN","purchaseNumber":1514,"tokenId":"3D77948F0F444757B7948F0F44D75772","productId":"105"},"cardHolder":{"documentType":"0","documentNumber":"00001514"},"recurrence":{"type":"FIXEDINITIAL","frequency":"MONTHLY","beneficiaryId":"935100005","beneficiaryFirstName":"Prueba Viernes","beneficiaryLastName":"Veintidos de Septiembre","maxAmount":"40.00","amount":"40.00"}}
2023-09-22T20:52:39+00:00 INFO Response: {"errorCode":400,"errorMessage":"Operacion Denegada. Problemas de comunicacion. Intente mas tarde.","header":{"ecoreTransactionUUID":"f8d53352-705a-4d07-8964-6b086115828b","ecoreTransactionDate":1695415959193,"millis":1459},"data":{"YAPE_ID":"","CURRENCY":"0604","ACTION_CODE":"666","STATUS":"Not Authorized","ACTION_DESCRIPTION":"Error de comunicacion","TRACE_NUMBER":"922930","AMOUNT":"40.0","RECURRENCE_MAX_AMOUNT":"40.0","CARD_TYPE":"C","SIGNATURE":"f8d53352-705a-4d07-8964-6b086115828b","BRAND":"amex","MERCHANT":"522591303"}}
2023-09-22T21:00:24+00:00 INFO URL: https://apitestenv.vnforapps.com/api.authorization/v3/authorization/ecommerce/522591303
2023-09-22T21:00:24+00:00 INFO Request: {"antifraud":null,"captureType":"manual","channel":"web","countable":"true","order":{"amount":"40.00","currency":"PEN","purchaseNumber":1514,"tokenId":"3D77948F0F444757B7948F0F44D75772","productId":"105"},"cardHolder":{"documentType":"0","documentNumber":"00001514"},"recurrence":{"type":"FIXEDINITIAL","frequency":"MONTHLY","beneficiaryId":"935100005","beneficiaryFirstName":"Prueba Viernes","beneficiaryLastName":"Veintidos de Septiembre","maxAmount":"40.00","amount":"40.00"}}
2023-09-22T21:00:24+00:00 INFO Response: Too many request with same payload [Idempotent policy]
2023-09-22T22:31:39+00:00 INFO URL: https://apitestenv.vnforapps.com/api.security/v1/security
2023-09-22T22:31:39+00:00 INFO Base64: : aW50ZWdyYWNpb25lc0BuaXViaXouY29tLnBlOl83ejNAOGZG
2023-09-22T22:31:40+00:00 INFO URL: https://apitestenv.vnforapps.com/api.ecommerce/v2/ecommerce/token/session/522591303
2023-09-22T22:31:40+00:00 INFO Request: {"amount":"40.00","antifraud":{"clientIp":"201.230.248.219","merchantDefineData":{"MDD21":"0","MDD4":"capu.sbpfg99@luhec.com","MDD32":"capu.sbpfg99@luhec.com"}},"channel":"web","recurrenceMaxAmount":null}
2023-09-22T22:31:40+00:00 INFO Response: {"sessionKey":"45dc1a0d251e46acaf3fae695172f19637fc1cf200a59b9a946807b77e1532f7","expirationTime":1695422800251}
2023-09-22T22:33:08+00:00 INFO URL: https://apitestenv.vnforapps.com/api.authorization/v3/authorization/ecommerce/522591303
2023-09-22T22:33:08+00:00 INFO Request: {"antifraud":null,"captureType":"manual","channel":"web","countable":"true","order":{"amount":"40.00","currency":"PEN","purchaseNumber":1521,"tokenId":"13A2C0E3E68C49F5A2C0E3E68C09F58A","productId":"105"},"cardHolder":{"documentType":"0","documentNumber":"00001521"},"recurrence":{"type":"FIXEDINITIAL","frequency":"MONTHLY","beneficiaryId":"935100005","beneficiaryFirstName":"Prueba Viernes","beneficiaryLastName":"Veintidos de Septiembre","maxAmount":"40.00","amount":"40.00"}}
2023-09-22T22:33:08+00:00 INFO Response: {"errorCode":400,"errorMessage":"Operacion Denegada. Problemas de comunicacion. Intente mas tarde.","header":{"ecoreTransactionUUID":"a92a7e9e-e2f3-4718-894e-66cc953c1e1e","ecoreTransactionDate":1695421988051,"millis":1348},"data":{"YAPE_ID":"","CURRENCY":"0604","ACTION_CODE":"666","STATUS":"Not Authorized","ACTION_DESCRIPTION":"Error de comunicacion","TRACE_NUMBER":"923161","AMOUNT":"40.0","RECURRENCE_MAX_AMOUNT":"40.0","CARD_TYPE":"C","SIGNATURE":"a92a7e9e-e2f3-4718-894e-66cc953c1e1e","BRAND":"dinersclub","MERCHANT":"522591303"}}
2023-09-22T22:54:49+00:00 INFO URL: https://apitestenv.vnforapps.com/api.security/v1/security
2023-09-22T22:54:49+00:00 INFO Base64: : aW50ZWdyYWNpb25lc0BuaXViaXouY29tLnBlOl83ejNAOGZG
2023-09-22T22:54:50+00:00 INFO URL: https://apitestenv.vnforapps.com/api.ecommerce/v2/ecommerce/token/session/522591303
2023-09-22T22:54:50+00:00 INFO Request: {"amount":"40.00","antifraud":{"clientIp":"201.230.248.219","merchantDefineData":{"MDD21":"0","MDD4":"capu.sbpfg99@luhec.com","MDD32":"capu.sbpfg99@luhec.com"}},"channel":"web","recurrenceMaxAmount":null}
2023-09-22T22:54:50+00:00 INFO Response: {"sessionKey":"bdf919776f27427db9c5d171eddaf4756a397de2befbbf76805c3e79fcb24f86","expirationTime":1695424190033}
2023-09-22T22:56:28+00:00 INFO URL: https://apitestenv.vnforapps.com/api.authorization/v3/authorization/ecommerce/522591303
2023-09-22T22:56:28+00:00 INFO Request: {"antifraud":null,"captureType":"manual","channel":"web","countable":"true","order":{"amount":"40.00","currency":"PEN","purchaseNumber":1523,"tokenId":"3616A3CB7410488896A3CB7410088838","productId":"105"},"cardHolder":{"documentType":"0","documentNumber":"00001523"},"recurrence":{"type":"FIXEDINITIAL","frequency":"MONTHLY","beneficiaryId":"935100005","beneficiaryFirstName":"Prueba Viernes","beneficiaryLastName":"Veintidos de Septiembre","maxAmount":"40.00","amount":"40.00"}}
2023-09-22T22:56:28+00:00 INFO Response: {"errorCode":400,"errorMessage":"Operacion Denegada. Problemas de comunicacion. Intente mas tarde.","header":{"ecoreTransactionUUID":"ff7d784d-6cb2-4560-8fb9-e2c1accd1eb1","ecoreTransactionDate":1695423388884,"millis":1080},"data":{"YAPE_ID":"","CURRENCY":"0604","ACTION_CODE":"666","STATUS":"Not Authorized","ACTION_DESCRIPTION":"Error de comunicacion","TRACE_NUMBER":"923190","AMOUNT":"40.0","RECURRENCE_MAX_AMOUNT":"40.0","CARD_TYPE":"C","SIGNATURE":"ff7d784d-6cb2-4560-8fb9-e2c1accd1eb1","BRAND":"dinersclub","MERCHANT":"522591303"}}
2023-09-22T22:57:53+00:00 INFO URL: https://apitestenv.vnforapps.com/api.security/v1/security
2023-09-22T22:57:53+00:00 INFO Base64: : aW50ZWdyYWNpb25lc0BuaXViaXouY29tLnBlOl83ejNAOGZG
2023-09-22T22:57:54+00:00 INFO URL: https://apitestenv.vnforapps.com/api.ecommerce/v2/ecommerce/token/session/522591303
2023-09-22T22:57:54+00:00 INFO Request: {"amount":"40.00","antifraud":{"clientIp":"201.230.248.219","merchantDefineData":{"MDD21":"0","MDD4":"capu.sbpfg99@luhec.com","MDD32":"capu.sbpfg99@luhec.com"}},"channel":"web","recurrenceMaxAmount":null}
2023-09-22T22:57:54+00:00 INFO Response: {"sessionKey":"2a58b44ce75c3c11ba680f83cc97363b05be27de4ac79199a2a568ad5db119b3","expirationTime":1695424374124}
2023-09-22T23:05:46+00:00 INFO URL: https://apitestenv.vnforapps.com/api.authorization/v3/authorization/ecommerce/522591303
2023-09-22T23:05:46+00:00 INFO Request: {"antifraud":null,"captureType":"manual","channel":"web","countable":"true","order":{"amount":"40.00","currency":"PEN","purchaseNumber":1524,"tokenId":"3894C5A5CEC6489294C5A5CEC6E89248","productId":"105"},"cardHolder":{"documentType":"0","documentNumber":"00001524"},"recurrence":{"type":"FIXEDINITIAL","frequency":"MONTHLY","beneficiaryId":"935100005","beneficiaryFirstName":"Prueba Viernes","beneficiaryLastName":"Veintidos de Septiembre","maxAmount":"40.00","amount":"40.00"}}
2023-09-22T23:05:46+00:00 INFO Response: {"errorCode":400,"errorMessage":"Operacion Denegada. Problemas de comunicacion. Intente mas tarde.","header":{"ecoreTransactionUUID":"c231bb74-689c-427f-b248-9bcd48844814","ecoreTransactionDate":1695423946169,"millis":1085},"data":{"YAPE_ID":"","CURRENCY":"0604","ACTION_CODE":"666","STATUS":"Not Authorized","ACTION_DESCRIPTION":"Error de comunicacion","TRACE_NUMBER":"923207","AMOUNT":"40.0","RECURRENCE_MAX_AMOUNT":"40.0","CARD_TYPE":"C","SIGNATURE":"c231bb74-689c-427f-b248-9bcd48844814","BRAND":"dinersclub","MERCHANT":"522591303"}}
2023-09-22T23:08:06+00:00 INFO URL: https://apitestenv.vnforapps.com/api.security/v1/security
2023-09-22T23:08:06+00:00 INFO Base64: : aW50ZWdyYWNpb25lc0BuaXViaXouY29tLnBlOl83ejNAOGZG
2023-09-22T23:08:07+00:00 INFO URL: https://apitestenv.vnforapps.com/api.ecommerce/v2/ecommerce/token/session/522591303
2023-09-22T23:08:07+00:00 INFO Request: {"amount":"40.00","antifraud":{"clientIp":"201.230.248.219","merchantDefineData":{"MDD21":"0","MDD4":"capu.sbpfg99@luhec.com","MDD32":"capu.sbpfg99@luhec.com"}},"channel":"web","recurrenceMaxAmount":null}
2023-09-22T23:08:07+00:00 INFO Response: {"sessionKey":"63e8416f926580996a13dad34a8c21d7657bfe9ad4afd646b61a9c54ad825845","expirationTime":1695424986918}
2023-09-22T23:11:28+00:00 INFO URL: https://apitestenv.vnforapps.com/api.authorization/v3/authorization/ecommerce/522591303
2023-09-22T23:11:28+00:00 INFO Request: {"antifraud":null,"captureType":"manual","channel":"web","countable":"true","order":{"amount":"40.00","currency":"PEN","purchaseNumber":1524,"tokenId":"94471C8EE6F7457E871C8EE6F7657E83","productId":"105"},"cardHolder":{"documentType":"0","documentNumber":"00001524"},"recurrence":{"type":"FIXEDINITIAL","frequency":"MONTHLY","beneficiaryId":"935100005","beneficiaryFirstName":"Prueba Viernes","beneficiaryLastName":"Veintidos de Septiembre","maxAmount":"40.00","amount":"40.00"}}
2023-09-22T23:11:28+00:00 INFO Response: {"errorCode":400,"errorMessage":"Operacion Denegada. Problemas de comunicacion. Intente mas tarde.","header":{"ecoreTransactionUUID":"3d99b20f-9937-447f-9cbb-e4f0ef918305","ecoreTransactionDate":1695424288023,"millis":31381},"data":{"YAPE_ID":"","CURRENCY":"0604","TRANSACTION_DATE":"230922181057","ACTION_CODE":"666","TRACE_NUMBER":"923210","RECURRENCE_MAX_AMOUNT":"40.0","CARD_TYPE":"C","SIGNATURE":"3d99b20f-9937-447f-9cbb-e4f0ef918305","BRAND":"mastercard","MERCHANT":"522591303","STATUS":"Not Voided","ACTION_DESCRIPTION":"Operacion Denegada. Problemas de comunicacion","AMOUNT":"40.0"}}
2023-09-22T23:11:35+00:00 INFO URL: https://apitestenv.vnforapps.com/api.security/v1/security
2023-09-22T23:11:35+00:00 INFO Base64: : aW50ZWdyYWNpb25lc0BuaXViaXouY29tLnBlOl83ejNAOGZG
2023-09-22T23:11:36+00:00 INFO URL: https://apitestenv.vnforapps.com/api.ecommerce/v2/ecommerce/token/session/522591303
2023-09-22T23:11:36+00:00 INFO Request: {"amount":"40.00","antifraud":{"clientIp":"38.56.223.94","merchantDefineData":{"MDD21":"0","MDD4":"biyiron882@apxby.com","MDD32":"biyiron882@apxby.com"}},"channel":"web","recurrenceMaxAmount":null}
2023-09-22T23:11:36+00:00 INFO Response: {"sessionKey":"bb0ed6c0f155f5c08645f1cfa38d8082716f444e683f4cee99fbe027276c4eb3","expirationTime":1695425195873}
2023-09-22T23:14:06+00:00 INFO URL: https://apitestenv.vnforapps.com/api.authorization/v3/authorization/ecommerce/522591303
2023-09-22T23:14:06+00:00 INFO Request: {"antifraud":null,"captureType":"manual","channel":"web","countable":"true","order":{"amount":"40.00","currency":"PEN","purchaseNumber":1525,"tokenId":"11D0F561715E4DC690F561715EEDC68A","productId":"105"},"cardHolder":{"documentType":"0","documentNumber":"00001525"},"recurrence":{"type":"FIXEDINITIAL","frequency":"MONTHLY","beneficiaryId":"12568945","beneficiaryFirstName":"Viernes dos","beneficiaryLastName":"veinte y dos del nueve","maxAmount":"40.00","amount":"40.00"}}
2023-09-22T23:14:06+00:00 INFO Response: {"errorCode":400,"errorMessage":"Operacion Denegada. Problemas de comunicacion. Intente mas tarde.","header":{"ecoreTransactionUUID":"cfc0238d-fe37-4e35-b2eb-6a911475d995","ecoreTransactionDate":1695424446847,"millis":1064},"data":{"YAPE_ID":"","CURRENCY":"0604","ACTION_CODE":"666","STATUS":"Not Authorized","ACTION_DESCRIPTION":"Error de comunicacion","TRACE_NUMBER":"923218","AMOUNT":"40.0","RECURRENCE_MAX_AMOUNT":"40.0","CARD_TYPE":"C","SIGNATURE":"cfc0238d-fe37-4e35-b2eb-6a911475d995","BRAND":"dinersclub","MERCHANT":"522591303"}}
2023-09-22T23:23:54+00:00 INFO URL: https://apitestenv.vnforapps.com/api.security/v1/security
2023-09-22T23:23:54+00:00 INFO Base64: : aW50ZWdyYWNpb25lc0BuaXViaXouY29tLnBlOl83ejNAOGZG
2023-09-22T23:23:55+00:00 INFO URL: https://apitestenv.vnforapps.com/api.ecommerce/v2/ecommerce/token/session/522591303
2023-09-22T23:23:55+00:00 INFO Request: {"amount":"40.00","antifraud":{"clientIp":"38.56.223.94","merchantDefineData":{"MDD21":"0","MDD4":"biyiron882@apxby.com","MDD32":"biyiron882@apxby.com"}},"channel":"web","recurrenceMaxAmount":null}
2023-09-22T23:23:55+00:00 INFO Response: {"sessionKey":"79bd8056a011fd7d26f738a4873667f2742dcfa3f58f2e68a7733af376aa00e2","expirationTime":1695425935202}
2023-09-22T23:25:01+00:00 INFO URL: https://apitestenv.vnforapps.com/api.authorization/v3/authorization/ecommerce/522591303
2023-09-22T23:25:01+00:00 INFO Request: {"antifraud":null,"captureType":"manual","channel":"web","countable":"true","order":{"amount":"40.00","currency":"PEN","purchaseNumber":1527,"tokenId":"E4B7B92E7FE54A6FB7B92E7FE53A6F62","productId":"105"},"cardHolder":{"documentType":"0","documentNumber":"00001527"},"recurrence":{"type":"FIXEDINITIAL","frequency":"MONTHLY","beneficiaryId":"12568945","beneficiaryFirstName":"Viernes dos","beneficiaryLastName":"veinte y dos del nueve","maxAmount":"40.00","amount":"40.00"}}
2023-09-22T23:25:01+00:00 INFO Response: {"errorCode":400,"errorMessage":"Operacion Denegada. Problemas de comunicacion. Intente mas tarde.","header":{"ecoreTransactionUUID":"ef4d3de3-c403-4055-ad2b-6122e3032a8d","ecoreTransactionDate":1695425101286,"millis":1146},"data":{"YAPE_ID":"","CURRENCY":"0604","ACTION_CODE":"666","STATUS":"Not Authorized","ACTION_DESCRIPTION":"Error de comunicacion","TRACE_NUMBER":"923231","AMOUNT":"40.0","RECURRENCE_MAX_AMOUNT":"40.0","CARD_TYPE":"C","SIGNATURE":"ef4d3de3-c403-4055-ad2b-6122e3032a8d","BRAND":"dinersclub","MERCHANT":"522591303"}}
