2023-11-07T12:31:16+00:00 INFO nuevo usuario:
{
    "first_name": "Cristi\u00e1n",
    "last_name": "Frenkel",
    "company": "Cristi\u00e1n Frenkel",
    "email": "cristian.frenkel@radar.cl",
    "00Nf400000TUbiN": "+56990029433",
    "00N2S000007Bt0I": 1,
    "00Nf400000TUZxy": "f077",
    "00Nf400000TUZy9": "82",
    "00Nf400000TUZyL": "s751",
    "recordType": "0122S000000DLhf",
    "00N2S000007S7ro": "07\/11\/2023",
    "lead_source": "Web to Lead",
    "oid": "00D3I0000008lXO"
}
2023-11-07T12:35:06+00:00 INFO nuevo usuario:
{
    "first_name": "Cristi\u00e1n",
    "last_name": "Frenkel",
    "company": "Cristi\u00e1n Frenkel",
    "email": "cristian.frenkel@radar.cl",
    "00Nf400000TUbiN": "+56990029433",
    "00N2S000007Bt0I": 1,
    "00Nf400000TUZxy": "f077",
    "00Nf400000TUZy9": "82",
    "00Nf400000TUZyL": "s751",
    "recordType": "0122S000000DLhf",
    "00N2S000007S7ro": "07\/11\/2023",
    "lead_source": "Web to Lead",
    "oid": "00D3I0000008lXO"
}
2023-11-07T12:35:46+00:00 INFO nuevo usuario:
{
    "first_name": "Cristi\u00e1n",
    "last_name": "Frenkel",
    "company": "Cristi\u00e1n Frenkel",
    "email": "cristian.frenkel@radar.cl",
    "00Nf400000TUbiN": "+56990029433",
    "00N2S000007Bt0I": 1,
    "00Nf400000TUZxy": "f077",
    "00Nf400000TUZy9": "82",
    "00Nf400000TUZyL": "s751",
    "recordType": "0122S000000DLhf",
    "00N2S000007S7ro": "07\/11\/2023",
    "lead_source": "Web to Lead",
    "oid": "00D3I0000008lXO"
}
2023-11-07T12:36:28+00:00 INFO nuevo usuario:
{
    "first_name": "Cristi\u00e1n",
    "last_name": "Frenkel",
    "company": "Cristi\u00e1n Frenkel",
    "email": "cristian.frenkel@radar.cl",
    "00Nf400000TUbiN": "+56990029433",
    "00N2S000007Bt0I": 1,
    "00Nf400000TUZxy": "f077",
    "00Nf400000TUZy9": "82",
    "00Nf400000TUZyL": "s751",
    "recordType": "0122S000000DLhf",
    "00N2S000007S7ro": "07\/11\/2023",
    "lead_source": "Web to Lead",
    "oid": "00D3I0000008lXO"
}
2023-11-07T13:21:33+00:00 INFO nuevo usuario:
{
    "first_name": "PANCRACIO",
    "last_name": "MARTINEZ",
    "company": "PANCRACIO MARTINEZ",
    "email": "jevar17397@viicard.com",
    "00Nf400000TUbiN": "555333666",
    "00N2S000007Bt0I": 1,
    "00Nf400000TUZxy": "f077",
    "00Nf400000TUZy9": "82",
    "00Nf400000TUZyL": "s751",
    "recordType": "0122S000000DLhf",
    "00N2S000007S7ro": "07\/11\/2023",
    "lead_source": "Web to Lead",
    "oid": "00D3I0000008lXO"
}
2023-11-07T16:27:46+00:00 INFO nuevo usuario:
{
    "first_name": "PANCRACIO",
    "last_name": "MARTINEZ",
    "company": "PANCRACIO MARTINEZ",
    "email": "jevar17397@viicard.com",
    "00Nf400000TUbiN": "555333666",
    "00N2S000007Bt0I": 1,
    "00Nf400000TUZxy": "f077",
    "00Nf400000TUZy9": "82",
    "00Nf400000TUZyL": "s751",
    "recordType": "0122S000000DLhf",
    "00N2S000007S7ro": "07\/11\/2023",
    "lead_source": "Web to Lead",
    "oid": "00D3I0000008lXO"
}
2023-11-07T16:27:55+00:00 INFO nuevo usuario:
{
    "first_name": "PANCRACIO",
    "last_name": "MARTINEZ",
    "company": "PANCRACIO MARTINEZ",
    "email": "jevar17397@viicard.com",
    "00Nf400000TUbiN": "555333666",
    "00N2S000007Bt0I": 1,
    "00Nf400000TUZxy": "f077",
    "00Nf400000TUZy9": "82",
    "00Nf400000TUZyL": "s751",
    "recordType": "0122S000000DLhf",
    "00N2S000007S7ro": "07\/11\/2023",
    "lead_source": "Web to Lead",
    "oid": "00D3I0000008lXO"
}
2023-11-07T16:28:02+00:00 INFO nuevo usuario:
{
    "first_name": "PANCRACIO",
    "last_name": "MARTINEZ",
    "company": "PANCRACIO MARTINEZ",
    "email": "jevar17397@viicard.com",
    "00Nf400000TUbiN": "555333666",
    "00N2S000007Bt0I": 1,
    "00Nf400000TUZxy": "f077",
    "00Nf400000TUZy9": "82",
    "00Nf400000TUZyL": "s751",
    "recordType": "0122S000000DLhf",
    "00N2S000007S7ro": "07\/11\/2023",
    "lead_source": "Web to Lead",
    "oid": "00D3I0000008lXO"
}
2023-11-07T18:04:22+00:00 INFO nuevo usuario:
{
    "first_name": "PANCRACIO",
    "last_name": "MARTINEZ",
    "company": "PANCRACIO MARTINEZ",
    "email": "jevar17397@viicard.com",
    "00Nf400000TUbiN": "555333666",
    "00N2S000007Bt0I": 1,
    "00Nf400000TUZxy": "f077",
    "00Nf400000TUZy9": "82",
    "00Nf400000TUZyL": "s751",
    "recordType": "0122S000000DLhf",
    "00N2S000007S7ro": "07\/11\/2023",
    "lead_source": "Web to Lead",
    "oid": "00D3I0000008lXO"
}
2023-11-07T20:52:51+00:00 INFO nuevo usuario:
{
    "first_name": "PANCRACIO",
    "last_name": "MARTINEZ",
    "company": "PANCRACIO MARTINEZ",
    "email": "jevar17397@viicard.com",
    "00Nf400000TUbiN": "555333666",
    "00N2S000007Bt0I": 1,
    "00Nf400000TUZxy": "f077",
    "00Nf400000TUZy9": "82",
    "00Nf400000TUZyL": "s751",
    "recordType": "0122S000000DLhf",
    "00N2S000007S7ro": "07\/11\/2023",
    "lead_source": "Web to Lead",
    "oid": "00D3I0000008lXO"
}
2023-11-07T22:36:29+00:00 INFO nuevo usuario:
{
    "first_name": "VIERNES DOS PRUEBAa",
    "last_name": "veintidos DEL NUEVE",
    "company": "VIERNES DOS PRUEBAa veintidos DEL NUEVE",
    "email": "biyiron882@apxby.com",
    "00Nf400000TUbiN": "968696501",
    "00N2S000007Bt0I": 1,
    "00Nf400000TUZxy": "f077",
    "00Nf400000TUZy9": "82",
    "00Nf400000TUZyL": "s751",
    "recordType": "0122S000000DLhf",
    "00N2S000007S7ro": "07\/11\/2023",
    "lead_source": "Web to Lead",
    "oid": "00D3I0000008lXO"
}
2023-11-07T22:38:41+00:00 INFO nuevo usuario:
{
    "first_name": "VIERNES DOS PRUEBAa",
    "last_name": "veintidos DEL NUEVE",
    "company": "VIERNES DOS PRUEBAa veintidos DEL NUEVE",
    "email": "biyiron882@apxby.com",
    "00Nf400000TUbiN": "968696501",
    "00N2S000007Bt0I": 1,
    "00Nf400000TUZxy": "f077",
    "00Nf400000TUZy9": "82",
    "00Nf400000TUZyL": "s751",
    "recordType": "0122S000000DLhf",
    "00N2S000007S7ro": "07\/11\/2023",
    "lead_source": "Web to Lead",
    "oid": "00D3I0000008lXO"
}
