2023-09-29T12:42:14+00:00 INFO nuevo usuario:
{
    "first_name": "MANUEL",
    "last_name": "ARANGUIZ",
    "company": "MANUEL ARANGUIZ",
    "email": "rojoca1485@xgh6.com",
    "00Nf400000TUbiN": "78945613",
    "00N2S000007Bt0I": 1,
    "00Nf400000TUZxy": "f077",
    "00Nf400000TUZy9": "82",
    "00Nf400000TUZyL": "s751",
    "recordType": "0122S000000DLhf",
    "00N2S000007S7ro": "29\/09\/2023",
    "lead_source": "Web to Lead",
    "oid": "00D3I0000008lXO"
}
2023-09-29T12:44:15+00:00 INFO actualiza usuario:
{
    "first_name": "Francisco",
    "last_name": "Aranguiz Romero",
    "email": "rojoca1485@xgh6.com",
    "company": "",
    "00Nf400000TUbiN": "78945613",
    "00Nf400000TUZxw": "",
    "00N2S000006lwOz": "1",
    "00Nf400000TUZxq": "79879798",
    "00N2S000006lxYR": "",
    "00N2S000006lxYW": "",
    "country": "PE",
    "city": "Lima",
    "state": "LMA",
    "00Nf400000TUZxy": "f078",
    "00Nf400000TUZy9": "82",
    "00Nf400000TUZyL": "s751",
    "recordType": "0122S000000DLhf",
    "lead_source": "Web to Lead",
    "00N2S000007RuM4": "",
    "00N2S000007RuME": "",
    "00N2S000007RuMT": "",
    "00N2S000007RuMP": "",
    "oid": "00D3I0000008lXO"
}
2023-09-29T13:00:24+00:00 INFO actualiza usuario:
{
    "first_name": "Francisco",
    "last_name": "Aranguiz Romero",
    "email": "rojoca1485@xgh6.com",
    "company": "",
    "00Nf400000TUbiN": "78945613",
    "00Nf400000TUZxw": "",
    "00N2S000006lwOz": "1",
    "00Nf400000TUZxq": "79879798",
    "00N2S000006lxYR": "",
    "00N2S000006lxYW": "",
    "country": "PE",
    "city": "Lima",
    "state": "LMA",
    "00Nf400000TUZxy": "f078",
    "00Nf400000TUZy9": "82",
    "00Nf400000TUZyL": "s751",
    "recordType": "0122S000000DLhf",
    "lead_source": "Web to Lead",
    "00N2S000007RuM4": "",
    "00N2S000007RuME": "",
    "00N2S000007RuMT": "",
    "00N2S000007RuMP": "",
    "oid": "00D3I0000008lXO"
}
2023-09-29T13:11:17+00:00 INFO nuevo usuario:
{
    "first_name": "MANUEL",
    "last_name": "ARANGUIZ",
    "company": "MANUEL ARANGUIZ",
    "email": "rojoca1485@xgh6.com",
    "00Nf400000TUbiN": "78945613",
    "00N2S000007Bt0I": 1,
    "00Nf400000TUZxy": "f077",
    "00Nf400000TUZy9": "82",
    "00Nf400000TUZyL": "s751",
    "recordType": "0122S000000DLhf",
    "00N2S000007S7ro": "29\/09\/2023",
    "lead_source": "Web to Lead",
    "oid": "00D3I0000008lXO"
}
2023-09-29T13:11:42+00:00 INFO actualiza usuario:
{
    "first_name": "Francisco",
    "last_name": "Aranguiz Romero",
    "email": "rojoca1485@xgh6.com",
    "company": "",
    "00Nf400000TUbiN": "78945613",
    "00Nf400000TUZxw": "",
    "00N2S000006lwOz": "1",
    "00Nf400000TUZxq": "79879798",
    "00N2S000006lxYR": "",
    "00N2S000006lxYW": "",
    "country": "PE",
    "city": "Lima",
    "state": "LMA",
    "00Nf400000TUZxy": "f078",
    "00Nf400000TUZy9": "82",
    "00Nf400000TUZyL": "s751",
    "recordType": "0122S000000DLhf",
    "lead_source": "Web to Lead",
    "00N2S000007RuM4": "",
    "00N2S000007RuME": "",
    "00N2S000007RuMT": "",
    "00N2S000007RuMP": "",
    "oid": "00D3I0000008lXO"
}
2023-09-29T15:06:31+00:00 INFO nuevo usuario:
{
    "first_name": "KATYA PRUEBA",
    "last_name": "GARVICH PRUEBA",
    "company": "KATYA PRUEBA GARVICH PRUEBA",
    "email": "tiprueba15@gmail.com",
    "00Nf400000TUbiN": "989338405",
    "00N2S000007Bt0I": 1,
    "00Nf400000TUZxy": "f077",
    "00Nf400000TUZy9": "82",
    "00Nf400000TUZyL": "s751",
    "recordType": "0122S000000DLhf",
    "00N2S000007S7ro": "29\/09\/2023",
    "lead_source": "Web to Lead",
    "oid": "00D3I0000008lXO"
}
2023-09-29T15:11:27+00:00 INFO actualiza usuario:
{
    "first_name": "Katya Prueba",
    "last_name": "Garvich Prueba",
    "email": "tiprueba15@gmail.com",
    "company": "",
    "00Nf400000TUbiN": "989338405",
    "00Nf400000TUZxw": "",
    "00N2S000006lwOz": "1",
    "00Nf400000TUZxq": "45508146",
    "00N2S000006lxYR": "",
    "00N2S000006lxYW": "",
    "country": "PL",
    "city": "Polonia",
    "state": "",
    "00Nf400000TUZxy": "f078",
    "00Nf400000TUZy9": "82",
    "00Nf400000TUZyL": "s751",
    "recordType": "0122S000000DLhf",
    "lead_source": "Web to Lead",
    "00N2S000007RuM4": "",
    "00N2S000007RuME": "",
    "00N2S000007RuMT": "",
    "00N2S000007RuMP": "",
    "oid": "00D3I0000008lXO"
}
2023-09-29T15:47:39+00:00 INFO nuevo usuario:
{
    "first_name": "MEGACOM",
    "last_name": "DIGITAL",
    "company": "MEGACOM DIGITAL",
    "email": "megacom.digital@gmail.com",
    "00Nf400000TUbiN": "987120451",
    "00N2S000007Bt0I": 1,
    "00Nf400000TUZxy": "f077",
    "00Nf400000TUZy9": "82",
    "00Nf400000TUZyL": "s751",
    "recordType": "0122S000000DLhf",
    "00N2S000007S7ro": "29\/09\/2023",
    "lead_source": "Web to Lead",
    "oid": "00D3I0000008lXO"
}
2023-09-29T17:55:09+00:00 INFO nuevo usuario:
{
    "first_name": "Cesar Aurelio",
    "last_name": "Alfaro Estela",
    "company": "Cesar Aurelio Alfaro Estela",
    "email": "calfaro@isil.pe",
    "00Nf400000TUbiN": "",
    "00N2S000007Bt0I": 1,
    "00Nf400000TUZxy": "f077",
    "00Nf400000TUZy9": "82",
    "00Nf400000TUZyL": "s751",
    "recordType": "0122S000000DLhf",
    "00N2S000007S7ro": "29\/09\/2023",
    "lead_source": "Web to Lead",
    "oid": "00D3I0000008lXO"
}
2023-09-29T20:22:44+00:00 INFO nuevo usuario:
{
    "first_name": "Katia Elizabeth",
    "last_name": "Garvich San Martin",
    "company": "Katia Elizabeth Garvich San Martin",
    "email": "kgarvich@isil.pe",
    "00Nf400000TUbiN": "",
    "00N2S000007Bt0I": 1,
    "00Nf400000TUZxy": "f077",
    "00Nf400000TUZy9": "82",
    "00Nf400000TUZyL": "s751",
    "recordType": "0122S000000DLhf",
    "00N2S000007S7ro": "29\/09\/2023",
    "lead_source": "Web to Lead",
    "oid": "00D3I0000008lXO"
}
2023-09-29T20:36:07+00:00 INFO nuevo usuario:
{
    "first_name": "KATIA ELIZABETH",
    "last_name": "GARVICH SAN MARTIN",
    "company": "KATIA ELIZABETH GARVICH SAN MARTIN",
    "email": "katyae16@hotmail.com",
    "00Nf400000TUbiN": "",
    "00N2S000007Bt0I": 1,
    "00Nf400000TUZxy": "f077",
    "00Nf400000TUZy9": "82",
    "00Nf400000TUZyL": "s751",
    "recordType": "0122S000000DLhf",
    "00N2S000007S7ro": "29\/09\/2023",
    "lead_source": "Web to Lead",
    "oid": "00D3I0000008lXO"
}
2023-09-29T20:41:07+00:00 INFO nuevo usuario:
{
    "first_name": "Cesar Aurelio",
    "last_name": "Alfaro Estela",
    "company": "Cesar Aurelio Alfaro Estela",
    "email": "calfaro@isil.pe",
    "00Nf400000TUbiN": "",
    "00N2S000007Bt0I": 1,
    "00Nf400000TUZxy": "f077",
    "00Nf400000TUZy9": "82",
    "00Nf400000TUZyL": "s751",
    "recordType": "0122S000000DLhf",
    "00N2S000007S7ro": "29\/09\/2023",
    "lead_source": "Web to Lead",
    "oid": "00D3I0000008lXO"
}
2023-09-29T21:18:05+00:00 INFO nuevo usuario:
{
    "first_name": "Cesar Aurelio",
    "last_name": "Alfaro Estela",
    "company": "Cesar Aurelio Alfaro Estela",
    "email": "calfaro@isil.pe",
    "00Nf400000TUbiN": "",
    "00N2S000007Bt0I": 1,
    "00Nf400000TUZxy": "f077",
    "00Nf400000TUZy9": "82",
    "00Nf400000TUZyL": "s751",
    "recordType": "0122S000000DLhf",
    "00N2S000007S7ro": "29\/09\/2023",
    "lead_source": "Web to Lead",
    "oid": "00D3I0000008lXO"
}
2023-09-29T23:59:06+00:00 INFO nuevo usuario:
{
    "first_name": "LUNES DOS",
    "last_name": "VEINTICINCO DE SEPTIEMBRE",
    "company": "LUNES DOS VEINTICINCO DE SEPTIEMBRE",
    "email": "vesip92563@bnovel.com",
    "00Nf400000TUbiN": "968696502",
    "00N2S000007Bt0I": 1,
    "00Nf400000TUZxy": "f077",
    "00Nf400000TUZy9": "82",
    "00Nf400000TUZyL": "s751",
    "recordType": "0122S000000DLhf",
    "00N2S000007S7ro": "29\/09\/2023",
    "lead_source": "Web to Lead",
    "oid": "00D3I0000008lXO"
}
