2023-09-22T11:33:55+00:00 INFO nuevo usuario:
{
    "first_name": "ELIZABETH",
    "last_name": "TEST PRUEBITA",
    "company": "ELIZABETH TEST PRUEBITA",
    "email": "dultanagna@gufum.com",
    "00Nf400000TUbiN": "989338403",
    "00N2S000007Bt0I": 1,
    "00Nf400000TUZxy": "f077",
    "00Nf400000TUZy9": "82",
    "00Nf400000TUZyL": "s751",
    "recordType": "0122S000000DLhf",
    "00N2S000007S7ro": "22\/09\/2023",
    "lead_source": "Web to Lead",
    "oid": "00D3I0000008lXO"
}
2023-09-22T11:36:24+00:00 INFO actualiza usuario:
{
    "first_name": "ELIZABETHXX",
    "last_name": "TESTXX PRUEBITAXX",
    "email": "dultanagna@gufum.com",
    "company": "ELIZABETH TEST PRUEBITA",
    "00Nf400000TUbiN": "989338403",
    "00Nf400000TUZxw": "",
    "00N2S000006lwOz": "1",
    "00Nf400000TUZxq": "36463363",
    "00N2S000006lxYR": "",
    "00N2S000006lxYW": "",
    "country": "PE",
    "city": "surco",
    "state": "HUV",
    "00Nf400000TUZxy": "f078",
    "00Nf400000TUZy9": "82",
    "00Nf400000TUZyL": "s751",
    "recordType": "0122S000000DLhf",
    "lead_source": "Web to Lead",
    "00N2S000007RuM4": "",
    "00N2S000007RuME": "",
    "00N2S000007RuMT": "",
    "00N2S000007RuMP": "",
    "oid": "00D3I0000008lXO"
}
2023-09-22T12:01:40+00:00 INFO actualiza usuario:
{
    "first_name": "ELIZABETHXX",
    "last_name": "TESTXX PRUEBITAXX",
    "email": "dultanagna@gufum.com",
    "company": "ELIZABETH TEST PRUEBITA",
    "00Nf400000TUbiN": "989338403",
    "00Nf400000TUZxw": "",
    "00N2S000006lwOz": "1",
    "00Nf400000TUZxq": "36463363",
    "00N2S000006lxYR": "",
    "00N2S000006lxYW": "",
    "country": "PE",
    "city": "surco",
    "state": "HUV",
    "00Nf400000TUZxy": "f078",
    "00Nf400000TUZy9": "82",
    "00Nf400000TUZyL": "s751",
    "recordType": "0122S000000DLhf",
    "lead_source": "Web to Lead",
    "00N2S000007RuM4": "",
    "00N2S000007RuME": "",
    "00N2S000007RuMT": "",
    "00N2S000007RuMP": "",
    "oid": "00D3I0000008lXO"
}
2023-09-22T14:29:02+00:00 INFO nuevo usuario:
{
    "first_name": "ELIZABETH",
    "last_name": "TEST PRUEBITA",
    "company": "ELIZABETH TEST PRUEBITA",
    "email": "dultanagna@gufum.com",
    "00Nf400000TUbiN": "989338403",
    "00N2S000007Bt0I": 1,
    "00Nf400000TUZxy": "f077",
    "00Nf400000TUZy9": "82",
    "00Nf400000TUZyL": "s751",
    "recordType": "0122S000000DLhf",
    "00N2S000007S7ro": "22\/09\/2023",
    "lead_source": "Web to Lead",
    "oid": "00D3I0000008lXO"
}
2023-09-22T15:01:04+00:00 INFO nuevo usuario:
{
    "first_name": "ELIZABETH PRUEBA",
    "last_name": "SAN MARTIN PRUEBA",
    "company": "ELIZABETH PRUEBA SAN MARTIN PRUEBA",
    "email": "tiprueba16@gmail.com",
    "00Nf400000TUbiN": "989338404",
    "00N2S000007Bt0I": 1,
    "00Nf400000TUZxy": "f077",
    "00Nf400000TUZy9": "82",
    "00Nf400000TUZyL": "s751",
    "recordType": "0122S000000DLhf",
    "00N2S000007S7ro": "22\/09\/2023",
    "lead_source": "Web to Lead",
    "oid": "00D3I0000008lXO"
}
2023-09-22T15:05:30+00:00 INFO actualiza usuario:
{
    "first_name": "Elizabeth Prueba",
    "last_name": "San Martin Prueba",
    "email": "tiprueba16@gmail.com",
    "company": "",
    "00Nf400000TUbiN": "989338404",
    "00Nf400000TUZxw": "",
    "00N2S000006lwOz": "1",
    "00Nf400000TUZxq": "45508140",
    "00N2S000006lxYR": "",
    "00N2S000006lxYW": "",
    "country": "PE",
    "city": "Lima",
    "state": "ANC",
    "00Nf400000TUZxy": "f078",
    "00Nf400000TUZy9": "82",
    "00Nf400000TUZyL": "s751",
    "recordType": "0122S000000DLhf",
    "lead_source": "Web to Lead",
    "00N2S000007RuM4": "",
    "00N2S000007RuME": "",
    "00N2S000007RuMT": "",
    "00N2S000007RuMP": "",
    "oid": "00D3I0000008lXO"
}
2023-09-22T15:12:14+00:00 INFO nuevo usuario:
{
    "first_name": "PRUEBA JUEVES",
    "last_name": "VEINTIUNO DE SEPTIEMBRE",
    "company": "PRUEBA JUEVES VEINTIUNO DE SEPTIEMBRE",
    "email": "ddue_nwloe84@cikue.com",
    "00Nf400000TUbiN": "973663553",
    "00N2S000007Bt0I": 1,
    "00Nf400000TUZxy": "f077",
    "00Nf400000TUZy9": "82",
    "00Nf400000TUZyL": "s751",
    "recordType": "0122S000000DLhf",
    "00N2S000007S7ro": "22\/09\/2023",
    "lead_source": "Web to Lead",
    "oid": "00D3I0000008lXO"
}
2023-09-22T15:25:22+00:00 INFO nuevo usuario:
{
    "first_name": "RODOLFO",
    "last_name": "ARANGUIZ",
    "company": "RODOLFO ARANGUIZ",
    "email": "shinyi_01@hotmail.com",
    "00Nf400000TUbiN": "63496774",
    "00N2S000007Bt0I": 1,
    "00Nf400000TUZxy": "f077",
    "00Nf400000TUZy9": "82",
    "00Nf400000TUZyL": "s751",
    "recordType": "0122S000000DLhf",
    "00N2S000007S7ro": "22\/09\/2023",
    "lead_source": "Web to Lead",
    "oid": "00D3I0000008lXO"
}
2023-09-22T15:26:24+00:00 INFO actualiza usuario:
{
    "first_name": "RODOLFO",
    "last_name": "ARANGUIZ",
    "email": "shinyi_01@hotmail.com",
    "company": "RODOLFO ARANGUIZ",
    "00Nf400000TUbiN": "63496774",
    "00Nf400000TUZxw": "",
    "00N2S000006lwOz": "1",
    "00Nf400000TUZxq": "17244050",
    "00N2S000006lxYR": "",
    "00N2S000006lxYW": "",
    "country": "PE",
    "city": "puebla",
    "state": "LMA",
    "00Nf400000TUZxy": "f078",
    "00Nf400000TUZy9": "82",
    "00Nf400000TUZyL": "s751",
    "recordType": "0122S000000DLhf",
    "lead_source": "Web to Lead",
    "00N2S000007RuM4": "",
    "00N2S000007RuME": "",
    "00N2S000007RuMT": "",
    "00N2S000007RuMP": "",
    "oid": "00D3I0000008lXO"
}
2023-09-22T15:30:43+00:00 INFO actualiza usuario:
{
    "first_name": "RODOLFO",
    "last_name": "ARANGUIZ",
    "email": "shinyi_01@hotmail.com",
    "company": "RODOLFO ARANGUIZ",
    "00Nf400000TUbiN": "63496774",
    "00Nf400000TUZxw": "",
    "00N2S000006lwOz": "1",
    "00Nf400000TUZxq": "17244050",
    "00N2S000006lxYR": "",
    "00N2S000006lxYW": "",
    "country": "PE",
    "city": "puebla",
    "state": "LMA",
    "00Nf400000TUZxy": "f078",
    "00Nf400000TUZy9": "82",
    "00Nf400000TUZyL": "s751",
    "recordType": "0122S000000DLhf",
    "lead_source": "Web to Lead",
    "00N2S000007RuM4": "",
    "00N2S000007RuME": "",
    "00N2S000007RuMT": "",
    "00N2S000007RuMP": "",
    "oid": "00D3I0000008lXO"
}
2023-09-22T15:40:04+00:00 INFO nuevo usuario:
{
    "first_name": "PRUEBA VIERNES",
    "last_name": "VEINTIDOS DE SEPTIEMBRE",
    "company": "PRUEBA VIERNES VEINTIDOS DE SEPTIEMBRE",
    "email": "capu.sbpfg99@luhec.com",
    "00Nf400000TUbiN": "955441100",
    "00N2S000007Bt0I": 1,
    "00Nf400000TUZxy": "f077",
    "00Nf400000TUZy9": "82",
    "00Nf400000TUZyL": "s751",
    "recordType": "0122S000000DLhf",
    "00N2S000007S7ro": "22\/09\/2023",
    "lead_source": "Web to Lead",
    "oid": "00D3I0000008lXO"
}
2023-09-22T16:02:23+00:00 INFO nuevo usuario:
{
    "first_name": "ELIZABETH PRUEBA",
    "last_name": "SAN MARTIN PRUEBA",
    "company": "ELIZABETH PRUEBA SAN MARTIN PRUEBA",
    "email": "tiprueba16@gmail.com",
    "00Nf400000TUbiN": "989338404",
    "00N2S000007Bt0I": 1,
    "00Nf400000TUZxy": "f077",
    "00Nf400000TUZy9": "82",
    "00Nf400000TUZyL": "s751",
    "recordType": "0122S000000DLhf",
    "00N2S000007S7ro": "22\/09\/2023",
    "lead_source": "Web to Lead",
    "oid": "00D3I0000008lXO"
}
2023-09-22T16:04:12+00:00 INFO nuevo usuario:
{
    "first_name": "ELIZABETH",
    "last_name": "TEST PRUEBITA",
    "company": "ELIZABETH TEST PRUEBITA",
    "email": "dultanagna@gufum.com",
    "00Nf400000TUbiN": "989338403",
    "00N2S000007Bt0I": 1,
    "00Nf400000TUZxy": "f077",
    "00Nf400000TUZy9": "82",
    "00Nf400000TUZyL": "s751",
    "recordType": "0122S000000DLhf",
    "00N2S000007S7ro": "22\/09\/2023",
    "lead_source": "Web to Lead",
    "oid": "00D3I0000008lXO"
}
2023-09-22T16:09:20+00:00 INFO actualiza usuario:
{
    "first_name": "RODOLFO",
    "last_name": "ARANGUIZ",
    "email": "shinyi_01@hotmail.com",
    "company": "RODOLFO ARANGUIZ",
    "00Nf400000TUbiN": "63496774",
    "00Nf400000TUZxw": "",
    "00N2S000006lwOz": "1",
    "00Nf400000TUZxq": "17244050",
    "00N2S000006lxYR": "",
    "00N2S000006lxYW": "",
    "country": "PE",
    "city": "puebla",
    "state": "LMA",
    "00Nf400000TUZxy": "f078",
    "00Nf400000TUZy9": "82",
    "00Nf400000TUZyL": "s751",
    "recordType": "0122S000000DLhf",
    "lead_source": "Web to Lead",
    "00N2S000007RuM4": "",
    "00N2S000007RuME": "",
    "00N2S000007RuMT": "",
    "00N2S000007RuMP": "",
    "oid": "00D3I0000008lXO"
}
2023-09-22T16:09:50+00:00 INFO actualiza usuario:
{
    "first_name": "Prueba Viernes",
    "last_name": "Veintidos de Septiembre",
    "email": "capu.sbpfg99@luhec.com",
    "company": "",
    "00Nf400000TUbiN": "955441100",
    "00Nf400000TUZxw": "",
    "00N2S000006lwOz": "4",
    "00Nf400000TUZxq": "935100005",
    "00N2S000006lxYR": "",
    "00N2S000006lxYW": "",
    "country": "PE",
    "city": "Lima",
    "state": "LMA",
    "00Nf400000TUZxy": "f078",
    "00Nf400000TUZy9": "82",
    "00Nf400000TUZyL": "s751",
    "recordType": "0122S000000DLhf",
    "lead_source": "Web to Lead",
    "00N2S000007RuM4": "",
    "00N2S000007RuME": "",
    "00N2S000007RuMT": "",
    "00N2S000007RuMP": "",
    "oid": "00D3I0000008lXO"
}
2023-09-22T16:11:43+00:00 INFO actualiza usuario:
{
    "first_name": "Prueba Viernes",
    "last_name": "Veintidos de Septiembre",
    "email": "capu.sbpfg99@luhec.com",
    "company": "",
    "00Nf400000TUbiN": "955441100",
    "00Nf400000TUZxw": "",
    "00N2S000006lwOz": "4",
    "00Nf400000TUZxq": "935100005",
    "00N2S000006lxYR": "",
    "00N2S000006lxYW": "",
    "country": "PE",
    "city": "Lima",
    "state": "LMA",
    "00Nf400000TUZxy": "f078",
    "00Nf400000TUZy9": "82",
    "00Nf400000TUZyL": "s751",
    "recordType": "0122S000000DLhf",
    "lead_source": "Web to Lead",
    "00N2S000007RuM4": "",
    "00N2S000007RuME": "",
    "00N2S000007RuMT": "",
    "00N2S000007RuMP": "",
    "oid": "00D3I0000008lXO"
}
2023-09-22T16:12:53+00:00 INFO empresa:
{
    "00N2S000006xxlb": "10725348681",
    "company": "emprebaprueba",
    "first_name": "jorge",
    "last_name": "chunga prueba",
    "email": "jchunga@isil.pe",
    "00Nf400000TUbiN": "968696500",
    "00N2S000007Bt0I": 1,
    "00Nf400000TUZxy": "f076",
    "00Nf400000TUZy9": "82",
    "00Nf400000TUZyL": "s737",
    "recordType": "0122S0000006HXV",
    "lead_source": "Web to Lead",
    "oid": "00D3I0000008lXO"
}
2023-09-22T16:12:57+00:00 INFO actualiza usuario:
{
    "first_name": "RODOLFO",
    "last_name": "ARANGUIZ",
    "email": "shinyi_01@hotmail.com",
    "company": "RODOLFO ARANGUIZ",
    "00Nf400000TUbiN": "63496774",
    "00Nf400000TUZxw": "",
    "00N2S000006lwOz": "1",
    "00Nf400000TUZxq": "17244050",
    "00N2S000006lxYR": "",
    "00N2S000006lxYW": "",
    "country": "PE",
    "city": "puebla",
    "state": "LMA",
    "00Nf400000TUZxy": "f078",
    "00Nf400000TUZy9": "82",
    "00Nf400000TUZyL": "s751",
    "recordType": "0122S000000DLhf",
    "lead_source": "Web to Lead",
    "00N2S000007RuM4": "",
    "00N2S000007RuME": "",
    "00N2S000007RuMT": "",
    "00N2S000007RuMP": "",
    "oid": "00D3I0000008lXO"
}
2023-09-22T16:16:02+00:00 INFO actualiza usuario:
{
    "first_name": "RODOLFO",
    "last_name": "ARANGUIZ",
    "email": "shinyi_01@hotmail.com",
    "company": "RODOLFO ARANGUIZ",
    "00Nf400000TUbiN": "63496774",
    "00Nf400000TUZxw": "",
    "00N2S000006lwOz": "1",
    "00Nf400000TUZxq": "17244050",
    "00N2S000006lxYR": "",
    "00N2S000006lxYW": "",
    "country": "PE",
    "city": "puebla",
    "state": "LMA",
    "00Nf400000TUZxy": "f078",
    "00Nf400000TUZy9": "82",
    "00Nf400000TUZyL": "s751",
    "recordType": "0122S000000DLhf",
    "lead_source": "Web to Lead",
    "00N2S000007RuM4": "",
    "00N2S000007RuME": "",
    "00N2S000007RuMT": "",
    "00N2S000007RuMP": "",
    "oid": "00D3I0000008lXO"
}
2023-09-22T16:19:29+00:00 INFO actualiza usuario:
{
    "first_name": "RODOLFO",
    "last_name": "ARANGUIZ",
    "email": "shinyi_01@hotmail.com",
    "company": "RODOLFO ARANGUIZ",
    "00Nf400000TUbiN": "63496774",
    "00Nf400000TUZxw": "",
    "00N2S000006lwOz": "1",
    "00Nf400000TUZxq": "17244050",
    "00N2S000006lxYR": "",
    "00N2S000006lxYW": "",
    "country": "PE",
    "city": "puebla",
    "state": "LMA",
    "00Nf400000TUZxy": "f078",
    "00Nf400000TUZy9": "82",
    "00Nf400000TUZyL": "s751",
    "recordType": "0122S000000DLhf",
    "lead_source": "Web to Lead",
    "00N2S000007RuM4": "",
    "00N2S000007RuME": "",
    "00N2S000007RuMT": "",
    "00N2S000007RuMP": "",
    "oid": "00D3I0000008lXO"
}
2023-09-22T16:21:33+00:00 INFO nuevo usuario:
{
    "first_name": "CRISTI\u00c1N",
    "last_name": "FRENKEL",
    "company": "CRISTI\u00c1N FRENKEL",
    "email": "cristian@radar.cl",
    "00Nf400000TUbiN": "990029433",
    "00N2S000007Bt0I": 1,
    "00Nf400000TUZxy": "f077",
    "00Nf400000TUZy9": "82",
    "00Nf400000TUZyL": "s751",
    "recordType": "0122S000000DLhf",
    "00N2S000007S7ro": "22\/09\/2023",
    "lead_source": "Web to Lead",
    "oid": "00D3I0000008lXO"
}
2023-09-22T16:22:31+00:00 INFO nuevo usuario:
{
    "first_name": "CRISTI\u00c1N",
    "last_name": "FRENKEL",
    "company": "CRISTI\u00c1N FRENKEL",
    "email": "cristian@radar.cl",
    "00Nf400000TUbiN": "990029433",
    "00N2S000007Bt0I": 1,
    "00Nf400000TUZxy": "f077",
    "00Nf400000TUZy9": "82",
    "00Nf400000TUZyL": "s751",
    "recordType": "0122S000000DLhf",
    "00N2S000007S7ro": "22\/09\/2023",
    "lead_source": "Web to Lead",
    "oid": "00D3I0000008lXO"
}
2023-09-22T16:22:34+00:00 INFO nuevo usuario:
{
    "first_name": "CRISTI\u00c1N",
    "last_name": "FRENKEL",
    "company": "CRISTI\u00c1N FRENKEL",
    "email": "cristian@radar.cl",
    "00Nf400000TUbiN": "990029433",
    "00N2S000007Bt0I": 1,
    "00Nf400000TUZxy": "f077",
    "00Nf400000TUZy9": "82",
    "00Nf400000TUZyL": "s751",
    "recordType": "0122S000000DLhf",
    "00N2S000007S7ro": "22\/09\/2023",
    "lead_source": "Web to Lead",
    "oid": "00D3I0000008lXO"
}
2023-09-22T16:23:42+00:00 INFO nuevo usuario:
{
    "first_name": "CRISTI\u00c1N",
    "last_name": "FRENKEL",
    "company": "CRISTI\u00c1N FRENKEL",
    "email": "cristian@radar.cl",
    "00Nf400000TUbiN": "990029433",
    "00N2S000007Bt0I": 1,
    "00Nf400000TUZxy": "f077",
    "00Nf400000TUZy9": "82",
    "00Nf400000TUZyL": "s751",
    "recordType": "0122S000000DLhf",
    "00N2S000007S7ro": "22\/09\/2023",
    "lead_source": "Web to Lead",
    "oid": "00D3I0000008lXO"
}
2023-09-22T16:26:08+00:00 INFO actualiza usuario:
{
    "first_name": "RODOLFO",
    "last_name": "ARANGUIZ",
    "email": "shinyi_01@hotmail.com",
    "company": "RODOLFO ARANGUIZ",
    "00Nf400000TUbiN": "63496774",
    "00Nf400000TUZxw": "",
    "00N2S000006lwOz": "1",
    "00Nf400000TUZxq": "17244050",
    "00N2S000006lxYR": "",
    "00N2S000006lxYW": "",
    "country": "PE",
    "city": "puebla",
    "state": "LMA",
    "00Nf400000TUZxy": "f078",
    "00Nf400000TUZy9": "82",
    "00Nf400000TUZyL": "s751",
    "recordType": "0122S000000DLhf",
    "lead_source": "Web to Lead",
    "00N2S000007RuM4": "",
    "00N2S000007RuME": "",
    "00N2S000007RuMT": "",
    "00N2S000007RuMP": "",
    "oid": "00D3I0000008lXO"
}
2023-09-22T16:28:15+00:00 INFO actualiza usuario:
{
    "first_name": "RODOLFO",
    "last_name": "ARANGUIZ",
    "email": "shinyi_01@hotmail.com",
    "company": "RODOLFO ARANGUIZ",
    "00Nf400000TUbiN": "63496774",
    "00Nf400000TUZxw": "",
    "00N2S000006lwOz": "1",
    "00Nf400000TUZxq": "17244050",
    "00N2S000006lxYR": "",
    "00N2S000006lxYW": "",
    "country": "PE",
    "city": "puebla",
    "state": "LMA",
    "00Nf400000TUZxy": "f078",
    "00Nf400000TUZy9": "82",
    "00Nf400000TUZyL": "s751",
    "recordType": "0122S000000DLhf",
    "lead_source": "Web to Lead",
    "00N2S000007RuM4": "",
    "00N2S000007RuME": "",
    "00N2S000007RuMT": "",
    "00N2S000007RuMP": "",
    "oid": "00D3I0000008lXO"
}
2023-09-22T16:53:28+00:00 INFO actualiza usuario:
{
    "first_name": "Prueba Viernes",
    "last_name": "Veintidos de Septiembre",
    "email": "capu.sbpfg99@luhec.com",
    "company": "",
    "00Nf400000TUbiN": "955441100",
    "00Nf400000TUZxw": "",
    "00N2S000006lwOz": "4",
    "00Nf400000TUZxq": "935100005",
    "00N2S000006lxYR": "",
    "00N2S000006lxYW": "",
    "country": "PE",
    "city": "Lima",
    "state": "LMA",
    "00Nf400000TUZxy": "f078",
    "00Nf400000TUZy9": "82",
    "00Nf400000TUZyL": "s751",
    "recordType": "0122S000000DLhf",
    "lead_source": "Web to Lead",
    "00N2S000007RuM4": "",
    "00N2S000007RuME": "",
    "00N2S000007RuMT": "",
    "00N2S000007RuMP": "",
    "oid": "00D3I0000008lXO"
}
2023-09-22T17:12:07+00:00 INFO actualiza usuario:
{
    "first_name": "ELIZABETHXX",
    "last_name": "TESTXX PRUEBITAXX",
    "email": "dultanagna@gufum.com",
    "company": "ELIZABETH TEST PRUEBITA",
    "00Nf400000TUbiN": "989338403",
    "00Nf400000TUZxw": "",
    "00N2S000006lwOz": "1",
    "00Nf400000TUZxq": "36463363",
    "00N2S000006lxYR": "",
    "00N2S000006lxYW": "",
    "country": "PE",
    "city": "surco",
    "state": "HUV",
    "00Nf400000TUZxy": "f078",
    "00Nf400000TUZy9": "82",
    "00Nf400000TUZyL": "s751",
    "recordType": "0122S000000DLhf",
    "lead_source": "Web to Lead",
    "00N2S000007RuM4": "",
    "00N2S000007RuME": "",
    "00N2S000007RuMT": "",
    "00N2S000007RuMP": "",
    "oid": "00D3I0000008lXO"
}
2023-09-22T17:39:42+00:00 INFO actualiza usuario:
{
    "first_name": "RODOLFO",
    "last_name": "ARANGUIZ",
    "email": "shinyi_01@hotmail.com",
    "company": "RODOLFO ARANGUIZ",
    "00Nf400000TUbiN": "63496774",
    "00Nf400000TUZxw": "",
    "00N2S000006lwOz": "1",
    "00Nf400000TUZxq": "17244050",
    "00N2S000006lxYR": "",
    "00N2S000006lxYW": "",
    "country": "PE",
    "city": "puebla",
    "state": "LMA",
    "00Nf400000TUZxy": "f078",
    "00Nf400000TUZy9": "82",
    "00Nf400000TUZyL": "s751",
    "recordType": "0122S000000DLhf",
    "lead_source": "Web to Lead",
    "00N2S000007RuM4": "",
    "00N2S000007RuME": "",
    "00N2S000007RuMT": "",
    "00N2S000007RuMP": "",
    "oid": "00D3I0000008lXO"
}
2023-09-22T18:17:16+00:00 INFO nuevo usuario:
{
    "first_name": "ELIZABETH",
    "last_name": "TEST PRUEBITA",
    "company": "ELIZABETH TEST PRUEBITA",
    "email": "dultanagna@gufum.com",
    "00Nf400000TUbiN": "989338403",
    "00N2S000007Bt0I": 1,
    "00Nf400000TUZxy": "f077",
    "00Nf400000TUZy9": "82",
    "00Nf400000TUZyL": "s751",
    "recordType": "0122S000000DLhf",
    "00N2S000007S7ro": "22\/09\/2023",
    "lead_source": "Web to Lead",
    "oid": "00D3I0000008lXO"
}
2023-09-22T18:18:28+00:00 INFO actualiza usuario:
{
    "first_name": "ELIZABETHXX",
    "last_name": "TESTXX PRUEBITAXX",
    "email": "dultanagna@gufum.com",
    "company": "ELIZABETH TEST PRUEBITA",
    "00Nf400000TUbiN": "989338403",
    "00Nf400000TUZxw": "",
    "00N2S000006lwOz": "1",
    "00Nf400000TUZxq": "36463363",
    "00N2S000006lxYR": "",
    "00N2S000006lxYW": "",
    "country": "PE",
    "city": "surco",
    "state": "HUV",
    "00Nf400000TUZxy": "f078",
    "00Nf400000TUZy9": "82",
    "00Nf400000TUZyL": "s751",
    "recordType": "0122S000000DLhf",
    "lead_source": "Web to Lead",
    "00N2S000007RuM4": "",
    "00N2S000007RuME": "",
    "00N2S000007RuMT": "",
    "00N2S000007RuMP": "",
    "oid": "00D3I0000008lXO"
}
2023-09-22T19:28:37+00:00 INFO nuevo usuario:
{
    "first_name": "ELIZABETH PRUEBA",
    "last_name": "SAN MARTIN PRUEBA",
    "company": "ELIZABETH PRUEBA SAN MARTIN PRUEBA",
    "email": "tiprueba16@gmail.com",
    "00Nf400000TUbiN": "989338404",
    "00N2S000007Bt0I": 1,
    "00Nf400000TUZxy": "f077",
    "00Nf400000TUZy9": "82",
    "00Nf400000TUZyL": "s751",
    "recordType": "0122S000000DLhf",
    "00N2S000007S7ro": "22\/09\/2023",
    "lead_source": "Web to Lead",
    "oid": "00D3I0000008lXO"
}
2023-09-22T19:41:35+00:00 INFO nuevo usuario:
{
    "first_name": "ELIZABETH PRUEBA",
    "last_name": "SAN MARTIN PRUEBA",
    "company": "ELIZABETH PRUEBA SAN MARTIN PRUEBA",
    "email": "tiprueba16@gmail.com",
    "00Nf400000TUbiN": "989338404",
    "00N2S000007Bt0I": 1,
    "00Nf400000TUZxy": "f077",
    "00Nf400000TUZy9": "82",
    "00Nf400000TUZyL": "s751",
    "recordType": "0122S000000DLhf",
    "00N2S000007S7ro": "22\/09\/2023",
    "lead_source": "Web to Lead",
    "oid": "00D3I0000008lXO"
}
2023-09-22T19:42:05+00:00 INFO actualiza usuario:
{
    "first_name": "Elizabeth Prueba",
    "last_name": "San Martin Prueba",
    "email": "tiprueba16@gmail.com",
    "company": "",
    "00Nf400000TUbiN": "989338404",
    "00Nf400000TUZxw": "",
    "00N2S000006lwOz": "1",
    "00Nf400000TUZxq": "45508140",
    "00N2S000006lxYR": "",
    "00N2S000006lxYW": "",
    "country": "PE",
    "city": "Lima",
    "state": "ANC",
    "00Nf400000TUZxy": "f078",
    "00Nf400000TUZy9": "82",
    "00Nf400000TUZyL": "s751",
    "recordType": "0122S000000DLhf",
    "lead_source": "Web to Lead",
    "00N2S000007RuM4": "",
    "00N2S000007RuME": "",
    "00N2S000007RuMT": "",
    "00N2S000007RuMP": "",
    "oid": "00D3I0000008lXO"
}
2023-09-22T19:51:32+00:00 INFO nuevo usuario:
{
    "first_name": "PEDRO",
    "last_name": "CASTILLO",
    "company": "PEDRO CASTILLO",
    "email": "pedro.castillo@radar.cl",
    "00Nf400000TUbiN": "964889104",
    "00N2S000007Bt0I": 1,
    "00Nf400000TUZxy": "f077",
    "00Nf400000TUZy9": "82",
    "00Nf400000TUZyL": "s751",
    "recordType": "0122S000000DLhf",
    "00N2S000007S7ro": "22\/09\/2023",
    "lead_source": "Web to Lead",
    "oid": "00D3I0000008lXO"
}
2023-09-22T19:52:25+00:00 INFO actualiza usuario:
{
    "first_name": "Prueba",
    "last_name": "Radar",
    "email": "pedro.castillo@radar.cl",
    "company": "",
    "00Nf400000TUbiN": "964889104",
    "00Nf400000TUZxw": "",
    "00N2S000006lwOz": "1",
    "00Nf400000TUZxq": "17967831",
    "00N2S000006lxYR": "",
    "00N2S000006lxYW": "",
    "country": "CL",
    "city": "Santiago",
    "state": "CL-RM",
    "00Nf400000TUZxy": "f078",
    "00Nf400000TUZy9": "82",
    "00Nf400000TUZyL": "s751",
    "recordType": "0122S000000DLhf",
    "lead_source": "Web to Lead",
    "00N2S000007RuM4": "",
    "00N2S000007RuME": "",
    "00N2S000007RuMT": "",
    "00N2S000007RuMP": "",
    "oid": "00D3I0000008lXO"
}
2023-09-22T19:54:40+00:00 INFO nuevo usuario:
{
    "first_name": "KATYA PRUEBA",
    "last_name": "GARVICH PRUEBA",
    "company": "KATYA PRUEBA GARVICH PRUEBA",
    "email": "tiprueba15@gmail.com",
    "00Nf400000TUbiN": "989338405",
    "00N2S000007Bt0I": 1,
    "00Nf400000TUZxy": "f077",
    "00Nf400000TUZy9": "82",
    "00Nf400000TUZyL": "s751",
    "recordType": "0122S000000DLhf",
    "00N2S000007S7ro": "22\/09\/2023",
    "lead_source": "Web to Lead",
    "oid": "00D3I0000008lXO"
}
2023-09-22T20:03:25+00:00 INFO actualiza usuario:
{
    "first_name": "Katya Prueba",
    "last_name": "Garvich Prueba",
    "email": "tiprueba15@gmail.com",
    "company": "",
    "00Nf400000TUbiN": "989338405",
    "00Nf400000TUZxw": "",
    "00N2S000006lwOz": "1",
    "00Nf400000TUZxq": "45508146",
    "00N2S000006lxYR": "",
    "00N2S000006lxYW": "",
    "country": "PE",
    "city": "Lima",
    "state": "CUS",
    "00Nf400000TUZxy": "f078",
    "00Nf400000TUZy9": "82",
    "00Nf400000TUZyL": "s751",
    "recordType": "0122S000000DLhf",
    "lead_source": "Web to Lead",
    "00N2S000007RuM4": "",
    "00N2S000007RuME": "",
    "00N2S000007RuMT": "",
    "00N2S000007RuMP": "",
    "oid": "00D3I0000008lXO"
}
2023-09-22T20:04:11+00:00 INFO actualiza usuario:
{
    "first_name": "Katya Prueba",
    "last_name": "Garvich Prueba",
    "email": "tiprueba15@gmail.com",
    "company": "",
    "00Nf400000TUbiN": "989338405",
    "00Nf400000TUZxw": "",
    "00N2S000006lwOz": "1",
    "00Nf400000TUZxq": "45508146",
    "00N2S000006lxYR": "",
    "00N2S000006lxYW": "",
    "country": "PE",
    "city": "Lima",
    "state": "CUS",
    "00Nf400000TUZxy": "f078",
    "00Nf400000TUZy9": "82",
    "00Nf400000TUZyL": "s751",
    "recordType": "0122S000000DLhf",
    "lead_source": "Web to Lead",
    "00N2S000007RuM4": "",
    "00N2S000007RuME": "",
    "00N2S000007RuMT": "",
    "00N2S000007RuMP": "",
    "oid": "00D3I0000008lXO"
}
2023-09-22T20:16:38+00:00 INFO nuevo usuario:
{
    "first_name": "KATYA",
    "last_name": "TEST TESITO",
    "company": "KATYA TEST TESITO",
    "email": "xepixi4072@chambile.com",
    "00Nf400000TUbiN": "989338402",
    "00N2S000007Bt0I": 1,
    "00Nf400000TUZxy": "f077",
    "00Nf400000TUZy9": "82",
    "00Nf400000TUZyL": "s751",
    "recordType": "0122S000000DLhf",
    "00N2S000007S7ro": "22\/09\/2023",
    "lead_source": "Web to Lead",
    "oid": "00D3I0000008lXO"
}
2023-09-22T20:20:20+00:00 INFO actualiza usuario:
{
    "first_name": "Lucia Prueba",
    "last_name": "Test Prueba",
    "email": "xepixi4072@chambile.com",
    "company": "",
    "00Nf400000TUbiN": "989338402",
    "00Nf400000TUZxw": "",
    "00N2S000006lwOz": "1",
    "00Nf400000TUZxq": "95165420",
    "00N2S000006lxYR": "",
    "00N2S000006lxYW": "",
    "country": "PE",
    "city": "Lima",
    "state": "CAJ",
    "00Nf400000TUZxy": "f078",
    "00Nf400000TUZy9": "82",
    "00Nf400000TUZyL": "s751",
    "recordType": "0122S000000DLhf",
    "lead_source": "Web to Lead",
    "00N2S000007RuM4": "",
    "00N2S000007RuME": "",
    "00N2S000007RuMT": "",
    "00N2S000007RuMP": "",
    "oid": "00D3I0000008lXO"
}
2023-09-22T20:21:08+00:00 INFO actualiza usuario:
{
    "first_name": "Lucia Prueba",
    "last_name": "Test Prueba",
    "email": "xepixi4072@chambile.com",
    "company": "",
    "00Nf400000TUbiN": "989338402",
    "00Nf400000TUZxw": "",
    "00N2S000006lwOz": "1",
    "00Nf400000TUZxq": "95165420",
    "00N2S000006lxYR": "",
    "00N2S000006lxYW": "",
    "country": "PE",
    "city": "Lima",
    "state": "CAJ",
    "00Nf400000TUZxy": "f078",
    "00Nf400000TUZy9": "82",
    "00Nf400000TUZyL": "s751",
    "recordType": "0122S000000DLhf",
    "lead_source": "Web to Lead",
    "00N2S000007RuM4": "",
    "00N2S000007RuME": "",
    "00N2S000007RuMT": "",
    "00N2S000007RuMP": "",
    "oid": "00D3I0000008lXO"
}
2023-09-22T20:48:29+00:00 INFO actualiza usuario:
{
    "first_name": "Prueba Viernes",
    "last_name": "Veintidos de Septiembre",
    "email": "capu.sbpfg99@luhec.com",
    "company": "",
    "00Nf400000TUbiN": "955441100",
    "00Nf400000TUZxw": "",
    "00N2S000006lwOz": "4",
    "00Nf400000TUZxq": "935100005",
    "00N2S000006lxYR": "",
    "00N2S000006lxYW": "",
    "country": "PE",
    "city": "Lima",
    "state": "LMA",
    "00Nf400000TUZxy": "f078",
    "00Nf400000TUZy9": "82",
    "00Nf400000TUZyL": "s751",
    "recordType": "0122S000000DLhf",
    "lead_source": "Web to Lead",
    "00N2S000007RuM4": "",
    "00N2S000007RuME": "",
    "00N2S000007RuMT": "",
    "00N2S000007RuMP": "",
    "oid": "00D3I0000008lXO"
}
2023-09-22T20:50:19+00:00 INFO nuevo usuario:
{
    "first_name": "RODOLFO",
    "last_name": "ARANGUIZ",
    "company": "RODOLFO ARANGUIZ",
    "email": "shinyi_01@hotmail.com",
    "00Nf400000TUbiN": "63496774",
    "00N2S000007Bt0I": 1,
    "00Nf400000TUZxy": "f077",
    "00Nf400000TUZy9": "82",
    "00Nf400000TUZyL": "s751",
    "recordType": "0122S000000DLhf",
    "00N2S000007S7ro": "22\/09\/2023",
    "lead_source": "Web to Lead",
    "oid": "00D3I0000008lXO"
}
2023-09-22T21:09:40+00:00 INFO actualiza usuario:
{
    "first_name": "RODOLFO",
    "last_name": "ARANGUIZ",
    "email": "shinyi_01@hotmail.com",
    "company": "RODOLFO ARANGUIZ",
    "00Nf400000TUbiN": "63496774",
    "00Nf400000TUZxw": "",
    "00N2S000006lwOz": "1",
    "00Nf400000TUZxq": "17244050",
    "00N2S000006lxYR": "",
    "00N2S000006lxYW": "",
    "country": "PE",
    "city": "puebla",
    "state": "LMA",
    "00Nf400000TUZxy": "f078",
    "00Nf400000TUZy9": "82",
    "00Nf400000TUZyL": "s751",
    "recordType": "0122S000000DLhf",
    "lead_source": "Web to Lead",
    "00N2S000007RuM4": "",
    "00N2S000007RuME": "",
    "00N2S000007RuMT": "",
    "00N2S000007RuMP": "",
    "oid": "00D3I0000008lXO"
}
2023-09-22T21:17:51+00:00 INFO nuevo usuario:
{
    "first_name": "PRUEBA VIERNES",
    "last_name": "VEINTIDOS DE SEPTIEMBRE",
    "company": "PRUEBA VIERNES VEINTIDOS DE SEPTIEMBRE",
    "email": "capu.sbpfg99@luhec.com",
    "00Nf400000TUbiN": "955441100",
    "00N2S000007Bt0I": 1,
    "00Nf400000TUZxy": "f077",
    "00Nf400000TUZy9": "82",
    "00Nf400000TUZyL": "s751",
    "recordType": "0122S000000DLhf",
    "00N2S000007S7ro": "22\/09\/2023",
    "lead_source": "Web to Lead",
    "oid": "00D3I0000008lXO"
}
2023-09-22T21:19:12+00:00 INFO nuevo usuario:
{
    "first_name": "PRUEBA VIERNES",
    "last_name": "VEINTIDOS DE SEPTIEMBRE",
    "company": "PRUEBA VIERNES VEINTIDOS DE SEPTIEMBRE",
    "email": "capu.sbpfg99@luhec.com",
    "00Nf400000TUbiN": "955441100",
    "00N2S000007Bt0I": 1,
    "00Nf400000TUZxy": "f077",
    "00Nf400000TUZy9": "82",
    "00Nf400000TUZyL": "s751",
    "recordType": "0122S000000DLhf",
    "00N2S000007S7ro": "22\/09\/2023",
    "lead_source": "Web to Lead",
    "oid": "00D3I0000008lXO"
}
2023-09-22T21:24:56+00:00 INFO actualiza usuario:
{
    "first_name": "Lucia Prueba",
    "last_name": "Test Prueba",
    "email": "xepixi4072@chambile.com",
    "company": "",
    "00Nf400000TUbiN": "989338402",
    "00Nf400000TUZxw": "",
    "00N2S000006lwOz": "1",
    "00Nf400000TUZxq": "95165420",
    "00N2S000006lxYR": "",
    "00N2S000006lxYW": "",
    "country": "CL",
    "city": "Santiago",
    "state": "CL-AN",
    "00Nf400000TUZxy": "f078",
    "00Nf400000TUZy9": "82",
    "00Nf400000TUZyL": "s751",
    "recordType": "0122S000000DLhf",
    "lead_source": "Web to Lead",
    "00N2S000007RuM4": "",
    "00N2S000007RuME": "",
    "00N2S000007RuMT": "",
    "00N2S000007RuMP": "",
    "oid": "00D3I0000008lXO"
}
2023-09-22T21:52:48+00:00 INFO nuevo usuario:
{
    "first_name": "RODOLFO",
    "last_name": "ARANGUIZ",
    "company": "RODOLFO ARANGUIZ",
    "email": "shinyi_01@hotmail.com",
    "00Nf400000TUbiN": "63496774",
    "00N2S000007Bt0I": 1,
    "00Nf400000TUZxy": "f077",
    "00Nf400000TUZy9": "82",
    "00Nf400000TUZyL": "s751",
    "recordType": "0122S000000DLhf",
    "00N2S000007S7ro": "22\/09\/2023",
    "lead_source": "Web to Lead",
    "oid": "00D3I0000008lXO"
}
2023-09-22T21:54:09+00:00 INFO actualiza usuario:
{
    "first_name": "RODOLFO",
    "last_name": "ARANGUIZ",
    "email": "shinyi_01@hotmail.com",
    "company": "RODOLFO ARANGUIZ",
    "00Nf400000TUbiN": "63496774",
    "00Nf400000TUZxw": "",
    "00N2S000006lwOz": "1",
    "00Nf400000TUZxq": "17244050",
    "00N2S000006lxYR": "",
    "00N2S000006lxYW": "",
    "country": "PE",
    "city": "puebla",
    "state": "LMA",
    "00Nf400000TUZxy": "f078",
    "00Nf400000TUZy9": "82",
    "00Nf400000TUZyL": "s751",
    "recordType": "0122S000000DLhf",
    "lead_source": "Web to Lead",
    "00N2S000007RuM4": "",
    "00N2S000007RuME": "",
    "00N2S000007RuMT": "",
    "00N2S000007RuMP": "",
    "oid": "00D3I0000008lXO"
}
2023-09-22T22:06:18+00:00 INFO actualiza usuario:
{
    "first_name": "Prueba Viernes",
    "last_name": "Veintidos de Septiembre",
    "email": "capu.sbpfg99@luhec.com",
    "company": "",
    "00Nf400000TUbiN": "955441100",
    "00Nf400000TUZxw": "",
    "00N2S000006lwOz": "4",
    "00Nf400000TUZxq": "935100005",
    "00N2S000006lxYR": "",
    "00N2S000006lxYW": "",
    "country": "PE",
    "city": "Lima",
    "state": "LMA",
    "00Nf400000TUZxy": "f078",
    "00Nf400000TUZy9": "82",
    "00Nf400000TUZyL": "s751",
    "recordType": "0122S000000DLhf",
    "lead_source": "Web to Lead",
    "00N2S000007RuM4": "",
    "00N2S000007RuME": "",
    "00N2S000007RuMT": "",
    "00N2S000007RuMP": "",
    "oid": "00D3I0000008lXO"
}
2023-09-22T22:09:08+00:00 INFO actualiza usuario:
{
    "first_name": "RODOLFO",
    "last_name": "ARANGUIZ",
    "email": "shinyi_01@hotmail.com",
    "company": "RODOLFO ARANGUIZ",
    "00Nf400000TUbiN": "63496774",
    "00Nf400000TUZxw": "",
    "00N2S000006lwOz": "1",
    "00Nf400000TUZxq": "17244050",
    "00N2S000006lxYR": "",
    "00N2S000006lxYW": "",
    "country": "PE",
    "city": "puebla",
    "state": "LMA",
    "00Nf400000TUZxy": "f078",
    "00Nf400000TUZy9": "82",
    "00Nf400000TUZyL": "s751",
    "recordType": "0122S000000DLhf",
    "lead_source": "Web to Lead",
    "00N2S000007RuM4": "",
    "00N2S000007RuME": "",
    "00N2S000007RuMT": "",
    "00N2S000007RuMP": "",
    "oid": "00D3I0000008lXO"
}
2023-09-22T22:14:01+00:00 INFO nuevo usuario:
{
    "first_name": "JORGE LUIS",
    "last_name": "CHUNGA ZULOETA",
    "company": "JORGE LUIS CHUNGA ZULOETA",
    "email": "jchunga@isil.pe",
    "00Nf400000TUbiN": "968696500",
    "00N2S000007Bt0I": 1,
    "00Nf400000TUZxy": "f077",
    "00Nf400000TUZy9": "82",
    "00Nf400000TUZyL": "s751",
    "recordType": "0122S000000DLhf",
    "00N2S000007S7ro": "22\/09\/2023",
    "lead_source": "Web to Lead",
    "oid": "00D3I0000008lXO"
}
2023-09-22T22:14:27+00:00 INFO nuevo usuario:
{
    "first_name": "JORGE LUIS",
    "last_name": "CHUNGA ZULOETA",
    "company": "JORGE LUIS CHUNGA ZULOETA",
    "email": "jchunga@isil.pe",
    "00Nf400000TUbiN": "968696500",
    "00N2S000007Bt0I": 1,
    "00Nf400000TUZxy": "f077",
    "00Nf400000TUZy9": "82",
    "00Nf400000TUZyL": "s751",
    "recordType": "0122S000000DLhf",
    "00N2S000007S7ro": "22\/09\/2023",
    "lead_source": "Web to Lead",
    "oid": "00D3I0000008lXO"
}
2023-09-22T22:15:10+00:00 INFO nuevo usuario:
{
    "first_name": "PRUEBA JUEVES",
    "last_name": "VEINTIUNO DE SEPTIEMBRE",
    "company": "PRUEBA JUEVES VEINTIUNO DE SEPTIEMBRE",
    "email": "ddue_nwloe84@cikue.com",
    "00Nf400000TUbiN": "973663553",
    "00N2S000007Bt0I": 1,
    "00Nf400000TUZxy": "f077",
    "00Nf400000TUZy9": "82",
    "00Nf400000TUZyL": "s751",
    "recordType": "0122S000000DLhf",
    "00N2S000007S7ro": "22\/09\/2023",
    "lead_source": "Web to Lead",
    "oid": "00D3I0000008lXO"
}
2023-09-22T22:18:02+00:00 INFO nuevo usuario:
{
    "first_name": "PRUEBA JUEVES",
    "last_name": "VEINTIUNO DE SEPTIEMBRE",
    "company": "PRUEBA JUEVES VEINTIUNO DE SEPTIEMBRE",
    "email": "ddue_nwloe84@cikue.com",
    "00Nf400000TUbiN": "973663553",
    "00N2S000007Bt0I": 1,
    "00Nf400000TUZxy": "f077",
    "00Nf400000TUZy9": "82",
    "00Nf400000TUZyL": "s751",
    "recordType": "0122S000000DLhf",
    "00N2S000007S7ro": "22\/09\/2023",
    "lead_source": "Web to Lead",
    "oid": "00D3I0000008lXO"
}
2023-09-22T22:31:36+00:00 INFO actualiza usuario:
{
    "first_name": "Prueba Viernes",
    "last_name": "Veintidos de Septiembre",
    "email": "capu.sbpfg99@luhec.com",
    "company": "",
    "00Nf400000TUbiN": "955441100",
    "00Nf400000TUZxw": "",
    "00N2S000006lwOz": "4",
    "00Nf400000TUZxq": "935100005",
    "00N2S000006lxYR": "",
    "00N2S000006lxYW": "",
    "country": "PE",
    "city": "Lima",
    "state": "LMA",
    "00Nf400000TUZxy": "f078",
    "00Nf400000TUZy9": "82",
    "00Nf400000TUZyL": "s751",
    "recordType": "0122S000000DLhf",
    "lead_source": "Web to Lead",
    "00N2S000007RuM4": "",
    "00N2S000007RuME": "",
    "00N2S000007RuMT": "",
    "00N2S000007RuMP": "",
    "oid": "00D3I0000008lXO"
}
2023-09-22T22:32:29+00:00 INFO actualiza usuario:
{
    "first_name": "Lucia Prueba",
    "last_name": "Test Prueba",
    "email": "xepixi4072@chambile.com",
    "company": "",
    "00Nf400000TUbiN": "989338402",
    "00Nf400000TUZxw": "",
    "00N2S000006lwOz": "1",
    "00Nf400000TUZxq": "95165420",
    "00N2S000006lxYR": "",
    "00N2S000006lxYW": "",
    "country": "CL",
    "city": "Santiago",
    "state": "CL-AN",
    "00Nf400000TUZxy": "f078",
    "00Nf400000TUZy9": "82",
    "00Nf400000TUZyL": "s751",
    "recordType": "0122S000000DLhf",
    "lead_source": "Web to Lead",
    "00N2S000007RuM4": "",
    "00N2S000007RuME": "",
    "00N2S000007RuMT": "",
    "00N2S000007RuMP": "",
    "oid": "00D3I0000008lXO"
}
2023-09-22T22:54:46+00:00 INFO actualiza usuario:
{
    "first_name": "Prueba Viernes",
    "last_name": "Veintidos de Septiembre",
    "email": "capu.sbpfg99@luhec.com",
    "company": "",
    "00Nf400000TUbiN": "955441100",
    "00Nf400000TUZxw": "",
    "00N2S000006lwOz": "4",
    "00Nf400000TUZxq": "935100005",
    "00N2S000006lxYR": "",
    "00N2S000006lxYW": "",
    "country": "PE",
    "city": "Lima",
    "state": "LMA",
    "00Nf400000TUZxy": "f078",
    "00Nf400000TUZy9": "82",
    "00Nf400000TUZyL": "s751",
    "recordType": "0122S000000DLhf",
    "lead_source": "Web to Lead",
    "00N2S000007RuM4": "",
    "00N2S000007RuME": "",
    "00N2S000007RuMT": "",
    "00N2S000007RuMP": "",
    "oid": "00D3I0000008lXO"
}
2023-09-22T22:57:51+00:00 INFO actualiza usuario:
{
    "first_name": "Prueba Viernes",
    "last_name": "Veintidos de Septiembre",
    "email": "capu.sbpfg99@luhec.com",
    "company": "",
    "00Nf400000TUbiN": "955441100",
    "00Nf400000TUZxw": "",
    "00N2S000006lwOz": "4",
    "00Nf400000TUZxq": "935100005",
    "00N2S000006lxYR": "",
    "00N2S000006lxYW": "",
    "country": "PE",
    "city": "Lima",
    "state": "LMA",
    "00Nf400000TUZxy": "f078",
    "00Nf400000TUZy9": "82",
    "00Nf400000TUZyL": "s751",
    "recordType": "0122S000000DLhf",
    "lead_source": "Web to Lead",
    "00N2S000007RuM4": "",
    "00N2S000007RuME": "",
    "00N2S000007RuMT": "",
    "00N2S000007RuMP": "",
    "oid": "00D3I0000008lXO"
}
2023-09-22T22:58:55+00:00 INFO nuevo usuario:
{
    "first_name": "JORGE LUIS",
    "last_name": "CHUNGA ZULOETA",
    "company": "JORGE LUIS CHUNGA ZULOETA",
    "email": "jchunga@isil.pe",
    "00Nf400000TUbiN": "968696500",
    "00N2S000007Bt0I": 1,
    "00Nf400000TUZxy": "f077",
    "00Nf400000TUZy9": "82",
    "00Nf400000TUZyL": "s751",
    "recordType": "0122S000000DLhf",
    "00N2S000007S7ro": "22\/09\/2023",
    "lead_source": "Web to Lead",
    "oid": "00D3I0000008lXO"
}
2023-09-22T23:07:19+00:00 INFO nuevo usuario:
{
    "first_name": "VIERNES DOS PRUEBA",
    "last_name": "VEINTE Y DOS DEL NUEVE",
    "company": "VIERNES DOS PRUEBA VEINTE Y DOS DEL NUEVE",
    "email": "biyiron882@apxby.com",
    "00Nf400000TUbiN": "968696501",
    "00N2S000007Bt0I": 1,
    "00Nf400000TUZxy": "f077",
    "00Nf400000TUZy9": "82",
    "00Nf400000TUZyL": "s751",
    "recordType": "0122S000000DLhf",
    "00N2S000007S7ro": "22\/09\/2023",
    "lead_source": "Web to Lead",
    "oid": "00D3I0000008lXO"
}
2023-09-22T23:11:32+00:00 INFO actualiza usuario:
{
    "first_name": "Viernes dos",
    "last_name": "veinte y dos del nueve",
    "email": "biyiron882@apxby.com",
    "company": "",
    "00Nf400000TUbiN": "968696501",
    "00Nf400000TUZxw": "",
    "00N2S000006lwOz": "1",
    "00Nf400000TUZxq": "12568945",
    "00N2S000006lxYR": "",
    "00N2S000006lxYW": "",
    "country": "PE",
    "city": "Chiclayo",
    "state": "LAM",
    "00Nf400000TUZxy": "f078",
    "00Nf400000TUZy9": "82",
    "00Nf400000TUZyL": "s751",
    "recordType": "0122S000000DLhf",
    "lead_source": "Web to Lead",
    "00N2S000007RuM4": "",
    "00N2S000007RuME": "",
    "00N2S000007RuMT": "",
    "00N2S000007RuMP": "",
    "oid": "00D3I0000008lXO"
}
2023-09-22T23:19:04+00:00 INFO actualiza usuario:
{
    "first_name": "Viernes dos",
    "last_name": "veinte y dos del nueve",
    "email": "biyiron882@apxby.com",
    "company": "",
    "00Nf400000TUbiN": "968696501",
    "00Nf400000TUZxw": "",
    "00N2S000006lwOz": "1",
    "00Nf400000TUZxq": "12568945",
    "00N2S000006lxYR": "",
    "00N2S000006lxYW": "",
    "country": "PE",
    "city": "Chiclayo",
    "state": "LAM",
    "00Nf400000TUZxy": "f078",
    "00Nf400000TUZy9": "82",
    "00Nf400000TUZyL": "s751",
    "recordType": "0122S000000DLhf",
    "lead_source": "Web to Lead",
    "00N2S000007RuM4": "",
    "00N2S000007RuME": "",
    "00N2S000007RuMT": "",
    "00N2S000007RuMP": "",
    "oid": "00D3I0000008lXO"
}
2023-09-22T23:20:29+00:00 INFO actualiza usuario:
{
    "first_name": "Viernes dos",
    "last_name": "veinte y dos del nueve",
    "email": "biyiron882@apxby.com",
    "company": "",
    "00Nf400000TUbiN": "968696501",
    "00Nf400000TUZxw": "",
    "00N2S000006lwOz": "1",
    "00Nf400000TUZxq": "12568945",
    "00N2S000006lxYR": "",
    "00N2S000006lxYW": "",
    "country": "PE",
    "city": "Chiclayo",
    "state": "LAM",
    "00Nf400000TUZxy": "f078",
    "00Nf400000TUZy9": "82",
    "00Nf400000TUZyL": "s751",
    "recordType": "0122S000000DLhf",
    "lead_source": "Web to Lead",
    "00N2S000007RuM4": "",
    "00N2S000007RuME": "",
    "00N2S000007RuMT": "",
    "00N2S000007RuMP": "",
    "oid": "00D3I0000008lXO"
}
2023-09-22T23:23:51+00:00 INFO actualiza usuario:
{
    "first_name": "Viernes dos",
    "last_name": "veinte y dos del nueve",
    "email": "biyiron882@apxby.com",
    "company": "",
    "00Nf400000TUbiN": "968696501",
    "00Nf400000TUZxw": "",
    "00N2S000006lwOz": "1",
    "00Nf400000TUZxq": "12568945",
    "00N2S000006lxYR": "",
    "00N2S000006lxYW": "",
    "country": "PE",
    "city": "Chiclayo",
    "state": "LAM",
    "00Nf400000TUZxy": "f078",
    "00Nf400000TUZy9": "82",
    "00Nf400000TUZyL": "s751",
    "recordType": "0122S000000DLhf",
    "lead_source": "Web to Lead",
    "00N2S000007RuM4": "",
    "00N2S000007RuME": "",
    "00N2S000007RuMT": "",
    "00N2S000007RuMP": "",
    "oid": "00D3I0000008lXO"
}
2023-09-22T23:37:31+00:00 INFO actualiza usuario:
{
    "first_name": "VIERNES DOS PRUEBAAA",
    "last_name": "VEINTIDOS DE SEPTIEMBRE",
    "email": "biyiron882@apxby.com",
    "company": "",
    "00Nf400000TUbiN": "968696501",
    "00Nf400000TUZxw": "",
    "00N2S000006lwOz": "1",
    "00Nf400000TUZxq": "12568945",
    "00N2S000006lxYR": "",
    "00N2S000006lxYW": "",
    "country": "PE",
    "city": "Chiclayo",
    "state": "LAM",
    "00Nf400000TUZxy": "f078",
    "00Nf400000TUZy9": "82",
    "00Nf400000TUZyL": "s751",
    "recordType": "0122S000000DLhf",
    "lead_source": "Web to Lead",
    "00N2S000007RuM4": "",
    "00N2S000007RuME": "",
    "00N2S000007RuMT": "",
    "00N2S000007RuMP": "",
    "oid": "00D3I0000008lXO"
}
2023-09-22T23:37:31+00:00 INFO actualiza usuario:
{
    "first_name": "VIERNES DOS PRUEBAAA",
    "last_name": "VEINTIDOS DE SEPTIEMBRE",
    "email": "biyiron882@apxby.com",
    "company": "VIERNES DOS PRUEBA VEINTE Y DOS DEL NUEVE",
    "00Nf400000TUbiN": "968696501",
    "00Nf400000TUZxw": "",
    "00N2S000006lwOz": "1",
    "00Nf400000TUZxq": "12568945",
    "00N2S000006lxYR": "",
    "00N2S000006lxYW": "",
    "country": "PE",
    "city": "Chiclayo",
    "state": "LAM",
    "00Nf400000TUZxy": "f078",
    "00Nf400000TUZy9": "82",
    "00Nf400000TUZyL": "s751",
    "recordType": "0122S000000DLhf",
    "lead_source": "Web to Lead",
    "00N2S000007RuM4": "",
    "00N2S000007RuME": "",
    "00N2S000007RuMT": "",
    "00N2S000007RuMP": "",
    "oid": "00D3I0000008lXO"
}
2023-09-22T23:37:31+00:00 INFO actualiza usuario:
{
    "first_name": "VIERNES DOS PRUEBAAA",
    "last_name": "VEINTIDOS DE SEPTIEMBRE",
    "email": "biyiron882@apxby.com",
    "company": "",
    "00Nf400000TUbiN": "968696501",
    "00Nf400000TUZxw": "22\/09\/2023",
    "00N2S000006lwOz": "1",
    "00Nf400000TUZxq": "12568945",
    "00N2S000006lxYR": "Universitario completo",
    "00N2S000006lxYW": "Trabajo independiente",
    "country": "PE",
    "city": "Chiclayo",
    "state": "LAM",
    "00Nf400000TUZxy": "f078",
    "00Nf400000TUZy9": "82",
    "00Nf400000TUZyL": "s751",
    "recordType": "0122S000000DLhf",
    "lead_source": "Web to Lead",
    "00N2S000007RuM4": "Administraci\u00f3n",
    "00N2S000007RuME": "Administraci\u00f3n Bancaria",
    "00N2S000007RuMT": "Dise\u00f1o de Interiores",
    "00N2S000007RuMP": "Operaciones y Log\u00edstica",
    "oid": "00D3I0000008lXO"
}
2023-09-22T23:39:09+00:00 INFO actualiza usuario:
{
    "first_name": "Prueba Viernes",
    "last_name": "Veintidos de Septiembre",
    "email": "capu.sbpfg99@luhec.com",
    "company": "",
    "00Nf400000TUbiN": "955441100",
    "00Nf400000TUZxw": "",
    "00N2S000006lwOz": "4",
    "00Nf400000TUZxq": "935100005",
    "00N2S000006lxYR": "",
    "00N2S000006lxYW": "",
    "country": "PE",
    "city": "Lima",
    "state": "LMA",
    "00Nf400000TUZxy": "f078",
    "00Nf400000TUZy9": "82",
    "00Nf400000TUZyL": "s751",
    "recordType": "0122S000000DLhf",
    "lead_source": "Web to Lead",
    "00N2S000007RuM4": "",
    "00N2S000007RuME": "",
    "00N2S000007RuMT": "",
    "00N2S000007RuMP": "",
    "oid": "00D3I0000008lXO"
}
2023-09-22T23:39:09+00:00 INFO actualiza usuario:
{
    "first_name": "PRUEBA VIERNES",
    "last_name": "VEINTIDOS DE SEPTIEMBRE",
    "email": "capu.sbpfg99@luhec.com",
    "company": "PRUEBA VIERNES VEINTIDOS DE SEPTIEMBRE",
    "00Nf400000TUbiN": "955441100",
    "00Nf400000TUZxw": "",
    "00N2S000006lwOz": "4",
    "00Nf400000TUZxq": "935100005",
    "00N2S000006lxYR": "",
    "00N2S000006lxYW": "",
    "country": "PE",
    "city": "Lima",
    "state": "LMA",
    "00Nf400000TUZxy": "f078",
    "00Nf400000TUZy9": "82",
    "00Nf400000TUZyL": "s751",
    "recordType": "0122S000000DLhf",
    "lead_source": "Web to Lead",
    "00N2S000007RuM4": "",
    "00N2S000007RuME": "",
    "00N2S000007RuMT": "",
    "00N2S000007RuMP": "",
    "oid": "00D3I0000008lXO"
}
2023-09-22T23:39:10+00:00 INFO actualiza usuario:
{
    "first_name": "PRUEBA VIERNES",
    "last_name": "VEINTIDOS DE SEPTIEMBRE",
    "email": "capu.sbpfg99@luhec.com",
    "company": "",
    "00Nf400000TUbiN": "955441100",
    "00Nf400000TUZxw": "16\/03\/1923",
    "00N2S000006lwOz": "4",
    "00Nf400000TUZxq": "935100005",
    "00N2S000006lxYR": "Doctorado",
    "00N2S000006lxYW": "Jubilado(a)",
    "country": "PE",
    "city": "Lima",
    "state": "LMA",
    "00Nf400000TUZxy": "f078",
    "00Nf400000TUZy9": "82",
    "00Nf400000TUZyL": "s751",
    "recordType": "0122S000000DLhf",
    "lead_source": "Web to Lead",
    "00N2S000007RuM4": "Gesti\u00f3n del Talento",
    "00N2S000007RuME": "Contabilidad y Finanzas",
    "00N2S000007RuMT": "Innovaci\u00f3n y Transformaci\u00f3n digital",
    "00N2S000007RuMP": "Administraci\u00f3n",
    "oid": "00D3I0000008lXO"
}
2023-09-22T23:40:14+00:00 INFO actualiza usuario:
{
    "first_name": "PRUEBA VIERNES",
    "last_name": "VEINTIDOS DE SEPTIEMBRE",
    "email": "capu.sbpfg99@luhec.com",
    "company": "PRUEBA VIERNES VEINTIDOS DE SEPTIEMBRE",
    "00Nf400000TUbiN": "955441100",
    "00Nf400000TUZxw": "",
    "00N2S000006lwOz": "4",
    "00Nf400000TUZxq": "935100005",
    "00N2S000006lxYR": "",
    "00N2S000006lxYW": "",
    "country": "PE",
    "city": "Lima",
    "state": "LMA",
    "00Nf400000TUZxy": "f078",
    "00Nf400000TUZy9": "82",
    "00Nf400000TUZyL": "s751",
    "recordType": "0122S000000DLhf",
    "lead_source": "Web to Lead",
    "00N2S000007RuM4": "",
    "00N2S000007RuME": "",
    "00N2S000007RuMT": "",
    "00N2S000007RuMP": "",
    "oid": "00D3I0000008lXO"
}
2023-09-22T23:40:15+00:00 INFO actualiza usuario:
{
    "first_name": "PRUEBA VIERNES",
    "last_name": "VEINTIDOS DE SEPTIEMBRE",
    "email": "capu.sbpfg99@luhec.com",
    "company": "PRUEBA VIERNES VEINTIDOS DE SEPTIEMBRE",
    "00Nf400000TUbiN": "955441100",
    "00Nf400000TUZxw": "",
    "00N2S000006lwOz": "4",
    "00Nf400000TUZxq": "935100005",
    "00N2S000006lxYR": "",
    "00N2S000006lxYW": "",
    "country": "PE",
    "city": "Lima",
    "state": "LMA",
    "00Nf400000TUZxy": "f078",
    "00Nf400000TUZy9": "82",
    "00Nf400000TUZyL": "s751",
    "recordType": "0122S000000DLhf",
    "lead_source": "Web to Lead",
    "00N2S000007RuM4": "",
    "00N2S000007RuME": "",
    "00N2S000007RuMT": "",
    "00N2S000007RuMP": "",
    "oid": "00D3I0000008lXO"
}
2023-09-22T23:40:15+00:00 INFO actualiza usuario:
{
    "first_name": "PRUEBA VIERNES",
    "last_name": "VEINTIDOS DE SEPTIEMBRE",
    "email": "capu.sbpfg99@luhec.com",
    "company": "PRUEBA VIERNES VEINTIDOS DE SEPTIEMBRE",
    "00Nf400000TUbiN": "955441100",
    "00Nf400000TUZxw": "16\/03\/1923",
    "00N2S000006lwOz": "4",
    "00Nf400000TUZxq": "935100005",
    "00N2S000006lxYR": "Doctorado",
    "00N2S000006lxYW": "Jubilado(a)",
    "country": "PE",
    "city": "Lima",
    "state": "LMA",
    "00Nf400000TUZxy": "f078",
    "00Nf400000TUZy9": "82",
    "00Nf400000TUZyL": "s751",
    "recordType": "0122S000000DLhf",
    "lead_source": "Web to Lead",
    "00N2S000007RuM4": "Gesti\u00f3n del Talento",
    "00N2S000007RuME": "Contabilidad y Finanzas",
    "00N2S000007RuMT": "Innovaci\u00f3n y Transformaci\u00f3n digital",
    "00N2S000007RuMP": "Administraci\u00f3n",
    "oid": "00D3I0000008lXO"
}
2023-09-22T23:40:42+00:00 INFO actualiza usuario:
{
    "first_name": "PRUEBA VIERNES",
    "last_name": "VEINTIDOS DE SEPTIEMBRE",
    "email": "capu.sbpfg99@luhec.com",
    "company": "PRUEBA VIERNES VEINTIDOS DE SEPTIEMBRE",
    "00Nf400000TUbiN": "955441100",
    "00Nf400000TUZxw": "",
    "00N2S000006lwOz": "4",
    "00Nf400000TUZxq": "935100005",
    "00N2S000006lxYR": "",
    "00N2S000006lxYW": "",
    "country": "PE",
    "city": "Lima",
    "state": "LMA",
    "00Nf400000TUZxy": "f078",
    "00Nf400000TUZy9": "82",
    "00Nf400000TUZyL": "s751",
    "recordType": "0122S000000DLhf",
    "lead_source": "Web to Lead",
    "00N2S000007RuM4": "",
    "00N2S000007RuME": "",
    "00N2S000007RuMT": "",
    "00N2S000007RuMP": "",
    "oid": "00D3I0000008lXO"
}
2023-09-22T23:40:42+00:00 INFO actualiza usuario:
{
    "first_name": "PRUEBA VIERNES",
    "last_name": "VEINTIDOS DE SEPTIEMBRE",
    "email": "capu.sbpfg99@luhec.com",
    "company": "PRUEBA VIERNES VEINTIDOS DE SEPTIEMBRE",
    "00Nf400000TUbiN": "955441100",
    "00Nf400000TUZxw": "",
    "00N2S000006lwOz": "4",
    "00Nf400000TUZxq": "935100005",
    "00N2S000006lxYR": "",
    "00N2S000006lxYW": "",
    "country": "PE",
    "city": "Lima",
    "state": "LMA",
    "00Nf400000TUZxy": "f078",
    "00Nf400000TUZy9": "82",
    "00Nf400000TUZyL": "s751",
    "recordType": "0122S000000DLhf",
    "lead_source": "Web to Lead",
    "00N2S000007RuM4": "",
    "00N2S000007RuME": "",
    "00N2S000007RuMT": "",
    "00N2S000007RuMP": "",
    "oid": "00D3I0000008lXO"
}
2023-09-22T23:40:42+00:00 INFO actualiza usuario:
{
    "first_name": "PRUEBA VIERNES",
    "last_name": "VEINTIDOS DE SEPTIEMBRE",
    "email": "capu.sbpfg99@luhec.com",
    "company": "PRUEBA VIERNES VEINTIDOS DE SEPTIEMBRE",
    "00Nf400000TUbiN": "955441100",
    "00Nf400000TUZxw": "16\/03\/1923",
    "00N2S000006lwOz": "4",
    "00Nf400000TUZxq": "935100005",
    "00N2S000006lxYR": "Doctorado",
    "00N2S000006lxYW": "Jubilado(a)",
    "country": "PE",
    "city": "Lima",
    "state": "LMA",
    "00Nf400000TUZxy": "f078",
    "00Nf400000TUZy9": "82",
    "00Nf400000TUZyL": "s751",
    "recordType": "0122S000000DLhf",
    "lead_source": "Web to Lead",
    "00N2S000007RuM4": "Gesti\u00f3n del Talento",
    "00N2S000007RuME": "Contabilidad y Finanzas",
    "00N2S000007RuMT": "Innovaci\u00f3n y Transformaci\u00f3n digital",
    "00N2S000007RuMP": "Administraci\u00f3n",
    "oid": "00D3I0000008lXO"
}
