2023-10-26T14:22:43+00:00 INFO nuevo usuario:
{
    "first_name": "Cesar Aurelio",
    "last_name": "Alfaro Estela",
    "company": "Cesar Aurelio Alfaro Estela",
    "email": "calfaro@isil.pe",
    "00Nf400000TUbiN": "",
    "00N2S000007Bt0I": 1,
    "00Nf400000TUZxy": "f077",
    "00Nf400000TUZy9": "82",
    "00Nf400000TUZyL": "s751",
    "recordType": "0122S000000DLhf",
    "00N2S000007S7ro": "26\/10\/2023",
    "lead_source": "Web to Lead",
    "oid": "00D3I0000008lXO"
}
2023-10-26T15:36:38+00:00 INFO nuevo usuario:
{
    "first_name": "Cesar Aurelio",
    "last_name": "Alfaro Estela",
    "company": "Cesar Aurelio Alfaro Estela",
    "email": "calfaro@isil.pe",
    "00Nf400000TUbiN": "",
    "00N2S000007Bt0I": 1,
    "00Nf400000TUZxy": "f077",
    "00Nf400000TUZy9": "82",
    "00Nf400000TUZyL": "s751",
    "recordType": "0122S000000DLhf",
    "00N2S000007S7ro": "26\/10\/2023",
    "lead_source": "Web to Lead",
    "oid": "00D3I0000008lXO"
}
2023-10-26T15:57:55+00:00 INFO nuevo usuario:
{
    "first_name": "VIERNES DOS PRUEBA",
    "last_name": "VEINTE Y DOS DEL NUEVE",
    "company": "VIERNES DOS PRUEBA VEINTE Y DOS DEL NUEVE",
    "email": "biyiron882@apxby.com",
    "00Nf400000TUbiN": "968696501",
    "00N2S000007Bt0I": 1,
    "00Nf400000TUZxy": "f077",
    "00Nf400000TUZy9": "82",
    "00Nf400000TUZyL": "s751",
    "recordType": "0122S000000DLhf",
    "00N2S000007S7ro": "26\/10\/2023",
    "lead_source": "Web to Lead",
    "oid": "00D3I0000008lXO"
}
2023-10-26T17:29:49+00:00 INFO nuevo usuario:
{
    "first_name": "VIERNES DOS PRUEBA",
    "last_name": "VEINTE Y DOS DEL NUEVE",
    "company": "VIERNES DOS PRUEBA VEINTE Y DOS DEL NUEVE",
    "email": "biyiron882@apxby.com",
    "00Nf400000TUbiN": "968696501",
    "00N2S000007Bt0I": 1,
    "00Nf400000TUZxy": "f077",
    "00Nf400000TUZy9": "82",
    "00Nf400000TUZyL": "s751",
    "recordType": "0122S000000DLhf",
    "00N2S000007S7ro": "26\/10\/2023",
    "lead_source": "Web to Lead",
    "oid": "00D3I0000008lXO"
}
2023-10-26T20:37:51+00:00 INFO nuevo usuario:
{
    "first_name": "VIERNES DOS PRUEBA",
    "last_name": "VEINTE Y DOS DEL NUEVE",
    "company": "VIERNES DOS PRUEBA VEINTE Y DOS DEL NUEVE",
    "email": "biyiron882@apxby.com",
    "00Nf400000TUbiN": "968696501",
    "00N2S000007Bt0I": 1,
    "00Nf400000TUZxy": "f077",
    "00Nf400000TUZy9": "82",
    "00Nf400000TUZyL": "s751",
    "recordType": "0122S000000DLhf",
    "00N2S000007S7ro": "26\/10\/2023",
    "lead_source": "Web to Lead",
    "oid": "00D3I0000008lXO"
}
2023-10-26T21:24:27+00:00 INFO nuevo usuario:
{
    "first_name": "VIERNES DOS PRUEBA",
    "last_name": "VEINTE Y DOS DEL NUEVE",
    "company": "VIERNES DOS PRUEBA VEINTE Y DOS DEL NUEVE",
    "email": "biyiron882@apxby.com",
    "00Nf400000TUbiN": "968696501",
    "00N2S000007Bt0I": 1,
    "00Nf400000TUZxy": "f077",
    "00Nf400000TUZy9": "82",
    "00Nf400000TUZyL": "s751",
    "recordType": "0122S000000DLhf",
    "00N2S000007S7ro": "26\/10\/2023",
    "lead_source": "Web to Lead",
    "oid": "00D3I0000008lXO"
}
2023-10-26T21:57:30+00:00 INFO nuevo usuario:
{
    "first_name": "VIERNES DOS PRUEBA",
    "last_name": "VEINTE Y DOS DEL NUEVE",
    "company": "VIERNES DOS PRUEBA VEINTE Y DOS DEL NUEVE",
    "email": "biyiron882@apxby.com",
    "00Nf400000TUbiN": "968696501",
    "00N2S000007Bt0I": 1,
    "00Nf400000TUZxy": "f077",
    "00Nf400000TUZy9": "82",
    "00Nf400000TUZyL": "s751",
    "recordType": "0122S000000DLhf",
    "00N2S000007S7ro": "26\/10\/2023",
    "lead_source": "Web to Lead",
    "oid": "00D3I0000008lXO"
}
