2023-09-26T12:18:58+00:00 INFO URL: https://apitestenv.vnforapps.com/api.security/v1/security
2023-09-26T12:18:58+00:00 INFO Base64: : aW50ZWdyYWNpb25lc0BuaXViaXouY29tLnBlOl83ejNAOGZG
2023-09-26T12:18:59+00:00 INFO URL: https://apitestenv.vnforapps.com/api.ecommerce/v2/ecommerce/token/session/522591303
2023-09-26T12:18:59+00:00 INFO Request: {"amount":"250.00","antifraud":{"clientIp":"181.43.241.142","merchantDefineData":{"MDD21":"0","MDD4":"rojoca1485@xgh6.com","MDD32":"rojoca1485@xgh6.com"}},"channel":"web","recurrenceMaxAmount":null}
2023-09-26T12:18:59+00:00 INFO Response: {"sessionKey":"a4601ecd4452a4cb6d08677e3dfebe564da1d6beabdd323a1564674e1758be4e","expirationTime":1695731639258}
2023-09-26T12:20:16+00:00 INFO URL: https://apitestenv.vnforapps.com/api.authorization/v3/authorization/ecommerce/522591303
2023-09-26T12:20:16+00:00 INFO Request: {"antifraud":null,"captureType":"manual","channel":"web","countable":"true","order":{"amount":"250.00","currency":"PEN","purchaseNumber":1547,"tokenId":"85397519783244D2B97519783244D2F9","productId":"113"},"cardHolder":{"documentType":"0","documentNumber":"00001547"},"recurrence":{"type":"FIXEDINITIAL","frequency":"ANNUAL","beneficiaryId":"79879798","beneficiaryFirstName":"Francisco","beneficiaryLastName":"Aranguiz Romero","maxAmount":"250.00","amount":"250.00"}}
2023-09-26T12:20:16+00:00 INFO Response: {"errorCode":400,"errorMessage":"Operacion Denegada. Problemas de comunicacion. Intente mas tarde.","header":{"ecoreTransactionUUID":"96ab02cd-cb62-434c-b459-acc209e50841","ecoreTransactionDate":1695730816764,"millis":31677},"data":{"YAPE_ID":"","CURRENCY":"0604","TRANSACTION_DATE":"230926071945","ACTION_CODE":"666","TRACE_NUMBER":"925996","RECURRENCE_MAX_AMOUNT":"250.0","CARD_TYPE":"C","SIGNATURE":"96ab02cd-cb62-434c-b459-acc209e50841","BRAND":"visa","MERCHANT":"522591303","STATUS":"Not Voided","ACTION_DESCRIPTION":"Operacion Denegada. Problemas de comunicacion","AMOUNT":"250.0"}}
2023-09-26T12:57:40+00:00 INFO URL: https://apitestenv.vnforapps.com/api.security/v1/security
2023-09-26T12:57:40+00:00 INFO Base64: : aW50ZWdyYWNpb25lc0BuaXViaXouY29tLnBlOl83ejNAOGZG
2023-09-26T12:57:41+00:00 INFO URL: https://apitestenv.vnforapps.com/api.ecommerce/v2/ecommerce/token/session/522591303
2023-09-26T12:57:41+00:00 INFO Request: {"amount":"250.00","antifraud":{"clientIp":"181.43.241.142","merchantDefineData":{"MDD21":"0","MDD4":"rojoca1485@xgh6.com","MDD32":"rojoca1485@xgh6.com"}},"channel":"web","recurrenceMaxAmount":null}
2023-09-26T12:57:41+00:00 INFO Response: {"sessionKey":"86831b952042efdff309bf12d074d35a569b2ca149234b30288dc00e59c772e3","expirationTime":1695733960872}
2023-09-26T12:58:16+00:00 INFO URL: https://apitestenv.vnforapps.com/api.authorization/v3/authorization/ecommerce/522591303
2023-09-26T12:58:16+00:00 INFO Request: {"antifraud":null,"captureType":"manual","channel":"web","countable":"true","order":{"amount":"250.00","currency":"PEN","purchaseNumber":1547,"tokenId":"6657BEFB89F04CC297BEFB89F08CC21A","productId":"113"},"cardHolder":{"documentType":"0","documentNumber":"00001547"},"recurrence":{"type":"FIXEDINITIAL","frequency":"ANNUAL","beneficiaryId":"79879798","beneficiaryFirstName":"Francisco","beneficiaryLastName":"Aranguiz Romero","maxAmount":"250.00","amount":"250.00"}}
2023-09-26T12:58:16+00:00 INFO Response: {"errorCode":400,"errorMessage":"Operacion Denegada. Problemas de comunicacion. Intente mas tarde.","header":{"ecoreTransactionUUID":"f7de071f-5ff1-4392-baf9-52b1f86ad223","ecoreTransactionDate":1695733096882,"millis":1182},"data":{"YAPE_ID":"","CURRENCY":"0604","TRANSACTION_DATE":"230926075816","ACTION_CODE":"666","TRACE_NUMBER":"926064","RECURRENCE_MAX_AMOUNT":"250.0","CARD_TYPE":"C","SIGNATURE":"f7de071f-5ff1-4392-baf9-52b1f86ad223","BRAND":"visa","MERCHANT":"522591303","STATUS":"Not Voided","ACTION_DESCRIPTION":"Operacion Denegada. Problemas de comunicacion","AMOUNT":"250.0"}}
2023-09-26T16:03:05+00:00 INFO URL: https://apitestenv.vnforapps.com/api.security/v1/security
2023-09-26T16:03:05+00:00 INFO Base64: : aW50ZWdyYWNpb25lc0BuaXViaXouY29tLnBlOl83ejNAOGZG
2023-09-26T16:03:05+00:00 INFO URL: https://apitestenv.vnforapps.com/api.ecommerce/v2/ecommerce/token/session/522591303
2023-09-26T16:03:05+00:00 INFO Request: {"amount":"86.00","antifraud":{"clientIp":"181.160.145.149","merchantDefineData":{"MDD21":"0","MDD4":"vicente.valdes@radar.cl","MDD32":"vicente.valdes@radar.cl"}},"channel":"web","recurrenceMaxAmount":null}
2023-09-26T16:03:05+00:00 INFO Response: {"sessionKey":"9e483e1d5660e82bfc43f6f0a7a0ba083a856e449be8e6837a47cccf38a0251c","expirationTime":1695745085663}
2023-09-26T21:46:27+00:00 INFO URL: https://apitestenv.vnforapps.com/api.posservices/api/v1/service/recurrence.deaffiliateProduct/
2023-09-26T21:46:27+00:00 INFO Request: {"terminalId":"00000001","merchantId":"522591303","merchantName":"Isilgo","dateTime":"230926214624","currencyId":604,"channelId":6,"amount":0,"dataMap":{"merchantId":"522591303","productCode":"105","channelId":6,"beneficiaryId":"155637129"}}
2023-09-26T21:46:27+00:00 INFO Response: {"header":"","merchantId":"522591303","traceNumber":null,"operationType":null,"dateTime":"230926214624","amount":"000000000000","currencyId":"604","status":"200","data":null,"dataMap":{"messageResponse":{"header":{"status":{"busResponseType":"0","busResponseCode":"000","busResponseMessage":"Exito","busResponseMsgId":"42524b4553424130245c9afa5cb611eeab8dac110be60000","srvResponseCode":"000","srvResponseMessage":"Registro de desafiliacion con exito"}},"body":{"comercioRegistrarDesafiliacionResponse":{"idBeneficiario":"155637129","nomBeneficiario":"CRISTIÁN","apePatBeneficiario":"FRENKEL","codProducto":"105","nomProducto":"BOOST","nomTarHabiente":"CRISTIÁN","apePatTarHabiente":"FRENKEL"}}}}}
2023-09-26T21:50:37+00:00 INFO URL: https://apitestenv.vnforapps.com/api.security/v1/security
2023-09-26T21:50:37+00:00 INFO Base64: : aW50ZWdyYWNpb25lc0BuaXViaXouY29tLnBlOl83ejNAOGZG
2023-09-26T21:50:38+00:00 INFO URL: https://apitestenv.vnforapps.com/api.ecommerce/v2/ecommerce/token/session/522591303
2023-09-26T21:50:38+00:00 INFO Request: {"amount":"300.00","antifraud":{"clientIp":"190.161.16.247","merchantDefineData":{"MDD21":"0","MDD4":"cristian.frenkel@radar.cl","MDD32":"cristian.frenkel@radar.cl"}},"channel":"web","recurrenceMaxAmount":null}
2023-09-26T21:50:38+00:00 INFO Response: {"sessionKey":"218034a77c650e41ac376fff4036e196b5209059b3d93eabae7f049535a04ea5","expirationTime":1695765937989}
2023-09-26T21:51:36+00:00 INFO URL: https://apitestenv.vnforapps.com/api.authorization/v3/authorization/ecommerce/522591303
2023-09-26T21:51:36+00:00 INFO Request: {"antifraud":null,"captureType":"manual","channel":"web","countable":"true","order":{"amount":"300.00","currency":"PEN","purchaseNumber":1589,"tokenId":"481402D14AF74D8B9402D14AF79D8B7F","productId":"113"},"cardHolder":{"documentType":"0","documentNumber":"00001589"},"recurrence":{"type":"FIXEDINITIAL","frequency":"ANNUAL","beneficiaryId":"155637129","beneficiaryFirstName":"Cristi\u00e1n","beneficiaryLastName":"Frenkel","maxAmount":"300.00","amount":"300.00"}}
2023-09-26T21:51:36+00:00 INFO Response: {"errorCode":400,"errorMessage":"Operacion Denegada. Problemas de comunicacion. Intente mas tarde.","header":{"ecoreTransactionUUID":"6a542fb6-5eb4-4bd4-af82-01f0c091225a","ecoreTransactionDate":1695765096803,"millis":1135},"data":{"YAPE_ID":"","CURRENCY":"0604","TRANSACTION_DATE":"230926165136","ACTION_CODE":"666","TRACE_NUMBER":"927059","RECURRENCE_MAX_AMOUNT":"300.0","CARD_TYPE":"C","SIGNATURE":"6a542fb6-5eb4-4bd4-af82-01f0c091225a","BRAND":"visa","MERCHANT":"522591303","STATUS":"Not Voided","ACTION_DESCRIPTION":"Operacion Denegada. Problemas de comunicacion","AMOUNT":"300.0"}}
