2023-10-05T11:04:03+00:00 INFO nuevo usuario:
{
    "first_name": "RODOLFO",
    "last_name": "ARANGUIZ",
    "company": "RODOLFO ARANGUIZ",
    "email": "rodolfo.aranguiz@radar.cl",
    "00Nf400000TUbiN": "56963496774",
    "00N2S000007Bt0I": 1,
    "00Nf400000TUZxy": "f077",
    "00Nf400000TUZy9": "82",
    "00Nf400000TUZyL": "s751",
    "recordType": "0122S000000DLhf",
    "00N2S000007S7ro": "05\/10\/2023",
    "lead_source": "Web to Lead",
    "oid": "00D3I0000008lXO"
}
2023-10-05T11:17:39+00:00 INFO actualiza usuario:
{
    "first_name": "Rodolfo",
    "last_name": "Aranguiz",
    "email": "rodolfo.aranguiz@radar.cl",
    "company": "",
    "00Nf400000TUbiN": "56963496774",
    "00Nf400000TUZxw": "",
    "00N2S000006lwOz": "1",
    "00Nf400000TUZxq": "17244050",
    "00N2S000006lxYR": "",
    "00N2S000006lxYW": "",
    "country": "CL",
    "city": "PUENTE ALTO",
    "state": "CL-RM",
    "00Nf400000TUZxy": "f078",
    "00Nf400000TUZy9": "82",
    "00Nf400000TUZyL": "s751",
    "recordType": "0122S000000DLhf",
    "lead_source": "Web to Lead",
    "00N2S000007RuM4": "",
    "00N2S000007RuME": "",
    "00N2S000007RuMT": "",
    "00N2S000007RuMP": "",
    "oid": "00D3I0000008lXO"
}
2023-10-05T11:18:22+00:00 INFO actualiza usuario:
{
    "first_name": "Rodolfo",
    "last_name": "Aranguiz",
    "email": "rodolfo.aranguiz@radar.cl",
    "company": "",
    "00Nf400000TUbiN": "56963496774",
    "00Nf400000TUZxw": "",
    "00N2S000006lwOz": "1",
    "00Nf400000TUZxq": "17244050",
    "00N2S000006lxYR": "",
    "00N2S000006lxYW": "",
    "country": "CL",
    "city": "PUENTE ALTO",
    "state": "CL-RM",
    "00Nf400000TUZxy": "f078",
    "00Nf400000TUZy9": "82",
    "00Nf400000TUZyL": "s751",
    "recordType": "0122S000000DLhf",
    "lead_source": "Web to Lead",
    "00N2S000007RuM4": "",
    "00N2S000007RuME": "",
    "00N2S000007RuMT": "",
    "00N2S000007RuMP": "",
    "oid": "00D3I0000008lXO"
}
2023-10-05T11:52:19+00:00 INFO nuevo usuario:
{
    "first_name": "RODOLFO",
    "last_name": "ARANGUIZ",
    "company": "RODOLFO ARANGUIZ",
    "email": "shinyi_01@hotmail.com",
    "00Nf400000TUbiN": "63496774",
    "00N2S000007Bt0I": 1,
    "00Nf400000TUZxy": "f077",
    "00Nf400000TUZy9": "82",
    "00Nf400000TUZyL": "s751",
    "recordType": "0122S000000DLhf",
    "00N2S000007S7ro": "05\/10\/2023",
    "lead_source": "Web to Lead",
    "oid": "00D3I0000008lXO"
}
2023-10-05T12:22:58+00:00 INFO nuevo usuario:
{
    "first_name": "RODOLFO",
    "last_name": "ARANGUIZ",
    "company": "RODOLFO ARANGUIZ",
    "email": "shinyi_01@hotmail.com",
    "00Nf400000TUbiN": "63496774",
    "00N2S000007Bt0I": 1,
    "00Nf400000TUZxy": "f077",
    "00Nf400000TUZy9": "82",
    "00Nf400000TUZyL": "s751",
    "recordType": "0122S000000DLhf",
    "00N2S000007S7ro": "05\/10\/2023",
    "lead_source": "Web to Lead",
    "oid": "00D3I0000008lXO"
}
2023-10-05T12:48:55+00:00 INFO nuevo usuario:
{
    "first_name": "rodolfo",
    "last_name": "aranguiz",
    "company": "rodolfo aranguiz",
    "email": "rodolfoap260@gmail.com",
    "00Nf400000TUbiN": "963496774",
    "00N2S000007Bt0I": 1,
    "00Nf400000TUZxy": "f077",
    "00Nf400000TUZy9": "82",
    "00Nf400000TUZyL": "s751",
    "recordType": "0122S000000DLhf",
    "00N2S000007S7ro": "05\/10\/2023",
    "lead_source": "Web to Lead",
    "oid": "00D3I0000008lXO"
}
2023-10-05T12:50:34+00:00 INFO actualiza usuario:
{
    "first_name": "Rodolfo",
    "last_name": "Aranguiz",
    "email": "rodolfoap260@gmail.com",
    "company": "",
    "00Nf400000TUbiN": "963496774",
    "00Nf400000TUZxw": "",
    "00N2S000006lwOz": "1",
    "00Nf400000TUZxq": "17244050",
    "00N2S000006lxYR": "",
    "00N2S000006lxYW": "",
    "country": "PE",
    "city": "puebla",
    "state": "AMA",
    "00Nf400000TUZxy": "f078",
    "00Nf400000TUZy9": "82",
    "00Nf400000TUZyL": "s751",
    "recordType": "0122S000000DLhf",
    "lead_source": "Web to Lead",
    "00N2S000007RuM4": "",
    "00N2S000007RuME": "",
    "00N2S000007RuMT": "",
    "00N2S000007RuMP": "",
    "oid": "00D3I0000008lXO"
}
2023-10-05T14:59:43+00:00 INFO nuevo usuario:
{
    "first_name": "LUNES DOS",
    "last_name": "VEINTICINCO DE SEPTIEMBRE",
    "company": "LUNES DOS VEINTICINCO DE SEPTIEMBRE",
    "email": "vesip92563@bnovel.com",
    "00Nf400000TUbiN": "968696502",
    "00N2S000007Bt0I": 1,
    "00Nf400000TUZxy": "f077",
    "00Nf400000TUZy9": "82",
    "00Nf400000TUZyL": "s751",
    "recordType": "0122S000000DLhf",
    "00N2S000007S7ro": "05\/10\/2023",
    "lead_source": "Web to Lead",
    "oid": "00D3I0000008lXO"
}
2023-10-05T21:46:48+00:00 INFO nuevo usuario:
{
    "first_name": "Cesar Aurelio",
    "last_name": "Alfaro Estela",
    "company": "Cesar Aurelio Alfaro Estela",
    "email": "calfaro@isil.pe",
    "00Nf400000TUbiN": "",
    "00N2S000007Bt0I": 1,
    "00Nf400000TUZxy": "f077",
    "00Nf400000TUZy9": "82",
    "00Nf400000TUZyL": "s751",
    "recordType": "0122S000000DLhf",
    "00N2S000007S7ro": "05\/10\/2023",
    "lead_source": "Web to Lead",
    "oid": "00D3I0000008lXO"
}
