2023-11-10T13:51:28+00:00 INFO nuevo usuario:
{
    "first_name": "Cesar Aurelio",
    "last_name": "Alfaro Estela",
    "company": "Cesar Aurelio Alfaro Estela",
    "email": "calfaro@isil.pe",
    "00Nf400000TUbiN": "",
    "00N2S000007Bt0I": 1,
    "00Nf400000TUZxy": "f077",
    "00Nf400000TUZy9": "82",
    "00Nf400000TUZyL": "s751",
    "recordType": "0122S000000DLhf",
    "00N2S000007S7ro": "10\/11\/2023",
    "lead_source": "Web to Lead",
    "oid": "00D3I0000008lXO"
}
2023-11-10T15:07:43+00:00 INFO nuevo usuario:
{
    "first_name": "Eduardo Wilfredo",
    "last_name": "Palomino Gilian",
    "company": "Eduardo Wilfredo Palomino Gilian",
    "email": "epalomino@isil.pe",
    "00Nf400000TUbiN": "",
    "00N2S000007Bt0I": 1,
    "00Nf400000TUZxy": "f077",
    "00Nf400000TUZy9": "82",
    "00Nf400000TUZyL": "s751",
    "recordType": "0122S000000DLhf",
    "00N2S000007S7ro": "10\/11\/2023",
    "lead_source": "Web to Lead",
    "oid": "00D3I0000008lXO"
}
2023-11-10T15:31:47+00:00 INFO nuevo usuario:
{
    "first_name": "VIERNES DOS PRUEBAa",
    "last_name": "veintidos DEL NUEVE",
    "company": "VIERNES DOS PRUEBAa veintidos DEL NUEVE",
    "email": "biyiron882@apxby.com",
    "00Nf400000TUbiN": "968696501",
    "00N2S000007Bt0I": 1,
    "00Nf400000TUZxy": "f077",
    "00Nf400000TUZy9": "82",
    "00Nf400000TUZyL": "s751",
    "recordType": "0122S000000DLhf",
    "00N2S000007S7ro": "10\/11\/2023",
    "lead_source": "Web to Lead",
    "oid": "00D3I0000008lXO"
}
2023-11-10T15:34:03+00:00 INFO nuevo usuario:
{
    "first_name": "VIERNES DOS PRUEBAa",
    "last_name": "veintidos DEL NUEVE",
    "company": "VIERNES DOS PRUEBAa veintidos DEL NUEVE",
    "email": "biyiron882@apxby.com",
    "00Nf400000TUbiN": "968696501",
    "00N2S000007Bt0I": 1,
    "00Nf400000TUZxy": "f077",
    "00Nf400000TUZy9": "82",
    "00Nf400000TUZyL": "s751",
    "recordType": "0122S000000DLhf",
    "00N2S000007S7ro": "10\/11\/2023",
    "lead_source": "Web to Lead",
    "oid": "00D3I0000008lXO"
}
2023-11-10T15:34:33+00:00 INFO nuevo usuario:
{
    "first_name": "LUNES DOS",
    "last_name": "VEINTICINCO DE SEPTIEMBRE",
    "company": "LUNES DOS VEINTICINCO DE SEPTIEMBRE",
    "email": "vesip92563@bnovel.com",
    "00Nf400000TUbiN": "968696502",
    "00N2S000007Bt0I": 1,
    "00Nf400000TUZxy": "f077",
    "00Nf400000TUZy9": "82",
    "00Nf400000TUZyL": "s751",
    "recordType": "0122S000000DLhf",
    "00N2S000007S7ro": "10\/11\/2023",
    "lead_source": "Web to Lead",
    "oid": "00D3I0000008lXO"
}
2023-11-10T15:37:04+00:00 INFO nuevo usuario:
{
    "first_name": "LUNES DOS",
    "last_name": "VEINTICINCO DE SEPTIEMBRE",
    "company": "LUNES DOS VEINTICINCO DE SEPTIEMBRE",
    "email": "vesip92563@bnovel.com",
    "00Nf400000TUbiN": "968696502",
    "00N2S000007Bt0I": 1,
    "00Nf400000TUZxy": "f077",
    "00Nf400000TUZy9": "82",
    "00Nf400000TUZyL": "s751",
    "recordType": "0122S000000DLhf",
    "00N2S000007S7ro": "10\/11\/2023",
    "lead_source": "Web to Lead",
    "oid": "00D3I0000008lXO"
}
2023-11-10T16:41:51+00:00 INFO nuevo usuario:
{
    "first_name": "KATIA ELIZABETH",
    "last_name": "GARVICH SAN MARTIN",
    "company": "KATIA ELIZABETH GARVICH SAN MARTIN",
    "email": "katyae16@hotmail.com",
    "00Nf400000TUbiN": "",
    "00N2S000007Bt0I": 1,
    "00Nf400000TUZxy": "f077",
    "00Nf400000TUZy9": "82",
    "00Nf400000TUZyL": "s751",
    "recordType": "0122S000000DLhf",
    "00N2S000007S7ro": "10\/11\/2023",
    "lead_source": "Web to Lead",
    "oid": "00D3I0000008lXO"
}
2023-11-10T16:54:49+00:00 INFO nuevo usuario:
{
    "first_name": "TIPRUEBA",
    "last_name": "TI20",
    "company": "TIPRUEBA TI20",
    "email": "tiprueba20@gmail.com",
    "00Nf400000TUbiN": "989338407",
    "00N2S000007Bt0I": 1,
    "00Nf400000TUZxy": "f077",
    "00Nf400000TUZy9": "82",
    "00Nf400000TUZyL": "s751",
    "recordType": "0122S000000DLhf",
    "00N2S000007S7ro": "10\/11\/2023",
    "lead_source": "Web to Lead",
    "oid": "00D3I0000008lXO"
}
2023-11-10T18:20:03+00:00 INFO nuevo usuario:
{
    "first_name": "KATIA ELIZABETH",
    "last_name": "GARVICH SAN MARTIN",
    "company": "KATIA ELIZABETH GARVICH SAN MARTIN",
    "email": "katyae16@hotmail.com",
    "00Nf400000TUbiN": "",
    "00N2S000007Bt0I": 1,
    "00Nf400000TUZxy": "f077",
    "00Nf400000TUZy9": "82",
    "00Nf400000TUZyL": "s751",
    "recordType": "0122S000000DLhf",
    "00N2S000007S7ro": "10\/11\/2023",
    "lead_source": "Web to Lead",
    "oid": "00D3I0000008lXO"
}
2023-11-10T19:06:13+00:00 INFO nuevo usuario:
{
    "first_name": "TIPRUEBA",
    "last_name": "TI20",
    "company": "TIPRUEBA TI20",
    "email": "tiprueba20@gmail.com",
    "00Nf400000TUbiN": "989338407",
    "00N2S000007Bt0I": 1,
    "00Nf400000TUZxy": "f077",
    "00Nf400000TUZy9": "82",
    "00Nf400000TUZyL": "s751",
    "recordType": "0122S000000DLhf",
    "00N2S000007S7ro": "10\/11\/2023",
    "lead_source": "Web to Lead",
    "oid": "00D3I0000008lXO"
}
2023-11-10T19:44:30+00:00 INFO nuevo usuario:
{
    "first_name": "KATIA ELIZABETH",
    "last_name": "GARVICH SAN MARTIN",
    "company": "KATIA ELIZABETH GARVICH SAN MARTIN",
    "email": "katyae16@hotmail.com",
    "00Nf400000TUbiN": "",
    "00N2S000007Bt0I": 1,
    "00Nf400000TUZxy": "f077",
    "00Nf400000TUZy9": "82",
    "00Nf400000TUZyL": "s751",
    "recordType": "0122S000000DLhf",
    "00N2S000007S7ro": "10\/11\/2023",
    "lead_source": "Web to Lead",
    "oid": "00D3I0000008lXO"
}
2023-11-10T20:01:35+00:00 INFO nuevo usuario:
{
    "first_name": "LUNES DOS",
    "last_name": "VEINTICINCO DE SEPTIEMBRE",
    "company": "LUNES DOS VEINTICINCO DE SEPTIEMBRE",
    "email": "vesip92563@bnovel.com",
    "00Nf400000TUbiN": "968696502",
    "00N2S000007Bt0I": 1,
    "00Nf400000TUZxy": "f077",
    "00Nf400000TUZy9": "82",
    "00Nf400000TUZyL": "s751",
    "recordType": "0122S000000DLhf",
    "00N2S000007S7ro": "10\/11\/2023",
    "lead_source": "Web to Lead",
    "oid": "00D3I0000008lXO"
}
2023-11-10T20:19:24+00:00 INFO nuevo usuario:
{
    "first_name": "TIPRUEBA",
    "last_name": "TI20",
    "company": "TIPRUEBA TI20",
    "email": "tiprueba20@gmail.com",
    "00Nf400000TUbiN": "989338407",
    "00N2S000007Bt0I": 1,
    "00Nf400000TUZxy": "f077",
    "00Nf400000TUZy9": "82",
    "00Nf400000TUZyL": "s751",
    "recordType": "0122S000000DLhf",
    "00N2S000007S7ro": "10\/11\/2023",
    "lead_source": "Web to Lead",
    "oid": "00D3I0000008lXO"
}
2023-11-10T20:53:36+00:00 INFO nuevo usuario:
{
    "first_name": "LUNES DOS",
    "last_name": "VEINTICINCO DE SEPTIEMBRE",
    "company": "LUNES DOS VEINTICINCO DE SEPTIEMBRE",
    "email": "vesip92563@bnovel.com",
    "00Nf400000TUbiN": "968696502",
    "00N2S000007Bt0I": 1,
    "00Nf400000TUZxy": "f077",
    "00Nf400000TUZy9": "82",
    "00Nf400000TUZyL": "s751",
    "recordType": "0122S000000DLhf",
    "00N2S000007S7ro": "10\/11\/2023",
    "lead_source": "Web to Lead",
    "oid": "00D3I0000008lXO"
}
2023-11-10T23:17:43+00:00 INFO actualiza usuario:
{
    "first_name": "Lunes dos",
    "last_name": "veinticinco de septiembre",
    "email": "vesip92563@bnovel.com",
    "company": "",
    "00Nf400000TUbiN": "968696502",
    "00Nf400000TUZxw": "",
    "00N2S000006lwOz": "1",
    "00Nf400000TUZxq": "12568946",
    "00N2S000006lxYR": "",
    "00N2S000006lxYW": "",
    "country": "PE",
    "city": "chiclayo",
    "state": "LAM",
    "00Nf400000TUZxy": "f078",
    "00Nf400000TUZy9": "82",
    "00Nf400000TUZyL": "s751",
    "recordType": "0122S000000DLhf",
    "lead_source": "Web to Lead",
    "00N2S000007RuM4": "",
    "00N2S000007RuME": "",
    "00N2S000007RuMT": "",
    "00N2S000007RuMP": "",
    "oid": "00D3I0000008lXO"
}
2023-11-10T23:17:43+00:00 INFO actualiza usuario:
{
    "first_name": "LUNES DOS",
    "last_name": "VEINTICINCO DE SEPTIEMBRE",
    "email": "vesip92563@bnovel.com",
    "company": "LUNES DOS VEINTICINCO DE SEPTIEMBRE",
    "00Nf400000TUbiN": "968696502",
    "00Nf400000TUZxw": "",
    "00N2S000006lwOz": "1",
    "00Nf400000TUZxq": "12568946",
    "00N2S000006lxYR": "",
    "00N2S000006lxYW": "",
    "country": "PE",
    "city": "chiclayo",
    "state": "LAM",
    "00Nf400000TUZxy": "f078",
    "00Nf400000TUZy9": "82",
    "00Nf400000TUZyL": "s751",
    "recordType": "0122S000000DLhf",
    "lead_source": "Web to Lead",
    "00N2S000007RuM4": "",
    "00N2S000007RuME": "",
    "00N2S000007RuMT": "",
    "00N2S000007RuMP": "",
    "oid": "00D3I0000008lXO"
}
2023-11-10T23:17:43+00:00 INFO actualiza usuario:
{
    "first_name": "LUNES DOS",
    "last_name": "VEINTICINCO DE SEPTIEMBRE",
    "email": "vesip92563@bnovel.com",
    "company": "",
    "00Nf400000TUbiN": "968696502",
    "00Nf400000TUZxw": "20\/02\/1994",
    "00N2S000006lwOz": "1",
    "00Nf400000TUZxq": "12568946",
    "00N2S000006lxYR": "Universitario completo",
    "00N2S000006lxYW": "Trabajo dependiente",
    "country": "PE",
    "city": "chiclayo",
    "state": "LAM",
    "00Nf400000TUZxy": "f078",
    "00Nf400000TUZy9": "82",
    "00Nf400000TUZyL": "s751",
    "recordType": "0122S000000DLhf",
    "lead_source": "Web to Lead",
    "00N2S000007RuM4": "Innovaci\u00f3n y Transformaci\u00f3n digital",
    "00N2S000007RuME": "Marketing Digital",
    "00N2S000007RuMT": "Tecnolog\u00eda",
    "00N2S000007RuMP": "Microsoft Office",
    "oid": "00D3I0000008lXO"
}
2023-11-10T23:19:31+00:00 INFO actualiza usuario:
{
    "first_name": "LUNES DOS",
    "last_name": "VEINTICINCO DE SEPTIEMBRE",
    "email": "vesip92563@bnovel.com",
    "company": "LUNES DOS VEINTICINCO DE SEPTIEMBRE",
    "00Nf400000TUbiN": "968696502",
    "00Nf400000TUZxw": "",
    "00N2S000006lwOz": "1",
    "00Nf400000TUZxq": "12568946",
    "00N2S000006lxYR": "",
    "00N2S000006lxYW": "",
    "country": "PE",
    "city": "chiclayo",
    "state": "LAM",
    "00Nf400000TUZxy": "f078",
    "00Nf400000TUZy9": "82",
    "00Nf400000TUZyL": "s751",
    "recordType": "0122S000000DLhf",
    "lead_source": "Web to Lead",
    "00N2S000007RuM4": "",
    "00N2S000007RuME": "",
    "00N2S000007RuMT": "",
    "00N2S000007RuMP": "",
    "oid": "00D3I0000008lXO"
}
2023-11-10T23:19:31+00:00 INFO actualiza usuario:
{
    "first_name": "LUNES DOS",
    "last_name": "VEINTICINCO DE SEPTIEMBRE",
    "email": "vesip92563@bnovel.com",
    "company": "LUNES DOS VEINTICINCO DE SEPTIEMBRE",
    "00Nf400000TUbiN": "968696502",
    "00Nf400000TUZxw": "",
    "00N2S000006lwOz": "1",
    "00Nf400000TUZxq": "12568946",
    "00N2S000006lxYR": "",
    "00N2S000006lxYW": "",
    "country": "PE",
    "city": "chiclayo",
    "state": "LAM",
    "00Nf400000TUZxy": "f078",
    "00Nf400000TUZy9": "82",
    "00Nf400000TUZyL": "s751",
    "recordType": "0122S000000DLhf",
    "lead_source": "Web to Lead",
    "00N2S000007RuM4": "",
    "00N2S000007RuME": "",
    "00N2S000007RuMT": "",
    "00N2S000007RuMP": "",
    "oid": "00D3I0000008lXO"
}
2023-11-10T23:19:31+00:00 INFO actualiza usuario:
{
    "first_name": "LUNES DOS",
    "last_name": "VEINTICINCO DE SEPTIEMBRE",
    "email": "vesip92563@bnovel.com",
    "company": "LUNES DOS VEINTICINCO DE SEPTIEMBRE",
    "00Nf400000TUbiN": "968696502",
    "00Nf400000TUZxw": "20\/02\/1994",
    "00N2S000006lwOz": "1",
    "00Nf400000TUZxq": "12568946",
    "00N2S000006lxYR": "Universitario completo",
    "00N2S000006lxYW": "Trabajo dependiente",
    "country": "PE",
    "city": "chiclayo",
    "state": "LAM",
    "00Nf400000TUZxy": "f078",
    "00Nf400000TUZy9": "82",
    "00Nf400000TUZyL": "s751",
    "recordType": "0122S000000DLhf",
    "lead_source": "Web to Lead",
    "00N2S000007RuM4": "Innovaci\u00f3n y Transformaci\u00f3n digital",
    "00N2S000007RuME": "Marketing Digital",
    "00N2S000007RuMT": "Tecnolog\u00eda",
    "00N2S000007RuMP": "Microsoft Office",
    "oid": "00D3I0000008lXO"
}
