2023-10-16T13:54:15+00:00 INFO nuevo usuario:
{
    "first_name": "KATYA",
    "last_name": "TEST TESITO",
    "company": "KATYA TEST TESITO",
    "email": "xepixi4072@chambile.com",
    "00Nf400000TUbiN": "989338402",
    "00N2S000007Bt0I": 1,
    "00Nf400000TUZxy": "f077",
    "00Nf400000TUZy9": "82",
    "00Nf400000TUZyL": "s751",
    "recordType": "0122S000000DLhf",
    "00N2S000007S7ro": "16\/10\/2023",
    "lead_source": "Web to Lead",
    "oid": "00D3I0000008lXO"
}
2023-10-16T14:28:34+00:00 INFO nuevo usuario:
{
    "first_name": "Cesar Aurelio",
    "last_name": "Alfaro Estela",
    "company": "Cesar Aurelio Alfaro Estela",
    "email": "calfaro@isil.pe",
    "00Nf400000TUbiN": "",
    "00N2S000007Bt0I": 1,
    "00Nf400000TUZxy": "f077",
    "00Nf400000TUZy9": "82",
    "00Nf400000TUZyL": "s751",
    "recordType": "0122S000000DLhf",
    "00N2S000007S7ro": "16\/10\/2023",
    "lead_source": "Web to Lead",
    "oid": "00D3I0000008lXO"
}
2023-10-16T14:32:24+00:00 INFO nuevo usuario:
{
    "first_name": "VIERNES",
    "last_name": "TRECE DE OCTUBRE",
    "company": "VIERNES TRECE DE OCTUBRE",
    "email": "fideyi7503@ibtrades.com",
    "00Nf400000TUbiN": "968696503",
    "00N2S000007Bt0I": 1,
    "00Nf400000TUZxy": "f077",
    "00Nf400000TUZy9": "82",
    "00Nf400000TUZyL": "s751",
    "recordType": "0122S000000DLhf",
    "00N2S000007S7ro": "16\/10\/2023",
    "lead_source": "Web to Lead",
    "oid": "00D3I0000008lXO"
}
2023-10-16T14:51:57+00:00 INFO nuevo usuario:
{
    "first_name": "Joseph J.",
    "last_name": "Jimenez. Sanchez",
    "company": "Joseph J. Jimenez. Sanchez",
    "email": "jjimenez@isil.pe",
    "00Nf400000TUbiN": "",
    "00N2S000007Bt0I": 1,
    "00Nf400000TUZxy": "f077",
    "00Nf400000TUZy9": "82",
    "00Nf400000TUZyL": "s751",
    "recordType": "0122S000000DLhf",
    "00N2S000007S7ro": "16\/10\/2023",
    "lead_source": "Web to Lead",
    "oid": "00D3I0000008lXO"
}
2023-10-16T14:56:44+00:00 INFO nuevo usuario:
{
    "first_name": "Joseph Jesus",
    "last_name": "Jimenez Sanchez",
    "company": "Joseph Jesus Jimenez Sanchez",
    "email": "jjjs0420@gmail.com",
    "00Nf400000TUbiN": "",
    "00N2S000007Bt0I": 1,
    "00Nf400000TUZxy": "f077",
    "00Nf400000TUZy9": "82",
    "00Nf400000TUZyL": "s751",
    "recordType": "0122S000000DLhf",
    "00N2S000007S7ro": "16\/10\/2023",
    "lead_source": "Web to Lead",
    "oid": "00D3I0000008lXO"
}
2023-10-16T15:10:53+00:00 INFO actualiza usuario:
{
    "first_name": "VIERNESS",
    "last_name": "TRECE DE OCTUBRES",
    "email": "",
    "company": "",
    "00Nf400000TUbiN": "968696503",
    "00Nf400000TUZxw": "",
    "00N2S000006lwOz": null,
    "00Nf400000TUZxq": "",
    "00N2S000006lxYR": "",
    "00N2S000006lxYW": "",
    "country": "",
    "city": "",
    "state": "",
    "00Nf400000TUZxy": "f078",
    "00Nf400000TUZy9": "82",
    "00Nf400000TUZyL": "s751",
    "recordType": "0122S000000DLhf",
    "lead_source": "Web to Lead",
    "00N2S000007RuM4": "",
    "00N2S000007RuME": "",
    "00N2S000007RuMT": "",
    "00N2S000007RuMP": "",
    "oid": "00D3I0000008lXO"
}
2023-10-16T15:10:53+00:00 INFO actualiza usuario:
{
    "first_name": "VIERNESS",
    "last_name": "TRECE DE OCTUBRES",
    "email": "",
    "company": "VIERNES TRECE DE OCTUBRE",
    "00Nf400000TUbiN": "968696503",
    "00Nf400000TUZxw": "",
    "00N2S000006lwOz": null,
    "00Nf400000TUZxq": "",
    "00N2S000006lxYR": "",
    "00N2S000006lxYW": "",
    "country": "",
    "city": "",
    "state": "",
    "00Nf400000TUZxy": "f078",
    "00Nf400000TUZy9": "82",
    "00Nf400000TUZyL": "s751",
    "recordType": "0122S000000DLhf",
    "lead_source": "Web to Lead",
    "00N2S000007RuM4": "",
    "00N2S000007RuME": "",
    "00N2S000007RuMT": "",
    "00N2S000007RuMP": "",
    "oid": "00D3I0000008lXO"
}
2023-10-16T15:10:53+00:00 INFO actualiza usuario:
{
    "first_name": "VIERNESS",
    "last_name": "TRECE DE OCTUBRES",
    "email": "fideyi7503@ibtrades.com",
    "company": "",
    "00Nf400000TUbiN": "968696503",
    "00Nf400000TUZxw": "21\/02\/1994",
    "00N2S000006lwOz": null,
    "00Nf400000TUZxq": "",
    "00N2S000006lxYR": "Universitario completo",
    "00N2S000006lxYW": "Trabajo independiente",
    "country": "",
    "city": "",
    "state": "",
    "00Nf400000TUZxy": "f078",
    "00Nf400000TUZy9": "82",
    "00Nf400000TUZyL": "s751",
    "recordType": "0122S000000DLhf",
    "lead_source": "Web to Lead",
    "00N2S000007RuM4": "Innovaci\u00f3n y Transformaci\u00f3n digital",
    "00N2S000007RuME": "Tecnolog\u00eda",
    "00N2S000007RuMT": "Marketing Digital",
    "00N2S000007RuMP": "Publicidad",
    "oid": "00D3I0000008lXO"
}
2023-10-16T15:11:41+00:00 INFO actualiza usuario:
{
    "first_name": "VIERNES",
    "last_name": "TRECE DE OCTUBRE",
    "email": "",
    "company": "VIERNES TRECE DE OCTUBRE",
    "00Nf400000TUbiN": "968696503",
    "00Nf400000TUZxw": "",
    "00N2S000006lwOz": null,
    "00Nf400000TUZxq": "",
    "00N2S000006lxYR": "",
    "00N2S000006lxYW": "",
    "country": "",
    "city": "",
    "state": "",
    "00Nf400000TUZxy": "f078",
    "00Nf400000TUZy9": "82",
    "00Nf400000TUZyL": "s751",
    "recordType": "0122S000000DLhf",
    "lead_source": "Web to Lead",
    "00N2S000007RuM4": "",
    "00N2S000007RuME": "",
    "00N2S000007RuMT": "",
    "00N2S000007RuMP": "",
    "oid": "00D3I0000008lXO"
}
2023-10-16T15:11:41+00:00 INFO actualiza usuario:
{
    "first_name": "VIERNES",
    "last_name": "TRECE DE OCTUBRE",
    "email": "",
    "company": "VIERNESS TRECE DE OCTUBRES",
    "00Nf400000TUbiN": "968696503",
    "00Nf400000TUZxw": "",
    "00N2S000006lwOz": null,
    "00Nf400000TUZxq": "",
    "00N2S000006lxYR": "",
    "00N2S000006lxYW": "",
    "country": "",
    "city": "",
    "state": "",
    "00Nf400000TUZxy": "f078",
    "00Nf400000TUZy9": "82",
    "00Nf400000TUZyL": "s751",
    "recordType": "0122S000000DLhf",
    "lead_source": "Web to Lead",
    "00N2S000007RuM4": "",
    "00N2S000007RuME": "",
    "00N2S000007RuMT": "",
    "00N2S000007RuMP": "",
    "oid": "00D3I0000008lXO"
}
2023-10-16T15:11:42+00:00 INFO actualiza usuario:
{
    "first_name": "VIERNES",
    "last_name": "TRECE DE OCTUBRE",
    "email": "fideyi7503@ibtrades.com",
    "company": "VIERNES TRECE DE OCTUBRE",
    "00Nf400000TUbiN": "968696503",
    "00Nf400000TUZxw": "21\/02\/1994",
    "00N2S000006lwOz": null,
    "00Nf400000TUZxq": "",
    "00N2S000006lxYR": "Universitario completo",
    "00N2S000006lxYW": "Trabajo independiente",
    "country": "",
    "city": "",
    "state": "",
    "00Nf400000TUZxy": "f078",
    "00Nf400000TUZy9": "82",
    "00Nf400000TUZyL": "s751",
    "recordType": "0122S000000DLhf",
    "lead_source": "Web to Lead",
    "00N2S000007RuM4": "Innovaci\u00f3n y Transformaci\u00f3n digital",
    "00N2S000007RuME": "Tecnolog\u00eda",
    "00N2S000007RuMT": "Marketing Digital",
    "00N2S000007RuMP": "Publicidad",
    "oid": "00D3I0000008lXO"
}
2023-10-16T15:14:51+00:00 INFO nuevo usuario:
{
    "first_name": "VIERNES",
    "last_name": "TRECE DE OCTUBRE",
    "company": "VIERNES TRECE DE OCTUBRE",
    "email": "fideyi7503@ibtrades.com",
    "00Nf400000TUbiN": "968696503",
    "00N2S000007Bt0I": 1,
    "00Nf400000TUZxy": "f077",
    "00Nf400000TUZy9": "82",
    "00Nf400000TUZyL": "s751",
    "recordType": "0122S000000DLhf",
    "00N2S000007S7ro": "16\/10\/2023",
    "lead_source": "Web to Lead",
    "oid": "00D3I0000008lXO"
}
2023-10-16T15:15:50+00:00 INFO nuevo usuario:
{
    "first_name": "VIERNES",
    "last_name": "TRECE DE OCTUBRE",
    "company": "VIERNES TRECE DE OCTUBRE",
    "email": "fideyi7503@ibtrades.com",
    "00Nf400000TUbiN": "968696503",
    "00N2S000007Bt0I": 1,
    "00Nf400000TUZxy": "f077",
    "00Nf400000TUZy9": "82",
    "00Nf400000TUZyL": "s751",
    "recordType": "0122S000000DLhf",
    "00N2S000007S7ro": "16\/10\/2023",
    "lead_source": "Web to Lead",
    "oid": "00D3I0000008lXO"
}
2023-10-16T15:19:40+00:00 INFO nuevo usuario:
{
    "first_name": "JORGE LUIS",
    "last_name": "CHUNGA ZULOETA",
    "company": "JORGE LUIS CHUNGA ZULOETA",
    "email": "jchunga@isil.pe",
    "00Nf400000TUbiN": "968696500",
    "00N2S000007Bt0I": 1,
    "00Nf400000TUZxy": "f077",
    "00Nf400000TUZy9": "82",
    "00Nf400000TUZyL": "s751",
    "recordType": "0122S000000DLhf",
    "00N2S000007S7ro": "16\/10\/2023",
    "lead_source": "Web to Lead",
    "oid": "00D3I0000008lXO"
}
2023-10-16T15:34:01+00:00 INFO nuevo usuario:
{
    "first_name": "Katia Elizabeth",
    "last_name": "Garvich San Martin",
    "company": "Katia Elizabeth Garvich San Martin",
    "email": "kgarvich@isil.pe",
    "00Nf400000TUbiN": "",
    "00N2S000007Bt0I": 1,
    "00Nf400000TUZxy": "f077",
    "00Nf400000TUZy9": "82",
    "00Nf400000TUZyL": "s751",
    "recordType": "0122S000000DLhf",
    "00N2S000007S7ro": "16\/10\/2023",
    "lead_source": "Web to Lead",
    "oid": "00D3I0000008lXO"
}
2023-10-16T15:35:13+00:00 INFO actualiza usuario:
{
    "first_name": "Cesar Aurelio",
    "last_name": "Alfaro Estela",
    "email": "calfaro@isil.pe",
    "company": "",
    "00Nf400000TUbiN": "",
    "00Nf400000TUZxw": "",
    "00N2S000006lwOz": "1",
    "00Nf400000TUZxq": "44000413",
    "00N2S000006lxYR": "",
    "00N2S000006lxYW": "",
    "country": "PE",
    "city": "Lima",
    "state": "LMA",
    "00Nf400000TUZxy": "f078",
    "00Nf400000TUZy9": "82",
    "00Nf400000TUZyL": "s751",
    "recordType": "0122S000000DLhf",
    "lead_source": "Web to Lead",
    "00N2S000007RuM4": "",
    "00N2S000007RuME": "",
    "00N2S000007RuMT": "",
    "00N2S000007RuMP": "",
    "oid": "00D3I0000008lXO"
}
2023-10-16T15:35:14+00:00 INFO actualiza usuario:
{
    "first_name": "Cesar Aurelio",
    "last_name": "Alfaro Estela",
    "email": "calfaro@isil.pe",
    "company": "Cesar Aurelio Alfaro Estela",
    "00Nf400000TUbiN": "941084170",
    "00Nf400000TUZxw": "",
    "00N2S000006lwOz": "1",
    "00Nf400000TUZxq": "44000413",
    "00N2S000006lxYR": "",
    "00N2S000006lxYW": "",
    "country": "PE",
    "city": "Lima",
    "state": "LMA",
    "00Nf400000TUZxy": "f078",
    "00Nf400000TUZy9": "82",
    "00Nf400000TUZyL": "s751",
    "recordType": "0122S000000DLhf",
    "lead_source": "Web to Lead",
    "00N2S000007RuM4": "",
    "00N2S000007RuME": "",
    "00N2S000007RuMT": "",
    "00N2S000007RuMP": "",
    "oid": "00D3I0000008lXO"
}
2023-10-16T15:35:14+00:00 INFO actualiza usuario:
{
    "first_name": "Cesar Aurelio",
    "last_name": "Alfaro Estela",
    "email": "calfaro@isil.pe",
    "company": "",
    "00Nf400000TUbiN": "941084170",
    "00Nf400000TUZxw": "01\/01\/1970",
    "00N2S000006lwOz": "1",
    "00Nf400000TUZxq": "44000413",
    "00N2S000006lxYR": "T\u00e9cnico completo",
    "00N2S000006lxYW": "Trabajo dependiente",
    "country": "PE",
    "city": "Lima",
    "state": "LMA",
    "00Nf400000TUZxy": "f078",
    "00Nf400000TUZy9": "82",
    "00Nf400000TUZyL": "s751",
    "recordType": "0122S000000DLhf",
    "lead_source": "Web to Lead",
    "00N2S000007RuM4": "Administraci\u00f3n",
    "00N2S000007RuME": "Administraci\u00f3n",
    "00N2S000007RuMT": "Administraci\u00f3n",
    "00N2S000007RuMP": "Administraci\u00f3n",
    "oid": "00D3I0000008lXO"
}
2023-10-16T15:43:53+00:00 INFO nuevo usuario:
{
    "first_name": "Joseph J.",
    "last_name": "Jimenez. Sanchez",
    "company": "Joseph J. Jimenez. Sanchez",
    "email": "jjimenez@isil.pe",
    "00Nf400000TUbiN": "",
    "00N2S000007Bt0I": 1,
    "00Nf400000TUZxy": "f077",
    "00Nf400000TUZy9": "82",
    "00Nf400000TUZyL": "s751",
    "recordType": "0122S000000DLhf",
    "00N2S000007S7ro": "16\/10\/2023",
    "lead_source": "Web to Lead",
    "oid": "00D3I0000008lXO"
}
2023-10-16T16:27:55+00:00 INFO nuevo usuario:
{
    "first_name": "Katia Elizabeth",
    "last_name": "Garvich San Martin",
    "company": "Katia Elizabeth Garvich San Martin",
    "email": "kgarvich@isil.pe",
    "00Nf400000TUbiN": "",
    "00N2S000007Bt0I": 1,
    "00Nf400000TUZxy": "f077",
    "00Nf400000TUZy9": "82",
    "00Nf400000TUZyL": "s751",
    "recordType": "0122S000000DLhf",
    "00N2S000007S7ro": "16\/10\/2023",
    "lead_source": "Web to Lead",
    "oid": "00D3I0000008lXO"
}
2023-10-16T16:33:02+00:00 INFO nuevo usuario:
{
    "first_name": "Katia Elizabeth",
    "last_name": "Garvich San Martin",
    "company": "Katia Elizabeth Garvich San Martin",
    "email": "kgarvich@isil.pe",
    "00Nf400000TUbiN": "",
    "00N2S000007Bt0I": 1,
    "00Nf400000TUZxy": "f077",
    "00Nf400000TUZy9": "82",
    "00Nf400000TUZyL": "s751",
    "recordType": "0122S000000DLhf",
    "00N2S000007S7ro": "16\/10\/2023",
    "lead_source": "Web to Lead",
    "oid": "00D3I0000008lXO"
}
2023-10-16T16:53:23+00:00 INFO nuevo usuario:
{
    "first_name": "VIERNES",
    "last_name": "TRECE DE OCTUBRE",
    "company": "VIERNES TRECE DE OCTUBRE",
    "email": "fideyi7503@ibtrades.com",
    "00Nf400000TUbiN": "968696503",
    "00N2S000007Bt0I": 1,
    "00Nf400000TUZxy": "f077",
    "00Nf400000TUZy9": "82",
    "00Nf400000TUZyL": "s751",
    "recordType": "0122S000000DLhf",
    "00N2S000007S7ro": "16\/10\/2023",
    "lead_source": "Web to Lead",
    "oid": "00D3I0000008lXO"
}
2023-10-16T16:54:52+00:00 INFO actualiza usuario:
{
    "first_name": "VIERNES",
    "last_name": "TRECE DE OCTUBRE",
    "email": "",
    "company": "VIERNESS TRECE DE OCTUBRES",
    "00Nf400000TUbiN": "968696503",
    "00Nf400000TUZxw": "",
    "00N2S000006lwOz": null,
    "00Nf400000TUZxq": "",
    "00N2S000006lxYR": "",
    "00N2S000006lxYW": "",
    "country": "",
    "city": "",
    "state": "",
    "00Nf400000TUZxy": "f078",
    "00Nf400000TUZy9": "82",
    "00Nf400000TUZyL": "s751",
    "recordType": "0122S000000DLhf",
    "lead_source": "Web to Lead",
    "00N2S000007RuM4": "",
    "00N2S000007RuME": "",
    "00N2S000007RuMT": "",
    "00N2S000007RuMP": "",
    "oid": "00D3I0000008lXO"
}
2023-10-16T16:54:52+00:00 INFO actualiza usuario:
{
    "first_name": "VIERNES",
    "last_name": "TRECE DE OCTUBRE",
    "email": "",
    "company": "VIERNES TRECE DE OCTUBRE",
    "00Nf400000TUbiN": "968696503",
    "00Nf400000TUZxw": "",
    "00N2S000006lwOz": null,
    "00Nf400000TUZxq": "",
    "00N2S000006lxYR": "",
    "00N2S000006lxYW": "",
    "country": "",
    "city": "",
    "state": "",
    "00Nf400000TUZxy": "f078",
    "00Nf400000TUZy9": "82",
    "00Nf400000TUZyL": "s751",
    "recordType": "0122S000000DLhf",
    "lead_source": "Web to Lead",
    "00N2S000007RuM4": "",
    "00N2S000007RuME": "",
    "00N2S000007RuMT": "",
    "00N2S000007RuMP": "",
    "oid": "00D3I0000008lXO"
}
2023-10-16T16:54:52+00:00 INFO actualiza usuario:
{
    "first_name": "VIERNES",
    "last_name": "TRECE DE OCTUBRE",
    "email": "fideyi7503@ibtrades.com",
    "company": "VIERNESS TRECE DE OCTUBRES",
    "00Nf400000TUbiN": "968696503",
    "00Nf400000TUZxw": "22\/02\/1994",
    "00N2S000006lwOz": null,
    "00Nf400000TUZxq": "",
    "00N2S000006lxYR": "Universitario completo",
    "00N2S000006lxYW": "Trabajo independiente",
    "country": "",
    "city": "",
    "state": "",
    "00Nf400000TUZxy": "f078",
    "00Nf400000TUZy9": "82",
    "00Nf400000TUZyL": "s751",
    "recordType": "0122S000000DLhf",
    "lead_source": "Web to Lead",
    "00N2S000007RuM4": "Innovaci\u00f3n y Transformaci\u00f3n digital",
    "00N2S000007RuME": "Tecnolog\u00eda",
    "00N2S000007RuMT": "Marketing Digital",
    "00N2S000007RuMP": "Publicidad",
    "oid": "00D3I0000008lXO"
}
2023-10-16T16:55:11+00:00 INFO nuevo usuario:
{
    "first_name": "VIERNES",
    "last_name": "TRECE DE OCTUBRE",
    "company": "VIERNES TRECE DE OCTUBRE",
    "email": "fideyi7503@ibtrades.com",
    "00Nf400000TUbiN": "968696503",
    "00N2S000007Bt0I": 1,
    "00Nf400000TUZxy": "f077",
    "00Nf400000TUZy9": "82",
    "00Nf400000TUZyL": "s751",
    "recordType": "0122S000000DLhf",
    "00N2S000007S7ro": "16\/10\/2023",
    "lead_source": "Web to Lead",
    "oid": "00D3I0000008lXO"
}
2023-10-16T16:59:21+00:00 INFO actualiza usuario:
{
    "first_name": "VIERNESs",
    "last_name": "TRECE DE OCTUBREs",
    "email": "",
    "company": "VIERNES TRECE DE OCTUBRE",
    "00Nf400000TUbiN": "968696503",
    "00Nf400000TUZxw": "",
    "00N2S000006lwOz": null,
    "00Nf400000TUZxq": "",
    "00N2S000006lxYR": "",
    "00N2S000006lxYW": "",
    "country": "",
    "city": "",
    "state": "",
    "00Nf400000TUZxy": "f078",
    "00Nf400000TUZy9": "82",
    "00Nf400000TUZyL": "s751",
    "recordType": "0122S000000DLhf",
    "lead_source": "Web to Lead",
    "00N2S000007RuM4": "",
    "00N2S000007RuME": "",
    "00N2S000007RuMT": "",
    "00N2S000007RuMP": "",
    "oid": "00D3I0000008lXO"
}
2023-10-16T16:59:21+00:00 INFO actualiza usuario:
{
    "first_name": "VIERNESs",
    "last_name": "TRECE DE OCTUBREs",
    "email": "",
    "company": "VIERNES TRECE DE OCTUBRE",
    "00Nf400000TUbiN": "968696503",
    "00Nf400000TUZxw": "",
    "00N2S000006lwOz": null,
    "00Nf400000TUZxq": "",
    "00N2S000006lxYR": "",
    "00N2S000006lxYW": "",
    "country": "",
    "city": "",
    "state": "",
    "00Nf400000TUZxy": "f078",
    "00Nf400000TUZy9": "82",
    "00Nf400000TUZyL": "s751",
    "recordType": "0122S000000DLhf",
    "lead_source": "Web to Lead",
    "00N2S000007RuM4": "",
    "00N2S000007RuME": "",
    "00N2S000007RuMT": "",
    "00N2S000007RuMP": "",
    "oid": "00D3I0000008lXO"
}
2023-10-16T16:59:21+00:00 INFO actualiza usuario:
{
    "first_name": "VIERNESs",
    "last_name": "TRECE DE OCTUBREs",
    "email": "fideyi7503@ibtrades.com",
    "company": "VIERNES TRECE DE OCTUBRE",
    "00Nf400000TUbiN": "968696503",
    "00Nf400000TUZxw": "22\/02\/1994",
    "00N2S000006lwOz": null,
    "00Nf400000TUZxq": "",
    "00N2S000006lxYR": "Universitario completo",
    "00N2S000006lxYW": "Trabajo independiente",
    "country": "",
    "city": "",
    "state": "",
    "00Nf400000TUZxy": "f078",
    "00Nf400000TUZy9": "82",
    "00Nf400000TUZyL": "s751",
    "recordType": "0122S000000DLhf",
    "lead_source": "Web to Lead",
    "00N2S000007RuM4": "Innovaci\u00f3n y Transformaci\u00f3n digital",
    "00N2S000007RuME": "Tecnolog\u00eda",
    "00N2S000007RuMT": "Marketing Digital",
    "00N2S000007RuMP": "Publicidad",
    "oid": "00D3I0000008lXO"
}
2023-10-16T16:59:39+00:00 INFO nuevo usuario:
{
    "first_name": "VIERNES",
    "last_name": "TRECE DE OCTUBRE",
    "company": "VIERNES TRECE DE OCTUBRE",
    "email": "fideyi7503@ibtrades.com",
    "00Nf400000TUbiN": "968696503",
    "00N2S000007Bt0I": 1,
    "00Nf400000TUZxy": "f077",
    "00Nf400000TUZy9": "82",
    "00Nf400000TUZyL": "s751",
    "recordType": "0122S000000DLhf",
    "00N2S000007S7ro": "16\/10\/2023",
    "lead_source": "Web to Lead",
    "oid": "00D3I0000008lXO"
}
2023-10-16T17:01:24+00:00 INFO actualiza usuario:
{
    "first_name": "VIERNESS",
    "last_name": "TRECE DE OCTUBRES",
    "email": "",
    "company": "VIERNES TRECE DE OCTUBRE",
    "00Nf400000TUbiN": "968696503",
    "00Nf400000TUZxw": "",
    "00N2S000006lwOz": null,
    "00Nf400000TUZxq": "",
    "00N2S000006lxYR": "",
    "00N2S000006lxYW": "",
    "country": "",
    "city": "",
    "state": "",
    "00Nf400000TUZxy": "f078",
    "00Nf400000TUZy9": "82",
    "00Nf400000TUZyL": "s751",
    "recordType": "0122S000000DLhf",
    "lead_source": "Web to Lead",
    "00N2S000007RuM4": "",
    "00N2S000007RuME": "",
    "00N2S000007RuMT": "",
    "00N2S000007RuMP": "",
    "oid": "00D3I0000008lXO"
}
2023-10-16T17:01:24+00:00 INFO actualiza usuario:
{
    "first_name": "VIERNESS",
    "last_name": "TRECE DE OCTUBRES",
    "email": "",
    "company": "VIERNES TRECE DE OCTUBRE",
    "00Nf400000TUbiN": "968696504",
    "00Nf400000TUZxw": "",
    "00N2S000006lwOz": null,
    "00Nf400000TUZxq": "",
    "00N2S000006lxYR": "",
    "00N2S000006lxYW": "",
    "country": "",
    "city": "",
    "state": "",
    "00Nf400000TUZxy": "f078",
    "00Nf400000TUZy9": "82",
    "00Nf400000TUZyL": "s751",
    "recordType": "0122S000000DLhf",
    "lead_source": "Web to Lead",
    "00N2S000007RuM4": "",
    "00N2S000007RuME": "",
    "00N2S000007RuMT": "",
    "00N2S000007RuMP": "",
    "oid": "00D3I0000008lXO"
}
2023-10-16T17:01:25+00:00 INFO actualiza usuario:
{
    "first_name": "VIERNESS",
    "last_name": "TRECE DE OCTUBRES",
    "email": "fideyi7503@ibtrades.com",
    "company": "VIERNES TRECE DE OCTUBRE",
    "00Nf400000TUbiN": "968696504",
    "00Nf400000TUZxw": "22\/02\/1994",
    "00N2S000006lwOz": null,
    "00Nf400000TUZxq": "",
    "00N2S000006lxYR": "Maestr\u00eda",
    "00N2S000006lxYW": "Trabajo independiente",
    "country": "",
    "city": "",
    "state": "",
    "00Nf400000TUZxy": "f078",
    "00Nf400000TUZy9": "82",
    "00Nf400000TUZyL": "s751",
    "recordType": "0122S000000DLhf",
    "lead_source": "Web to Lead",
    "00N2S000007RuM4": "Innovaci\u00f3n y Transformaci\u00f3n digital",
    "00N2S000007RuME": "Tecnolog\u00eda",
    "00N2S000007RuMT": "Marketing Digital",
    "00N2S000007RuMP": "Publicidad",
    "oid": "00D3I0000008lXO"
}
2023-10-16T17:03:08+00:00 INFO nuevo usuario:
{
    "first_name": "VIERNES",
    "last_name": "TRECE DE OCTUBRE",
    "company": "VIERNES TRECE DE OCTUBRE",
    "email": "fideyi7503@ibtrades.com",
    "00Nf400000TUbiN": "968696503",
    "00N2S000007Bt0I": 1,
    "00Nf400000TUZxy": "f077",
    "00Nf400000TUZy9": "82",
    "00Nf400000TUZyL": "s751",
    "recordType": "0122S000000DLhf",
    "00N2S000007S7ro": "16\/10\/2023",
    "lead_source": "Web to Lead",
    "oid": "00D3I0000008lXO"
}
2023-10-16T17:03:57+00:00 INFO actualiza usuario:
{
    "first_name": "VIERNESS",
    "last_name": "TRECE DE OCTUBRES",
    "email": "",
    "company": "VIERNES TRECE DE OCTUBRE",
    "00Nf400000TUbiN": "968696503",
    "00Nf400000TUZxw": "",
    "00N2S000006lwOz": null,
    "00Nf400000TUZxq": "",
    "00N2S000006lxYR": "",
    "00N2S000006lxYW": "",
    "country": "",
    "city": "",
    "state": "",
    "00Nf400000TUZxy": "f078",
    "00Nf400000TUZy9": "82",
    "00Nf400000TUZyL": "s751",
    "recordType": "0122S000000DLhf",
    "lead_source": "Web to Lead",
    "00N2S000007RuM4": "",
    "00N2S000007RuME": "",
    "00N2S000007RuMT": "",
    "00N2S000007RuMP": "",
    "oid": "00D3I0000008lXO"
}
2023-10-16T17:03:57+00:00 INFO actualiza usuario:
{
    "first_name": "VIERNES",
    "last_name": "TRECE DE OCTUBRE",
    "email": "",
    "company": "VIERNES TRECE DE OCTUBRE",
    "00Nf400000TUbiN": "968696503",
    "00Nf400000TUZxw": "",
    "00N2S000006lwOz": null,
    "00Nf400000TUZxq": "",
    "00N2S000006lxYR": "",
    "00N2S000006lxYW": "",
    "country": "",
    "city": "",
    "state": "",
    "00Nf400000TUZxy": "f078",
    "00Nf400000TUZy9": "82",
    "00Nf400000TUZyL": "s751",
    "recordType": "0122S000000DLhf",
    "lead_source": "Web to Lead",
    "00N2S000007RuM4": "",
    "00N2S000007RuME": "",
    "00N2S000007RuMT": "",
    "00N2S000007RuMP": "",
    "oid": "00D3I0000008lXO"
}
2023-10-16T17:03:57+00:00 INFO actualiza usuario:
{
    "first_name": "VIERNES",
    "last_name": "TRECE DE OCTUBRE",
    "email": "fideyi7503@ibtrades.com",
    "company": "VIERNES TRECE DE OCTUBRE",
    "00Nf400000TUbiN": "968696503",
    "00Nf400000TUZxw": "22\/02\/1994",
    "00N2S000006lwOz": null,
    "00Nf400000TUZxq": "",
    "00N2S000006lxYR": "Maestr\u00eda",
    "00N2S000006lxYW": "Trabajo independiente",
    "country": "",
    "city": "",
    "state": "",
    "00Nf400000TUZxy": "f078",
    "00Nf400000TUZy9": "82",
    "00Nf400000TUZyL": "s751",
    "recordType": "0122S000000DLhf",
    "lead_source": "Web to Lead",
    "00N2S000007RuM4": "Marketing Digital",
    "00N2S000007RuME": "Innovaci\u00f3n y Transformaci\u00f3n digital",
    "00N2S000007RuMT": "Membres\u00edas",
    "00N2S000007RuMP": "Microsoft Office",
    "oid": "00D3I0000008lXO"
}
2023-10-16T17:04:06+00:00 INFO nuevo usuario:
{
    "first_name": "VIERNES",
    "last_name": "TRECE DE OCTUBRE",
    "company": "VIERNES TRECE DE OCTUBRE",
    "email": "fideyi7503@ibtrades.com",
    "00Nf400000TUbiN": "968696503",
    "00N2S000007Bt0I": 1,
    "00Nf400000TUZxy": "f077",
    "00Nf400000TUZy9": "82",
    "00Nf400000TUZyL": "s751",
    "recordType": "0122S000000DLhf",
    "00N2S000007S7ro": "16\/10\/2023",
    "lead_source": "Web to Lead",
    "oid": "00D3I0000008lXO"
}
2023-10-16T17:04:09+00:00 INFO nuevo usuario:
{
    "first_name": "VIERNES",
    "last_name": "TRECE DE OCTUBRE",
    "company": "VIERNES TRECE DE OCTUBRE",
    "email": "fideyi7503@ibtrades.com",
    "00Nf400000TUbiN": "968696503",
    "00N2S000007Bt0I": 1,
    "00Nf400000TUZxy": "f077",
    "00Nf400000TUZy9": "82",
    "00Nf400000TUZyL": "s751",
    "recordType": "0122S000000DLhf",
    "00N2S000007S7ro": "16\/10\/2023",
    "lead_source": "Web to Lead",
    "oid": "00D3I0000008lXO"
}
2023-10-16T19:21:30+00:00 INFO nuevo usuario:
{
    "first_name": "Cesar Aurelio",
    "last_name": "Alfaro Estela",
    "company": "Cesar Aurelio Alfaro Estela",
    "email": "calfaro@isil.pe",
    "00Nf400000TUbiN": "",
    "00N2S000007Bt0I": 1,
    "00Nf400000TUZxy": "f077",
    "00Nf400000TUZy9": "82",
    "00Nf400000TUZyL": "s751",
    "recordType": "0122S000000DLhf",
    "00N2S000007S7ro": "16\/10\/2023",
    "lead_source": "Web to Lead",
    "oid": "00D3I0000008lXO"
}
2023-10-16T19:30:48+00:00 INFO nuevo usuario:
{
    "first_name": "JORGE LUIS",
    "last_name": "CHUNGA ZULOETA",
    "company": "JORGE LUIS CHUNGA ZULOETA",
    "email": "jchunga@isil.pe",
    "00Nf400000TUbiN": "968696500",
    "00N2S000007Bt0I": 1,
    "00Nf400000TUZxy": "f077",
    "00Nf400000TUZy9": "82",
    "00Nf400000TUZyL": "s751",
    "recordType": "0122S000000DLhf",
    "00N2S000007S7ro": "16\/10\/2023",
    "lead_source": "Web to Lead",
    "oid": "00D3I0000008lXO"
}
2023-10-16T20:05:26+00:00 INFO nuevo usuario:
{
    "first_name": "Cesar Aurelio",
    "last_name": "Alfaro Estela",
    "company": "Cesar Aurelio Alfaro Estela",
    "email": "calfaro@isil.pe",
    "00Nf400000TUbiN": "",
    "00N2S000007Bt0I": 1,
    "00Nf400000TUZxy": "f077",
    "00Nf400000TUZy9": "82",
    "00Nf400000TUZyL": "s751",
    "recordType": "0122S000000DLhf",
    "00N2S000007S7ro": "16\/10\/2023",
    "lead_source": "Web to Lead",
    "oid": "00D3I0000008lXO"
}
2023-10-16T21:05:31+00:00 INFO nuevo usuario:
{
    "first_name": "RODOLFO",
    "last_name": "ARANGUIZ",
    "company": "RODOLFO ARANGUIZ",
    "email": "shinyi_01@hotmail.com",
    "00Nf400000TUbiN": "63496774",
    "00N2S000007Bt0I": 1,
    "00Nf400000TUZxy": "f077",
    "00Nf400000TUZy9": "82",
    "00Nf400000TUZyL": "s751",
    "recordType": "0122S000000DLhf",
    "00N2S000007S7ro": "16\/10\/2023",
    "lead_source": "Web to Lead",
    "oid": "00D3I0000008lXO"
}
2023-10-16T21:42:51+00:00 INFO actualiza usuario:
{
    "first_name": "VIERNES",
    "last_name": "TRECE DE OCTUBRE",
    "email": "fideyi7503@ibtrades.com",
    "company": "VIERNES TRECE DE OCTUBRE",
    "00Nf400000TUbiN": "968696503",
    "00Nf400000TUZxw": "",
    "00N2S000006lwOz": "1",
    "00Nf400000TUZxq": "12568947",
    "00N2S000006lxYR": "",
    "00N2S000006lxYW": "",
    "country": "PE",
    "city": "Chiclayo",
    "state": "LAM",
    "00Nf400000TUZxy": "f078",
    "00Nf400000TUZy9": "82",
    "00Nf400000TUZyL": "s751",
    "recordType": "0122S000000DLhf",
    "lead_source": "Web to Lead",
    "00N2S000007RuM4": "",
    "00N2S000007RuME": "",
    "00N2S000007RuMT": "",
    "00N2S000007RuMP": "",
    "oid": "00D3I0000008lXO"
}
2023-10-16T21:43:22+00:00 INFO actualiza usuario:
{
    "first_name": "VIERNES",
    "last_name": "TRECE DE OCTUBRE",
    "email": "fideyi7503@ibtrades.com",
    "company": "VIERNES TRECE DE OCTUBRE",
    "00Nf400000TUbiN": "968696503",
    "00Nf400000TUZxw": "",
    "00N2S000006lwOz": "1",
    "00Nf400000TUZxq": "12568947",
    "00N2S000006lxYR": "",
    "00N2S000006lxYW": "",
    "country": "PE",
    "city": "Chiclayo",
    "state": "LAM",
    "00Nf400000TUZxy": "f078",
    "00Nf400000TUZy9": "82",
    "00Nf400000TUZyL": "s751",
    "recordType": "0122S000000DLhf",
    "lead_source": "Web to Lead",
    "00N2S000007RuM4": "",
    "00N2S000007RuME": "",
    "00N2S000007RuMT": "",
    "00N2S000007RuMP": "",
    "oid": "00D3I0000008lXO"
}
2023-10-16T21:44:19+00:00 INFO nuevo usuario:
{
    "first_name": "VIERNES",
    "last_name": "TRECE DE OCTUBRE",
    "company": "VIERNES TRECE DE OCTUBRE",
    "email": "fideyi7503@ibtrades.com",
    "00Nf400000TUbiN": "968696503",
    "00N2S000007Bt0I": 1,
    "00Nf400000TUZxy": "f077",
    "00Nf400000TUZy9": "82",
    "00Nf400000TUZyL": "s751",
    "recordType": "0122S000000DLhf",
    "00N2S000007S7ro": "16\/10\/2023",
    "lead_source": "Web to Lead",
    "oid": "00D3I0000008lXO"
}
2023-10-16T21:44:32+00:00 INFO actualiza usuario:
{
    "first_name": "VIERNES",
    "last_name": "TRECE DE OCTUBRE",
    "email": "fideyi7503@ibtrades.com",
    "company": "VIERNES TRECE DE OCTUBRE",
    "00Nf400000TUbiN": "968696503",
    "00Nf400000TUZxw": "",
    "00N2S000006lwOz": "1",
    "00Nf400000TUZxq": "12568947",
    "00N2S000006lxYR": "",
    "00N2S000006lxYW": "",
    "country": "PE",
    "city": "Chiclayo",
    "state": "LAM",
    "00Nf400000TUZxy": "f078",
    "00Nf400000TUZy9": "82",
    "00Nf400000TUZyL": "s751",
    "recordType": "0122S000000DLhf",
    "lead_source": "Web to Lead",
    "00N2S000007RuM4": "",
    "00N2S000007RuME": "",
    "00N2S000007RuMT": "",
    "00N2S000007RuMP": "",
    "oid": "00D3I0000008lXO"
}
2023-10-16T21:45:54+00:00 INFO actualiza usuario:
{
    "first_name": "VIERNES",
    "last_name": "TRECE DE OCTUBRE",
    "email": "fideyi7503@ibtrades.com",
    "company": "VIERNES TRECE DE OCTUBRE",
    "00Nf400000TUbiN": "968696503",
    "00Nf400000TUZxw": "",
    "00N2S000006lwOz": "1",
    "00Nf400000TUZxq": "12568947",
    "00N2S000006lxYR": "",
    "00N2S000006lxYW": "",
    "country": "PE",
    "city": "Chiclayo",
    "state": "LAM",
    "00Nf400000TUZxy": "f078",
    "00Nf400000TUZy9": "82",
    "00Nf400000TUZyL": "s751",
    "recordType": "0122S000000DLhf",
    "lead_source": "Web to Lead",
    "00N2S000007RuM4": "",
    "00N2S000007RuME": "",
    "00N2S000007RuMT": "",
    "00N2S000007RuMP": "",
    "oid": "00D3I0000008lXO"
}
2023-10-16T22:37:57+00:00 INFO actualiza usuario:
{
    "first_name": "VIERNES",
    "last_name": "TRECE DE OCTUBRE",
    "email": "fideyi7503@ibtrades.com",
    "company": "VIERNES TRECE DE OCTUBRE",
    "00Nf400000TUbiN": "968696503",
    "00Nf400000TUZxw": "",
    "00N2S000006lwOz": "1",
    "00Nf400000TUZxq": "12568947",
    "00N2S000006lxYR": "",
    "00N2S000006lxYW": "",
    "country": "PE",
    "city": "Chiclayo",
    "state": "LAM",
    "00Nf400000TUZxy": "f078",
    "00Nf400000TUZy9": "82",
    "00Nf400000TUZyL": "s751",
    "recordType": "0122S000000DLhf",
    "lead_source": "Web to Lead",
    "00N2S000007RuM4": "",
    "00N2S000007RuME": "",
    "00N2S000007RuMT": "",
    "00N2S000007RuMP": "",
    "oid": "00D3I0000008lXO"
}
2023-10-16T22:44:16+00:00 INFO nuevo usuario:
{
    "first_name": "VIERNES",
    "last_name": "TRECE DE OCTUBRE",
    "company": "VIERNES TRECE DE OCTUBRE",
    "email": "fideyi7503@ibtrades.com",
    "00Nf400000TUbiN": "968696503",
    "00N2S000007Bt0I": 1,
    "00Nf400000TUZxy": "f077",
    "00Nf400000TUZy9": "82",
    "00Nf400000TUZyL": "s751",
    "recordType": "0122S000000DLhf",
    "00N2S000007S7ro": "16\/10\/2023",
    "lead_source": "Web to Lead",
    "oid": "00D3I0000008lXO"
}
