2023-09-13T14:50:48+00:00 INFO nuevo usuario:
{
    "first_name": "ELIZABETH",
    "last_name": "TEST PRUEBITA",
    "company": "ELIZABETH TEST PRUEBITA",
    "email": "dultanagna@gufum.com",
    "00Nf400000TUbiN": "989338403",
    "00N2S000007Bt0I": 1,
    "00Nf400000TUZxy": "f077",
    "00Nf400000TUZy9": "82",
    "00Nf400000TUZyL": "s751",
    "recordType": "0122S000000DLhf",
    "00N2S000007S7ro": "13\/09\/2023",
    "lead_source": "Web to Lead",
    "oid": "00D3I0000008lXO"
}
2023-09-13T14:53:50+00:00 INFO actualiza usuario:
{
    "first_name": "ELIZABETHXX",
    "last_name": "TESTXX PRUEBITAXX",
    "email": "dultanagna@gufum.com",
    "company": "",
    "00Nf400000TUbiN": "989338403",
    "00Nf400000TUZxw": "",
    "00N2S000006lwOz": "1",
    "00Nf400000TUZxq": "36463363",
    "00N2S000006lxYR": "",
    "00N2S000006lxYW": "",
    "country": "PE",
    "city": "Lima",
    "state": "AMA",
    "00Nf400000TUZxy": "f078",
    "00Nf400000TUZy9": "82",
    "00Nf400000TUZyL": "s751",
    "recordType": "0122S000000DLhf",
    "lead_source": "Web to Lead",
    "00N2S000007RuM4": "",
    "00N2S000007RuME": "",
    "00N2S000007RuMT": "",
    "00N2S000007RuMP": "",
    "oid": "00D3I0000008lXO"
}
2023-09-13T14:53:51+00:00 INFO actualiza usuario:
{
    "first_name": "ELIZABETHXX",
    "last_name": "TESTXX PRUEBITAXX",
    "email": "dultanagna@gufum.com",
    "company": "ELIZABETH TEST PRUEBITA",
    "00Nf400000TUbiN": "989338403",
    "00Nf400000TUZxw": "",
    "00N2S000006lwOz": "1",
    "00Nf400000TUZxq": "36463363",
    "00N2S000006lxYR": "",
    "00N2S000006lxYW": "",
    "country": "PE",
    "city": "Lima",
    "state": "AMA",
    "00Nf400000TUZxy": "f078",
    "00Nf400000TUZy9": "82",
    "00Nf400000TUZyL": "s751",
    "recordType": "0122S000000DLhf",
    "lead_source": "Web to Lead",
    "00N2S000007RuM4": "",
    "00N2S000007RuME": "",
    "00N2S000007RuMT": "",
    "00N2S000007RuMP": "",
    "oid": "00D3I0000008lXO"
}
2023-09-13T14:53:51+00:00 INFO actualiza usuario:
{
    "first_name": "ELIZABETHXX",
    "last_name": "TESTXX PRUEBITAXX",
    "email": "dultanagna@gufum.com",
    "company": "",
    "00Nf400000TUbiN": "989338403",
    "00Nf400000TUZxw": "29\/08\/2023",
    "00N2S000006lwOz": "1",
    "00Nf400000TUZxq": "36463363",
    "00N2S000006lxYR": "Maestr\u00eda",
    "00N2S000006lxYW": "Amo(a)\u00a0de\u00a0casa",
    "country": "PE",
    "city": "Lima",
    "state": "AMA",
    "00Nf400000TUZxy": "f078",
    "00Nf400000TUZy9": "82",
    "00Nf400000TUZyL": "s751",
    "recordType": "0122S000000DLhf",
    "lead_source": "Web to Lead",
    "00N2S000007RuM4": "Administraci\u00f3n",
    "00N2S000007RuME": "Operaciones y log\u00edstica",
    "00N2S000007RuMT": "Master Class",
    "00N2S000007RuMP": "Hoteler\u00eda y turismo",
    "oid": "00D3I0000008lXO"
}
2023-09-13T15:05:43+00:00 INFO actualiza usuario:
{
    "first_name": "ELIZABETHXX",
    "last_name": "TESTXX PRUEBITAXX",
    "email": "dultanagna@gufum.com",
    "company": "ELIZABETH TEST PRUEBITA",
    "00Nf400000TUbiN": "989338403",
    "00Nf400000TUZxw": "",
    "00N2S000006lwOz": "1",
    "00Nf400000TUZxq": "36463363",
    "00N2S000006lxYR": "",
    "00N2S000006lxYW": "",
    "country": "PE",
    "city": "Lima",
    "state": "AMA",
    "00Nf400000TUZxy": "f078",
    "00Nf400000TUZy9": "82",
    "00Nf400000TUZyL": "s751",
    "recordType": "0122S000000DLhf",
    "lead_source": "Web to Lead",
    "00N2S000007RuM4": "",
    "00N2S000007RuME": "",
    "00N2S000007RuMT": "",
    "00N2S000007RuMP": "",
    "oid": "00D3I0000008lXO"
}
