2023-10-20T14:09:03+00:00 INFO asociacion regalo: entra
2023-10-20T14:09:03+00:00 INFO Query tabla regalos: SELECT * FROM wp_regalos_queue WHERE correo_destinatario='kgarvich@isil.pe' AND pagado=1 AND asociado=0 AND id_usuario_asociado IS NULL ORDER BY id DESC
2023-10-20T14:09:03+00:00 INFO resultado consulta: []
2023-10-20T14:18:00+00:00 INFO asociacion regalo: entra
2023-10-20T14:18:00+00:00 INFO Query tabla regalos: SELECT * FROM wp_regalos_queue WHERE correo_destinatario='tiprueba19@gmail.com' AND pagado=1 AND asociado=0 AND id_usuario_asociado IS NULL ORDER BY id DESC
2023-10-20T14:18:00+00:00 INFO resultado consulta: []
2023-10-20T14:25:18+00:00 INFO asociacion regalo: entra
2023-10-20T14:25:18+00:00 INFO Query tabla regalos: SELECT * FROM wp_regalos_queue WHERE correo_destinatario='yerko.soto@radar.cl' AND pagado=1 AND asociado=0 AND id_usuario_asociado IS NULL ORDER BY id DESC
2023-10-20T14:25:18+00:00 INFO resultado consulta: []
2023-10-20T15:20:49+00:00 INFO asociacion regalo: entra
2023-10-20T15:20:49+00:00 INFO Query tabla regalos: SELECT * FROM wp_regalos_queue WHERE correo_destinatario='calfaro@isil.pe' AND pagado=1 AND asociado=0 AND id_usuario_asociado IS NULL ORDER BY id DESC
2023-10-20T15:20:49+00:00 INFO resultado consulta: []
2023-10-20T15:27:29+00:00 INFO asociacion regalo: entra
2023-10-20T15:27:29+00:00 INFO Query tabla regalos: SELECT * FROM wp_regalos_queue WHERE correo_destinatario='calfaro@isil.pe' AND pagado=1 AND asociado=0 AND id_usuario_asociado IS NULL ORDER BY id DESC
2023-10-20T15:27:29+00:00 INFO resultado consulta: []
2023-10-20T16:02:53+00:00 INFO asociacion regalo: entra
2023-10-20T16:02:53+00:00 INFO Query tabla regalos: SELECT * FROM wp_regalos_queue WHERE correo_destinatario='biyiron882@apxby.com' AND pagado=1 AND asociado=0 AND id_usuario_asociado IS NULL ORDER BY id DESC
2023-10-20T16:02:53+00:00 INFO resultado consulta: []
2023-10-20T16:04:57+00:00 INFO asociacion regalo: entra
2023-10-20T16:04:57+00:00 INFO Query tabla regalos: SELECT * FROM wp_regalos_queue WHERE correo_destinatario='biyiron882@apxby.com' AND pagado=1 AND asociado=0 AND id_usuario_asociado IS NULL ORDER BY id DESC
2023-10-20T16:04:57+00:00 INFO resultado consulta: []
2023-10-20T20:24:03+00:00 INFO asociacion regalo: entra
2023-10-20T20:24:03+00:00 INFO Query tabla regalos: SELECT * FROM wp_regalos_queue WHERE correo_destinatario='yerko.soto@radar.cl' AND pagado=1 AND asociado=0 AND id_usuario_asociado IS NULL ORDER BY id DESC
2023-10-20T20:24:03+00:00 INFO resultado consulta: []
2023-10-20T20:26:41+00:00 INFO asociacion regalo: entra
2023-10-20T20:26:41+00:00 INFO Query tabla regalos: SELECT * FROM wp_regalos_queue WHERE correo_destinatario='fideyi7503@ibtrades.com' AND pagado=1 AND asociado=0 AND id_usuario_asociado IS NULL ORDER BY id DESC
2023-10-20T20:26:41+00:00 INFO resultado consulta: []
2023-10-20T20:52:31+00:00 INFO asociacion regalo: entra
2023-10-20T20:52:31+00:00 INFO Query tabla regalos: SELECT * FROM wp_regalos_queue WHERE correo_destinatario='fideyi7503@ibtrades.com' AND pagado=1 AND asociado=0 AND id_usuario_asociado IS NULL ORDER BY id DESC
2023-10-20T20:52:31+00:00 INFO resultado consulta: []
2023-10-20T20:52:48+00:00 INFO asociacion regalo: entra
2023-10-20T20:52:48+00:00 INFO Query tabla regalos: SELECT * FROM wp_regalos_queue WHERE correo_destinatario='fideyi7503@ibtrades.com' AND pagado=1 AND asociado=0 AND id_usuario_asociado IS NULL ORDER BY id DESC
2023-10-20T20:52:48+00:00 INFO resultado consulta: []
2023-10-20T20:52:50+00:00 INFO asociacion regalo: entra
2023-10-20T20:52:50+00:00 INFO Query tabla regalos: SELECT * FROM wp_regalos_queue WHERE correo_destinatario='fideyi7503@ibtrades.com' AND pagado=1 AND asociado=0 AND id_usuario_asociado IS NULL ORDER BY id DESC
2023-10-20T20:52:50+00:00 INFO resultado consulta: []
2023-10-20T20:53:05+00:00 INFO asociacion regalo: entra
2023-10-20T20:53:05+00:00 INFO Query tabla regalos: SELECT * FROM wp_regalos_queue WHERE correo_destinatario='fideyi7503@ibtrades.com' AND pagado=1 AND asociado=0 AND id_usuario_asociado IS NULL ORDER BY id DESC
2023-10-20T20:53:05+00:00 INFO resultado consulta: []
2023-10-20T20:57:00+00:00 INFO asociacion regalo: entra
2023-10-20T20:57:00+00:00 INFO Query tabla regalos: SELECT * FROM wp_regalos_queue WHERE correo_destinatario='biyiron882@apxby.com' AND pagado=1 AND asociado=0 AND id_usuario_asociado IS NULL ORDER BY id DESC
2023-10-20T20:57:00+00:00 INFO resultado consulta: []
2023-10-20T21:13:12+00:00 INFO asociacion regalo: entra
2023-10-20T21:13:12+00:00 INFO Query tabla regalos: SELECT * FROM wp_regalos_queue WHERE correo_destinatario='biyiron882@apxby.com' AND pagado=1 AND asociado=0 AND id_usuario_asociado IS NULL ORDER BY id DESC
2023-10-20T21:13:12+00:00 INFO resultado consulta: []
2023-10-20T22:45:37+00:00 INFO asociacion regalo: entra
2023-10-20T22:45:37+00:00 INFO Query tabla regalos: SELECT * FROM wp_regalos_queue WHERE correo_destinatario='biyiron882@apxby.com' AND pagado=1 AND asociado=0 AND id_usuario_asociado IS NULL ORDER BY id DESC
2023-10-20T22:45:37+00:00 INFO resultado consulta: []
2023-10-20T22:58:14+00:00 INFO asociacion regalo: entra
2023-10-20T22:58:14+00:00 INFO Query tabla regalos: SELECT * FROM wp_regalos_queue WHERE correo_destinatario='biyiron882@apxby.com' AND pagado=1 AND asociado=0 AND id_usuario_asociado IS NULL ORDER BY id DESC
2023-10-20T22:58:14+00:00 INFO resultado consulta: []
2023-10-20T23:03:03+00:00 INFO asociacion regalo: entra
2023-10-20T23:03:03+00:00 INFO Query tabla regalos: SELECT * FROM wp_regalos_queue WHERE correo_destinatario='biyiron882@apxby.com' AND pagado=1 AND asociado=0 AND id_usuario_asociado IS NULL ORDER BY id DESC
2023-10-20T23:03:03+00:00 INFO resultado consulta: []
