2023-10-11T14:12:19+00:00 INFO nuevo usuario:
{
    "first_name": "MANUEL",
    "last_name": "ARANGUIZ",
    "company": "MANUEL ARANGUIZ",
    "email": "rojoca1485@xgh6.com",
    "00Nf400000TUbiN": "78945613",
    "00N2S000007Bt0I": 1,
    "00Nf400000TUZxy": "f077",
    "00Nf400000TUZy9": "82",
    "00Nf400000TUZyL": "s751",
    "recordType": "0122S000000DLhf",
    "00N2S000007S7ro": "11\/10\/2023",
    "lead_source": "Web to Lead",
    "oid": "00D3I0000008lXO"
}
2023-10-11T14:15:00+00:00 INFO actualiza usuario:
{
    "first_name": "Francisco",
    "last_name": "Aranguiz Romero",
    "email": "rojoca1485@xgh6.com",
    "company": "",
    "00Nf400000TUbiN": "78945613",
    "00Nf400000TUZxw": "",
    "00N2S000006lwOz": "1",
    "00Nf400000TUZxq": "79879798",
    "00N2S000006lxYR": "",
    "00N2S000006lxYW": "",
    "country": "PE",
    "city": "Lima",
    "state": "LMA",
    "00Nf400000TUZxy": "f078",
    "00Nf400000TUZy9": "82",
    "00Nf400000TUZyL": "s751",
    "recordType": "0122S000000DLhf",
    "lead_source": "Web to Lead",
    "00N2S000007RuM4": "",
    "00N2S000007RuME": "",
    "00N2S000007RuMT": "",
    "00N2S000007RuMP": "",
    "oid": "00D3I0000008lXO"
}
2023-10-11T14:18:20+00:00 INFO actualiza usuario:
{
    "first_name": "Francisco",
    "last_name": "Aranguiz Romero",
    "email": "rojoca1485@xgh6.com",
    "company": "",
    "00Nf400000TUbiN": "78945613",
    "00Nf400000TUZxw": "",
    "00N2S000006lwOz": "1",
    "00Nf400000TUZxq": "79879798",
    "00N2S000006lxYR": "",
    "00N2S000006lxYW": "",
    "country": "PE",
    "city": "Lima",
    "state": "LMA",
    "00Nf400000TUZxy": "f078",
    "00Nf400000TUZy9": "82",
    "00Nf400000TUZyL": "s751",
    "recordType": "0122S000000DLhf",
    "lead_source": "Web to Lead",
    "00N2S000007RuM4": "",
    "00N2S000007RuME": "",
    "00N2S000007RuMT": "",
    "00N2S000007RuMP": "",
    "oid": "00D3I0000008lXO"
}
2023-10-11T14:30:42+00:00 INFO actualiza usuario:
{
    "first_name": "Francisco",
    "last_name": "Aranguiz Romero",
    "email": "rojoca1485@xgh6.com",
    "company": "",
    "00Nf400000TUbiN": "78945613",
    "00Nf400000TUZxw": "",
    "00N2S000006lwOz": "1",
    "00Nf400000TUZxq": "79879798",
    "00N2S000006lxYR": "",
    "00N2S000006lxYW": "",
    "country": "PE",
    "city": "Lima",
    "state": "LMA",
    "00Nf400000TUZxy": "f078",
    "00Nf400000TUZy9": "82",
    "00Nf400000TUZyL": "s751",
    "recordType": "0122S000000DLhf",
    "lead_source": "Web to Lead",
    "00N2S000007RuM4": "",
    "00N2S000007RuME": "",
    "00N2S000007RuMT": "",
    "00N2S000007RuMP": "",
    "oid": "00D3I0000008lXO"
}
2023-10-11T14:36:20+00:00 INFO actualiza usuario:
{
    "first_name": "Francisco",
    "last_name": "Aranguiz Romero",
    "email": "rojoca1485@xgh6.com",
    "company": "",
    "00Nf400000TUbiN": "78945613",
    "00Nf400000TUZxw": "",
    "00N2S000006lwOz": "1",
    "00Nf400000TUZxq": "79879798",
    "00N2S000006lxYR": "",
    "00N2S000006lxYW": "",
    "country": "PE",
    "city": "Lima",
    "state": "LMA",
    "00Nf400000TUZxy": "f078",
    "00Nf400000TUZy9": "82",
    "00Nf400000TUZyL": "s751",
    "recordType": "0122S000000DLhf",
    "lead_source": "Web to Lead",
    "00N2S000007RuM4": "",
    "00N2S000007RuME": "",
    "00N2S000007RuMT": "",
    "00N2S000007RuMP": "",
    "oid": "00D3I0000008lXO"
}
2023-10-11T14:39:11+00:00 INFO nuevo usuario:
{
    "first_name": "ELIZABETH PRUEBA",
    "last_name": "SAN MARTIN PRUEBA",
    "company": "ELIZABETH PRUEBA SAN MARTIN PRUEBA",
    "email": "tiprueba16@gmail.com",
    "00Nf400000TUbiN": "989338404",
    "00N2S000007Bt0I": 1,
    "00Nf400000TUZxy": "f077",
    "00Nf400000TUZy9": "82",
    "00Nf400000TUZyL": "s751",
    "recordType": "0122S000000DLhf",
    "00N2S000007S7ro": "11\/10\/2023",
    "lead_source": "Web to Lead",
    "oid": "00D3I0000008lXO"
}
2023-10-11T15:50:57+00:00 INFO actualiza usuario:
{
    "first_name": "Prueba",
    "last_name": "Radar",
    "email": "rodolfo.aranguiz@radar.cl",
    "company": "mi emperesa",
    "00Nf400000TUbiN": "63496774",
    "00Nf400000TUZxw": "",
    "00N2S000006lwOz": "1",
    "00Nf400000TUZxq": "17244050",
    "00N2S000006lxYR": "",
    "00N2S000006lxYW": "",
    "country": "CL",
    "city": "PUENTE ALTO",
    "state": "CL-RM",
    "00Nf400000TUZxy": "f078",
    "00Nf400000TUZy9": "82",
    "00Nf400000TUZyL": "s751",
    "recordType": "0122S000000DLhf",
    "lead_source": "Web to Lead",
    "00N2S000007RuM4": "",
    "00N2S000007RuME": "",
    "00N2S000007RuMT": "",
    "00N2S000007RuMP": "",
    "oid": "00D3I0000008lXO"
}
2023-10-11T15:53:37+00:00 INFO actualiza usuario:
{
    "first_name": "Yerko",
    "last_name": "Soto",
    "email": "rodolfo.aranguiz@radar.cl",
    "company": "mi emperesa",
    "00Nf400000TUbiN": "63496774",
    "00Nf400000TUZxw": "",
    "00N2S000006lwOz": "1",
    "00Nf400000TUZxq": "17244050",
    "00N2S000006lxYR": "",
    "00N2S000006lxYW": "",
    "country": "CL",
    "city": "PUENTE ALTO",
    "state": "CL-RM",
    "00Nf400000TUZxy": "f078",
    "00Nf400000TUZy9": "82",
    "00Nf400000TUZyL": "s751",
    "recordType": "0122S000000DLhf",
    "lead_source": "Web to Lead",
    "00N2S000007RuM4": "",
    "00N2S000007RuME": "",
    "00N2S000007RuMT": "",
    "00N2S000007RuMP": "",
    "oid": "00D3I0000008lXO"
}
2023-10-11T15:53:37+00:00 INFO actualiza usuario:
{
    "first_name": "Yerko",
    "last_name": "Soto",
    "email": "rodolfo.aranguiz@radar.cl",
    "company": "Rodolfo Aranguiz",
    "00Nf400000TUbiN": "63496774",
    "00Nf400000TUZxw": "",
    "00N2S000006lwOz": "1",
    "00Nf400000TUZxq": "17244050",
    "00N2S000006lxYR": "",
    "00N2S000006lxYW": "",
    "country": "CL",
    "city": "PUENTE ALTO",
    "state": "CL-RM",
    "00Nf400000TUZxy": "f078",
    "00Nf400000TUZy9": "82",
    "00Nf400000TUZyL": "s751",
    "recordType": "0122S000000DLhf",
    "lead_source": "Web to Lead",
    "00N2S000007RuM4": "",
    "00N2S000007RuME": "",
    "00N2S000007RuMT": "",
    "00N2S000007RuMP": "",
    "oid": "00D3I0000008lXO"
}
2023-10-11T15:53:37+00:00 INFO actualiza usuario:
{
    "first_name": "Yerko",
    "last_name": "Soto",
    "email": "yerko.soto@radar.cl",
    "company": "mi emperesa",
    "00Nf400000TUbiN": "63496774",
    "00Nf400000TUZxw": "26\/09\/1989",
    "00N2S000006lwOz": "1",
    "00Nf400000TUZxq": "17244050",
    "00N2S000006lxYR": "T\u00e9cnico completo",
    "00N2S000006lxYW": "Trabajo independiente",
    "country": "CL",
    "city": "PUENTE ALTO",
    "state": "CL-RM",
    "00Nf400000TUZxy": "f078",
    "00Nf400000TUZy9": "82",
    "00Nf400000TUZyL": "s751",
    "recordType": "0122S000000DLhf",
    "lead_source": "Web to Lead",
    "00N2S000007RuM4": "Administraci\u00f3n",
    "00N2S000007RuME": "Contabilidad y Finanzas",
    "00N2S000007RuMT": "Membres\u00edas",
    "00N2S000007RuMP": "Operaciones y Log\u00edstica",
    "oid": "00D3I0000008lXO"
}
2023-10-11T15:55:21+00:00 INFO actualiza usuario:
{
    "first_name": "Yerko",
    "last_name": "Soto",
    "email": "rodolfo.aranguiz@radar.cl",
    "company": "Rodolfo Aranguiz",
    "00Nf400000TUbiN": "63496774",
    "00Nf400000TUZxw": "",
    "00N2S000006lwOz": "1",
    "00Nf400000TUZxq": "17244050",
    "00N2S000006lxYR": "",
    "00N2S000006lxYW": "",
    "country": "CL",
    "city": "PUENTE ALTO",
    "state": "CL-RM",
    "00Nf400000TUZxy": "f078",
    "00Nf400000TUZy9": "82",
    "00Nf400000TUZyL": "s751",
    "recordType": "0122S000000DLhf",
    "lead_source": "Web to Lead",
    "00N2S000007RuM4": "",
    "00N2S000007RuME": "",
    "00N2S000007RuMT": "",
    "00N2S000007RuMP": "",
    "oid": "00D3I0000008lXO"
}
2023-10-11T15:55:21+00:00 INFO actualiza usuario:
{
    "first_name": "Yerko",
    "last_name": "Soto",
    "email": "rodolfo.aranguiz@radar.cl",
    "company": "Yerko Soto",
    "00Nf400000TUbiN": "63496774",
    "00Nf400000TUZxw": "",
    "00N2S000006lwOz": "1",
    "00Nf400000TUZxq": "17244050",
    "00N2S000006lxYR": "",
    "00N2S000006lxYW": "",
    "country": "CL",
    "city": "PUENTE ALTO",
    "state": "CL-RM",
    "00Nf400000TUZxy": "f078",
    "00Nf400000TUZy9": "82",
    "00Nf400000TUZyL": "s751",
    "recordType": "0122S000000DLhf",
    "lead_source": "Web to Lead",
    "00N2S000007RuM4": "",
    "00N2S000007RuME": "",
    "00N2S000007RuMT": "",
    "00N2S000007RuMP": "",
    "oid": "00D3I0000008lXO"
}
2023-10-11T15:55:22+00:00 INFO actualiza usuario:
{
    "first_name": "Yerko",
    "last_name": "Soto",
    "email": "yerko.soto@radar.cl",
    "company": "Rodolfo Aranguiz",
    "00Nf400000TUbiN": "63496774",
    "00Nf400000TUZxw": "26\/09\/1989",
    "00N2S000006lwOz": "1",
    "00Nf400000TUZxq": "17244050",
    "00N2S000006lxYR": "T\u00e9cnico completo",
    "00N2S000006lxYW": "Trabajo independiente",
    "country": "CL",
    "city": "PUENTE ALTO",
    "state": "CL-RM",
    "00Nf400000TUZxy": "f078",
    "00Nf400000TUZy9": "82",
    "00Nf400000TUZyL": "s751",
    "recordType": "0122S000000DLhf",
    "lead_source": "Web to Lead",
    "00N2S000007RuM4": "Administraci\u00f3n",
    "00N2S000007RuME": "Contabilidad y Finanzas",
    "00N2S000007RuMT": "Membres\u00edas",
    "00N2S000007RuMP": "Operaciones y Log\u00edstica",
    "oid": "00D3I0000008lXO"
}
2023-10-11T16:14:48+00:00 INFO actualiza usuario:
{
    "first_name": "Cesar Aurelio",
    "last_name": "Alfaro Estela",
    "email": "calfaro@isil.pe",
    "company": "",
    "00Nf400000TUbiN": "",
    "00Nf400000TUZxw": "",
    "00N2S000006lwOz": "1",
    "00Nf400000TUZxq": "44000413",
    "00N2S000006lxYR": "",
    "00N2S000006lxYW": "",
    "country": "PE",
    "city": "Lima",
    "state": "LMA",
    "00Nf400000TUZxy": "f078",
    "00Nf400000TUZy9": "82",
    "00Nf400000TUZyL": "s751",
    "recordType": "0122S000000DLhf",
    "lead_source": "Web to Lead",
    "00N2S000007RuM4": "",
    "00N2S000007RuME": "",
    "00N2S000007RuMT": "",
    "00N2S000007RuMP": "",
    "oid": "00D3I0000008lXO"
}
2023-10-11T16:17:13+00:00 INFO actualiza usuario:
{
    "first_name": "Cesar Aurelio",
    "last_name": "Alfaro Estela",
    "email": "calfaro@isil.pe",
    "company": "",
    "00Nf400000TUbiN": "",
    "00Nf400000TUZxw": "",
    "00N2S000006lwOz": "1",
    "00Nf400000TUZxq": "44000413",
    "00N2S000006lxYR": "",
    "00N2S000006lxYW": "",
    "country": "PE",
    "city": "Lima",
    "state": "LMA",
    "00Nf400000TUZxy": "f078",
    "00Nf400000TUZy9": "82",
    "00Nf400000TUZyL": "s751",
    "recordType": "0122S000000DLhf",
    "lead_source": "Web to Lead",
    "00N2S000007RuM4": "",
    "00N2S000007RuME": "",
    "00N2S000007RuMT": "",
    "00N2S000007RuMP": "",
    "oid": "00D3I0000008lXO"
}
2023-10-11T16:19:35+00:00 INFO nuevo usuario:
{
    "first_name": "PRUEBA18",
    "last_name": "TEST18",
    "company": "PRUEBA18 TEST18",
    "email": "tiprueba18@gmail.com",
    "00Nf400000TUbiN": "989338406",
    "00N2S000007Bt0I": 1,
    "00Nf400000TUZxy": "f077",
    "00Nf400000TUZy9": "82",
    "00Nf400000TUZyL": "s751",
    "recordType": "0122S000000DLhf",
    "00N2S000007S7ro": "11\/10\/2023",
    "lead_source": "Web to Lead",
    "oid": "00D3I0000008lXO"
}
2023-10-11T16:27:32+00:00 INFO nuevo usuario:
{
    "first_name": "Cesar Aurelio",
    "last_name": "Alfaro Estela",
    "company": "Cesar Aurelio Alfaro Estela",
    "email": "calfaro@isil.pe",
    "00Nf400000TUbiN": "",
    "00N2S000007Bt0I": 1,
    "00Nf400000TUZxy": "f077",
    "00Nf400000TUZy9": "82",
    "00Nf400000TUZyL": "s751",
    "recordType": "0122S000000DLhf",
    "00N2S000007S7ro": "11\/10\/2023",
    "lead_source": "Web to Lead",
    "oid": "00D3I0000008lXO"
}
2023-10-11T16:52:28+00:00 INFO nuevo usuario:
{
    "first_name": "MANUEL",
    "last_name": "ARANGUIZ",
    "company": "MANUEL ARANGUIZ",
    "email": "rojoca1485@xgh6.com",
    "00Nf400000TUbiN": "78945613",
    "00N2S000007Bt0I": 1,
    "00Nf400000TUZxy": "f077",
    "00Nf400000TUZy9": "82",
    "00Nf400000TUZyL": "s751",
    "recordType": "0122S000000DLhf",
    "00N2S000007S7ro": "11\/10\/2023",
    "lead_source": "Web to Lead",
    "oid": "00D3I0000008lXO"
}
2023-10-11T16:57:15+00:00 INFO nuevo usuario:
{
    "first_name": "Manuel Romero",
    "last_name": "Antiguay",
    "company": "Manuel Romero Antiguay",
    "email": "psichomantis@gmail.com",
    "00Nf400000TUbiN": "",
    "00N2S000007Bt0I": 1,
    "00Nf400000TUZxy": "f077",
    "00Nf400000TUZy9": "82",
    "00Nf400000TUZyL": "s751",
    "recordType": "0122S000000DLhf",
    "00N2S000007S7ro": "11\/10\/2023",
    "lead_source": "Web to Lead",
    "oid": "00D3I0000008lXO"
}
2023-10-11T16:59:47+00:00 INFO nuevo usuario:
{
    "first_name": "MANUEL",
    "last_name": "ARANGUIZ",
    "company": "MANUEL ARANGUIZ",
    "email": "rojoca1485@xgh6.com",
    "00Nf400000TUbiN": "78945613",
    "00N2S000007Bt0I": 1,
    "00Nf400000TUZxy": "f077",
    "00Nf400000TUZy9": "82",
    "00Nf400000TUZyL": "s751",
    "recordType": "0122S000000DLhf",
    "00N2S000007S7ro": "11\/10\/2023",
    "lead_source": "Web to Lead",
    "oid": "00D3I0000008lXO"
}
2023-10-11T17:01:35+00:00 INFO nuevo usuario:
{
    "first_name": "Cesar Aurelio",
    "last_name": "Alfaro Estela",
    "company": "Cesar Aurelio Alfaro Estela",
    "email": "calfaro@isil.pe",
    "00Nf400000TUbiN": "",
    "00N2S000007Bt0I": 1,
    "00Nf400000TUZxy": "f077",
    "00Nf400000TUZy9": "82",
    "00Nf400000TUZyL": "s751",
    "recordType": "0122S000000DLhf",
    "00N2S000007S7ro": "11\/10\/2023",
    "lead_source": "Web to Lead",
    "oid": "00D3I0000008lXO"
}
2023-10-11T17:27:18+00:00 INFO nuevo usuario:
{
    "first_name": "Cesar Aurelio",
    "last_name": "Alfaro Estela",
    "company": "Cesar Aurelio Alfaro Estela",
    "email": "calfaro@isil.pe",
    "00Nf400000TUbiN": "",
    "00N2S000007Bt0I": 1,
    "00Nf400000TUZxy": "f077",
    "00Nf400000TUZy9": "82",
    "00Nf400000TUZyL": "s751",
    "recordType": "0122S000000DLhf",
    "00N2S000007S7ro": "11\/10\/2023",
    "lead_source": "Web to Lead",
    "oid": "00D3I0000008lXO"
}
2023-10-11T17:30:13+00:00 INFO nuevo usuario:
{
    "first_name": "Cesar Aurelio",
    "last_name": "Alfaro Estela",
    "company": "Cesar Aurelio Alfaro Estela",
    "email": "calfaro@isil.pe",
    "00Nf400000TUbiN": "",
    "00N2S000007Bt0I": 1,
    "00Nf400000TUZxy": "f077",
    "00Nf400000TUZy9": "82",
    "00Nf400000TUZyL": "s751",
    "recordType": "0122S000000DLhf",
    "00N2S000007S7ro": "11\/10\/2023",
    "lead_source": "Web to Lead",
    "oid": "00D3I0000008lXO"
}
2023-10-11T17:34:30+00:00 INFO nuevo usuario:
{
    "first_name": "Cesar Aurelio",
    "last_name": "Alfaro Estela",
    "company": "Cesar Aurelio Alfaro Estela",
    "email": "calfaro@isil.pe",
    "00Nf400000TUbiN": "",
    "00N2S000007Bt0I": 1,
    "00Nf400000TUZxy": "f077",
    "00Nf400000TUZy9": "82",
    "00Nf400000TUZyL": "s751",
    "recordType": "0122S000000DLhf",
    "00N2S000007S7ro": "11\/10\/2023",
    "lead_source": "Web to Lead",
    "oid": "00D3I0000008lXO"
}
2023-10-11T17:42:56+00:00 INFO nuevo usuario:
{
    "first_name": "KATYA PRUEBA",
    "last_name": "GARVICH PRUEBA",
    "company": "KATYA PRUEBA GARVICH PRUEBA",
    "email": "tiprueba15@gmail.com",
    "00Nf400000TUbiN": "989338405",
    "00N2S000007Bt0I": 1,
    "00Nf400000TUZxy": "f077",
    "00Nf400000TUZy9": "82",
    "00Nf400000TUZyL": "s751",
    "recordType": "0122S000000DLhf",
    "00N2S000007S7ro": "11\/10\/2023",
    "lead_source": "Web to Lead",
    "oid": "00D3I0000008lXO"
}
2023-10-11T17:47:58+00:00 INFO actualiza usuario:
{
    "first_name": "Katya Prueba",
    "last_name": "Garvich Prueba",
    "email": "tiprueba15@gmail.com",
    "company": "",
    "00Nf400000TUbiN": "989338405",
    "00Nf400000TUZxw": "",
    "00N2S000006lwOz": "1",
    "00Nf400000TUZxq": "45508146",
    "00N2S000006lxYR": "",
    "00N2S000006lxYW": "",
    "country": "PL",
    "city": "Polonia",
    "state": "",
    "00Nf400000TUZxy": "f078",
    "00Nf400000TUZy9": "82",
    "00Nf400000TUZyL": "s751",
    "recordType": "0122S000000DLhf",
    "lead_source": "Web to Lead",
    "00N2S000007RuM4": "",
    "00N2S000007RuME": "",
    "00N2S000007RuMT": "",
    "00N2S000007RuMP": "",
    "oid": "00D3I0000008lXO"
}
2023-10-11T17:47:59+00:00 INFO actualiza usuario:
{
    "first_name": "KATYA PRUEBA",
    "last_name": "GARVICH PRUEBA",
    "email": "tiprueba15@gmail.com",
    "company": "KATYA PRUEBA GARVICH PRUEBA",
    "00Nf400000TUbiN": "989338405",
    "00Nf400000TUZxw": "",
    "00N2S000006lwOz": "1",
    "00Nf400000TUZxq": "45508146",
    "00N2S000006lxYR": "",
    "00N2S000006lxYW": "",
    "country": "PL",
    "city": "Polonia",
    "state": "",
    "00Nf400000TUZxy": "f078",
    "00Nf400000TUZy9": "82",
    "00Nf400000TUZyL": "s751",
    "recordType": "0122S000000DLhf",
    "lead_source": "Web to Lead",
    "00N2S000007RuM4": "",
    "00N2S000007RuME": "",
    "00N2S000007RuMT": "",
    "00N2S000007RuMP": "",
    "oid": "00D3I0000008lXO"
}
2023-10-11T17:47:59+00:00 INFO actualiza usuario:
{
    "first_name": "KATYA PRUEBA",
    "last_name": "GARVICH PRUEBA",
    "email": "tiprueba15@gmail.com",
    "company": "",
    "00Nf400000TUbiN": "989338405",
    "00Nf400000TUZxw": "31\/01\/2012",
    "00N2S000006lwOz": "1",
    "00Nf400000TUZxq": "45508146",
    "00N2S000006lxYR": "T\u00e9cnico incompleto",
    "00N2S000006lxYW": "Trabajo independiente",
    "country": "PL",
    "city": "Polonia",
    "state": "",
    "00Nf400000TUZxy": "f078",
    "00Nf400000TUZy9": "82",
    "00Nf400000TUZyL": "s751",
    "recordType": "0122S000000DLhf",
    "lead_source": "Web to Lead",
    "00N2S000007RuM4": "Membres\u00edas",
    "00N2S000007RuME": "Hoteler\u00eda y turismo",
    "00N2S000007RuMT": "Gesti\u00f3n del Talento",
    "00N2S000007RuMP": "Dise\u00f1o de Interiores",
    "oid": "00D3I0000008lXO"
}
2023-10-11T17:50:39+00:00 INFO actualiza usuario:
{
    "first_name": "KATYA PRUEBA",
    "last_name": "GARVICH PRUEBA",
    "email": "tiprueba15@gmail.com",
    "company": "KATYA PRUEBA GARVICH PRUEBA",
    "00Nf400000TUbiN": "989338405",
    "00Nf400000TUZxw": "",
    "00N2S000006lwOz": "1",
    "00Nf400000TUZxq": "45508146",
    "00N2S000006lxYR": "",
    "00N2S000006lxYW": "",
    "country": "PL",
    "city": "Polonia",
    "state": "",
    "00Nf400000TUZxy": "f078",
    "00Nf400000TUZy9": "82",
    "00Nf400000TUZyL": "s751",
    "recordType": "0122S000000DLhf",
    "lead_source": "Web to Lead",
    "00N2S000007RuM4": "",
    "00N2S000007RuME": "",
    "00N2S000007RuMT": "",
    "00N2S000007RuMP": "",
    "oid": "00D3I0000008lXO"
}
2023-10-11T17:50:40+00:00 INFO actualiza usuario:
{
    "first_name": "KATYA PRUEBA",
    "last_name": "GARVICH PRUEBA",
    "email": "tiprueba15@gmail.com",
    "company": "KATYA PRUEBA GARVICH PRUEBA",
    "00Nf400000TUbiN": "989338405",
    "00Nf400000TUZxw": "",
    "00N2S000006lwOz": "1",
    "00Nf400000TUZxq": "45508146",
    "00N2S000006lxYR": "",
    "00N2S000006lxYW": "",
    "country": "PL",
    "city": "Polonia",
    "state": "",
    "00Nf400000TUZxy": "f078",
    "00Nf400000TUZy9": "82",
    "00Nf400000TUZyL": "s751",
    "recordType": "0122S000000DLhf",
    "lead_source": "Web to Lead",
    "00N2S000007RuM4": "",
    "00N2S000007RuME": "",
    "00N2S000007RuMT": "",
    "00N2S000007RuMP": "",
    "oid": "00D3I0000008lXO"
}
2023-10-11T17:50:40+00:00 INFO actualiza usuario:
{
    "first_name": "KATYA PRUEBA",
    "last_name": "GARVICH PRUEBA",
    "email": "tiprueba15@gmail.com",
    "company": "KATYA PRUEBA GARVICH PRUEBA",
    "00Nf400000TUbiN": "989338405",
    "00Nf400000TUZxw": "27\/01\/2012",
    "00N2S000006lwOz": "1",
    "00Nf400000TUZxq": "45508146",
    "00N2S000006lxYR": "T\u00e9cnico incompleto",
    "00N2S000006lxYW": "Trabajo independiente",
    "country": "PL",
    "city": "Polonia",
    "state": "",
    "00Nf400000TUZxy": "f078",
    "00Nf400000TUZy9": "82",
    "00Nf400000TUZyL": "s751",
    "recordType": "0122S000000DLhf",
    "lead_source": "Web to Lead",
    "00N2S000007RuM4": "Membres\u00edas",
    "00N2S000007RuME": "Hoteler\u00eda y turismo",
    "00N2S000007RuMT": "Gesti\u00f3n del Talento",
    "00N2S000007RuMP": "Dise\u00f1o de Interiores",
    "oid": "00D3I0000008lXO"
}
2023-10-11T17:51:12+00:00 INFO actualiza usuario:
{
    "first_name": "KATYA PRUEBA",
    "last_name": "GARVICH PRUEBA",
    "email": "tiprueba15@gmail.com",
    "company": "KATYA PRUEBA GARVICH PRUEBA",
    "00Nf400000TUbiN": "989338405",
    "00Nf400000TUZxw": "",
    "00N2S000006lwOz": "1",
    "00Nf400000TUZxq": "45508146",
    "00N2S000006lxYR": "",
    "00N2S000006lxYW": "",
    "country": "PL",
    "city": "Polonia",
    "state": "",
    "00Nf400000TUZxy": "f078",
    "00Nf400000TUZy9": "82",
    "00Nf400000TUZyL": "s751",
    "recordType": "0122S000000DLhf",
    "lead_source": "Web to Lead",
    "00N2S000007RuM4": "",
    "00N2S000007RuME": "",
    "00N2S000007RuMT": "",
    "00N2S000007RuMP": "",
    "oid": "00D3I0000008lXO"
}
2023-10-11T17:51:13+00:00 INFO actualiza usuario:
{
    "first_name": "KATYA PRUEBA",
    "last_name": "GARVICH PRUEBA",
    "email": "tiprueba15@gmail.com",
    "company": "KATYA PRUEBA GARVICH PRUEBA",
    "00Nf400000TUbiN": "989338405",
    "00Nf400000TUZxw": "",
    "00N2S000006lwOz": "1",
    "00Nf400000TUZxq": "45508146",
    "00N2S000006lxYR": "",
    "00N2S000006lxYW": "",
    "country": "PL",
    "city": "Polonia",
    "state": "",
    "00Nf400000TUZxy": "f078",
    "00Nf400000TUZy9": "82",
    "00Nf400000TUZyL": "s751",
    "recordType": "0122S000000DLhf",
    "lead_source": "Web to Lead",
    "00N2S000007RuM4": "",
    "00N2S000007RuME": "",
    "00N2S000007RuMT": "",
    "00N2S000007RuMP": "",
    "oid": "00D3I0000008lXO"
}
2023-10-11T17:51:13+00:00 INFO actualiza usuario:
{
    "first_name": "KATYA PRUEBA",
    "last_name": "GARVICH PRUEBA",
    "email": "tiprueba15@gmail.com",
    "company": "KATYA PRUEBA GARVICH PRUEBA",
    "00Nf400000TUbiN": "989338405",
    "00Nf400000TUZxw": "16\/12\/2015",
    "00N2S000006lwOz": "1",
    "00Nf400000TUZxq": "45508146",
    "00N2S000006lxYR": "T\u00e9cnico incompleto",
    "00N2S000006lxYW": "Trabajo independiente",
    "country": "PL",
    "city": "Polonia",
    "state": "",
    "00Nf400000TUZxy": "f078",
    "00Nf400000TUZy9": "82",
    "00Nf400000TUZyL": "s751",
    "recordType": "0122S000000DLhf",
    "lead_source": "Web to Lead",
    "00N2S000007RuM4": "Membres\u00edas",
    "00N2S000007RuME": "Hoteler\u00eda y turismo",
    "00N2S000007RuMT": "Gesti\u00f3n del Talento",
    "00N2S000007RuMP": "Dise\u00f1o de Interiores",
    "oid": "00D3I0000008lXO"
}
2023-10-11T18:00:54+00:00 INFO nuevo usuario:
{
    "first_name": "MANUEL",
    "last_name": "ARANGUIZ",
    "company": "MANUEL ARANGUIZ",
    "email": "rojoca1485@xgh6.com",
    "00Nf400000TUbiN": "78945613",
    "00N2S000007Bt0I": 1,
    "00Nf400000TUZxy": "f077",
    "00Nf400000TUZy9": "82",
    "00Nf400000TUZyL": "s751",
    "recordType": "0122S000000DLhf",
    "00N2S000007S7ro": "11\/10\/2023",
    "lead_source": "Web to Lead",
    "oid": "00D3I0000008lXO"
}
2023-10-11T18:03:34+00:00 INFO nuevo usuario:
{
    "first_name": "ELIZABETH",
    "last_name": "TEST PRUEBITA",
    "company": "ELIZABETH TEST PRUEBITA",
    "email": "dultanagna@gufum.com",
    "00Nf400000TUbiN": "989338403",
    "00N2S000007Bt0I": 1,
    "00Nf400000TUZxy": "f077",
    "00Nf400000TUZy9": "82",
    "00Nf400000TUZyL": "s751",
    "recordType": "0122S000000DLhf",
    "00N2S000007S7ro": "11\/10\/2023",
    "lead_source": "Web to Lead",
    "oid": "00D3I0000008lXO"
}
2023-10-11T18:08:52+00:00 INFO actualiza usuario:
{
    "first_name": "Yerko",
    "last_name": "Soto",
    "email": "rodolfo.aranguiz@radar.cl",
    "company": "Yerko Soto",
    "00Nf400000TUbiN": "63496774",
    "00Nf400000TUZxw": "",
    "00N2S000006lwOz": "1",
    "00Nf400000TUZxq": "17244050",
    "00N2S000006lxYR": "",
    "00N2S000006lxYW": "",
    "country": "CL",
    "city": "PUENTE ALTO",
    "state": "CL-RM",
    "00Nf400000TUZxy": "f078",
    "00Nf400000TUZy9": "82",
    "00Nf400000TUZyL": "s751",
    "recordType": "0122S000000DLhf",
    "lead_source": "Web to Lead",
    "00N2S000007RuM4": "",
    "00N2S000007RuME": "",
    "00N2S000007RuMT": "",
    "00N2S000007RuMP": "",
    "oid": "00D3I0000008lXO"
}
2023-10-11T18:08:52+00:00 INFO actualiza usuario:
{
    "first_name": "Yerko",
    "last_name": "Soto",
    "email": "rodolfo.aranguiz@radar.cl",
    "company": "Yerko Soto",
    "00Nf400000TUbiN": "63496774",
    "00Nf400000TUZxw": "",
    "00N2S000006lwOz": "1",
    "00Nf400000TUZxq": "17244050",
    "00N2S000006lxYR": "",
    "00N2S000006lxYW": "",
    "country": "CL",
    "city": "PUENTE ALTO",
    "state": "CL-RM",
    "00Nf400000TUZxy": "f078",
    "00Nf400000TUZy9": "82",
    "00Nf400000TUZyL": "s751",
    "recordType": "0122S000000DLhf",
    "lead_source": "Web to Lead",
    "00N2S000007RuM4": "",
    "00N2S000007RuME": "",
    "00N2S000007RuMT": "",
    "00N2S000007RuMP": "",
    "oid": "00D3I0000008lXO"
}
2023-10-11T18:08:52+00:00 INFO actualiza usuario:
{
    "first_name": "Yerko",
    "last_name": "Soto",
    "email": "yerko.soto@radar.cl",
    "company": "Yerko Soto",
    "00Nf400000TUbiN": "63496774",
    "00Nf400000TUZxw": "26\/09\/1989",
    "00N2S000006lwOz": "1",
    "00Nf400000TUZxq": "17244050",
    "00N2S000006lxYR": "T\u00e9cnico completo",
    "00N2S000006lxYW": "Trabajo independiente",
    "country": "CL",
    "city": "PUENTE ALTO",
    "state": "CL-RM",
    "00Nf400000TUZxy": "f078",
    "00Nf400000TUZy9": "82",
    "00Nf400000TUZyL": "s751",
    "recordType": "0122S000000DLhf",
    "lead_source": "Web to Lead",
    "00N2S000007RuM4": "Administraci\u00f3n",
    "00N2S000007RuME": "Contabilidad y Finanzas",
    "00N2S000007RuMT": "Membres\u00edas",
    "00N2S000007RuMP": "Operaciones y Log\u00edstica",
    "oid": "00D3I0000008lXO"
}
2023-10-11T18:08:53+00:00 INFO actualiza usuario:
{
    "first_name": "Yerko",
    "last_name": "Soto",
    "email": "rodolfo.aranguiz@radar.cl",
    "company": "Yerko Soto",
    "00Nf400000TUbiN": "63496774",
    "00Nf400000TUZxw": "",
    "00N2S000006lwOz": "1",
    "00Nf400000TUZxq": "17244050",
    "00N2S000006lxYR": "",
    "00N2S000006lxYW": "",
    "country": "CL",
    "city": "PUENTE ALTO",
    "state": "CL-RM",
    "00Nf400000TUZxy": "f078",
    "00Nf400000TUZy9": "82",
    "00Nf400000TUZyL": "s751",
    "recordType": "0122S000000DLhf",
    "lead_source": "Web to Lead",
    "00N2S000007RuM4": "",
    "00N2S000007RuME": "",
    "00N2S000007RuMT": "",
    "00N2S000007RuMP": "",
    "oid": "00D3I0000008lXO"
}
2023-10-11T18:08:54+00:00 INFO actualiza usuario:
{
    "first_name": "Yerko",
    "last_name": "Soto",
    "email": "rodolfo.aranguiz@radar.cl",
    "company": "Yerko Soto",
    "00Nf400000TUbiN": "63496774",
    "00Nf400000TUZxw": "",
    "00N2S000006lwOz": "1",
    "00Nf400000TUZxq": "17244050",
    "00N2S000006lxYR": "",
    "00N2S000006lxYW": "",
    "country": "CL",
    "city": "PUENTE ALTO",
    "state": "CL-RM",
    "00Nf400000TUZxy": "f078",
    "00Nf400000TUZy9": "82",
    "00Nf400000TUZyL": "s751",
    "recordType": "0122S000000DLhf",
    "lead_source": "Web to Lead",
    "00N2S000007RuM4": "",
    "00N2S000007RuME": "",
    "00N2S000007RuMT": "",
    "00N2S000007RuMP": "",
    "oid": "00D3I0000008lXO"
}
2023-10-11T18:08:54+00:00 INFO actualiza usuario:
{
    "first_name": "Yerko",
    "last_name": "Soto",
    "email": "yerko.soto@radar.cl",
    "company": "Yerko Soto",
    "00Nf400000TUbiN": "63496774",
    "00Nf400000TUZxw": "26\/09\/1989",
    "00N2S000006lwOz": "1",
    "00Nf400000TUZxq": "17244050",
    "00N2S000006lxYR": "T\u00e9cnico completo",
    "00N2S000006lxYW": "Trabajo independiente",
    "country": "CL",
    "city": "PUENTE ALTO",
    "state": "CL-RM",
    "00Nf400000TUZxy": "f078",
    "00Nf400000TUZy9": "82",
    "00Nf400000TUZyL": "s751",
    "recordType": "0122S000000DLhf",
    "lead_source": "Web to Lead",
    "00N2S000007RuM4": "Administraci\u00f3n",
    "00N2S000007RuME": "Contabilidad y Finanzas",
    "00N2S000007RuMT": "Membres\u00edas",
    "00N2S000007RuMP": "Operaciones y Log\u00edstica",
    "oid": "00D3I0000008lXO"
}
2023-10-11T18:15:32+00:00 INFO nuevo usuario:
{
    "first_name": "Cesar Aurelio",
    "last_name": "Alfaro Estela",
    "company": "Cesar Aurelio Alfaro Estela",
    "email": "calfaro@isil.pe",
    "00Nf400000TUbiN": "",
    "00N2S000007Bt0I": 1,
    "00Nf400000TUZxy": "f077",
    "00Nf400000TUZy9": "82",
    "00Nf400000TUZyL": "s751",
    "recordType": "0122S000000DLhf",
    "00N2S000007S7ro": "11\/10\/2023",
    "lead_source": "Web to Lead",
    "oid": "00D3I0000008lXO"
}
2023-10-11T18:38:58+00:00 INFO nuevo usuario:
{
    "first_name": "PRUEBA18",
    "last_name": "TEST18",
    "company": "PRUEBA18 TEST18",
    "email": "tiprueba18@gmail.com",
    "00Nf400000TUbiN": "989338406",
    "00N2S000007Bt0I": 1,
    "00Nf400000TUZxy": "f077",
    "00Nf400000TUZy9": "82",
    "00Nf400000TUZyL": "s751",
    "recordType": "0122S000000DLhf",
    "00N2S000007S7ro": "11\/10\/2023",
    "lead_source": "Web to Lead",
    "oid": "00D3I0000008lXO"
}
2023-10-11T18:39:58+00:00 INFO nuevo usuario:
{
    "first_name": "ELIZABETH PRUEBA",
    "last_name": "SAN MARTIN PRUEBA",
    "company": "ELIZABETH PRUEBA SAN MARTIN PRUEBA",
    "email": "tiprueba16@gmail.com",
    "00Nf400000TUbiN": "989338404",
    "00N2S000007Bt0I": 1,
    "00Nf400000TUZxy": "f077",
    "00Nf400000TUZy9": "82",
    "00Nf400000TUZyL": "s751",
    "recordType": "0122S000000DLhf",
    "00N2S000007S7ro": "11\/10\/2023",
    "lead_source": "Web to Lead",
    "oid": "00D3I0000008lXO"
}
2023-10-11T18:55:29+00:00 INFO nuevo usuario:
{
    "first_name": "Cesar Aurelio",
    "last_name": "Alfaro Estela",
    "company": "Cesar Aurelio Alfaro Estela",
    "email": "calfaro@isil.pe",
    "00Nf400000TUbiN": "",
    "00N2S000007Bt0I": 1,
    "00Nf400000TUZxy": "f077",
    "00Nf400000TUZy9": "82",
    "00Nf400000TUZyL": "s751",
    "recordType": "0122S000000DLhf",
    "00N2S000007S7ro": "11\/10\/2023",
    "lead_source": "Web to Lead",
    "oid": "00D3I0000008lXO"
}
2023-10-11T18:56:37+00:00 INFO nuevo usuario:
{
    "first_name": "Cesar Aurelio",
    "last_name": "Alfaro Estela",
    "company": "Cesar Aurelio Alfaro Estela",
    "email": "calfaro@isil.pe",
    "00Nf400000TUbiN": "",
    "00N2S000007Bt0I": 1,
    "00Nf400000TUZxy": "f077",
    "00Nf400000TUZy9": "82",
    "00Nf400000TUZyL": "s751",
    "recordType": "0122S000000DLhf",
    "00N2S000007S7ro": "11\/10\/2023",
    "lead_source": "Web to Lead",
    "oid": "00D3I0000008lXO"
}
2023-10-11T18:58:24+00:00 INFO nuevo usuario:
{
    "first_name": "Cesar Aurelio",
    "last_name": "Alfaro Estela",
    "company": "Cesar Aurelio Alfaro Estela",
    "email": "calfaro@isil.pe",
    "00Nf400000TUbiN": "",
    "00N2S000007Bt0I": 1,
    "00Nf400000TUZxy": "f077",
    "00Nf400000TUZy9": "82",
    "00Nf400000TUZyL": "s751",
    "recordType": "0122S000000DLhf",
    "00N2S000007S7ro": "11\/10\/2023",
    "lead_source": "Web to Lead",
    "oid": "00D3I0000008lXO"
}
2023-10-11T19:10:53+00:00 INFO nuevo usuario:
{
    "first_name": "MANUEL",
    "last_name": "ARANGUIZ",
    "company": "MANUEL ARANGUIZ",
    "email": "rojoca1485@xgh6.com",
    "00Nf400000TUbiN": "78945613",
    "00N2S000007Bt0I": 1,
    "00Nf400000TUZxy": "f077",
    "00Nf400000TUZy9": "82",
    "00Nf400000TUZyL": "s751",
    "recordType": "0122S000000DLhf",
    "00N2S000007S7ro": "11\/10\/2023",
    "lead_source": "Web to Lead",
    "oid": "00D3I0000008lXO"
}
2023-10-11T19:14:29+00:00 INFO nuevo usuario:
{
    "first_name": "DEKURAPTOR",
    "last_name": "DEKURAPTOR",
    "company": "DEKURAPTOR DEKURAPTOR",
    "email": "dekuraptor@gmail.com",
    "00Nf400000TUbiN": "+56948421832",
    "00N2S000007Bt0I": 1,
    "00Nf400000TUZxy": "f077",
    "00Nf400000TUZy9": "82",
    "00Nf400000TUZyL": "s751",
    "recordType": "0122S000000DLhf",
    "00N2S000007S7ro": "11\/10\/2023",
    "lead_source": "Web to Lead",
    "oid": "00D3I0000008lXO"
}
2023-10-11T19:16:01+00:00 INFO actualiza usuario:
{
    "first_name": "Yerko",
    "last_name": "Soto",
    "email": "dekuraptor@gmail.com",
    "company": "",
    "00Nf400000TUbiN": "+56948421832",
    "00Nf400000TUZxw": "",
    "00N2S000006lwOz": "1",
    "00Nf400000TUZxq": "16952438",
    "00N2S000006lxYR": "",
    "00N2S000006lxYW": "",
    "country": "RS",
    "city": "PUDAHUEL",
    "state": "RS24",
    "00Nf400000TUZxy": "f078",
    "00Nf400000TUZy9": "82",
    "00Nf400000TUZyL": "s751",
    "recordType": "0122S000000DLhf",
    "lead_source": "Web to Lead",
    "00N2S000007RuM4": "",
    "00N2S000007RuME": "",
    "00N2S000007RuMT": "",
    "00N2S000007RuMP": "",
    "oid": "00D3I0000008lXO"
}
2023-10-11T19:16:02+00:00 INFO actualiza usuario:
{
    "first_name": "DEKURAPTOR",
    "last_name": "DEKURAPTOR",
    "email": "dekuraptor@gmail.com",
    "company": "DEKURAPTOR DEKURAPTOR",
    "00Nf400000TUbiN": "+56948421832",
    "00Nf400000TUZxw": "",
    "00N2S000006lwOz": "1",
    "00Nf400000TUZxq": "16952438",
    "00N2S000006lxYR": "",
    "00N2S000006lxYW": "",
    "country": "RS",
    "city": "PUDAHUEL",
    "state": "RS24",
    "00Nf400000TUZxy": "f078",
    "00Nf400000TUZy9": "82",
    "00Nf400000TUZyL": "s751",
    "recordType": "0122S000000DLhf",
    "lead_source": "Web to Lead",
    "00N2S000007RuM4": "",
    "00N2S000007RuME": "",
    "00N2S000007RuMT": "",
    "00N2S000007RuMP": "",
    "oid": "00D3I0000008lXO"
}
2023-10-11T19:16:02+00:00 INFO actualiza usuario:
{
    "first_name": "DEKURAPTOR",
    "last_name": "DEKURAPTOR",
    "email": "dekuraptor@gmail.com",
    "company": "",
    "00Nf400000TUbiN": "+56948421832",
    "00Nf400000TUZxw": "01\/01\/1970",
    "00N2S000006lwOz": "1",
    "00Nf400000TUZxq": "16952438",
    "00N2S000006lxYR": "T\u00e9cnico completo",
    "00N2S000006lxYW": "Trabajo dependiente",
    "country": "RS",
    "city": "PUDAHUEL",
    "state": "RS24",
    "00Nf400000TUZxy": "f078",
    "00Nf400000TUZy9": "82",
    "00Nf400000TUZyL": "s751",
    "recordType": "0122S000000DLhf",
    "lead_source": "Web to Lead",
    "00N2S000007RuM4": "Marketing Digital",
    "00N2S000007RuME": "Marketing Digital",
    "00N2S000007RuMT": "Habilidades blandas",
    "00N2S000007RuMP": "Master Class",
    "oid": "00D3I0000008lXO"
}
2023-10-11T19:17:04+00:00 INFO nuevo usuario:
{
    "first_name": "Manuel Romero",
    "last_name": "Antiguay",
    "company": "Manuel Romero Antiguay",
    "email": "psichomantis@gmail.com",
    "00Nf400000TUbiN": "",
    "00N2S000007Bt0I": 1,
    "00Nf400000TUZxy": "f077",
    "00Nf400000TUZy9": "82",
    "00Nf400000TUZyL": "s751",
    "recordType": "0122S000000DLhf",
    "00N2S000007S7ro": "11\/10\/2023",
    "lead_source": "Web to Lead",
    "oid": "00D3I0000008lXO"
}
2023-10-11T19:19:48+00:00 INFO nuevo usuario:
{
    "first_name": "DEKURAPTOR",
    "last_name": "DEKURAPTOR",
    "company": "DEKURAPTOR DEKURAPTOR",
    "email": "dekuraptor@gmail.com",
    "00Nf400000TUbiN": "+56948421832",
    "00N2S000007Bt0I": 1,
    "00Nf400000TUZxy": "f077",
    "00Nf400000TUZy9": "82",
    "00Nf400000TUZyL": "s751",
    "recordType": "0122S000000DLhf",
    "00N2S000007S7ro": "11\/10\/2023",
    "lead_source": "Web to Lead",
    "oid": "00D3I0000008lXO"
}
2023-10-11T19:20:51+00:00 INFO nuevo usuario:
{
    "first_name": "DEKURAPTOR",
    "last_name": "DEKURAPTOR",
    "company": "DEKURAPTOR DEKURAPTOR",
    "email": "dekuraptor@gmail.com",
    "00Nf400000TUbiN": "+56948421832",
    "00N2S000007Bt0I": 1,
    "00Nf400000TUZxy": "f077",
    "00Nf400000TUZy9": "82",
    "00Nf400000TUZyL": "s751",
    "recordType": "0122S000000DLhf",
    "00N2S000007S7ro": "11\/10\/2023",
    "lead_source": "Web to Lead",
    "oid": "00D3I0000008lXO"
}
2023-10-11T19:23:58+00:00 INFO nuevo usuario:
{
    "first_name": "DEKURAPTOR",
    "last_name": "DEKURAPTOR",
    "company": "DEKURAPTOR DEKURAPTOR",
    "email": "dekuraptor@gmail.com",
    "00Nf400000TUbiN": "+56948421832",
    "00N2S000007Bt0I": 1,
    "00Nf400000TUZxy": "f077",
    "00Nf400000TUZy9": "82",
    "00Nf400000TUZyL": "s751",
    "recordType": "0122S000000DLhf",
    "00N2S000007S7ro": "11\/10\/2023",
    "lead_source": "Web to Lead",
    "oid": "00D3I0000008lXO"
}
2023-10-11T19:27:06+00:00 INFO nuevo usuario:
{
    "first_name": "Manuel Romero",
    "last_name": "Antiguay",
    "company": "Manuel Romero Antiguay",
    "email": "psichomantis@gmail.com",
    "00Nf400000TUbiN": "",
    "00N2S000007Bt0I": 1,
    "00Nf400000TUZxy": "f077",
    "00Nf400000TUZy9": "82",
    "00Nf400000TUZyL": "s751",
    "recordType": "0122S000000DLhf",
    "00N2S000007S7ro": "11\/10\/2023",
    "lead_source": "Web to Lead",
    "oid": "00D3I0000008lXO"
}
2023-10-11T19:27:46+00:00 INFO nuevo usuario:
{
    "first_name": "DEKURAPTOR",
    "last_name": "DEKURAPTOR",
    "company": "DEKURAPTOR DEKURAPTOR",
    "email": "dekuraptor@gmail.com",
    "00Nf400000TUbiN": "+56948421832",
    "00N2S000007Bt0I": 1,
    "00Nf400000TUZxy": "f077",
    "00Nf400000TUZy9": "82",
    "00Nf400000TUZyL": "s751",
    "recordType": "0122S000000DLhf",
    "00N2S000007S7ro": "11\/10\/2023",
    "lead_source": "Web to Lead",
    "oid": "00D3I0000008lXO"
}
2023-10-11T19:29:50+00:00 INFO nuevo usuario:
{
    "first_name": "Manuel Romero",
    "last_name": "Antiguay",
    "company": "Manuel Romero Antiguay",
    "email": "psichomantis@gmail.com",
    "00Nf400000TUbiN": "",
    "00N2S000007Bt0I": 1,
    "00Nf400000TUZxy": "f077",
    "00Nf400000TUZy9": "82",
    "00Nf400000TUZyL": "s751",
    "recordType": "0122S000000DLhf",
    "00N2S000007S7ro": "11\/10\/2023",
    "lead_source": "Web to Lead",
    "oid": "00D3I0000008lXO"
}
2023-10-11T19:30:20+00:00 INFO nuevo usuario:
{
    "first_name": "Manuel Romero",
    "last_name": "Antiguay",
    "company": "Manuel Romero Antiguay",
    "email": "psichomantis@gmail.com",
    "00Nf400000TUbiN": "",
    "00N2S000007Bt0I": 1,
    "00Nf400000TUZxy": "f077",
    "00Nf400000TUZy9": "82",
    "00Nf400000TUZyL": "s751",
    "recordType": "0122S000000DLhf",
    "00N2S000007S7ro": "11\/10\/2023",
    "lead_source": "Web to Lead",
    "oid": "00D3I0000008lXO"
}
2023-10-11T19:31:26+00:00 INFO nuevo usuario:
{
    "first_name": "Manuel Romero",
    "last_name": "Antiguay",
    "company": "Manuel Romero Antiguay",
    "email": "psichomantis@gmail.com",
    "00Nf400000TUbiN": "",
    "00N2S000007Bt0I": 1,
    "00Nf400000TUZxy": "f077",
    "00Nf400000TUZy9": "82",
    "00Nf400000TUZyL": "s751",
    "recordType": "0122S000000DLhf",
    "00N2S000007S7ro": "11\/10\/2023",
    "lead_source": "Web to Lead",
    "oid": "00D3I0000008lXO"
}
2023-10-11T19:36:35+00:00 INFO nuevo usuario:
{
    "first_name": "DEKURAPTOR",
    "last_name": "DEKURAPTOR",
    "company": "DEKURAPTOR DEKURAPTOR",
    "email": "dekuraptor@gmail.com",
    "00Nf400000TUbiN": "+56948421832",
    "00N2S000007Bt0I": 1,
    "00Nf400000TUZxy": "f077",
    "00Nf400000TUZy9": "82",
    "00Nf400000TUZyL": "s751",
    "recordType": "0122S000000DLhf",
    "00N2S000007S7ro": "11\/10\/2023",
    "lead_source": "Web to Lead",
    "oid": "00D3I0000008lXO"
}
2023-10-11T19:37:03+00:00 INFO nuevo usuario:
{
    "first_name": "MANUEL",
    "last_name": "ARANGUIZ",
    "company": "MANUEL ARANGUIZ",
    "email": "rojoca1485@xgh6.com",
    "00Nf400000TUbiN": "78945613",
    "00N2S000007Bt0I": 1,
    "00Nf400000TUZxy": "f077",
    "00Nf400000TUZy9": "82",
    "00Nf400000TUZyL": "s751",
    "recordType": "0122S000000DLhf",
    "00N2S000007S7ro": "11\/10\/2023",
    "lead_source": "Web to Lead",
    "oid": "00D3I0000008lXO"
}
2023-10-11T19:39:00+00:00 INFO nuevo usuario:
{
    "first_name": "Yerko",
    "last_name": "Soto",
    "company": "Yerko Soto",
    "email": "dekuraptor@gmail.com",
    "00Nf400000TUbiN": "+56948421832",
    "00N2S000007Bt0I": 1,
    "00Nf400000TUZxy": "f077",
    "00Nf400000TUZy9": "82",
    "00Nf400000TUZyL": "s751",
    "recordType": "0122S000000DLhf",
    "00N2S000007S7ro": "11\/10\/2023",
    "lead_source": "Web to Lead",
    "oid": "00D3I0000008lXO"
}
2023-10-11T19:39:27+00:00 INFO actualiza usuario:
{
    "first_name": "DEKURAPTOR",
    "last_name": "DEKURAPTOR",
    "email": "dekuraptor@gmail.com",
    "company": "DEKURAPTOR DEKURAPTOR",
    "00Nf400000TUbiN": "+56948421832",
    "00Nf400000TUZxw": "",
    "00N2S000006lwOz": "1",
    "00Nf400000TUZxq": "16952438",
    "00N2S000006lxYR": "",
    "00N2S000006lxYW": "",
    "country": "RS",
    "city": "PUDAHUEL",
    "state": "RS24",
    "00Nf400000TUZxy": "f078",
    "00Nf400000TUZy9": "82",
    "00Nf400000TUZyL": "s751",
    "recordType": "0122S000000DLhf",
    "lead_source": "Web to Lead",
    "00N2S000007RuM4": "",
    "00N2S000007RuME": "",
    "00N2S000007RuMT": "",
    "00N2S000007RuMP": "",
    "oid": "00D3I0000008lXO"
}
2023-10-11T19:39:28+00:00 INFO actualiza usuario:
{
    "first_name": "Yerko",
    "last_name": "Soto",
    "email": "dekuraptor@gmail.com",
    "company": "Yerko Soto",
    "00Nf400000TUbiN": "+56948421832",
    "00Nf400000TUZxw": "",
    "00N2S000006lwOz": "1",
    "00Nf400000TUZxq": "16952438",
    "00N2S000006lxYR": "",
    "00N2S000006lxYW": "",
    "country": "RS",
    "city": "PUDAHUEL",
    "state": "RS24",
    "00Nf400000TUZxy": "f078",
    "00Nf400000TUZy9": "82",
    "00Nf400000TUZyL": "s751",
    "recordType": "0122S000000DLhf",
    "lead_source": "Web to Lead",
    "00N2S000007RuM4": "",
    "00N2S000007RuME": "",
    "00N2S000007RuMT": "",
    "00N2S000007RuMP": "",
    "oid": "00D3I0000008lXO"
}
2023-10-11T19:39:28+00:00 INFO actualiza usuario:
{
    "first_name": "Yerko",
    "last_name": "Soto",
    "email": "dekuraptor@gmail.com",
    "company": "DEKURAPTOR DEKURAPTOR",
    "00Nf400000TUbiN": "+56948421832",
    "00Nf400000TUZxw": "09\/10\/2023",
    "00N2S000006lwOz": "1",
    "00Nf400000TUZxq": "16952438",
    "00N2S000006lxYR": "Universitario incompleto",
    "00N2S000006lxYW": "Trabajo dependiente",
    "country": "RS",
    "city": "PUDAHUEL",
    "state": "RS24",
    "00Nf400000TUZxy": "f078",
    "00Nf400000TUZy9": "82",
    "00Nf400000TUZyL": "s751",
    "recordType": "0122S000000DLhf",
    "lead_source": "Web to Lead",
    "00N2S000007RuM4": "Master Class",
    "00N2S000007RuME": "Marketing Digital",
    "00N2S000007RuMT": "Habilidades blandas",
    "00N2S000007RuMP": "Master Class",
    "oid": "00D3I0000008lXO"
}
2023-10-11T19:48:06+00:00 INFO nuevo usuario:
{
    "first_name": "Yerko",
    "last_name": "Soto",
    "company": "Yerko Soto",
    "email": "contacto@comiqueros.cl",
    "00Nf400000TUbiN": "+56948421832",
    "00N2S000007Bt0I": 1,
    "00Nf400000TUZxy": "f077",
    "00Nf400000TUZy9": "82",
    "00Nf400000TUZyL": "s751",
    "recordType": "0122S000000DLhf",
    "00N2S000007S7ro": "11\/10\/2023",
    "lead_source": "Web to Lead",
    "oid": "00D3I0000008lXO"
}
2023-10-11T19:52:26+00:00 INFO nuevo usuario:
{
    "first_name": "Yerko",
    "last_name": "Soto",
    "company": "Yerko Soto",
    "email": "dekuraptor@gmail.com",
    "00Nf400000TUbiN": "+56948421832",
    "00N2S000007Bt0I": 1,
    "00Nf400000TUZxy": "f077",
    "00Nf400000TUZy9": "82",
    "00Nf400000TUZyL": "s751",
    "recordType": "0122S000000DLhf",
    "00N2S000007S7ro": "11\/10\/2023",
    "lead_source": "Web to Lead",
    "oid": "00D3I0000008lXO"
}
2023-10-11T19:57:48+00:00 INFO nuevo usuario:
{
    "first_name": "Manuel Romero",
    "last_name": "Antiguay",
    "company": "Manuel Romero Antiguay",
    "email": "psichomantis@gmail.com",
    "00Nf400000TUbiN": "",
    "00N2S000007Bt0I": 1,
    "00Nf400000TUZxy": "f077",
    "00Nf400000TUZy9": "82",
    "00Nf400000TUZyL": "s751",
    "recordType": "0122S000000DLhf",
    "00N2S000007S7ro": "11\/10\/2023",
    "lead_source": "Web to Lead",
    "oid": "00D3I0000008lXO"
}
2023-10-11T20:05:00+00:00 INFO nuevo usuario:
{
    "first_name": "Manuel",
    "last_name": "Romero",
    "company": "Manuel Romero",
    "email": "dr_hemmerick@hotmail.com",
    "00Nf400000TUbiN": "",
    "00N2S000007Bt0I": 1,
    "00Nf400000TUZxy": "f077",
    "00Nf400000TUZy9": "82",
    "00Nf400000TUZyL": "s751",
    "recordType": "0122S000000DLhf",
    "00N2S000007S7ro": "11\/10\/2023",
    "lead_source": "Web to Lead",
    "oid": "00D3I0000008lXO"
}
2023-10-11T20:07:48+00:00 INFO nuevo usuario:
{
    "first_name": "Manuel",
    "last_name": "Romero",
    "company": "Manuel Romero",
    "email": "dr_hemmerick@hotmail.com",
    "00Nf400000TUbiN": "",
    "00N2S000007Bt0I": 1,
    "00Nf400000TUZxy": "f077",
    "00Nf400000TUZy9": "82",
    "00Nf400000TUZyL": "s751",
    "recordType": "0122S000000DLhf",
    "00N2S000007S7ro": "11\/10\/2023",
    "lead_source": "Web to Lead",
    "oid": "00D3I0000008lXO"
}
2023-10-11T20:14:21+00:00 INFO nuevo usuario:
{
    "first_name": "Joseph",
    "last_name": "Jjs",
    "company": "Joseph Jjs",
    "email": "jjjs12@hotmail.com",
    "00Nf400000TUbiN": "",
    "00N2S000007Bt0I": 1,
    "00Nf400000TUZxy": "f077",
    "00Nf400000TUZy9": "82",
    "00Nf400000TUZyL": "s751",
    "recordType": "0122S000000DLhf",
    "00N2S000007S7ro": "11\/10\/2023",
    "lead_source": "Web to Lead",
    "oid": "00D3I0000008lXO"
}
2023-10-11T20:15:20+00:00 INFO nuevo usuario:
{
    "first_name": "Joseph",
    "last_name": "Jjs",
    "company": "Joseph Jjs",
    "email": "jjjs12@hotmail.com",
    "00Nf400000TUbiN": "",
    "00N2S000007Bt0I": 1,
    "00Nf400000TUZxy": "f077",
    "00Nf400000TUZy9": "82",
    "00Nf400000TUZyL": "s751",
    "recordType": "0122S000000DLhf",
    "00N2S000007S7ro": "11\/10\/2023",
    "lead_source": "Web to Lead",
    "oid": "00D3I0000008lXO"
}
2023-10-11T20:16:32+00:00 INFO nuevo usuario:
{
    "first_name": "Joseph",
    "last_name": "Jjs",
    "company": "Joseph Jjs",
    "email": "jjjs12@hotmail.com",
    "00Nf400000TUbiN": "",
    "00N2S000007Bt0I": 1,
    "00Nf400000TUZxy": "f077",
    "00Nf400000TUZy9": "82",
    "00Nf400000TUZyL": "s751",
    "recordType": "0122S000000DLhf",
    "00N2S000007S7ro": "11\/10\/2023",
    "lead_source": "Web to Lead",
    "oid": "00D3I0000008lXO"
}
2023-10-11T20:19:09+00:00 INFO nuevo usuario:
{
    "first_name": "JOSEPH JESUS",
    "last_name": "JIMENEZ SANCHEZ",
    "company": "JOSEPH JESUS JIMENEZ SANCHEZ",
    "email": "JJJS0420@GMAIL.COM",
    "00Nf400000TUbiN": "",
    "00N2S000007Bt0I": 1,
    "00Nf400000TUZxy": "f077",
    "00Nf400000TUZy9": "82",
    "00Nf400000TUZyL": "s751",
    "recordType": "0122S000000DLhf",
    "00N2S000007S7ro": "11\/10\/2023",
    "lead_source": "Web to Lead",
    "oid": "00D3I0000008lXO"
}
2023-10-11T20:20:00+00:00 INFO nuevo usuario:
{
    "first_name": "JOSEPH JESUS",
    "last_name": "JIMENEZ SANCHEZ",
    "company": "JOSEPH JESUS JIMENEZ SANCHEZ",
    "email": "JJJS0420@GMAIL.COM",
    "00Nf400000TUbiN": "",
    "00N2S000007Bt0I": 1,
    "00Nf400000TUZxy": "f077",
    "00Nf400000TUZy9": "82",
    "00Nf400000TUZyL": "s751",
    "recordType": "0122S000000DLhf",
    "00N2S000007S7ro": "11\/10\/2023",
    "lead_source": "Web to Lead",
    "oid": "00D3I0000008lXO"
}
2023-10-11T20:22:43+00:00 INFO nuevo usuario:
{
    "first_name": "JOSEPH JESUS",
    "last_name": "JIMENEZ SANCHEZ",
    "company": "JOSEPH JESUS JIMENEZ SANCHEZ",
    "email": "JJJS0420@GMAIL.COM",
    "00Nf400000TUbiN": "",
    "00N2S000007Bt0I": 1,
    "00Nf400000TUZxy": "f077",
    "00Nf400000TUZy9": "82",
    "00Nf400000TUZyL": "s751",
    "recordType": "0122S000000DLhf",
    "00N2S000007S7ro": "11\/10\/2023",
    "lead_source": "Web to Lead",
    "oid": "00D3I0000008lXO"
}
2023-10-11T20:31:10+00:00 INFO nuevo usuario:
{
    "first_name": "JORGE LUIS",
    "last_name": "CHUNGA ZULOETA",
    "company": "JORGE LUIS CHUNGA ZULOETA",
    "email": "jchunga@isil.pe",
    "00Nf400000TUbiN": "968696500",
    "00N2S000007Bt0I": 1,
    "00Nf400000TUZxy": "f077",
    "00Nf400000TUZy9": "82",
    "00Nf400000TUZyL": "s751",
    "recordType": "0122S000000DLhf",
    "00N2S000007S7ro": "11\/10\/2023",
    "lead_source": "Web to Lead",
    "oid": "00D3I0000008lXO"
}
2023-10-11T20:34:07+00:00 INFO nuevo usuario:
{
    "first_name": "jorge luis",
    "last_name": "chunga zuloeta",
    "company": "jorge luis chunga zuloeta",
    "email": "jochuzu@gmail.com",
    "00Nf400000TUbiN": "",
    "00N2S000007Bt0I": 1,
    "00Nf400000TUZxy": "f077",
    "00Nf400000TUZy9": "82",
    "00Nf400000TUZyL": "s751",
    "recordType": "0122S000000DLhf",
    "00N2S000007S7ro": "11\/10\/2023",
    "lead_source": "Web to Lead",
    "oid": "00D3I0000008lXO"
}
2023-10-11T20:43:51+00:00 INFO actualiza usuario:
{
    "first_name": "Jorge Luis",
    "last_name": "Chunga Asenjo",
    "email": "jochuzu@gmail.com",
    "company": "",
    "00Nf400000TUbiN": "",
    "00Nf400000TUZxw": "",
    "00N2S000006lwOz": "1",
    "00Nf400000TUZxq": "16455957",
    "00N2S000006lxYR": "",
    "00N2S000006lxYW": "",
    "country": "PE",
    "city": "Chiclayo",
    "state": "LAM",
    "00Nf400000TUZxy": "f078",
    "00Nf400000TUZy9": "82",
    "00Nf400000TUZyL": "s751",
    "recordType": "0122S000000DLhf",
    "lead_source": "Web to Lead",
    "00N2S000007RuM4": "",
    "00N2S000007RuME": "",
    "00N2S000007RuMT": "",
    "00N2S000007RuMP": "",
    "oid": "00D3I0000008lXO"
}
2023-10-11T20:44:43+00:00 INFO actualiza usuario:
{
    "first_name": "Jorge Luis",
    "last_name": "Chunga Asenjo",
    "email": "jochuzu@gmail.com",
    "company": "",
    "00Nf400000TUbiN": "",
    "00Nf400000TUZxw": "",
    "00N2S000006lwOz": "1",
    "00Nf400000TUZxq": "16455957",
    "00N2S000006lxYR": "",
    "00N2S000006lxYW": "",
    "country": "PE",
    "city": "Chiclayo",
    "state": "LAM",
    "00Nf400000TUZxy": "f078",
    "00Nf400000TUZy9": "82",
    "00Nf400000TUZyL": "s751",
    "recordType": "0122S000000DLhf",
    "lead_source": "Web to Lead",
    "00N2S000007RuM4": "",
    "00N2S000007RuME": "",
    "00N2S000007RuMT": "",
    "00N2S000007RuMP": "",
    "oid": "00D3I0000008lXO"
}
2023-10-11T20:55:49+00:00 INFO nuevo usuario:
{
    "first_name": "Cesar Aurelio",
    "last_name": "Alfaro Estela",
    "company": "Cesar Aurelio Alfaro Estela",
    "email": "calfaro@isil.pe",
    "00Nf400000TUbiN": "",
    "00N2S000007Bt0I": 1,
    "00Nf400000TUZxy": "f077",
    "00Nf400000TUZy9": "82",
    "00Nf400000TUZyL": "s751",
    "recordType": "0122S000000DLhf",
    "00N2S000007S7ro": "11\/10\/2023",
    "lead_source": "Web to Lead",
    "oid": "00D3I0000008lXO"
}
2023-10-11T21:05:19+00:00 INFO nuevo usuario:
{
    "first_name": "KATIA ELIZABETH",
    "last_name": "GARVICH SAN MARTIN",
    "company": "KATIA ELIZABETH GARVICH SAN MARTIN",
    "email": "KATYAE16@HOTMAIL.COM",
    "00Nf400000TUbiN": "",
    "00N2S000007Bt0I": 1,
    "00Nf400000TUZxy": "f077",
    "00Nf400000TUZy9": "82",
    "00Nf400000TUZyL": "s751",
    "recordType": "0122S000000DLhf",
    "00N2S000007S7ro": "11\/10\/2023",
    "lead_source": "Web to Lead",
    "oid": "00D3I0000008lXO"
}
2023-10-11T21:20:26+00:00 INFO nuevo usuario:
{
    "first_name": "ELIZABETH PRUEBA",
    "last_name": "SAN MARTIN PRUEBA",
    "company": "ELIZABETH PRUEBA SAN MARTIN PRUEBA",
    "email": "tiprueba16@gmail.com",
    "00Nf400000TUbiN": "989338404",
    "00N2S000007Bt0I": 1,
    "00Nf400000TUZxy": "f077",
    "00Nf400000TUZy9": "82",
    "00Nf400000TUZyL": "s751",
    "recordType": "0122S000000DLhf",
    "00N2S000007S7ro": "11\/10\/2023",
    "lead_source": "Web to Lead",
    "oid": "00D3I0000008lXO"
}
2023-10-11T21:32:47+00:00 INFO actualiza usuario:
{
    "first_name": "Elizabeth Prueba",
    "last_name": "San Martin Prueba",
    "email": "tiprueba16@gmail.com",
    "company": "",
    "00Nf400000TUbiN": "989338404",
    "00Nf400000TUZxw": "",
    "00N2S000006lwOz": "1",
    "00Nf400000TUZxq": "45508140",
    "00N2S000006lxYR": "",
    "00N2S000006lxYW": "",
    "country": "PE",
    "city": "Lima",
    "state": "ANC",
    "00Nf400000TUZxy": "f078",
    "00Nf400000TUZy9": "82",
    "00Nf400000TUZyL": "s751",
    "recordType": "0122S000000DLhf",
    "lead_source": "Web to Lead",
    "00N2S000007RuM4": "",
    "00N2S000007RuME": "",
    "00N2S000007RuMT": "",
    "00N2S000007RuMP": "",
    "oid": "00D3I0000008lXO"
}
2023-10-11T21:41:39+00:00 INFO actualiza usuario:
{
    "first_name": "Elizabeth Prueba",
    "last_name": "San Martin Prueba",
    "email": "tiprueba16@gmail.com",
    "company": "",
    "00Nf400000TUbiN": "989338404",
    "00Nf400000TUZxw": "",
    "00N2S000006lwOz": "1",
    "00Nf400000TUZxq": "45508140",
    "00N2S000006lxYR": "",
    "00N2S000006lxYW": "",
    "country": "PE",
    "city": "Lima",
    "state": "ANC",
    "00Nf400000TUZxy": "f078",
    "00Nf400000TUZy9": "82",
    "00Nf400000TUZyL": "s751",
    "recordType": "0122S000000DLhf",
    "lead_source": "Web to Lead",
    "00N2S000007RuM4": "",
    "00N2S000007RuME": "",
    "00N2S000007RuMT": "",
    "00N2S000007RuMP": "",
    "oid": "00D3I0000008lXO"
}
2023-10-11T21:43:16+00:00 INFO actualiza usuario:
{
    "first_name": "Elizabeth Prueba",
    "last_name": "San Martin Prueba",
    "email": "tiprueba16@gmail.com",
    "company": "",
    "00Nf400000TUbiN": "989338404",
    "00Nf400000TUZxw": "",
    "00N2S000006lwOz": "1",
    "00Nf400000TUZxq": "45508140",
    "00N2S000006lxYR": "",
    "00N2S000006lxYW": "",
    "country": "PE",
    "city": "Lima",
    "state": "ANC",
    "00Nf400000TUZxy": "f078",
    "00Nf400000TUZy9": "82",
    "00Nf400000TUZyL": "s751",
    "recordType": "0122S000000DLhf",
    "lead_source": "Web to Lead",
    "00N2S000007RuM4": "",
    "00N2S000007RuME": "",
    "00N2S000007RuMT": "",
    "00N2S000007RuMP": "",
    "oid": "00D3I0000008lXO"
}
2023-10-11T21:45:32+00:00 INFO nuevo usuario:
{
    "first_name": "ELIZABETH PRUEBA",
    "last_name": "SAN MARTIN PRUEBA",
    "company": "ELIZABETH PRUEBA SAN MARTIN PRUEBA",
    "email": "tiprueba16@gmail.com",
    "00Nf400000TUbiN": "989338404",
    "00N2S000007Bt0I": 1,
    "00Nf400000TUZxy": "f077",
    "00Nf400000TUZy9": "82",
    "00Nf400000TUZyL": "s751",
    "recordType": "0122S000000DLhf",
    "00N2S000007S7ro": "11\/10\/2023",
    "lead_source": "Web to Lead",
    "oid": "00D3I0000008lXO"
}
2023-10-11T21:46:35+00:00 INFO actualiza usuario:
{
    "first_name": "Elizabeth Prueba",
    "last_name": "San Martin Prueba",
    "email": "tiprueba16@gmail.com",
    "company": "",
    "00Nf400000TUbiN": "989338404",
    "00Nf400000TUZxw": "",
    "00N2S000006lwOz": "1",
    "00Nf400000TUZxq": "45508140",
    "00N2S000006lxYR": "",
    "00N2S000006lxYW": "",
    "country": "PE",
    "city": "Lima",
    "state": "ANC",
    "00Nf400000TUZxy": "f078",
    "00Nf400000TUZy9": "82",
    "00Nf400000TUZyL": "s751",
    "recordType": "0122S000000DLhf",
    "lead_source": "Web to Lead",
    "00N2S000007RuM4": "",
    "00N2S000007RuME": "",
    "00N2S000007RuMT": "",
    "00N2S000007RuMP": "",
    "oid": "00D3I0000008lXO"
}
2023-10-11T21:49:31+00:00 INFO nuevo usuario:
{
    "first_name": "KATYA PRUEBA",
    "last_name": "GARVICH PRUEBA",
    "company": "KATYA PRUEBA GARVICH PRUEBA",
    "email": "tiprueba15@gmail.com",
    "00Nf400000TUbiN": "989338405",
    "00N2S000007Bt0I": 1,
    "00Nf400000TUZxy": "f077",
    "00Nf400000TUZy9": "82",
    "00Nf400000TUZyL": "s751",
    "recordType": "0122S000000DLhf",
    "00N2S000007S7ro": "11\/10\/2023",
    "lead_source": "Web to Lead",
    "oid": "00D3I0000008lXO"
}
2023-10-11T21:50:32+00:00 INFO actualiza usuario:
{
    "first_name": "KATYA PRUEBA",
    "last_name": "GARVICH PRUEBA",
    "email": "tiprueba15@gmail.com",
    "company": "KATYA PRUEBA GARVICH PRUEBA",
    "00Nf400000TUbiN": "989338405",
    "00Nf400000TUZxw": "",
    "00N2S000006lwOz": "1",
    "00Nf400000TUZxq": "45508146",
    "00N2S000006lxYR": "",
    "00N2S000006lxYW": "",
    "country": "PL",
    "city": "Polonia",
    "state": "",
    "00Nf400000TUZxy": "f078",
    "00Nf400000TUZy9": "82",
    "00Nf400000TUZyL": "s751",
    "recordType": "0122S000000DLhf",
    "lead_source": "Web to Lead",
    "00N2S000007RuM4": "",
    "00N2S000007RuME": "",
    "00N2S000007RuMT": "",
    "00N2S000007RuMP": "",
    "oid": "00D3I0000008lXO"
}
2023-10-11T21:55:07+00:00 INFO nuevo usuario:
{
    "first_name": "PRUEBA18",
    "last_name": "TEST18",
    "company": "PRUEBA18 TEST18",
    "email": "tiprueba18@gmail.com",
    "00Nf400000TUbiN": "989338406",
    "00N2S000007Bt0I": 1,
    "00Nf400000TUZxy": "f077",
    "00Nf400000TUZy9": "82",
    "00Nf400000TUZyL": "s751",
    "recordType": "0122S000000DLhf",
    "00N2S000007S7ro": "11\/10\/2023",
    "lead_source": "Web to Lead",
    "oid": "00D3I0000008lXO"
}
2023-10-11T21:56:11+00:00 INFO nuevo usuario:
{
    "first_name": "KATYA",
    "last_name": "TEST TESITO",
    "company": "KATYA TEST TESITO",
    "email": "xepixi4072@chambile.com",
    "00Nf400000TUbiN": "989338402",
    "00N2S000007Bt0I": 1,
    "00Nf400000TUZxy": "f077",
    "00Nf400000TUZy9": "82",
    "00Nf400000TUZyL": "s751",
    "recordType": "0122S000000DLhf",
    "00N2S000007S7ro": "11\/10\/2023",
    "lead_source": "Web to Lead",
    "oid": "00D3I0000008lXO"
}
2023-10-11T21:59:35+00:00 INFO nuevo usuario:
{
    "first_name": "Kevin",
    "last_name": "Zuloeta",
    "company": "Kevin Zuloeta",
    "email": "kevinchzu@gmail.com",
    "00Nf400000TUbiN": "",
    "00N2S000007Bt0I": 1,
    "00Nf400000TUZxy": "f077",
    "00Nf400000TUZy9": "82",
    "00Nf400000TUZyL": "s751",
    "recordType": "0122S000000DLhf",
    "00N2S000007S7ro": "11\/10\/2023",
    "lead_source": "Web to Lead",
    "oid": "00D3I0000008lXO"
}
2023-10-11T22:01:28+00:00 INFO nuevo usuario:
{
    "first_name": "KATYA PRUEBA",
    "last_name": "GARVICH PRUEBA",
    "company": "KATYA PRUEBA GARVICH PRUEBA",
    "email": "tiprueba15@gmail.com",
    "00Nf400000TUbiN": "989338405",
    "00N2S000007Bt0I": 1,
    "00Nf400000TUZxy": "f077",
    "00Nf400000TUZy9": "82",
    "00Nf400000TUZyL": "s751",
    "recordType": "0122S000000DLhf",
    "00N2S000007S7ro": "11\/10\/2023",
    "lead_source": "Web to Lead",
    "oid": "00D3I0000008lXO"
}
2023-10-11T22:02:27+00:00 INFO nuevo usuario:
{
    "first_name": "PRUEBA18",
    "last_name": "TEST18",
    "company": "PRUEBA18 TEST18",
    "email": "tiprueba18@gmail.com",
    "00Nf400000TUbiN": "989338406",
    "00N2S000007Bt0I": 1,
    "00Nf400000TUZxy": "f077",
    "00Nf400000TUZy9": "82",
    "00Nf400000TUZyL": "s751",
    "recordType": "0122S000000DLhf",
    "00N2S000007S7ro": "11\/10\/2023",
    "lead_source": "Web to Lead",
    "oid": "00D3I0000008lXO"
}
2023-10-11T22:02:56+00:00 INFO actualiza usuario:
{
    "first_name": "kevin",
    "last_name": "zuloeta",
    "email": "kevinchzu@gmail.com",
    "company": "",
    "00Nf400000TUbiN": "",
    "00Nf400000TUZxw": "",
    "00N2S000006lwOz": "1",
    "00Nf400000TUZxq": "72534867",
    "00N2S000006lxYR": "",
    "00N2S000006lxYW": "",
    "country": "PE",
    "city": "chiclayo",
    "state": "LAM",
    "00Nf400000TUZxy": "f078",
    "00Nf400000TUZy9": "82",
    "00Nf400000TUZyL": "s751",
    "recordType": "0122S000000DLhf",
    "lead_source": "Web to Lead",
    "00N2S000007RuM4": "",
    "00N2S000007RuME": "",
    "00N2S000007RuMT": "",
    "00N2S000007RuMP": "",
    "oid": "00D3I0000008lXO"
}
2023-10-11T22:03:51+00:00 INFO actualiza usuario:
{
    "first_name": "kevin",
    "last_name": "zuloeta",
    "email": "kevinchzu@gmail.com",
    "company": "",
    "00Nf400000TUbiN": "",
    "00Nf400000TUZxw": "",
    "00N2S000006lwOz": "1",
    "00Nf400000TUZxq": "72534867",
    "00N2S000006lxYR": "",
    "00N2S000006lxYW": "",
    "country": "PE",
    "city": "chiclayo",
    "state": "LAM",
    "00Nf400000TUZxy": "f078",
    "00Nf400000TUZy9": "82",
    "00Nf400000TUZyL": "s751",
    "recordType": "0122S000000DLhf",
    "lead_source": "Web to Lead",
    "00N2S000007RuM4": "",
    "00N2S000007RuME": "",
    "00N2S000007RuMT": "",
    "00N2S000007RuMP": "",
    "oid": "00D3I0000008lXO"
}
2023-10-11T22:04:16+00:00 INFO nuevo usuario:
{
    "first_name": "ELIZABETH",
    "last_name": "TEST PRUEBITA",
    "company": "ELIZABETH TEST PRUEBITA",
    "email": "dultanagna@gufum.com",
    "00Nf400000TUbiN": "989338403",
    "00N2S000007Bt0I": 1,
    "00Nf400000TUZxy": "f077",
    "00Nf400000TUZy9": "82",
    "00Nf400000TUZyL": "s751",
    "recordType": "0122S000000DLhf",
    "00N2S000007S7ro": "11\/10\/2023",
    "lead_source": "Web to Lead",
    "oid": "00D3I0000008lXO"
}
2023-10-11T22:05:20+00:00 INFO nuevo usuario:
{
    "first_name": "KATYA",
    "last_name": "TEST TESITO",
    "company": "KATYA TEST TESITO",
    "email": "xepixi4072@chambile.com",
    "00Nf400000TUbiN": "989338402",
    "00N2S000007Bt0I": 1,
    "00Nf400000TUZxy": "f077",
    "00Nf400000TUZy9": "82",
    "00Nf400000TUZyL": "s751",
    "recordType": "0122S000000DLhf",
    "00N2S000007S7ro": "11\/10\/2023",
    "lead_source": "Web to Lead",
    "oid": "00D3I0000008lXO"
}
2023-10-11T22:06:45+00:00 INFO actualiza usuario:
{
    "first_name": "Lucia Prueba",
    "last_name": "Test Prueba",
    "email": "xepixi4072@chambile.com",
    "company": "",
    "00Nf400000TUbiN": "989338402",
    "00Nf400000TUZxw": "",
    "00N2S000006lwOz": "1",
    "00Nf400000TUZxq": "95165420",
    "00N2S000006lxYR": "",
    "00N2S000006lxYW": "",
    "country": "CO",
    "city": "Chipre",
    "state": "CO-ATL",
    "00Nf400000TUZxy": "f078",
    "00Nf400000TUZy9": "82",
    "00Nf400000TUZyL": "s751",
    "recordType": "0122S000000DLhf",
    "lead_source": "Web to Lead",
    "00N2S000007RuM4": "",
    "00N2S000007RuME": "",
    "00N2S000007RuMT": "",
    "00N2S000007RuMP": "",
    "oid": "00D3I0000008lXO"
}
2023-10-11T22:11:42+00:00 INFO nuevo usuario:
{
    "first_name": "KATYA",
    "last_name": "TEST TESITO",
    "company": "KATYA TEST TESITO",
    "email": "xepixi4072@chambile.com",
    "00Nf400000TUbiN": "989338402",
    "00N2S000007Bt0I": 1,
    "00Nf400000TUZxy": "f077",
    "00Nf400000TUZy9": "82",
    "00Nf400000TUZyL": "s751",
    "recordType": "0122S000000DLhf",
    "00N2S000007S7ro": "11\/10\/2023",
    "lead_source": "Web to Lead",
    "oid": "00D3I0000008lXO"
}
2023-10-11T22:12:34+00:00 INFO nuevo usuario:
{
    "first_name": "KATIA ELIZABETH",
    "last_name": "GARVICH SAN MARTIN",
    "company": "KATIA ELIZABETH GARVICH SAN MARTIN",
    "email": "katyae16@hotmail.com",
    "00Nf400000TUbiN": "",
    "00N2S000007Bt0I": 1,
    "00Nf400000TUZxy": "f077",
    "00Nf400000TUZy9": "82",
    "00Nf400000TUZyL": "s751",
    "recordType": "0122S000000DLhf",
    "00N2S000007S7ro": "11\/10\/2023",
    "lead_source": "Web to Lead",
    "oid": "00D3I0000008lXO"
}
2023-10-11T22:24:41+00:00 INFO nuevo usuario:
{
    "first_name": "JORGE LUIS",
    "last_name": "CHUNGA ZULOETA",
    "company": "JORGE LUIS CHUNGA ZULOETA",
    "email": "jchunga@isil.pe",
    "00Nf400000TUbiN": "968696500",
    "00N2S000007Bt0I": 1,
    "00Nf400000TUZxy": "f077",
    "00Nf400000TUZy9": "82",
    "00Nf400000TUZyL": "s751",
    "recordType": "0122S000000DLhf",
    "00N2S000007S7ro": "11\/10\/2023",
    "lead_source": "Web to Lead",
    "oid": "00D3I0000008lXO"
}
2023-10-11T22:30:45+00:00 INFO nuevo usuario:
{
    "first_name": "JORGE LUIS",
    "last_name": "CHUNGA ZULOETA",
    "company": "JORGE LUIS CHUNGA ZULOETA",
    "email": "jchunga@isil.pe",
    "00Nf400000TUbiN": "968696500",
    "00N2S000007Bt0I": 1,
    "00Nf400000TUZxy": "f077",
    "00Nf400000TUZy9": "82",
    "00Nf400000TUZyL": "s751",
    "recordType": "0122S000000DLhf",
    "00N2S000007S7ro": "11\/10\/2023",
    "lead_source": "Web to Lead",
    "oid": "00D3I0000008lXO"
}
2023-10-11T22:43:32+00:00 INFO nuevo usuario:
{
    "first_name": "JORGE LUIS",
    "last_name": "CHUNGA ZULOETA",
    "company": "JORGE LUIS CHUNGA ZULOETA",
    "email": "jchunga@isil.pe",
    "00Nf400000TUbiN": "968696500",
    "00N2S000007Bt0I": 1,
    "00Nf400000TUZxy": "f077",
    "00Nf400000TUZy9": "82",
    "00Nf400000TUZyL": "s751",
    "recordType": "0122S000000DLhf",
    "00N2S000007S7ro": "11\/10\/2023",
    "lead_source": "Web to Lead",
    "oid": "00D3I0000008lXO"
}
2023-10-11T22:46:26+00:00 INFO nuevo usuario:
{
    "first_name": "JORGE LUIS",
    "last_name": "CHUNGA ZULOETA",
    "company": "JORGE LUIS CHUNGA ZULOETA",
    "email": "jchunga@isil.pe",
    "00Nf400000TUbiN": "968696500",
    "00N2S000007Bt0I": 1,
    "00Nf400000TUZxy": "f077",
    "00Nf400000TUZy9": "82",
    "00Nf400000TUZyL": "s751",
    "recordType": "0122S000000DLhf",
    "00N2S000007S7ro": "11\/10\/2023",
    "lead_source": "Web to Lead",
    "oid": "00D3I0000008lXO"
}
2023-10-11T22:51:01+00:00 INFO actualiza usuario:
{
    "first_name": "jorge luis",
    "last_name": "chunga zuloeta",
    "email": "jchunga@isil.pe",
    "company": "",
    "00Nf400000TUbiN": "968696500",
    "00Nf400000TUZxw": "",
    "00N2S000006lwOz": "1",
    "00Nf400000TUZxq": "72534868",
    "00N2S000006lxYR": "",
    "00N2S000006lxYW": "",
    "country": "PE",
    "city": "chiclayo",
    "state": "LAM",
    "00Nf400000TUZxy": "f078",
    "00Nf400000TUZy9": "82",
    "00Nf400000TUZyL": "s751",
    "recordType": "0122S000000DLhf",
    "lead_source": "Web to Lead",
    "00N2S000007RuM4": "",
    "00N2S000007RuME": "",
    "00N2S000007RuMT": "",
    "00N2S000007RuMP": "",
    "oid": "00D3I0000008lXO"
}
2023-10-11T22:51:56+00:00 INFO actualiza usuario:
{
    "first_name": "jorge luis",
    "last_name": "chunga zuloeta",
    "email": "jchunga@isil.pe",
    "company": "",
    "00Nf400000TUbiN": "968696500",
    "00Nf400000TUZxw": "",
    "00N2S000006lwOz": "1",
    "00Nf400000TUZxq": "72534868",
    "00N2S000006lxYR": "",
    "00N2S000006lxYW": "",
    "country": "PE",
    "city": "chiclayo",
    "state": "LAM",
    "00Nf400000TUZxy": "f078",
    "00Nf400000TUZy9": "82",
    "00Nf400000TUZyL": "s751",
    "recordType": "0122S000000DLhf",
    "lead_source": "Web to Lead",
    "00N2S000007RuM4": "",
    "00N2S000007RuME": "",
    "00N2S000007RuMT": "",
    "00N2S000007RuMP": "",
    "oid": "00D3I0000008lXO"
}
