2023-09-12T00:07:32+00:00 INFO nuevo usuario:
{
    "first_name": "RODOLFO",
    "last_name": "ARANGUIZ",
    "company": "RODOLFO ARANGUIZ",
    "email": "shinyi_01@hotmail.com",
    "00Nf400000TUbiN": "63496774",
    "00N2S000007Bt0I": 1,
    "00Nf400000TUZxy": "f077",
    "00Nf400000TUZy9": "82",
    "00Nf400000TUZyL": "s751",
    "recordType": "0122S000000DLhf",
    "00N2S000007S7ro": "12\/09\/2023",
    "lead_source": "Web to Lead",
    "oid": "00D3I0000008lXO"
}
2023-09-12T12:50:00+00:00 INFO nuevo usuario:
{
    "first_name": "RODOLFO",
    "last_name": "ARANGUIZ",
    "company": "RODOLFO ARANGUIZ",
    "email": "shinyi_01@hotmail.com",
    "00Nf400000TUbiN": "63496774",
    "00N2S000007Bt0I": 1,
    "00Nf400000TUZxy": "f077",
    "00Nf400000TUZy9": "82",
    "00Nf400000TUZyL": "s751",
    "recordType": "0122S000000DLhf",
    "00N2S000007S7ro": "12\/09\/2023",
    "lead_source": "Web to Lead",
    "oid": "00D3I0000008lXO"
}
2023-09-12T12:57:58+00:00 INFO actualiza usuario:
{
    "first_name": "Rodolfo",
    "last_name": "Aranguiz",
    "email": "shinyi_01@hotmail.com",
    "company": "",
    "00Nf400000TUbiN": "63496774",
    "00Nf400000TUZxw": "",
    "00N2S000006lwOz": "1",
    "00Nf400000TUZxq": "17244050",
    "00N2S000006lxYR": "",
    "00N2S000006lxYW": "",
    "country": "PE",
    "city": "puebla",
    "state": "LMA",
    "00Nf400000TUZxy": "f078",
    "00Nf400000TUZy9": "82",
    "00Nf400000TUZyL": "s751",
    "recordType": "0122S000000DLhf",
    "lead_source": "Web to Lead",
    "00N2S000007RuM4": "",
    "00N2S000007RuME": "",
    "00N2S000007RuMT": "",
    "00N2S000007RuMP": "",
    "oid": "00D3I0000008lXO"
}
2023-09-12T12:59:10+00:00 INFO actualiza usuario:
{
    "first_name": "Rodolfo",
    "last_name": "Aranguiz",
    "email": "shinyi_01@hotmail.com",
    "company": "",
    "00Nf400000TUbiN": "63496774",
    "00Nf400000TUZxw": "",
    "00N2S000006lwOz": "1",
    "00Nf400000TUZxq": "17244050",
    "00N2S000006lxYR": "",
    "00N2S000006lxYW": "",
    "country": "PE",
    "city": "puebla",
    "state": "LMA",
    "00Nf400000TUZxy": "f078",
    "00Nf400000TUZy9": "82",
    "00Nf400000TUZyL": "s751",
    "recordType": "0122S000000DLhf",
    "lead_source": "Web to Lead",
    "00N2S000007RuM4": "",
    "00N2S000007RuME": "",
    "00N2S000007RuMT": "",
    "00N2S000007RuMP": "",
    "oid": "00D3I0000008lXO"
}
2023-09-12T12:59:23+00:00 INFO actualiza usuario:
{
    "first_name": "Rodolfo",
    "last_name": "Aranguiz",
    "email": "shinyi_01@hotmail.com",
    "company": "",
    "00Nf400000TUbiN": "63496774",
    "00Nf400000TUZxw": "",
    "00N2S000006lwOz": "1",
    "00Nf400000TUZxq": "17244050",
    "00N2S000006lxYR": "",
    "00N2S000006lxYW": "",
    "country": "PE",
    "city": "puebla",
    "state": "LMA",
    "00Nf400000TUZxy": "f078",
    "00Nf400000TUZy9": "82",
    "00Nf400000TUZyL": "s751",
    "recordType": "0122S000000DLhf",
    "lead_source": "Web to Lead",
    "00N2S000007RuM4": "",
    "00N2S000007RuME": "",
    "00N2S000007RuMT": "",
    "00N2S000007RuMP": "",
    "oid": "00D3I0000008lXO"
}
2023-09-12T13:00:08+00:00 INFO actualiza usuario:
{
    "first_name": "Rodolfo",
    "last_name": "Aranguiz",
    "email": "shinyi_01@hotmail.com",
    "company": "",
    "00Nf400000TUbiN": "63496774",
    "00Nf400000TUZxw": "",
    "00N2S000006lwOz": "1",
    "00Nf400000TUZxq": "17244050",
    "00N2S000006lxYR": "",
    "00N2S000006lxYW": "",
    "country": "PE",
    "city": "puebla",
    "state": "LMA",
    "00Nf400000TUZxy": "f078",
    "00Nf400000TUZy9": "82",
    "00Nf400000TUZyL": "s751",
    "recordType": "0122S000000DLhf",
    "lead_source": "Web to Lead",
    "00N2S000007RuM4": "",
    "00N2S000007RuME": "",
    "00N2S000007RuMT": "",
    "00N2S000007RuMP": "",
    "oid": "00D3I0000008lXO"
}
2023-09-12T13:00:09+00:00 INFO actualiza usuario:
{
    "first_name": "RODOLFO",
    "last_name": "ARANGUIZ",
    "email": "shinyi_01@hotmail.com",
    "company": "",
    "00Nf400000TUbiN": "63496774",
    "00Nf400000TUZxw": "",
    "00N2S000006lwOz": "1",
    "00Nf400000TUZxq": "17244050",
    "00N2S000006lxYR": "",
    "00N2S000006lxYW": "",
    "country": "PE",
    "city": "puebla",
    "state": "LMA",
    "00Nf400000TUZxy": "f078",
    "00Nf400000TUZy9": "82",
    "00Nf400000TUZyL": "s751",
    "recordType": "0122S000000DLhf",
    "lead_source": "Web to Lead",
    "00N2S000007RuM4": "",
    "00N2S000007RuME": "",
    "00N2S000007RuMT": "",
    "00N2S000007RuMP": "",
    "oid": "00D3I0000008lXO"
}
2023-09-12T13:00:09+00:00 INFO actualiza usuario:
{
    "first_name": "RODOLFO",
    "last_name": "ARANGUIZ",
    "email": "shinyi_01@hotmail.com",
    "company": "",
    "00Nf400000TUbiN": "63496774",
    "00Nf400000TUZxw": "14\/09\/2023",
    "00N2S000006lwOz": "1",
    "00Nf400000TUZxq": "17244050",
    "00N2S000006lxYR": "T\u00e9cnico completo",
    "00N2S000006lxYW": "Desempleado(a)",
    "country": "PE",
    "city": "puebla",
    "state": "LMA",
    "00Nf400000TUZxy": "f078",
    "00Nf400000TUZy9": "82",
    "00Nf400000TUZyL": "s751",
    "recordType": "0122S000000DLhf",
    "lead_source": "Web to Lead",
    "00N2S000007RuM4": "Comercial",
    "00N2S000007RuME": "Comunicaciones",
    "00N2S000007RuMT": "Dise\u00f1o de Interiores",
    "00N2S000007RuMP": "Contabilidad y Finanzas",
    "oid": "00D3I0000008lXO"
}
2023-09-12T13:04:10+00:00 INFO nuevo usuario:
{
    "first_name": "MANUEL",
    "last_name": "ARANGUIZ",
    "company": "MANUEL ARANGUIZ",
    "email": "rojoca1485@xgh6.com",
    "00Nf400000TUbiN": "78945613",
    "00N2S000007Bt0I": 1,
    "00Nf400000TUZxy": "f077",
    "00Nf400000TUZy9": "82",
    "00Nf400000TUZyL": "s751",
    "recordType": "0122S000000DLhf",
    "00N2S000007S7ro": "12\/09\/2023",
    "lead_source": "Web to Lead",
    "oid": "00D3I0000008lXO"
}
2023-09-12T13:05:05+00:00 INFO actualiza usuario:
{
    "first_name": "Francisco",
    "last_name": "Aranguiz Romero",
    "email": "rojoca1485@xgh6.com",
    "company": "",
    "00Nf400000TUbiN": "78945613",
    "00Nf400000TUZxw": "",
    "00N2S000006lwOz": "1",
    "00Nf400000TUZxq": "79879798",
    "00N2S000006lxYR": "",
    "00N2S000006lxYW": "",
    "country": "PE",
    "city": "Lima",
    "state": "LMA",
    "00Nf400000TUZxy": "f078",
    "00Nf400000TUZy9": "82",
    "00Nf400000TUZyL": "s751",
    "recordType": "0122S000000DLhf",
    "lead_source": "Web to Lead",
    "00N2S000007RuM4": "",
    "00N2S000007RuME": "",
    "00N2S000007RuMT": "",
    "00N2S000007RuMP": "",
    "oid": "00D3I0000008lXO"
}
2023-09-12T13:09:01+00:00 INFO actualiza usuario:
{
    "first_name": "Francisco",
    "last_name": "Aranguiz Romero",
    "email": "rojoca1485@xgh6.com",
    "company": "",
    "00Nf400000TUbiN": "78945613",
    "00Nf400000TUZxw": "",
    "00N2S000006lwOz": "1",
    "00Nf400000TUZxq": "79879798",
    "00N2S000006lxYR": "",
    "00N2S000006lxYW": "",
    "country": "PE",
    "city": "Lima",
    "state": "LMA",
    "00Nf400000TUZxy": "f078",
    "00Nf400000TUZy9": "82",
    "00Nf400000TUZyL": "s751",
    "recordType": "0122S000000DLhf",
    "lead_source": "Web to Lead",
    "00N2S000007RuM4": "",
    "00N2S000007RuME": "",
    "00N2S000007RuMT": "",
    "00N2S000007RuMP": "",
    "oid": "00D3I0000008lXO"
}
2023-09-12T13:26:40+00:00 INFO nuevo usuario:
{
    "first_name": "RODOLFO",
    "last_name": "ARANGUIZ",
    "company": "RODOLFO ARANGUIZ",
    "email": "shinyi_01@hotmail.com",
    "00Nf400000TUbiN": "63496774",
    "00N2S000007Bt0I": 1,
    "00Nf400000TUZxy": "f077",
    "00Nf400000TUZy9": "82",
    "00Nf400000TUZyL": "s751",
    "recordType": "0122S000000DLhf",
    "00N2S000007S7ro": "12\/09\/2023",
    "lead_source": "Web to Lead",
    "oid": "00D3I0000008lXO"
}
2023-09-12T13:28:09+00:00 INFO nuevo usuario:
{
    "first_name": "RODOLFO",
    "last_name": "ARANGUIZ",
    "company": "RODOLFO ARANGUIZ",
    "email": "shinyi_01@hotmail.com",
    "00Nf400000TUbiN": "63496774",
    "00N2S000007Bt0I": 1,
    "00Nf400000TUZxy": "f077",
    "00Nf400000TUZy9": "82",
    "00Nf400000TUZyL": "s751",
    "recordType": "0122S000000DLhf",
    "00N2S000007S7ro": "12\/09\/2023",
    "lead_source": "Web to Lead",
    "oid": "00D3I0000008lXO"
}
2023-09-12T13:33:41+00:00 INFO actualiza usuario:
{
    "first_name": "Francisco",
    "last_name": "Aranguiz Romero",
    "email": "rojoca1485@xgh6.com",
    "company": "",
    "00Nf400000TUbiN": "78945613",
    "00Nf400000TUZxw": "",
    "00N2S000006lwOz": "1",
    "00Nf400000TUZxq": "79879798",
    "00N2S000006lxYR": "",
    "00N2S000006lxYW": "",
    "country": "PE",
    "city": "Lima",
    "state": "LMA",
    "00Nf400000TUZxy": "f078",
    "00Nf400000TUZy9": "82",
    "00Nf400000TUZyL": "s751",
    "recordType": "0122S000000DLhf",
    "lead_source": "Web to Lead",
    "00N2S000007RuM4": "",
    "00N2S000007RuME": "",
    "00N2S000007RuMT": "",
    "00N2S000007RuMP": "",
    "oid": "00D3I0000008lXO"
}
2023-09-12T13:38:06+00:00 INFO actualiza usuario:
{
    "first_name": "Francisco",
    "last_name": "Aranguiz Romero",
    "email": "rojoca1485@xgh6.com",
    "company": "",
    "00Nf400000TUbiN": "78945613",
    "00Nf400000TUZxw": "",
    "00N2S000006lwOz": "1",
    "00Nf400000TUZxq": "79879798",
    "00N2S000006lxYR": "",
    "00N2S000006lxYW": "",
    "country": "PE",
    "city": "Lima",
    "state": "LMA",
    "00Nf400000TUZxy": "f078",
    "00Nf400000TUZy9": "82",
    "00Nf400000TUZyL": "s751",
    "recordType": "0122S000000DLhf",
    "lead_source": "Web to Lead",
    "00N2S000007RuM4": "",
    "00N2S000007RuME": "",
    "00N2S000007RuMT": "",
    "00N2S000007RuMP": "",
    "oid": "00D3I0000008lXO"
}
2023-09-12T13:43:30+00:00 INFO actualiza usuario:
{
    "first_name": "Francisco",
    "last_name": "Aranguiz Romero",
    "email": "rojoca1485@xgh6.com",
    "company": "",
    "00Nf400000TUbiN": "78945613",
    "00Nf400000TUZxw": "",
    "00N2S000006lwOz": "1",
    "00Nf400000TUZxq": "79879798",
    "00N2S000006lxYR": "",
    "00N2S000006lxYW": "",
    "country": "PE",
    "city": "Lima",
    "state": "LMA",
    "00Nf400000TUZxy": "f078",
    "00Nf400000TUZy9": "82",
    "00Nf400000TUZyL": "s751",
    "recordType": "0122S000000DLhf",
    "lead_source": "Web to Lead",
    "00N2S000007RuM4": "",
    "00N2S000007RuME": "",
    "00N2S000007RuMT": "",
    "00N2S000007RuMP": "",
    "oid": "00D3I0000008lXO"
}
2023-09-12T13:48:46+00:00 INFO actualiza usuario:
{
    "first_name": "Francisco",
    "last_name": "Aranguiz Romero",
    "email": "rojoca1485@xgh6.com",
    "company": "",
    "00Nf400000TUbiN": "78945613",
    "00Nf400000TUZxw": "",
    "00N2S000006lwOz": "1",
    "00Nf400000TUZxq": "79879798",
    "00N2S000006lxYR": "",
    "00N2S000006lxYW": "",
    "country": "PE",
    "city": "Lima",
    "state": "LMA",
    "00Nf400000TUZxy": "f078",
    "00Nf400000TUZy9": "82",
    "00Nf400000TUZyL": "s751",
    "recordType": "0122S000000DLhf",
    "lead_source": "Web to Lead",
    "00N2S000007RuM4": "",
    "00N2S000007RuME": "",
    "00N2S000007RuMT": "",
    "00N2S000007RuMP": "",
    "oid": "00D3I0000008lXO"
}
2023-09-12T14:49:58+00:00 INFO nuevo usuario:
{
    "first_name": "DEKURAPTOR",
    "last_name": "DEKURAPTOR",
    "company": "DEKURAPTOR DEKURAPTOR",
    "email": "dekuraptor@gmail.com",
    "00Nf400000TUbiN": "+56948421832",
    "00N2S000007Bt0I": 1,
    "00Nf400000TUZxy": "f077",
    "00Nf400000TUZy9": "82",
    "00Nf400000TUZyL": "s751",
    "recordType": "0122S000000DLhf",
    "00N2S000007S7ro": "12\/09\/2023",
    "lead_source": "Web to Lead",
    "oid": "00D3I0000008lXO"
}
2023-09-12T15:13:56+00:00 INFO actualiza usuario:
{
    "first_name": "Yerko",
    "last_name": "Soto",
    "email": "yer.soto.ortiz@gmail.com",
    "company": "",
    "00Nf400000TUbiN": "+56948421832",
    "00Nf400000TUZxw": "",
    "00N2S000006lwOz": "1",
    "00Nf400000TUZxq": "16952438",
    "00N2S000006lxYR": "",
    "00N2S000006lxYW": "",
    "country": "RS",
    "city": "PUDAHUEL",
    "state": "RS24",
    "00Nf400000TUZxy": "f078",
    "00Nf400000TUZy9": "82",
    "00Nf400000TUZyL": "s751",
    "recordType": "0122S000000DLhf",
    "lead_source": "Web to Lead",
    "00N2S000007RuM4": "",
    "00N2S000007RuME": "",
    "00N2S000007RuMT": "",
    "00N2S000007RuMP": "",
    "oid": "00D3I0000008lXO"
}
2023-09-12T15:17:34+00:00 INFO actualiza usuario:
{
    "first_name": "Yerko",
    "last_name": "Soto",
    "email": "yer.soto.ortiz@gmail.com",
    "company": "",
    "00Nf400000TUbiN": "+56948421832",
    "00Nf400000TUZxw": "",
    "00N2S000006lwOz": "1",
    "00Nf400000TUZxq": "16952438",
    "00N2S000006lxYR": "",
    "00N2S000006lxYW": "",
    "country": "RS",
    "city": "PUDAHUEL",
    "state": "RS24",
    "00Nf400000TUZxy": "f078",
    "00Nf400000TUZy9": "82",
    "00Nf400000TUZyL": "s751",
    "recordType": "0122S000000DLhf",
    "lead_source": "Web to Lead",
    "00N2S000007RuM4": "",
    "00N2S000007RuME": "",
    "00N2S000007RuMT": "",
    "00N2S000007RuMP": "",
    "oid": "00D3I0000008lXO"
}
2023-09-12T15:17:35+00:00 INFO actualiza usuario:
{
    "first_name": "Yerko",
    "last_name": "Soto",
    "email": "yer.soto.ortiz@gmail.com",
    "company": "",
    "00Nf400000TUbiN": "+56948421832",
    "00Nf400000TUZxw": "",
    "00N2S000006lwOz": "1",
    "00Nf400000TUZxq": "16952438",
    "00N2S000006lxYR": "",
    "00N2S000006lxYW": "",
    "country": "RS",
    "city": "PUDAHUEL",
    "state": "RS24",
    "00Nf400000TUZxy": "f078",
    "00Nf400000TUZy9": "82",
    "00Nf400000TUZyL": "s751",
    "recordType": "0122S000000DLhf",
    "lead_source": "Web to Lead",
    "00N2S000007RuM4": "",
    "00N2S000007RuME": "",
    "00N2S000007RuMT": "",
    "00N2S000007RuMP": "",
    "oid": "00D3I0000008lXO"
}
2023-09-12T15:17:36+00:00 INFO actualiza usuario:
{
    "first_name": "Yerko",
    "last_name": "Soto",
    "email": "yer.soto.ortiz@gmail.com",
    "company": "",
    "00Nf400000TUbiN": "+56948421832",
    "00Nf400000TUZxw": "",
    "00N2S000006lwOz": "1",
    "00Nf400000TUZxq": "16952438",
    "00N2S000006lxYR": "",
    "00N2S000006lxYW": "",
    "country": "RS",
    "city": "PUDAHUEL",
    "state": "RS24",
    "00Nf400000TUZxy": "f078",
    "00Nf400000TUZy9": "82",
    "00Nf400000TUZyL": "s751",
    "recordType": "0122S000000DLhf",
    "lead_source": "Web to Lead",
    "00N2S000007RuM4": "",
    "00N2S000007RuME": "",
    "00N2S000007RuMT": "",
    "00N2S000007RuMP": "",
    "oid": "00D3I0000008lXO"
}
2023-09-12T15:17:37+00:00 INFO actualiza usuario:
{
    "first_name": "Yerko",
    "last_name": "Soto",
    "email": "yer.soto.ortiz@gmail.com",
    "company": "",
    "00Nf400000TUbiN": "+56948421832",
    "00Nf400000TUZxw": "",
    "00N2S000006lwOz": "1",
    "00Nf400000TUZxq": "16952438",
    "00N2S000006lxYR": "",
    "00N2S000006lxYW": "",
    "country": "RS",
    "city": "PUDAHUEL",
    "state": "RS24",
    "00Nf400000TUZxy": "f078",
    "00Nf400000TUZy9": "82",
    "00Nf400000TUZyL": "s751",
    "recordType": "0122S000000DLhf",
    "lead_source": "Web to Lead",
    "00N2S000007RuM4": "",
    "00N2S000007RuME": "",
    "00N2S000007RuMT": "",
    "00N2S000007RuMP": "",
    "oid": "00D3I0000008lXO"
}
2023-09-12T15:17:38+00:00 INFO actualiza usuario:
{
    "first_name": "Yerko",
    "last_name": "Soto",
    "email": "yer.soto.ortiz@gmail.com",
    "company": "",
    "00Nf400000TUbiN": "+56948421832",
    "00Nf400000TUZxw": "",
    "00N2S000006lwOz": "1",
    "00Nf400000TUZxq": "16952438",
    "00N2S000006lxYR": "",
    "00N2S000006lxYW": "",
    "country": "RS",
    "city": "PUDAHUEL",
    "state": "RS24",
    "00Nf400000TUZxy": "f078",
    "00Nf400000TUZy9": "82",
    "00Nf400000TUZyL": "s751",
    "recordType": "0122S000000DLhf",
    "lead_source": "Web to Lead",
    "00N2S000007RuM4": "",
    "00N2S000007RuME": "",
    "00N2S000007RuMT": "",
    "00N2S000007RuMP": "",
    "oid": "00D3I0000008lXO"
}
2023-09-12T15:17:39+00:00 INFO actualiza usuario:
{
    "first_name": "Yerko",
    "last_name": "Soto",
    "email": "yer.soto.ortiz@gmail.com",
    "company": "",
    "00Nf400000TUbiN": "+56948421832",
    "00Nf400000TUZxw": "",
    "00N2S000006lwOz": "1",
    "00Nf400000TUZxq": "16952438",
    "00N2S000006lxYR": "",
    "00N2S000006lxYW": "",
    "country": "RS",
    "city": "PUDAHUEL",
    "state": "RS24",
    "00Nf400000TUZxy": "f078",
    "00Nf400000TUZy9": "82",
    "00Nf400000TUZyL": "s751",
    "recordType": "0122S000000DLhf",
    "lead_source": "Web to Lead",
    "00N2S000007RuM4": "",
    "00N2S000007RuME": "",
    "00N2S000007RuMT": "",
    "00N2S000007RuMP": "",
    "oid": "00D3I0000008lXO"
}
2023-09-12T15:17:40+00:00 INFO actualiza usuario:
{
    "first_name": "Yerko",
    "last_name": "Soto",
    "email": "yer.soto.ortiz@gmail.com",
    "company": "",
    "00Nf400000TUbiN": "+56948421832",
    "00Nf400000TUZxw": "",
    "00N2S000006lwOz": "1",
    "00Nf400000TUZxq": "16952438",
    "00N2S000006lxYR": "",
    "00N2S000006lxYW": "",
    "country": "RS",
    "city": "PUDAHUEL",
    "state": "RS24",
    "00Nf400000TUZxy": "f078",
    "00Nf400000TUZy9": "82",
    "00Nf400000TUZyL": "s751",
    "recordType": "0122S000000DLhf",
    "lead_source": "Web to Lead",
    "00N2S000007RuM4": "",
    "00N2S000007RuME": "",
    "00N2S000007RuMT": "",
    "00N2S000007RuMP": "",
    "oid": "00D3I0000008lXO"
}
2023-09-12T15:17:41+00:00 INFO actualiza usuario:
{
    "first_name": "Yerko",
    "last_name": "Soto",
    "email": "yer.soto.ortiz@gmail.com",
    "company": "",
    "00Nf400000TUbiN": "+56948421832",
    "00Nf400000TUZxw": "",
    "00N2S000006lwOz": "1",
    "00Nf400000TUZxq": "16952438",
    "00N2S000006lxYR": "",
    "00N2S000006lxYW": "",
    "country": "RS",
    "city": "PUDAHUEL",
    "state": "RS24",
    "00Nf400000TUZxy": "f078",
    "00Nf400000TUZy9": "82",
    "00Nf400000TUZyL": "s751",
    "recordType": "0122S000000DLhf",
    "lead_source": "Web to Lead",
    "00N2S000007RuM4": "",
    "00N2S000007RuME": "",
    "00N2S000007RuMT": "",
    "00N2S000007RuMP": "",
    "oid": "00D3I0000008lXO"
}
2023-09-12T15:17:41+00:00 INFO actualiza usuario:
{
    "first_name": "Yerko",
    "last_name": "Soto",
    "email": "yer.soto.ortiz@gmail.com",
    "company": "",
    "00Nf400000TUbiN": "+56948421832",
    "00Nf400000TUZxw": "",
    "00N2S000006lwOz": "1",
    "00Nf400000TUZxq": "16952438",
    "00N2S000006lxYR": "",
    "00N2S000006lxYW": "",
    "country": "RS",
    "city": "PUDAHUEL",
    "state": "RS24",
    "00Nf400000TUZxy": "f078",
    "00Nf400000TUZy9": "82",
    "00Nf400000TUZyL": "s751",
    "recordType": "0122S000000DLhf",
    "lead_source": "Web to Lead",
    "00N2S000007RuM4": "",
    "00N2S000007RuME": "",
    "00N2S000007RuMT": "",
    "00N2S000007RuMP": "",
    "oid": "00D3I0000008lXO"
}
2023-09-12T15:17:42+00:00 INFO actualiza usuario:
{
    "first_name": "Yerko",
    "last_name": "Soto",
    "email": "yer.soto.ortiz@gmail.com",
    "company": "",
    "00Nf400000TUbiN": "+56948421832",
    "00Nf400000TUZxw": "",
    "00N2S000006lwOz": "1",
    "00Nf400000TUZxq": "16952438",
    "00N2S000006lxYR": "",
    "00N2S000006lxYW": "",
    "country": "RS",
    "city": "PUDAHUEL",
    "state": "RS24",
    "00Nf400000TUZxy": "f078",
    "00Nf400000TUZy9": "82",
    "00Nf400000TUZyL": "s751",
    "recordType": "0122S000000DLhf",
    "lead_source": "Web to Lead",
    "00N2S000007RuM4": "",
    "00N2S000007RuME": "",
    "00N2S000007RuMT": "",
    "00N2S000007RuMP": "",
    "oid": "00D3I0000008lXO"
}
2023-09-12T15:17:43+00:00 INFO actualiza usuario:
{
    "first_name": "Yerko",
    "last_name": "Soto",
    "email": "yer.soto.ortiz@gmail.com",
    "company": "",
    "00Nf400000TUbiN": "+56948421832",
    "00Nf400000TUZxw": "",
    "00N2S000006lwOz": "1",
    "00Nf400000TUZxq": "16952438",
    "00N2S000006lxYR": "",
    "00N2S000006lxYW": "",
    "country": "RS",
    "city": "PUDAHUEL",
    "state": "RS24",
    "00Nf400000TUZxy": "f078",
    "00Nf400000TUZy9": "82",
    "00Nf400000TUZyL": "s751",
    "recordType": "0122S000000DLhf",
    "lead_source": "Web to Lead",
    "00N2S000007RuM4": "",
    "00N2S000007RuME": "",
    "00N2S000007RuMT": "",
    "00N2S000007RuMP": "",
    "oid": "00D3I0000008lXO"
}
2023-09-12T15:17:44+00:00 INFO actualiza usuario:
{
    "first_name": "Yerko",
    "last_name": "Soto",
    "email": "yer.soto.ortiz@gmail.com",
    "company": "",
    "00Nf400000TUbiN": "+56948421832",
    "00Nf400000TUZxw": "",
    "00N2S000006lwOz": "1",
    "00Nf400000TUZxq": "16952438",
    "00N2S000006lxYR": "",
    "00N2S000006lxYW": "",
    "country": "RS",
    "city": "PUDAHUEL",
    "state": "RS24",
    "00Nf400000TUZxy": "f078",
    "00Nf400000TUZy9": "82",
    "00Nf400000TUZyL": "s751",
    "recordType": "0122S000000DLhf",
    "lead_source": "Web to Lead",
    "00N2S000007RuM4": "",
    "00N2S000007RuME": "",
    "00N2S000007RuMT": "",
    "00N2S000007RuMP": "",
    "oid": "00D3I0000008lXO"
}
2023-09-12T15:17:45+00:00 INFO actualiza usuario:
{
    "first_name": "Yerko",
    "last_name": "Soto",
    "email": "yer.soto.ortiz@gmail.com",
    "company": "",
    "00Nf400000TUbiN": "+56948421832",
    "00Nf400000TUZxw": "",
    "00N2S000006lwOz": "1",
    "00Nf400000TUZxq": "16952438",
    "00N2S000006lxYR": "",
    "00N2S000006lxYW": "",
    "country": "RS",
    "city": "PUDAHUEL",
    "state": "RS24",
    "00Nf400000TUZxy": "f078",
    "00Nf400000TUZy9": "82",
    "00Nf400000TUZyL": "s751",
    "recordType": "0122S000000DLhf",
    "lead_source": "Web to Lead",
    "00N2S000007RuM4": "",
    "00N2S000007RuME": "",
    "00N2S000007RuMT": "",
    "00N2S000007RuMP": "",
    "oid": "00D3I0000008lXO"
}
2023-09-12T15:17:46+00:00 INFO actualiza usuario:
{
    "first_name": "Yerko",
    "last_name": "Soto",
    "email": "yer.soto.ortiz@gmail.com",
    "company": "",
    "00Nf400000TUbiN": "+56948421832",
    "00Nf400000TUZxw": "",
    "00N2S000006lwOz": "1",
    "00Nf400000TUZxq": "16952438",
    "00N2S000006lxYR": "",
    "00N2S000006lxYW": "",
    "country": "RS",
    "city": "PUDAHUEL",
    "state": "RS24",
    "00Nf400000TUZxy": "f078",
    "00Nf400000TUZy9": "82",
    "00Nf400000TUZyL": "s751",
    "recordType": "0122S000000DLhf",
    "lead_source": "Web to Lead",
    "00N2S000007RuM4": "",
    "00N2S000007RuME": "",
    "00N2S000007RuMT": "",
    "00N2S000007RuMP": "",
    "oid": "00D3I0000008lXO"
}
2023-09-12T15:17:47+00:00 INFO actualiza usuario:
{
    "first_name": "Yerko",
    "last_name": "Soto",
    "email": "yer.soto.ortiz@gmail.com",
    "company": "",
    "00Nf400000TUbiN": "+56948421832",
    "00Nf400000TUZxw": "",
    "00N2S000006lwOz": "1",
    "00Nf400000TUZxq": "16952438",
    "00N2S000006lxYR": "",
    "00N2S000006lxYW": "",
    "country": "RS",
    "city": "PUDAHUEL",
    "state": "RS24",
    "00Nf400000TUZxy": "f078",
    "00Nf400000TUZy9": "82",
    "00Nf400000TUZyL": "s751",
    "recordType": "0122S000000DLhf",
    "lead_source": "Web to Lead",
    "00N2S000007RuM4": "",
    "00N2S000007RuME": "",
    "00N2S000007RuMT": "",
    "00N2S000007RuMP": "",
    "oid": "00D3I0000008lXO"
}
2023-09-12T15:17:47+00:00 INFO actualiza usuario:
{
    "first_name": "Yerko",
    "last_name": "Soto",
    "email": "yer.soto.ortiz@gmail.com",
    "company": "",
    "00Nf400000TUbiN": "+56948421832",
    "00Nf400000TUZxw": "",
    "00N2S000006lwOz": "1",
    "00Nf400000TUZxq": "16952438",
    "00N2S000006lxYR": "",
    "00N2S000006lxYW": "",
    "country": "RS",
    "city": "PUDAHUEL",
    "state": "RS24",
    "00Nf400000TUZxy": "f078",
    "00Nf400000TUZy9": "82",
    "00Nf400000TUZyL": "s751",
    "recordType": "0122S000000DLhf",
    "lead_source": "Web to Lead",
    "00N2S000007RuM4": "",
    "00N2S000007RuME": "",
    "00N2S000007RuMT": "",
    "00N2S000007RuMP": "",
    "oid": "00D3I0000008lXO"
}
2023-09-12T15:17:48+00:00 INFO actualiza usuario:
{
    "first_name": "Yerko",
    "last_name": "Soto",
    "email": "yer.soto.ortiz@gmail.com",
    "company": "",
    "00Nf400000TUbiN": "+56948421832",
    "00Nf400000TUZxw": "",
    "00N2S000006lwOz": "1",
    "00Nf400000TUZxq": "16952438",
    "00N2S000006lxYR": "",
    "00N2S000006lxYW": "",
    "country": "RS",
    "city": "PUDAHUEL",
    "state": "RS24",
    "00Nf400000TUZxy": "f078",
    "00Nf400000TUZy9": "82",
    "00Nf400000TUZyL": "s751",
    "recordType": "0122S000000DLhf",
    "lead_source": "Web to Lead",
    "00N2S000007RuM4": "",
    "00N2S000007RuME": "",
    "00N2S000007RuMT": "",
    "00N2S000007RuMP": "",
    "oid": "00D3I0000008lXO"
}
2023-09-12T15:37:35+00:00 INFO actualiza usuario:
{
    "first_name": "Katia Elizabeth",
    "last_name": "Garvich San Martin",
    "email": "kgarvich@isil.pe",
    "company": "",
    "00Nf400000TUbiN": "",
    "00Nf400000TUZxw": "",
    "00N2S000006lwOz": "1",
    "00Nf400000TUZxq": "00090002",
    "00N2S000006lxYR": "",
    "00N2S000006lxYW": "",
    "country": "PE",
    "city": "Surco",
    "state": "ANC",
    "00Nf400000TUZxy": "f078",
    "00Nf400000TUZy9": "82",
    "00Nf400000TUZyL": "s751",
    "recordType": "0122S000000DLhf",
    "lead_source": "Web to Lead",
    "00N2S000007RuM4": "",
    "00N2S000007RuME": "",
    "00N2S000007RuMT": "",
    "00N2S000007RuMP": "",
    "oid": "00D3I0000008lXO"
}
2023-09-12T15:37:36+00:00 INFO actualiza usuario:
{
    "first_name": "Katia Elizabeth",
    "last_name": "Garvich San Martin",
    "email": "kgarvich@isil.pe",
    "company": "KGS",
    "00Nf400000TUbiN": "989338423",
    "00Nf400000TUZxw": "",
    "00N2S000006lwOz": "1",
    "00Nf400000TUZxq": "00090002",
    "00N2S000006lxYR": "",
    "00N2S000006lxYW": "",
    "country": "PE",
    "city": "Surco",
    "state": "ANC",
    "00Nf400000TUZxy": "f078",
    "00Nf400000TUZy9": "82",
    "00Nf400000TUZyL": "s751",
    "recordType": "0122S000000DLhf",
    "lead_source": "Web to Lead",
    "00N2S000007RuM4": "",
    "00N2S000007RuME": "",
    "00N2S000007RuMT": "",
    "00N2S000007RuMP": "",
    "oid": "00D3I0000008lXO"
}
2023-09-12T15:37:36+00:00 INFO actualiza usuario:
{
    "first_name": "Katia Elizabeth",
    "last_name": "Garvich San Martin",
    "email": "kgarvich@isil.pe",
    "company": "",
    "00Nf400000TUbiN": "989338423",
    "00Nf400000TUZxw": "12\/09\/2023",
    "00N2S000006lwOz": "1",
    "00Nf400000TUZxq": "00090002",
    "00N2S000006lxYR": "Universitario incompleto",
    "00N2S000006lxYW": "Jubilado(a)",
    "country": "PE",
    "city": "Surco",
    "state": "ANC",
    "00Nf400000TUZxy": "f078",
    "00Nf400000TUZy9": "82",
    "00Nf400000TUZyL": "s751",
    "recordType": "0122S000000DLhf",
    "lead_source": "Web to Lead",
    "00N2S000007RuM4": "Master Class",
    "00N2S000007RuME": "Hoteler\u00eda y turismo",
    "00N2S000007RuMT": "Gesti\u00f3n de Moda",
    "00N2S000007RuMP": "Dise\u00f1o",
    "oid": "00D3I0000008lXO"
}
2023-09-12T15:38:39+00:00 INFO actualiza usuario:
{
    "first_name": "KatiaXX ElizabethXX",
    "last_name": "GarvichXX San MartinXX",
    "email": "kgarvich@isil.pe",
    "company": "KGS",
    "00Nf400000TUbiN": "989338423",
    "00Nf400000TUZxw": "",
    "00N2S000006lwOz": "1",
    "00Nf400000TUZxq": "00090002",
    "00N2S000006lxYR": "",
    "00N2S000006lxYW": "",
    "country": "PE",
    "city": "Surco",
    "state": "ANC",
    "00Nf400000TUZxy": "f078",
    "00Nf400000TUZy9": "82",
    "00Nf400000TUZyL": "s751",
    "recordType": "0122S000000DLhf",
    "lead_source": "Web to Lead",
    "00N2S000007RuM4": "",
    "00N2S000007RuME": "",
    "00N2S000007RuMT": "",
    "00N2S000007RuMP": "",
    "oid": "00D3I0000008lXO"
}
2023-09-12T15:38:39+00:00 INFO actualiza usuario:
{
    "first_name": "KatiaXX ElizabethXX",
    "last_name": "GarvichXX San MartinXX",
    "email": "kgarvich@isil.pe",
    "company": "KGS",
    "00Nf400000TUbiN": "989338423",
    "00Nf400000TUZxw": "",
    "00N2S000006lwOz": "1",
    "00Nf400000TUZxq": "00090002",
    "00N2S000006lxYR": "",
    "00N2S000006lxYW": "",
    "country": "PE",
    "city": "Surco",
    "state": "ANC",
    "00Nf400000TUZxy": "f078",
    "00Nf400000TUZy9": "82",
    "00Nf400000TUZyL": "s751",
    "recordType": "0122S000000DLhf",
    "lead_source": "Web to Lead",
    "00N2S000007RuM4": "",
    "00N2S000007RuME": "",
    "00N2S000007RuMT": "",
    "00N2S000007RuMP": "",
    "oid": "00D3I0000008lXO"
}
2023-09-12T15:38:40+00:00 INFO actualiza usuario:
{
    "first_name": "KatiaXX ElizabethXX",
    "last_name": "GarvichXX San MartinXX",
    "email": "kgarvich@isil.pe",
    "company": "KGS",
    "00Nf400000TUbiN": "989338423",
    "00Nf400000TUZxw": "12\/09\/2023",
    "00N2S000006lwOz": "1",
    "00Nf400000TUZxq": "00090002",
    "00N2S000006lxYR": "Universitario incompleto",
    "00N2S000006lxYW": "Jubilado(a)",
    "country": "PE",
    "city": "Surco",
    "state": "ANC",
    "00Nf400000TUZxy": "f078",
    "00Nf400000TUZy9": "82",
    "00Nf400000TUZyL": "s751",
    "recordType": "0122S000000DLhf",
    "lead_source": "Web to Lead",
    "00N2S000007RuM4": "Master Class",
    "00N2S000007RuME": "Hoteler\u00eda y turismo",
    "00N2S000007RuMT": "Gesti\u00f3n de Moda",
    "00N2S000007RuMP": "Dise\u00f1o",
    "oid": "00D3I0000008lXO"
}
2023-09-12T15:40:53+00:00 INFO actualiza usuario:
{
    "first_name": "KatiaXX ElizabethXX",
    "last_name": "GarvichXX San MartinXX",
    "email": "kgarvich@isil.pe",
    "company": "KGS",
    "00Nf400000TUbiN": "989338423",
    "00Nf400000TUZxw": "",
    "00N2S000006lwOz": "1",
    "00Nf400000TUZxq": "00090002",
    "00N2S000006lxYR": "",
    "00N2S000006lxYW": "",
    "country": "PE",
    "city": "Surco",
    "state": "ANC",
    "00Nf400000TUZxy": "f078",
    "00Nf400000TUZy9": "82",
    "00Nf400000TUZyL": "s751",
    "recordType": "0122S000000DLhf",
    "lead_source": "Web to Lead",
    "00N2S000007RuM4": "",
    "00N2S000007RuME": "",
    "00N2S000007RuMT": "",
    "00N2S000007RuMP": "",
    "oid": "00D3I0000008lXO"
}
2023-09-12T15:40:54+00:00 INFO actualiza usuario:
{
    "first_name": "KatiaXX ElizabethXX",
    "last_name": "GarvichXX San MartinXX",
    "email": "kgarvich@isil.pe",
    "company": "KGS",
    "00Nf400000TUbiN": "989338423",
    "00Nf400000TUZxw": "",
    "00N2S000006lwOz": "1",
    "00Nf400000TUZxq": "00090002",
    "00N2S000006lxYR": "",
    "00N2S000006lxYW": "",
    "country": "PE",
    "city": "Surco",
    "state": "ANC",
    "00Nf400000TUZxy": "f078",
    "00Nf400000TUZy9": "82",
    "00Nf400000TUZyL": "s751",
    "recordType": "0122S000000DLhf",
    "lead_source": "Web to Lead",
    "00N2S000007RuM4": "",
    "00N2S000007RuME": "",
    "00N2S000007RuMT": "",
    "00N2S000007RuMP": "",
    "oid": "00D3I0000008lXO"
}
2023-09-12T15:40:54+00:00 INFO actualiza usuario:
{
    "first_name": "KatiaXX ElizabethXX",
    "last_name": "GarvichXX San MartinXX",
    "email": "kgarvich@isil.pe",
    "company": "KGS",
    "00Nf400000TUbiN": "989338423",
    "00Nf400000TUZxw": "12\/09\/2023",
    "00N2S000006lwOz": "1",
    "00Nf400000TUZxq": "00090002",
    "00N2S000006lxYR": "Universitario incompleto",
    "00N2S000006lxYW": "Jubilado(a)",
    "country": "PE",
    "city": "Surco",
    "state": "ANC",
    "00Nf400000TUZxy": "f078",
    "00Nf400000TUZy9": "82",
    "00Nf400000TUZyL": "s751",
    "recordType": "0122S000000DLhf",
    "lead_source": "Web to Lead",
    "00N2S000007RuM4": "Master Class",
    "00N2S000007RuME": "Hoteler\u00eda y turismo",
    "00N2S000007RuMT": "Gesti\u00f3n de Moda",
    "00N2S000007RuMP": "Dise\u00f1o",
    "oid": "00D3I0000008lXO"
}
2023-09-12T15:56:41+00:00 INFO actualiza usuario:
{
    "first_name": "KatiaXX ElizabethXX",
    "last_name": "GarvichXX San MartinXX",
    "email": "kgarvich@isil.pe",
    "company": "KGS",
    "00Nf400000TUbiN": "989338423",
    "00Nf400000TUZxw": "",
    "00N2S000006lwOz": "1",
    "00Nf400000TUZxq": "00090002",
    "00N2S000006lxYR": "",
    "00N2S000006lxYW": "",
    "country": "PE",
    "city": "Surco",
    "state": "ANC",
    "00Nf400000TUZxy": "f078",
    "00Nf400000TUZy9": "82",
    "00Nf400000TUZyL": "s751",
    "recordType": "0122S000000DLhf",
    "lead_source": "Web to Lead",
    "00N2S000007RuM4": "",
    "00N2S000007RuME": "",
    "00N2S000007RuMT": "",
    "00N2S000007RuMP": "",
    "oid": "00D3I0000008lXO"
}
2023-09-12T16:14:38+00:00 INFO empresa:
{
    "00N2S000006xxlb": "10455081471",
    "company": "KGSXX",
    "first_name": "Katya",
    "last_name": "Garvicha TEST",
    "email": "kgarvich@isil.pe",
    "00Nf400000TUbiN": "989338423",
    "00N2S000007Bt0I": 1,
    "00Nf400000TUZxy": "f076",
    "00Nf400000TUZy9": "82",
    "00Nf400000TUZyL": "s737",
    "recordType": "0122S0000006HXV",
    "lead_source": "Web to Lead",
    "oid": "00D3I0000008lXO"
}
2023-09-12T16:32:50+00:00 INFO actualiza usuario:
{
    "first_name": "KatiaXX ElizabethXX",
    "last_name": "GarvichXX San MartinXX",
    "email": "kgarvich@isil.pe",
    "company": "KGS",
    "00Nf400000TUbiN": "989338423",
    "00Nf400000TUZxw": "",
    "00N2S000006lwOz": "1",
    "00Nf400000TUZxq": "00090002",
    "00N2S000006lxYR": "",
    "00N2S000006lxYW": "",
    "country": "PE",
    "city": "Surco",
    "state": "ANC",
    "00Nf400000TUZxy": "f078",
    "00Nf400000TUZy9": "82",
    "00Nf400000TUZyL": "s751",
    "recordType": "0122S000000DLhf",
    "lead_source": "Web to Lead",
    "00N2S000007RuM4": "",
    "00N2S000007RuME": "",
    "00N2S000007RuMT": "",
    "00N2S000007RuMP": "",
    "oid": "00D3I0000008lXO"
}
2023-09-12T16:41:56+00:00 INFO nuevo usuario:
{
    "first_name": "ELIZABETH",
    "last_name": "TEST PRUEBITA",
    "company": "ELIZABETH TEST PRUEBITA",
    "email": "dultanagna@gufum.com",
    "00Nf400000TUbiN": "989338403",
    "00N2S000007Bt0I": 1,
    "00Nf400000TUZxy": "f077",
    "00Nf400000TUZy9": "82",
    "00Nf400000TUZyL": "s751",
    "recordType": "0122S000000DLhf",
    "00N2S000007S7ro": "12\/09\/2023",
    "lead_source": "Web to Lead",
    "oid": "00D3I0000008lXO"
}
2023-09-12T16:52:26+00:00 INFO actualiza usuario:
{
    "first_name": "Elizabeth",
    "last_name": "Test Test",
    "email": "dultanagna@gufum.com",
    "company": "",
    "00Nf400000TUbiN": "989338403",
    "00Nf400000TUZxw": "",
    "00N2S000006lwOz": "1",
    "00Nf400000TUZxq": "36463363",
    "00N2S000006lxYR": "",
    "00N2S000006lxYW": "",
    "country": "PE",
    "city": "Lima",
    "state": "AMA",
    "00Nf400000TUZxy": "f078",
    "00Nf400000TUZy9": "82",
    "00Nf400000TUZyL": "s751",
    "recordType": "0122S000000DLhf",
    "lead_source": "Web to Lead",
    "00N2S000007RuM4": "",
    "00N2S000007RuME": "",
    "00N2S000007RuMT": "",
    "00N2S000007RuMP": "",
    "oid": "00D3I0000008lXO"
}
2023-09-12T17:01:03+00:00 INFO nuevo usuario:
{
    "first_name": "Manuel",
    "last_name": "Romero",
    "company": "Manuel Romero",
    "email": "dr_hemmerick@hotmail.com",
    "00Nf400000TUbiN": "",
    "00N2S000007Bt0I": 1,
    "00Nf400000TUZxy": "f077",
    "00Nf400000TUZy9": "82",
    "00Nf400000TUZyL": "s751",
    "recordType": "0122S000000DLhf",
    "00N2S000007S7ro": "12\/09\/2023",
    "lead_source": "Web to Lead",
    "oid": "00D3I0000008lXO"
}
2023-09-12T17:02:18+00:00 INFO nuevo usuario:
{
    "first_name": "KATIA",
    "last_name": "GARVICH SAN MARTIN",
    "company": "KATIA GARVICH SAN MARTIN",
    "email": "kgarvich@hotmail.com",
    "00Nf400000TUbiN": "",
    "00N2S000007Bt0I": 1,
    "00Nf400000TUZxy": "f077",
    "00Nf400000TUZy9": "82",
    "00Nf400000TUZyL": "s751",
    "recordType": "0122S000000DLhf",
    "00N2S000007S7ro": "12\/09\/2023",
    "lead_source": "Web to Lead",
    "oid": "00D3I0000008lXO"
}
2023-09-12T17:03:27+00:00 INFO nuevo usuario:
{
    "first_name": "Manuel",
    "last_name": "Romero",
    "company": "Manuel Romero",
    "email": "dr_hemmerick@hotmail.com",
    "00Nf400000TUbiN": "",
    "00N2S000007Bt0I": 1,
    "00Nf400000TUZxy": "f077",
    "00Nf400000TUZy9": "82",
    "00Nf400000TUZyL": "s751",
    "recordType": "0122S000000DLhf",
    "00N2S000007S7ro": "12\/09\/2023",
    "lead_source": "Web to Lead",
    "oid": "00D3I0000008lXO"
}
2023-09-12T17:06:19+00:00 INFO nuevo usuario:
{
    "first_name": "Manuel",
    "last_name": "Romero",
    "company": "Manuel Romero",
    "email": "dr_hemmerick@hotmail.com",
    "00Nf400000TUbiN": "",
    "00N2S000007Bt0I": 1,
    "00Nf400000TUZxy": "f077",
    "00Nf400000TUZy9": "82",
    "00Nf400000TUZyL": "s751",
    "recordType": "0122S000000DLhf",
    "00N2S000007S7ro": "12\/09\/2023",
    "lead_source": "Web to Lead",
    "oid": "00D3I0000008lXO"
}
2023-09-12T17:45:24+00:00 INFO nuevo usuario:
{
    "first_name": "KATIA",
    "last_name": "GARVICH SAN MARTIN",
    "company": "KATIA GARVICH SAN MARTIN",
    "email": "kgarvich@hotmail.com",
    "00Nf400000TUbiN": "",
    "00N2S000007Bt0I": 1,
    "00Nf400000TUZxy": "f077",
    "00Nf400000TUZy9": "82",
    "00Nf400000TUZyL": "s751",
    "recordType": "0122S000000DLhf",
    "00N2S000007S7ro": "12\/09\/2023",
    "lead_source": "Web to Lead",
    "oid": "00D3I0000008lXO"
}
2023-09-12T17:46:12+00:00 INFO nuevo usuario:
{
    "first_name": "ELIZABETH",
    "last_name": "TEST PRUEBITA",
    "company": "ELIZABETH TEST PRUEBITA",
    "email": "dultanagna@gufum.com",
    "00Nf400000TUbiN": "989338403",
    "00N2S000007Bt0I": 1,
    "00Nf400000TUZxy": "f077",
    "00Nf400000TUZy9": "82",
    "00Nf400000TUZyL": "s751",
    "recordType": "0122S000000DLhf",
    "00N2S000007S7ro": "12\/09\/2023",
    "lead_source": "Web to Lead",
    "oid": "00D3I0000008lXO"
}
2023-09-12T18:23:40+00:00 INFO actualiza usuario:
{
    "first_name": "RODOLFO",
    "last_name": "ARANGUIZ",
    "email": "shinyi_01@hotmail.com",
    "company": "",
    "00Nf400000TUbiN": "63496774",
    "00Nf400000TUZxw": "",
    "00N2S000006lwOz": "1",
    "00Nf400000TUZxq": "17244050",
    "00N2S000006lxYR": "",
    "00N2S000006lxYW": "",
    "country": "PE",
    "city": "puebla",
    "state": "LMA",
    "00Nf400000TUZxy": "f078",
    "00Nf400000TUZy9": "82",
    "00Nf400000TUZyL": "s751",
    "recordType": "0122S000000DLhf",
    "lead_source": "Web to Lead",
    "00N2S000007RuM4": "",
    "00N2S000007RuME": "",
    "00N2S000007RuMT": "",
    "00N2S000007RuMP": "",
    "oid": "00D3I0000008lXO"
}
2023-09-12T18:23:41+00:00 INFO actualiza usuario:
{
    "first_name": "RODOLFO",
    "last_name": "ARANGUIZ",
    "email": "shinyi_01@hotmail.com",
    "company": "RODOLFO ARANGUIZ",
    "00Nf400000TUbiN": "63496774",
    "00Nf400000TUZxw": "",
    "00N2S000006lwOz": "1",
    "00Nf400000TUZxq": "17244050",
    "00N2S000006lxYR": "",
    "00N2S000006lxYW": "",
    "country": "PE",
    "city": "puebla",
    "state": "LMA",
    "00Nf400000TUZxy": "f078",
    "00Nf400000TUZy9": "82",
    "00Nf400000TUZyL": "s751",
    "recordType": "0122S000000DLhf",
    "lead_source": "Web to Lead",
    "00N2S000007RuM4": "",
    "00N2S000007RuME": "",
    "00N2S000007RuMT": "",
    "00N2S000007RuMP": "",
    "oid": "00D3I0000008lXO"
}
2023-09-12T18:23:41+00:00 INFO actualiza usuario:
{
    "first_name": "RODOLFO",
    "last_name": "ARANGUIZ",
    "email": "shinyi_01@hotmail.com",
    "company": "",
    "00Nf400000TUbiN": "63496774",
    "00Nf400000TUZxw": "14\/09\/2023",
    "00N2S000006lwOz": "1",
    "00Nf400000TUZxq": "17244050",
    "00N2S000006lxYR": "T\u00e9cnico completo",
    "00N2S000006lxYW": "Desempleado(a)",
    "country": "PE",
    "city": "puebla",
    "state": "LMA",
    "00Nf400000TUZxy": "f078",
    "00Nf400000TUZy9": "82",
    "00Nf400000TUZyL": "s751",
    "recordType": "0122S000000DLhf",
    "lead_source": "Web to Lead",
    "00N2S000007RuM4": "Comercial",
    "00N2S000007RuME": "Comunicaciones",
    "00N2S000007RuMT": "Dise\u00f1o de Interiores",
    "00N2S000007RuMP": "Contabilidad y Finanzas",
    "oid": "00D3I0000008lXO"
}
2023-09-12T18:37:06+00:00 INFO nuevo usuario:
{
    "first_name": "MANUEL",
    "last_name": "ARANGUIZ",
    "company": "MANUEL ARANGUIZ",
    "email": "rojoca1485@xgh6.com",
    "00Nf400000TUbiN": "78945613",
    "00N2S000007Bt0I": 1,
    "00Nf400000TUZxy": "f077",
    "00Nf400000TUZy9": "82",
    "00Nf400000TUZyL": "s751",
    "recordType": "0122S000000DLhf",
    "00N2S000007S7ro": "12\/09\/2023",
    "lead_source": "Web to Lead",
    "oid": "00D3I0000008lXO"
}
2023-09-12T18:52:06+00:00 INFO actualiza usuario:
{
    "first_name": "Francisco",
    "last_name": "Aranguiz Romero",
    "email": "rojoca1485@xgh6.com",
    "company": "",
    "00Nf400000TUbiN": "78945613",
    "00Nf400000TUZxw": "",
    "00N2S000006lwOz": "1",
    "00Nf400000TUZxq": "79879798",
    "00N2S000006lxYR": "",
    "00N2S000006lxYW": "",
    "country": "PE",
    "city": "Lima",
    "state": "LMA",
    "00Nf400000TUZxy": "f078",
    "00Nf400000TUZy9": "82",
    "00Nf400000TUZyL": "s751",
    "recordType": "0122S000000DLhf",
    "lead_source": "Web to Lead",
    "00N2S000007RuM4": "",
    "00N2S000007RuME": "",
    "00N2S000007RuMT": "",
    "00N2S000007RuMP": "",
    "oid": "00D3I0000008lXO"
}
2023-09-12T18:54:53+00:00 INFO nuevo usuario:
{
    "first_name": "Manuel",
    "last_name": "Romero",
    "company": "Manuel Romero",
    "email": "dr_hemmerick@hotmail.com",
    "00Nf400000TUbiN": "",
    "00N2S000007Bt0I": 1,
    "00Nf400000TUZxy": "f077",
    "00Nf400000TUZy9": "82",
    "00Nf400000TUZyL": "s751",
    "recordType": "0122S000000DLhf",
    "00N2S000007S7ro": "12\/09\/2023",
    "lead_source": "Web to Lead",
    "oid": "00D3I0000008lXO"
}
2023-09-12T22:08:21+00:00 INFO nuevo usuario:
{
    "first_name": "ELIZABETH",
    "last_name": "TEST PRUEBITA",
    "company": "ELIZABETH TEST PRUEBITA",
    "email": "dultanagna@gufum.com",
    "00Nf400000TUbiN": "989338403",
    "00N2S000007Bt0I": 1,
    "00Nf400000TUZxy": "f077",
    "00Nf400000TUZy9": "82",
    "00Nf400000TUZyL": "s751",
    "recordType": "0122S000000DLhf",
    "00N2S000007S7ro": "12\/09\/2023",
    "lead_source": "Web to Lead",
    "oid": "00D3I0000008lXO"
}
