2023-10-31T00:20:13+00:00 INFO nuevo usuario:
{
    "first_name": "VIERNES DOS PRUEBA",
    "last_name": "VEINTE Y DOS DEL NUEVE",
    "company": "VIERNES DOS PRUEBA VEINTE Y DOS DEL NUEVE",
    "email": "biyiron882@apxby.com",
    "00Nf400000TUbiN": "968696501",
    "00N2S000007Bt0I": 1,
    "00Nf400000TUZxy": "f077",
    "00Nf400000TUZy9": "82",
    "00Nf400000TUZyL": "s751",
    "recordType": "0122S000000DLhf",
    "00N2S000007S7ro": "31\/10\/2023",
    "lead_source": "Web to Lead",
    "oid": "00D3I0000008lXO"
}
2023-10-31T13:05:33+00:00 INFO nuevo usuario:
{
    "first_name": "RODOLFO",
    "last_name": "ARANGUIZ",
    "company": "RODOLFO ARANGUIZ",
    "email": "shinyi_01@hotmail.com",
    "00Nf400000TUbiN": "63496774",
    "00N2S000007Bt0I": 1,
    "00Nf400000TUZxy": "f077",
    "00Nf400000TUZy9": "82",
    "00Nf400000TUZyL": "s751",
    "recordType": "0122S000000DLhf",
    "00N2S000007S7ro": "31\/10\/2023",
    "lead_source": "Web to Lead",
    "oid": "00D3I0000008lXO"
}
2023-10-31T13:06:10+00:00 INFO actualiza usuario:
{
    "first_name": "RODOLFO",
    "last_name": "ARANGUIZ",
    "email": "shinyi_01@hotmail.com",
    "company": "RODOLFO ARANGUIZ",
    "00Nf400000TUbiN": "63496774",
    "00Nf400000TUZxw": "",
    "00N2S000006lwOz": "1",
    "00Nf400000TUZxq": "17244050",
    "00N2S000006lxYR": "",
    "00N2S000006lxYW": "",
    "country": "PE",
    "city": "puebla",
    "state": "LMA",
    "00Nf400000TUZxy": "f078",
    "00Nf400000TUZy9": "82",
    "00Nf400000TUZyL": "s751",
    "recordType": "0122S000000DLhf",
    "lead_source": "Web to Lead",
    "00N2S000007RuM4": "",
    "00N2S000007RuME": "",
    "00N2S000007RuMT": "",
    "00N2S000007RuMP": "",
    "oid": "00D3I0000008lXO"
}
2023-10-31T13:11:19+00:00 INFO actualiza usuario:
{
    "first_name": "RODOLFO",
    "last_name": "ARANGUIZ",
    "email": "shinyi_01@hotmail.com",
    "company": "RODOLFO ARANGUIZ",
    "00Nf400000TUbiN": "63496774",
    "00Nf400000TUZxw": "",
    "00N2S000006lwOz": "1",
    "00Nf400000TUZxq": "17244050",
    "00N2S000006lxYR": "",
    "00N2S000006lxYW": "",
    "country": "PE",
    "city": "puebla",
    "state": "LMA",
    "00Nf400000TUZxy": "f078",
    "00Nf400000TUZy9": "82",
    "00Nf400000TUZyL": "s751",
    "recordType": "0122S000000DLhf",
    "lead_source": "Web to Lead",
    "00N2S000007RuM4": "",
    "00N2S000007RuME": "",
    "00N2S000007RuMT": "",
    "00N2S000007RuMP": "",
    "oid": "00D3I0000008lXO"
}
2023-10-31T13:24:12+00:00 INFO nuevo usuario:
{
    "first_name": "Vicente",
    "last_name": "Vald\u00e9s",
    "company": "Vicente Vald\u00e9s",
    "email": "vicente.valdes@radar.cl",
    "00Nf400000TUbiN": "",
    "00N2S000007Bt0I": 1,
    "00Nf400000TUZxy": "f077",
    "00Nf400000TUZy9": "82",
    "00Nf400000TUZyL": "s751",
    "recordType": "0122S000000DLhf",
    "00N2S000007S7ro": "31\/10\/2023",
    "lead_source": "Web to Lead",
    "oid": "00D3I0000008lXO"
}
2023-10-31T13:27:17+00:00 INFO actualiza usuario:
{
    "first_name": "prueba",
    "last_name": "radar",
    "email": "vicente.valdes@radar.cl",
    "company": "",
    "00Nf400000TUbiN": "",
    "00Nf400000TUZxw": "",
    "00N2S000006lwOz": "1",
    "00Nf400000TUZxq": "11412",
    "00N2S000006lxYR": "",
    "00N2S000006lxYW": "",
    "country": "CL",
    "city": "talca",
    "state": "CL-ML",
    "00Nf400000TUZxy": "f078",
    "00Nf400000TUZy9": "82",
    "00Nf400000TUZyL": "s751",
    "recordType": "0122S000000DLhf",
    "lead_source": "Web to Lead",
    "00N2S000007RuM4": "",
    "00N2S000007RuME": "",
    "00N2S000007RuMT": "",
    "00N2S000007RuMP": "",
    "oid": "00D3I0000008lXO"
}
2023-10-31T13:46:05+00:00 INFO actualiza usuario:
{
    "first_name": "prueba",
    "last_name": "radar",
    "email": "vicente.valdes@radar.cl",
    "company": "",
    "00Nf400000TUbiN": "",
    "00Nf400000TUZxw": "",
    "00N2S000006lwOz": "1",
    "00Nf400000TUZxq": "11412",
    "00N2S000006lxYR": "",
    "00N2S000006lxYW": "",
    "country": "CL",
    "city": "talca",
    "state": "CL-ML",
    "00Nf400000TUZxy": "f078",
    "00Nf400000TUZy9": "82",
    "00Nf400000TUZyL": "s751",
    "recordType": "0122S000000DLhf",
    "lead_source": "Web to Lead",
    "00N2S000007RuM4": "",
    "00N2S000007RuME": "",
    "00N2S000007RuMT": "",
    "00N2S000007RuMP": "",
    "oid": "00D3I0000008lXO"
}
2023-10-31T14:15:06+00:00 INFO nuevo usuario:
{
    "first_name": "PRUEBA18",
    "last_name": "TEST18",
    "company": "PRUEBA18 TEST18",
    "email": "tiprueba18@gmail.com",
    "00Nf400000TUbiN": "989338406",
    "00N2S000007Bt0I": 1,
    "00Nf400000TUZxy": "f077",
    "00Nf400000TUZy9": "82",
    "00Nf400000TUZyL": "s751",
    "recordType": "0122S000000DLhf",
    "00N2S000007S7ro": "31\/10\/2023",
    "lead_source": "Web to Lead",
    "oid": "00D3I0000008lXO"
}
2023-10-31T14:15:56+00:00 INFO actualiza usuario:
{
    "first_name": "PRUEBAS18",
    "last_name": "TESTS18",
    "email": "tiprueba18@gmail.com",
    "company": "PRUEBAS18 TESTS18",
    "00Nf400000TUbiN": "989338406",
    "00Nf400000TUZxw": "",
    "00N2S000006lwOz": "4",
    "00Nf400000TUZxq": "989338406",
    "00N2S000006lxYR": "",
    "00N2S000006lxYW": "",
    "country": "PY",
    "city": "Amazonas",
    "state": "PY-1",
    "00Nf400000TUZxy": "f078",
    "00Nf400000TUZy9": "82",
    "00Nf400000TUZyL": "s751",
    "recordType": "0122S000000DLhf",
    "lead_source": "Web to Lead",
    "00N2S000007RuM4": "",
    "00N2S000007RuME": "",
    "00N2S000007RuMT": "",
    "00N2S000007RuMP": "",
    "oid": "00D3I0000008lXO"
}
2023-10-31T14:18:29+00:00 INFO nuevo usuario:
{
    "first_name": "PRUEBA18",
    "last_name": "TEST18",
    "company": "PRUEBA18 TEST18",
    "email": "tiprueba18@gmail.com",
    "00Nf400000TUbiN": "989338406",
    "00N2S000007Bt0I": 1,
    "00Nf400000TUZxy": "f077",
    "00Nf400000TUZy9": "82",
    "00Nf400000TUZyL": "s751",
    "recordType": "0122S000000DLhf",
    "00N2S000007S7ro": "31\/10\/2023",
    "lead_source": "Web to Lead",
    "oid": "00D3I0000008lXO"
}
2023-10-31T14:19:44+00:00 INFO actualiza usuario:
{
    "first_name": "PRUEBAS18",
    "last_name": "TESTS18",
    "email": "tiprueba18@gmail.com",
    "company": "PRUEBAS18 TESTS18",
    "00Nf400000TUbiN": "989338406",
    "00Nf400000TUZxw": "",
    "00N2S000006lwOz": "4",
    "00Nf400000TUZxq": "989338406",
    "00N2S000006lxYR": "",
    "00N2S000006lxYW": "",
    "country": "PY",
    "city": "Amazonas",
    "state": "PY-1",
    "00Nf400000TUZxy": "f078",
    "00Nf400000TUZy9": "82",
    "00Nf400000TUZyL": "s751",
    "recordType": "0122S000000DLhf",
    "lead_source": "Web to Lead",
    "00N2S000007RuM4": "",
    "00N2S000007RuME": "",
    "00N2S000007RuMT": "",
    "00N2S000007RuMP": "",
    "oid": "00D3I0000008lXO"
}
2023-10-31T14:20:41+00:00 INFO actualiza usuario:
{
    "first_name": "PRUEBAS18",
    "last_name": "TESTS18",
    "email": "tiprueba18@gmail.com",
    "company": "PRUEBAS18 TESTS18",
    "00Nf400000TUbiN": "989338406",
    "00Nf400000TUZxw": "",
    "00N2S000006lwOz": "4",
    "00Nf400000TUZxq": "989338406",
    "00N2S000006lxYR": "",
    "00N2S000006lxYW": "",
    "country": "PY",
    "city": "Amazonas",
    "state": "PY-2",
    "00Nf400000TUZxy": "f078",
    "00Nf400000TUZy9": "82",
    "00Nf400000TUZyL": "s751",
    "recordType": "0122S000000DLhf",
    "lead_source": "Web to Lead",
    "00N2S000007RuM4": "",
    "00N2S000007RuME": "",
    "00N2S000007RuMT": "",
    "00N2S000007RuMP": "",
    "oid": "00D3I0000008lXO"
}
2023-10-31T14:21:47+00:00 INFO actualiza usuario:
{
    "first_name": "PRUEBAS18",
    "last_name": "TESTS18",
    "email": "tiprueba18@gmail.com",
    "company": "PRUEBAS18 TESTS18",
    "00Nf400000TUbiN": "989338406",
    "00Nf400000TUZxw": "",
    "00N2S000006lwOz": "4",
    "00Nf400000TUZxq": "989338406",
    "00N2S000006lxYR": "",
    "00N2S000006lxYW": "",
    "country": "PY",
    "city": "Amazonas",
    "state": "PY-1",
    "00Nf400000TUZxy": "f078",
    "00Nf400000TUZy9": "82",
    "00Nf400000TUZyL": "s751",
    "recordType": "0122S000000DLhf",
    "lead_source": "Web to Lead",
    "00N2S000007RuM4": "",
    "00N2S000007RuME": "",
    "00N2S000007RuMT": "",
    "00N2S000007RuMP": "",
    "oid": "00D3I0000008lXO"
}
2023-10-31T14:29:49+00:00 INFO actualiza usuario:
{
    "first_name": "Yerko",
    "last_name": "Soto",
    "email": "rodolfo.aranguiz@radar.cl",
    "company": "Yerko2 Soto2",
    "00Nf400000TUbiN": "63496774",
    "00Nf400000TUZxw": "",
    "00N2S000006lwOz": "1",
    "00Nf400000TUZxq": "17244050",
    "00N2S000006lxYR": "",
    "00N2S000006lxYW": "",
    "country": "VN",
    "city": "PUENTE ALTO",
    "state": "",
    "00Nf400000TUZxy": "f078",
    "00Nf400000TUZy9": "82",
    "00Nf400000TUZyL": "s751",
    "recordType": "0122S000000DLhf",
    "lead_source": "Web to Lead",
    "00N2S000007RuM4": "",
    "00N2S000007RuME": "",
    "00N2S000007RuMT": "",
    "00N2S000007RuMP": "",
    "oid": "00D3I0000008lXO"
}
2023-10-31T15:13:57+00:00 INFO actualiza usuario:
{
    "first_name": "PRUEBAS18",
    "last_name": "TESTS18",
    "email": "tiprueba18@gmail.com",
    "company": "PRUEBAS18 TESTS18",
    "00Nf400000TUbiN": "989338406",
    "00Nf400000TUZxw": "",
    "00N2S000006lwOz": "4",
    "00Nf400000TUZxq": "989338406",
    "00N2S000006lxYR": "",
    "00N2S000006lxYW": "",
    "country": "PY",
    "city": "Amazonas",
    "state": "PY-1",
    "00Nf400000TUZxy": "f078",
    "00Nf400000TUZy9": "82",
    "00Nf400000TUZyL": "s751",
    "recordType": "0122S000000DLhf",
    "lead_source": "Web to Lead",
    "00N2S000007RuM4": "",
    "00N2S000007RuME": "",
    "00N2S000007RuMT": "",
    "00N2S000007RuMP": "",
    "oid": "00D3I0000008lXO"
}
2023-10-31T15:15:41+00:00 INFO actualiza usuario:
{
    "first_name": "Yerko",
    "last_name": "Soto",
    "email": "dekuraptor@gmail.com",
    "company": "Yerko Soto",
    "00Nf400000TUbiN": "+56948421832",
    "00Nf400000TUZxw": "",
    "00N2S000006lwOz": "1",
    "00Nf400000TUZxq": "16952438",
    "00N2S000006lxYR": "",
    "00N2S000006lxYW": "",
    "country": "RS",
    "city": "PUDAHUEL",
    "state": "RS24",
    "00Nf400000TUZxy": "f078",
    "00Nf400000TUZy9": "82",
    "00Nf400000TUZyL": "s751",
    "recordType": "0122S000000DLhf",
    "lead_source": "Web to Lead",
    "00N2S000007RuM4": "",
    "00N2S000007RuME": "",
    "00N2S000007RuMT": "",
    "00N2S000007RuMP": "",
    "oid": "00D3I0000008lXO"
}
2023-10-31T15:22:44+00:00 INFO actualiza usuario:
{
    "first_name": "Yerko",
    "last_name": "Soto",
    "email": "dekuraptor@gmail.com",
    "company": "Yerko Soto",
    "00Nf400000TUbiN": "+56948421832",
    "00Nf400000TUZxw": "",
    "00N2S000006lwOz": "1",
    "00Nf400000TUZxq": "16952438",
    "00N2S000006lxYR": "",
    "00N2S000006lxYW": "",
    "country": "RS",
    "city": "PUDAHUEL",
    "state": "RS24",
    "00Nf400000TUZxy": "f078",
    "00Nf400000TUZy9": "82",
    "00Nf400000TUZyL": "s751",
    "recordType": "0122S000000DLhf",
    "lead_source": "Web to Lead",
    "00N2S000007RuM4": "",
    "00N2S000007RuME": "",
    "00N2S000007RuMT": "",
    "00N2S000007RuMP": "",
    "oid": "00D3I0000008lXO"
}
2023-10-31T15:28:17+00:00 INFO nuevo usuario:
{
    "first_name": "PRUEBA18",
    "last_name": "TEST18",
    "company": "PRUEBA18 TEST18",
    "email": "tiprueba18@gmail.com",
    "00Nf400000TUbiN": "989338406",
    "00N2S000007Bt0I": 1,
    "00Nf400000TUZxy": "f077",
    "00Nf400000TUZy9": "82",
    "00Nf400000TUZyL": "s751",
    "recordType": "0122S000000DLhf",
    "00N2S000007S7ro": "31\/10\/2023",
    "lead_source": "Web to Lead",
    "oid": "00D3I0000008lXO"
}
2023-10-31T15:29:05+00:00 INFO actualiza usuario:
{
    "first_name": "PRUEBAS18",
    "last_name": "TESTS18",
    "email": "tiprueba18@gmail.com",
    "company": "PRUEBAS18 TESTS18",
    "00Nf400000TUbiN": "989338406",
    "00Nf400000TUZxw": "",
    "00N2S000006lwOz": "4",
    "00Nf400000TUZxq": "989338406",
    "00N2S000006lxYR": "",
    "00N2S000006lxYW": "",
    "country": "PY",
    "city": "Amazonas",
    "state": "PY-1",
    "00Nf400000TUZxy": "f078",
    "00Nf400000TUZy9": "82",
    "00Nf400000TUZyL": "s751",
    "recordType": "0122S000000DLhf",
    "lead_source": "Web to Lead",
    "00N2S000007RuM4": "",
    "00N2S000007RuME": "",
    "00N2S000007RuMT": "",
    "00N2S000007RuMP": "",
    "oid": "00D3I0000008lXO"
}
2023-10-31T15:35:07+00:00 INFO actualiza usuario:
{
    "first_name": "PRUEBAS18",
    "last_name": "TESTS18",
    "email": "tiprueba18@gmail.com",
    "company": "PRUEBAS18 TESTS18",
    "00Nf400000TUbiN": "989338406",
    "00Nf400000TUZxw": "",
    "00N2S000006lwOz": "4",
    "00Nf400000TUZxq": "989338406",
    "00N2S000006lxYR": "",
    "00N2S000006lxYW": "",
    "country": "PY",
    "city": "Amazonas",
    "state": "PY-1",
    "00Nf400000TUZxy": "f078",
    "00Nf400000TUZy9": "82",
    "00Nf400000TUZyL": "s751",
    "recordType": "0122S000000DLhf",
    "lead_source": "Web to Lead",
    "00N2S000007RuM4": "",
    "00N2S000007RuME": "",
    "00N2S000007RuMT": "",
    "00N2S000007RuMP": "",
    "oid": "00D3I0000008lXO"
}
2023-10-31T19:04:50+00:00 INFO actualiza usuario:
{
    "first_name": "Yerko",
    "last_name": "Soto",
    "email": "rodolfo.aranguiz@radar.cl",
    "company": "Yerko2 Soto2",
    "00Nf400000TUbiN": "63496774",
    "00Nf400000TUZxw": "",
    "00N2S000006lwOz": "1",
    "00Nf400000TUZxq": "17244050",
    "00N2S000006lxYR": "",
    "00N2S000006lxYW": "",
    "country": "VN",
    "city": "PUENTE ALTO",
    "state": "",
    "00Nf400000TUZxy": "f078",
    "00Nf400000TUZy9": "82",
    "00Nf400000TUZyL": "s751",
    "recordType": "0122S000000DLhf",
    "lead_source": "Web to Lead",
    "00N2S000007RuM4": "",
    "00N2S000007RuME": "",
    "00N2S000007RuMT": "",
    "00N2S000007RuMP": "",
    "oid": "00D3I0000008lXO"
}
2023-10-31T19:06:25+00:00 INFO actualiza usuario:
{
    "first_name": "Yerko",
    "last_name": "Soto",
    "email": "rodolfo.aranguiz@radar.cl",
    "company": "Yerko2 Soto2",
    "00Nf400000TUbiN": "63496774",
    "00Nf400000TUZxw": "",
    "00N2S000006lwOz": "1",
    "00Nf400000TUZxq": "17244050",
    "00N2S000006lxYR": "",
    "00N2S000006lxYW": "",
    "country": "VN",
    "city": "PUENTE ALTO",
    "state": "",
    "00Nf400000TUZxy": "f078",
    "00Nf400000TUZy9": "82",
    "00Nf400000TUZyL": "s751",
    "recordType": "0122S000000DLhf",
    "lead_source": "Web to Lead",
    "00N2S000007RuM4": "",
    "00N2S000007RuME": "",
    "00N2S000007RuMT": "",
    "00N2S000007RuMP": "",
    "oid": "00D3I0000008lXO"
}
2023-10-31T19:25:05+00:00 INFO nuevo usuario:
{
    "first_name": "KATYA PRUEBA",
    "last_name": "GARVICH PRUEBA",
    "company": "KATYA PRUEBA GARVICH PRUEBA",
    "email": "tiprueba15@gmail.com",
    "00Nf400000TUbiN": "989338405",
    "00N2S000007Bt0I": 1,
    "00Nf400000TUZxy": "f077",
    "00Nf400000TUZy9": "82",
    "00Nf400000TUZyL": "s751",
    "recordType": "0122S000000DLhf",
    "00N2S000007S7ro": "31\/10\/2023",
    "lead_source": "Web to Lead",
    "oid": "00D3I0000008lXO"
}
2023-10-31T19:28:11+00:00 INFO actualiza usuario:
{
    "first_name": "KATYA PRUEBA",
    "last_name": "GARVICH PRUEBA",
    "email": "tiprueba15@gmail.com",
    "company": "KATYA PRUEBA GARVICH PRUEBA",
    "00Nf400000TUbiN": "989338405",
    "00Nf400000TUZxw": "",
    "00N2S000006lwOz": "7",
    "00Nf400000TUZxq": "989338405555",
    "00N2S000006lxYR": "",
    "00N2S000006lxYW": "",
    "country": "BL",
    "city": "San Bartolome",
    "state": "San Bartolome",
    "00Nf400000TUZxy": "f078",
    "00Nf400000TUZy9": "82",
    "00Nf400000TUZyL": "s751",
    "recordType": "0122S000000DLhf",
    "lead_source": "Web to Lead",
    "00N2S000007RuM4": "",
    "00N2S000007RuME": "",
    "00N2S000007RuMT": "",
    "00N2S000007RuMP": "",
    "oid": "00D3I0000008lXO"
}
2023-10-31T19:31:11+00:00 INFO actualiza usuario:
{
    "first_name": "prueba",
    "last_name": "radar",
    "email": "vicente.valdes@radar.cl",
    "company": "",
    "00Nf400000TUbiN": "",
    "00Nf400000TUZxw": "",
    "00N2S000006lwOz": "1",
    "00Nf400000TUZxq": "11412",
    "00N2S000006lxYR": "",
    "00N2S000006lxYW": "",
    "country": "CL",
    "city": "talca",
    "state": "CL-ML",
    "00Nf400000TUZxy": "f078",
    "00Nf400000TUZy9": "82",
    "00Nf400000TUZyL": "s751",
    "recordType": "0122S000000DLhf",
    "lead_source": "Web to Lead",
    "00N2S000007RuM4": "",
    "00N2S000007RuME": "",
    "00N2S000007RuMT": "",
    "00N2S000007RuMP": "",
    "oid": "00D3I0000008lXO"
}
2023-10-31T19:32:08+00:00 INFO nuevo usuario:
{
    "first_name": "Katia Elizabeth",
    "last_name": "Garvich San Martin",
    "company": "Katia Elizabeth Garvich San Martin",
    "email": "katyagarvich@gmail.com",
    "00Nf400000TUbiN": "",
    "00N2S000007Bt0I": 1,
    "00Nf400000TUZxy": "f077",
    "00Nf400000TUZy9": "82",
    "00Nf400000TUZyL": "s751",
    "recordType": "0122S000000DLhf",
    "00N2S000007S7ro": "31\/10\/2023",
    "lead_source": "Web to Lead",
    "oid": "00D3I0000008lXO"
}
2023-10-31T20:28:06+00:00 INFO nuevo usuario:
{
    "first_name": "vicente",
    "last_name": "valdes",
    "company": "vicente valdes",
    "email": "vicevaldes.bravo@gmail.com",
    "00Nf400000TUbiN": "",
    "00N2S000007Bt0I": 1,
    "00Nf400000TUZxy": "f077",
    "00Nf400000TUZy9": "82",
    "00Nf400000TUZyL": "s751",
    "recordType": "0122S000000DLhf",
    "00N2S000007S7ro": "31\/10\/2023",
    "lead_source": "Web to Lead",
    "oid": "00D3I0000008lXO"
}
2023-10-31T20:29:09+00:00 INFO actualiza usuario:
{
    "first_name": "vicente",
    "last_name": "valdes",
    "email": "vicevaldes.bravo@gmail.com",
    "company": "",
    "00Nf400000TUbiN": "",
    "00Nf400000TUZxw": "",
    "00N2S000006lwOz": "1",
    "00Nf400000TUZxq": "18168789",
    "00N2S000006lxYR": "",
    "00N2S000006lxYW": "",
    "country": "CL",
    "city": "talca",
    "state": "CL-ML",
    "00Nf400000TUZxy": "f078",
    "00Nf400000TUZy9": "82",
    "00Nf400000TUZyL": "s751",
    "recordType": "0122S000000DLhf",
    "lead_source": "Web to Lead",
    "00N2S000007RuM4": "",
    "00N2S000007RuME": "",
    "00N2S000007RuMT": "",
    "00N2S000007RuMP": "",
    "oid": "00D3I0000008lXO"
}
2023-10-31T20:29:10+00:00 INFO actualiza usuario:
{
    "first_name": "vicente",
    "last_name": "valdes",
    "email": "vicevaldes.bravo@gmail.com",
    "company": "",
    "00Nf400000TUbiN": "",
    "00Nf400000TUZxw": "",
    "00N2S000006lwOz": "1",
    "00Nf400000TUZxq": "18168789",
    "00N2S000006lxYR": "",
    "00N2S000006lxYW": "",
    "country": "CL",
    "city": "talca",
    "state": "CL-ML",
    "00Nf400000TUZxy": "f078",
    "00Nf400000TUZy9": "82",
    "00Nf400000TUZyL": "s751",
    "recordType": "0122S000000DLhf",
    "lead_source": "Web to Lead",
    "00N2S000007RuM4": "",
    "00N2S000007RuME": "",
    "00N2S000007RuMT": "",
    "00N2S000007RuMP": "",
    "oid": "00D3I0000008lXO"
}
2023-10-31T20:29:54+00:00 INFO actualiza usuario:
{
    "first_name": "Yerko",
    "last_name": "Soto",
    "email": "rodolfo.aranguiz@radar.cl",
    "company": "Yerko2 Soto2",
    "00Nf400000TUbiN": "63496774",
    "00Nf400000TUZxw": "",
    "00N2S000006lwOz": "1",
    "00Nf400000TUZxq": "17244050",
    "00N2S000006lxYR": "",
    "00N2S000006lxYW": "",
    "country": "VN",
    "city": "PUENTE ALTO",
    "state": "",
    "00Nf400000TUZxy": "f078",
    "00Nf400000TUZy9": "82",
    "00Nf400000TUZyL": "s751",
    "recordType": "0122S000000DLhf",
    "lead_source": "Web to Lead",
    "00N2S000007RuM4": "",
    "00N2S000007RuME": "",
    "00N2S000007RuMT": "",
    "00N2S000007RuMP": "",
    "oid": "00D3I0000008lXO"
}
2023-10-31T20:31:12+00:00 INFO actualiza usuario:
{
    "first_name": "vicente",
    "last_name": "valdes",
    "email": "vicevaldes.bravo@gmail.com",
    "company": "",
    "00Nf400000TUbiN": "",
    "00Nf400000TUZxw": "",
    "00N2S000006lwOz": "1",
    "00Nf400000TUZxq": "18168789",
    "00N2S000006lxYR": "",
    "00N2S000006lxYW": "",
    "country": "CL",
    "city": "talca",
    "state": "CL-ML",
    "00Nf400000TUZxy": "f078",
    "00Nf400000TUZy9": "82",
    "00Nf400000TUZyL": "s751",
    "recordType": "0122S000000DLhf",
    "lead_source": "Web to Lead",
    "00N2S000007RuM4": "",
    "00N2S000007RuME": "",
    "00N2S000007RuMT": "",
    "00N2S000007RuMP": "",
    "oid": "00D3I0000008lXO"
}
