2023-10-25T07:17:28+00:00 INFO asociacion regalo: entra
2023-10-25T07:17:28+00:00 INFO Query tabla regalos: SELECT * FROM wp_regalos_queue WHERE correo_destinatario='epalomino@isil.pe' AND pagado=1 AND asociado=0 AND id_usuario_asociado IS NULL ORDER BY id DESC
2023-10-25T07:17:28+00:00 INFO resultado consulta: []
2023-10-25T07:25:28+00:00 INFO asociacion regalo: entra
2023-10-25T07:25:28+00:00 INFO Query tabla regalos: SELECT * FROM wp_regalos_queue WHERE correo_destinatario='palominoeduardo01@gmail.com' AND pagado=1 AND asociado=0 AND id_usuario_asociado IS NULL ORDER BY id DESC
2023-10-25T07:25:28+00:00 INFO resultado consulta: [
    {
        "id": "100",
        "id_producto": "330",
        "correo_destinatario": "palominoeduardo01@gmail.com",
        "nombre_destinatario": "Wilfredo",
        "nombre_remitente": "Eduardo",
        "mensaje": "Te regalo este curso disfrutalo",
        "postergar": "0",
        "fecha_envio": "2023-10-25 07:20:00",
        "pagado": "1",
        "enviado": "1",
        "id_orden": "9443",
        "asociado": "0",
        "id_usuario_asociado": null
    }
]
2023-10-25T07:25:28+00:00 INFO entra al resultado de regalos: 
2023-10-25T07:25:28+00:00 INFO Orden pagada: 1
2023-10-25T15:08:02+00:00 INFO asociacion regalo: entra
2023-10-25T15:08:02+00:00 INFO Query tabla regalos: SELECT * FROM wp_regalos_queue WHERE correo_destinatario='biyiron882@apxby.com' AND pagado=1 AND asociado=0 AND id_usuario_asociado IS NULL ORDER BY id DESC
2023-10-25T15:08:02+00:00 INFO resultado consulta: []
2023-10-25T15:20:38+00:00 INFO asociacion regalo: entra
2023-10-25T15:20:38+00:00 INFO Query tabla regalos: SELECT * FROM wp_regalos_queue WHERE correo_destinatario='biyiron882@apxby.com' AND pagado=1 AND asociado=0 AND id_usuario_asociado IS NULL ORDER BY id DESC
2023-10-25T15:20:38+00:00 INFO resultado consulta: []
2023-10-25T15:48:27+00:00 INFO asociacion regalo: entra
2023-10-25T15:48:27+00:00 INFO Query tabla regalos: SELECT * FROM wp_regalos_queue WHERE correo_destinatario='jjimenez@isil.pe' AND pagado=1 AND asociado=0 AND id_usuario_asociado IS NULL ORDER BY id DESC
2023-10-25T15:48:27+00:00 INFO resultado consulta: []
2023-10-25T15:55:31+00:00 INFO asociacion regalo: entra
2023-10-25T15:55:31+00:00 INFO Query tabla regalos: SELECT * FROM wp_regalos_queue WHERE correo_destinatario='kgarvich@isil.pe' AND pagado=1 AND asociado=0 AND id_usuario_asociado IS NULL ORDER BY id DESC
2023-10-25T15:55:31+00:00 INFO resultado consulta: []
2023-10-25T16:02:52+00:00 INFO asociacion regalo: entra
2023-10-25T16:02:52+00:00 INFO Query tabla regalos: SELECT * FROM wp_regalos_queue WHERE correo_destinatario='biyiron882@apxby.com' AND pagado=1 AND asociado=0 AND id_usuario_asociado IS NULL ORDER BY id DESC
2023-10-25T16:02:52+00:00 INFO resultado consulta: []
2023-10-25T18:25:29+00:00 INFO asociacion regalo: entra
2023-10-25T18:25:29+00:00 INFO Query tabla regalos: SELECT * FROM wp_regalos_queue WHERE correo_destinatario='yerko.soto@radar.cl' AND pagado=1 AND asociado=0 AND id_usuario_asociado IS NULL ORDER BY id DESC
2023-10-25T18:25:29+00:00 INFO resultado consulta: []
2023-10-25T19:01:37+00:00 INFO asociacion regalo: entra
2023-10-25T19:01:37+00:00 INFO Query tabla regalos: SELECT * FROM wp_regalos_queue WHERE correo_destinatario='yerko.soto@radar.cl' AND pagado=1 AND asociado=0 AND id_usuario_asociado IS NULL ORDER BY id DESC
2023-10-25T19:01:37+00:00 INFO resultado consulta: []
2023-10-25T19:35:25+00:00 INFO asociacion regalo: entra
2023-10-25T19:35:25+00:00 INFO Query tabla regalos: SELECT * FROM wp_regalos_queue WHERE correo_destinatario='calfaro@isil.pe' AND pagado=1 AND asociado=0 AND id_usuario_asociado IS NULL ORDER BY id DESC
2023-10-25T19:35:25+00:00 INFO resultado consulta: []
2023-10-25T19:39:39+00:00 INFO asociacion regalo: entra
2023-10-25T19:39:39+00:00 INFO Query tabla regalos: SELECT * FROM wp_regalos_queue WHERE correo_destinatario='rojoca1485@xgh6.com' AND pagado=1 AND asociado=0 AND id_usuario_asociado IS NULL ORDER BY id DESC
2023-10-25T19:39:39+00:00 INFO resultado consulta: []
2023-10-25T20:13:36+00:00 INFO asociacion regalo: entra
2023-10-25T20:13:36+00:00 INFO Query tabla regalos: SELECT * FROM wp_regalos_queue WHERE correo_destinatario='biyiron882@apxby.com' AND pagado=1 AND asociado=0 AND id_usuario_asociado IS NULL ORDER BY id DESC
2023-10-25T20:13:36+00:00 INFO resultado consulta: []
2023-10-25T20:24:58+00:00 INFO asociacion regalo: entra
2023-10-25T20:24:58+00:00 INFO Query tabla regalos: SELECT * FROM wp_regalos_queue WHERE correo_destinatario='kgarvich@isil.pe' AND pagado=1 AND asociado=0 AND id_usuario_asociado IS NULL ORDER BY id DESC
2023-10-25T20:24:58+00:00 INFO resultado consulta: []
2023-10-25T20:35:55+00:00 INFO asociacion regalo: entra
2023-10-25T20:35:55+00:00 INFO Query tabla regalos: SELECT * FROM wp_regalos_queue WHERE correo_destinatario='biyiron882@apxby.com' AND pagado=1 AND asociado=0 AND id_usuario_asociado IS NULL ORDER BY id DESC
2023-10-25T20:35:55+00:00 INFO resultado consulta: []
2023-10-25T20:56:11+00:00 INFO asociacion regalo: entra
2023-10-25T20:56:11+00:00 INFO Query tabla regalos: SELECT * FROM wp_regalos_queue WHERE correo_destinatario='rojoca1485@xgh6.com' AND pagado=1 AND asociado=0 AND id_usuario_asociado IS NULL ORDER BY id DESC
2023-10-25T20:56:11+00:00 INFO resultado consulta: []
2023-10-25T21:10:51+00:00 INFO asociacion regalo: entra
2023-10-25T21:10:51+00:00 INFO Query tabla regalos: SELECT * FROM wp_regalos_queue WHERE correo_destinatario='kgarvich@isil.pe' AND pagado=1 AND asociado=0 AND id_usuario_asociado IS NULL ORDER BY id DESC
2023-10-25T21:10:51+00:00 INFO resultado consulta: []
2023-10-25T21:19:26+00:00 INFO asociacion regalo: entra
2023-10-25T21:19:26+00:00 INFO Query tabla regalos: SELECT * FROM wp_regalos_queue WHERE correo_destinatario='biyiron882@apxby.com' AND pagado=1 AND asociado=0 AND id_usuario_asociado IS NULL ORDER BY id DESC
2023-10-25T21:19:26+00:00 INFO resultado consulta: []
2023-10-25T21:35:58+00:00 INFO asociacion regalo: entra
2023-10-25T21:35:58+00:00 INFO Query tabla regalos: SELECT * FROM wp_regalos_queue WHERE correo_destinatario='tiprueba16@gmail.com' AND pagado=1 AND asociado=0 AND id_usuario_asociado IS NULL ORDER BY id DESC
2023-10-25T21:35:58+00:00 INFO resultado consulta: [
    {
        "id": "46",
        "id_producto": "389",
        "correo_destinatario": "tiprueba16@gmail.com",
        "nombre_destinatario": "Persona que recibe el regalo",
        "nombre_remitente": "Persona que regala",
        "mensaje": "Esto es un regalo",
        "postergar": "1",
        "fecha_envio": "2023-09-29 12:00:00",
        "pagado": "1",
        "enviado": "1",
        "id_orden": "1659",
        "asociado": "0",
        "id_usuario_asociado": null
    }
]
2023-10-25T21:35:58+00:00 INFO entra al resultado de regalos: 
2023-10-25T21:37:49+00:00 INFO asociacion regalo: entra
2023-10-25T21:37:49+00:00 INFO Query tabla regalos: SELECT * FROM wp_regalos_queue WHERE correo_destinatario='tiprueba16@gmail.com' AND pagado=1 AND asociado=0 AND id_usuario_asociado IS NULL ORDER BY id DESC
2023-10-25T21:37:49+00:00 INFO resultado consulta: [
    {
        "id": "46",
        "id_producto": "389",
        "correo_destinatario": "tiprueba16@gmail.com",
        "nombre_destinatario": "Persona que recibe el regalo",
        "nombre_remitente": "Persona que regala",
        "mensaje": "Esto es un regalo",
        "postergar": "1",
        "fecha_envio": "2023-09-29 12:00:00",
        "pagado": "1",
        "enviado": "1",
        "id_orden": "1659",
        "asociado": "0",
        "id_usuario_asociado": null
    }
]
2023-10-25T21:37:49+00:00 INFO entra al resultado de regalos: 
2023-10-25T21:38:44+00:00 INFO asociacion regalo: entra
2023-10-25T21:38:44+00:00 INFO Query tabla regalos: SELECT * FROM wp_regalos_queue WHERE correo_destinatario='tiprueba18@gmail.com' AND pagado=1 AND asociado=0 AND id_usuario_asociado IS NULL ORDER BY id DESC
2023-10-25T21:38:44+00:00 INFO resultado consulta: []
2023-10-25T21:40:33+00:00 INFO asociacion regalo: entra
2023-10-25T21:40:33+00:00 INFO Query tabla regalos: SELECT * FROM wp_regalos_queue WHERE correo_destinatario='capu.sbpfg99@luhec.com' AND pagado=1 AND asociado=0 AND id_usuario_asociado IS NULL ORDER BY id DESC
2023-10-25T21:40:33+00:00 INFO resultado consulta: []
2023-10-25T22:14:58+00:00 INFO asociacion regalo: entra
2023-10-25T22:14:58+00:00 INFO Query tabla regalos: SELECT * FROM wp_regalos_queue WHERE correo_destinatario='kgarvich@isil.pe' AND pagado=1 AND asociado=0 AND id_usuario_asociado IS NULL ORDER BY id DESC
2023-10-25T22:14:58+00:00 INFO resultado consulta: []
2023-10-25T22:27:31+00:00 INFO asociacion regalo: entra
2023-10-25T22:27:31+00:00 INFO Query tabla regalos: SELECT * FROM wp_regalos_queue WHERE correo_destinatario='vesip92563@bnovel.com' AND pagado=1 AND asociado=0 AND id_usuario_asociado IS NULL ORDER BY id DESC
2023-10-25T22:27:31+00:00 INFO resultado consulta: []
2023-10-25T22:55:42+00:00 INFO asociacion regalo: entra
2023-10-25T22:55:42+00:00 INFO Query tabla regalos: SELECT * FROM wp_regalos_queue WHERE correo_destinatario='biyiron882@apxby.com' AND pagado=1 AND asociado=0 AND id_usuario_asociado IS NULL ORDER BY id DESC
2023-10-25T22:55:42+00:00 INFO resultado consulta: []
