2023-10-06T12:53:31+00:00 INFO nuevo usuario:
{
    "first_name": "RODOLFO",
    "last_name": "ARANGUIZ",
    "company": "RODOLFO ARANGUIZ",
    "email": "shinyi_01@hotmail.com",
    "00Nf400000TUbiN": "63496774",
    "00N2S000007Bt0I": 1,
    "00Nf400000TUZxy": "f077",
    "00Nf400000TUZy9": "82",
    "00Nf400000TUZyL": "s751",
    "recordType": "0122S000000DLhf",
    "00N2S000007S7ro": "06\/10\/2023",
    "lead_source": "Web to Lead",
    "oid": "00D3I0000008lXO"
}
2023-10-06T13:07:33+00:00 INFO nuevo usuario:
{
    "first_name": "rodolfo",
    "last_name": "aranguiz",
    "company": "rodolfo aranguiz",
    "email": "rodolfoap260@gmail.com",
    "00Nf400000TUbiN": "963496774",
    "00N2S000007Bt0I": 1,
    "00Nf400000TUZxy": "f077",
    "00Nf400000TUZy9": "82",
    "00Nf400000TUZyL": "s751",
    "recordType": "0122S000000DLhf",
    "00N2S000007S7ro": "06\/10\/2023",
    "lead_source": "Web to Lead",
    "oid": "00D3I0000008lXO"
}
2023-10-06T13:18:14+00:00 INFO actualiza usuario:
{
    "first_name": "Rodolfo",
    "last_name": "Aranguiz",
    "email": "rodolfoap260@gmail.com",
    "company": "",
    "00Nf400000TUbiN": "963496774",
    "00Nf400000TUZxw": "",
    "00N2S000006lwOz": "1",
    "00Nf400000TUZxq": "17244050",
    "00N2S000006lxYR": "",
    "00N2S000006lxYW": "",
    "country": "PE",
    "city": "puebla",
    "state": "AMA",
    "00Nf400000TUZxy": "f078",
    "00Nf400000TUZy9": "82",
    "00Nf400000TUZyL": "s751",
    "recordType": "0122S000000DLhf",
    "lead_source": "Web to Lead",
    "00N2S000007RuM4": "",
    "00N2S000007RuME": "",
    "00N2S000007RuMT": "",
    "00N2S000007RuMP": "",
    "oid": "00D3I0000008lXO"
}
2023-10-06T13:21:27+00:00 INFO actualiza usuario:
{
    "first_name": "Rodolfo",
    "last_name": "Aranguiz",
    "email": "rodolfoap260@gmail.com",
    "company": "",
    "00Nf400000TUbiN": "963496774",
    "00Nf400000TUZxw": "",
    "00N2S000006lwOz": "1",
    "00Nf400000TUZxq": "17244050",
    "00N2S000006lxYR": "",
    "00N2S000006lxYW": "",
    "country": "PE",
    "city": "puebla",
    "state": "AMA",
    "00Nf400000TUZxy": "f078",
    "00Nf400000TUZy9": "82",
    "00Nf400000TUZyL": "s751",
    "recordType": "0122S000000DLhf",
    "lead_source": "Web to Lead",
    "00N2S000007RuM4": "",
    "00N2S000007RuME": "",
    "00N2S000007RuMT": "",
    "00N2S000007RuMP": "",
    "oid": "00D3I0000008lXO"
}
2023-10-06T13:24:17+00:00 INFO nuevo usuario:
{
    "first_name": "DEKURAPTOR",
    "last_name": "DEKURAPTOR",
    "company": "DEKURAPTOR DEKURAPTOR",
    "email": "dekuraptor@gmail.com",
    "00Nf400000TUbiN": "+56948421832",
    "00N2S000007Bt0I": 1,
    "00Nf400000TUZxy": "f077",
    "00Nf400000TUZy9": "82",
    "00Nf400000TUZyL": "s751",
    "recordType": "0122S000000DLhf",
    "00N2S000007S7ro": "06\/10\/2023",
    "lead_source": "Web to Lead",
    "oid": "00D3I0000008lXO"
}
2023-10-06T13:51:25+00:00 INFO actualiza usuario:
{
    "first_name": "Rodolfo",
    "last_name": "Aranguiz",
    "email": "rodolfoap260@gmail.com",
    "company": "",
    "00Nf400000TUbiN": "963496774",
    "00Nf400000TUZxw": "",
    "00N2S000006lwOz": "1",
    "00Nf400000TUZxq": "17244050",
    "00N2S000006lxYR": "",
    "00N2S000006lxYW": "",
    "country": "PE",
    "city": "puebla",
    "state": "AMA",
    "00Nf400000TUZxy": "f078",
    "00Nf400000TUZy9": "82",
    "00Nf400000TUZyL": "s751",
    "recordType": "0122S000000DLhf",
    "lead_source": "Web to Lead",
    "00N2S000007RuM4": "",
    "00N2S000007RuME": "",
    "00N2S000007RuMT": "",
    "00N2S000007RuMP": "",
    "oid": "00D3I0000008lXO"
}
2023-10-06T14:20:52+00:00 INFO actualiza usuario:
{
    "first_name": "Yerko",
    "last_name": "Soto",
    "email": "dekuraptor@gmail.com",
    "company": "",
    "00Nf400000TUbiN": "+56948421832",
    "00Nf400000TUZxw": "",
    "00N2S000006lwOz": "1",
    "00Nf400000TUZxq": "16952438",
    "00N2S000006lxYR": "",
    "00N2S000006lxYW": "",
    "country": "RS",
    "city": "PUDAHUEL",
    "state": "RS24",
    "00Nf400000TUZxy": "f078",
    "00Nf400000TUZy9": "82",
    "00Nf400000TUZyL": "s751",
    "recordType": "0122S000000DLhf",
    "lead_source": "Web to Lead",
    "00N2S000007RuM4": "",
    "00N2S000007RuME": "",
    "00N2S000007RuMT": "",
    "00N2S000007RuMP": "",
    "oid": "00D3I0000008lXO"
}
2023-10-06T14:40:22+00:00 INFO actualiza usuario:
{
    "first_name": "Yerko",
    "last_name": "Soto",
    "email": "dekuraptor@gmail.com",
    "company": "",
    "00Nf400000TUbiN": "+56948421832",
    "00Nf400000TUZxw": "",
    "00N2S000006lwOz": "1",
    "00Nf400000TUZxq": "16952438",
    "00N2S000006lxYR": "",
    "00N2S000006lxYW": "",
    "country": "RS",
    "city": "PUDAHUEL",
    "state": "RS24",
    "00Nf400000TUZxy": "f078",
    "00Nf400000TUZy9": "82",
    "00Nf400000TUZyL": "s751",
    "recordType": "0122S000000DLhf",
    "lead_source": "Web to Lead",
    "00N2S000007RuM4": "",
    "00N2S000007RuME": "",
    "00N2S000007RuMT": "",
    "00N2S000007RuMP": "",
    "oid": "00D3I0000008lXO"
}
2023-10-06T14:44:22+00:00 INFO actualiza usuario:
{
    "first_name": "Yerko",
    "last_name": "Soto",
    "email": "dekuraptor@gmail.com",
    "company": "",
    "00Nf400000TUbiN": "+56948421832",
    "00Nf400000TUZxw": "",
    "00N2S000006lwOz": "1",
    "00Nf400000TUZxq": "16952438",
    "00N2S000006lxYR": "",
    "00N2S000006lxYW": "",
    "country": "RS",
    "city": "PUDAHUEL",
    "state": "RS24",
    "00Nf400000TUZxy": "f078",
    "00Nf400000TUZy9": "82",
    "00Nf400000TUZyL": "s751",
    "recordType": "0122S000000DLhf",
    "lead_source": "Web to Lead",
    "00N2S000007RuM4": "",
    "00N2S000007RuME": "",
    "00N2S000007RuMT": "",
    "00N2S000007RuMP": "",
    "oid": "00D3I0000008lXO"
}
2023-10-06T14:49:52+00:00 INFO actualiza usuario:
{
    "first_name": "Yerko",
    "last_name": "Soto",
    "email": "dekuraptor@gmail.com",
    "company": "",
    "00Nf400000TUbiN": "+56948421832",
    "00Nf400000TUZxw": "",
    "00N2S000006lwOz": "1",
    "00Nf400000TUZxq": "16952438",
    "00N2S000006lxYR": "",
    "00N2S000006lxYW": "",
    "country": "RS",
    "city": "PUDAHUEL",
    "state": "RS24",
    "00Nf400000TUZxy": "f078",
    "00Nf400000TUZy9": "82",
    "00Nf400000TUZyL": "s751",
    "recordType": "0122S000000DLhf",
    "lead_source": "Web to Lead",
    "00N2S000007RuM4": "",
    "00N2S000007RuME": "",
    "00N2S000007RuMT": "",
    "00N2S000007RuMP": "",
    "oid": "00D3I0000008lXO"
}
2023-10-06T14:53:04+00:00 INFO nuevo usuario:
{
    "first_name": "YERKO",
    "last_name": "SOTO",
    "company": "YERKO SOTO",
    "email": "soporte@radar.cl",
    "00Nf400000TUbiN": "+56948421832",
    "00N2S000007Bt0I": 1,
    "00Nf400000TUZxy": "f077",
    "00Nf400000TUZy9": "82",
    "00Nf400000TUZyL": "s751",
    "recordType": "0122S000000DLhf",
    "00N2S000007S7ro": "06\/10\/2023",
    "lead_source": "Web to Lead",
    "oid": "00D3I0000008lXO"
}
2023-10-06T14:55:05+00:00 INFO actualiza usuario:
{
    "first_name": "Yerko",
    "last_name": "Soto",
    "email": "soporte@radar.cl",
    "company": "",
    "00Nf400000TUbiN": "+56948421832",
    "00Nf400000TUZxw": "",
    "00N2S000006lwOz": "1",
    "00Nf400000TUZxq": "12345678",
    "00N2S000006lxYR": "",
    "00N2S000006lxYW": "",
    "country": "CL",
    "city": "PUDAHUEL",
    "state": "CL-RM",
    "00Nf400000TUZxy": "f078",
    "00Nf400000TUZy9": "82",
    "00Nf400000TUZyL": "s751",
    "recordType": "0122S000000DLhf",
    "lead_source": "Web to Lead",
    "00N2S000007RuM4": "",
    "00N2S000007RuME": "",
    "00N2S000007RuMT": "",
    "00N2S000007RuMP": "",
    "oid": "00D3I0000008lXO"
}
2023-10-06T14:56:43+00:00 INFO actualiza usuario:
{
    "first_name": "Yerko",
    "last_name": "Soto",
    "email": "soporte@radar.cl",
    "company": "",
    "00Nf400000TUbiN": "+56948421832",
    "00Nf400000TUZxw": "",
    "00N2S000006lwOz": "1",
    "00Nf400000TUZxq": "12345678",
    "00N2S000006lxYR": "",
    "00N2S000006lxYW": "",
    "country": "CL",
    "city": "PUDAHUEL",
    "state": "CL-RM",
    "00Nf400000TUZxy": "f078",
    "00Nf400000TUZy9": "82",
    "00Nf400000TUZyL": "s751",
    "recordType": "0122S000000DLhf",
    "lead_source": "Web to Lead",
    "00N2S000007RuM4": "",
    "00N2S000007RuME": "",
    "00N2S000007RuMT": "",
    "00N2S000007RuMP": "",
    "oid": "00D3I0000008lXO"
}
2023-10-06T14:58:13+00:00 INFO actualiza usuario:
{
    "first_name": "Yerko",
    "last_name": "Soto",
    "email": "soporte@radar.cl",
    "company": "",
    "00Nf400000TUbiN": "+56948421832",
    "00Nf400000TUZxw": "",
    "00N2S000006lwOz": "1",
    "00Nf400000TUZxq": "12345678",
    "00N2S000006lxYR": "",
    "00N2S000006lxYW": "",
    "country": "CL",
    "city": "PUDAHUEL",
    "state": "CL-RM",
    "00Nf400000TUZxy": "f078",
    "00Nf400000TUZy9": "82",
    "00Nf400000TUZyL": "s751",
    "recordType": "0122S000000DLhf",
    "lead_source": "Web to Lead",
    "00N2S000007RuM4": "",
    "00N2S000007RuME": "",
    "00N2S000007RuMT": "",
    "00N2S000007RuMP": "",
    "oid": "00D3I0000008lXO"
}
2023-10-06T18:29:00+00:00 INFO nuevo usuario:
{
    "first_name": "DEKURAPTOR",
    "last_name": "DEKURAPTOR",
    "company": "DEKURAPTOR DEKURAPTOR",
    "email": "dekuraptor@gmail.com",
    "00Nf400000TUbiN": "+56948421832",
    "00N2S000007Bt0I": 1,
    "00Nf400000TUZxy": "f077",
    "00Nf400000TUZy9": "82",
    "00Nf400000TUZyL": "s751",
    "recordType": "0122S000000DLhf",
    "00N2S000007S7ro": "06\/10\/2023",
    "lead_source": "Web to Lead",
    "oid": "00D3I0000008lXO"
}
2023-10-06T18:29:17+00:00 INFO nuevo usuario:
{
    "first_name": "DEKURAPTOR",
    "last_name": "DEKURAPTOR",
    "company": "DEKURAPTOR DEKURAPTOR",
    "email": "dekuraptor@gmail.com",
    "00Nf400000TUbiN": "+56948421832",
    "00N2S000007Bt0I": 1,
    "00Nf400000TUZxy": "f077",
    "00Nf400000TUZy9": "82",
    "00Nf400000TUZyL": "s751",
    "recordType": "0122S000000DLhf",
    "00N2S000007S7ro": "06\/10\/2023",
    "lead_source": "Web to Lead",
    "oid": "00D3I0000008lXO"
}
2023-10-06T20:46:31+00:00 INFO nuevo usuario:
{
    "first_name": "Cesar Aurelio",
    "last_name": "Alfaro Estela",
    "company": "Cesar Aurelio Alfaro Estela",
    "email": "calfaro@isil.pe",
    "00Nf400000TUbiN": "",
    "00N2S000007Bt0I": 1,
    "00Nf400000TUZxy": "f077",
    "00Nf400000TUZy9": "82",
    "00Nf400000TUZyL": "s751",
    "recordType": "0122S000000DLhf",
    "00N2S000007S7ro": "06\/10\/2023",
    "lead_source": "Web to Lead",
    "oid": "00D3I0000008lXO"
}
