2023-11-09T00:04:22+00:00 INFO nuevo usuario:
{
    "first_name": "VIERNES DOS PRUEBAa",
    "last_name": "veintidos DEL NUEVE",
    "company": "VIERNES DOS PRUEBAa veintidos DEL NUEVE",
    "email": "biyiron882@apxby.com",
    "00Nf400000TUbiN": "968696501",
    "00N2S000007Bt0I": 1,
    "00Nf400000TUZxy": "f077",
    "00Nf400000TUZy9": "82",
    "00Nf400000TUZyL": "s751",
    "recordType": "0122S000000DLhf",
    "00N2S000007S7ro": "09\/11\/2023",
    "lead_source": "Web to Lead",
    "oid": "00D3I0000008lXO"
}
2023-11-09T01:54:46+00:00 INFO nuevo usuario:
{
    "first_name": "Cristi\u00e1n",
    "last_name": "Frenkel",
    "company": "Cristi\u00e1n Frenkel",
    "email": "cristian.frenkel@radar.cl",
    "00Nf400000TUbiN": "+56990029433",
    "00N2S000007Bt0I": 1,
    "00Nf400000TUZxy": "f077",
    "00Nf400000TUZy9": "82",
    "00Nf400000TUZyL": "s751",
    "recordType": "0122S000000DLhf",
    "00N2S000007S7ro": "09\/11\/2023",
    "lead_source": "Web to Lead",
    "oid": "00D3I0000008lXO"
}
2023-11-09T01:55:22+00:00 INFO nuevo usuario:
{
    "first_name": "Cristi\u00e1n",
    "last_name": "Frenkel",
    "company": "Cristi\u00e1n Frenkel",
    "email": "cristian.frenkel@radar.cl",
    "00Nf400000TUbiN": "+56990029433",
    "00N2S000007Bt0I": 1,
    "00Nf400000TUZxy": "f077",
    "00Nf400000TUZy9": "82",
    "00Nf400000TUZyL": "s751",
    "recordType": "0122S000000DLhf",
    "00N2S000007S7ro": "09\/11\/2023",
    "lead_source": "Web to Lead",
    "oid": "00D3I0000008lXO"
}
2023-11-09T02:04:43+00:00 INFO nuevo usuario:
{
    "first_name": "Cristi\u00e1n",
    "last_name": "Frenkel",
    "company": "Cristi\u00e1n Frenkel",
    "email": "cristian.frenkel@radar.cl",
    "00Nf400000TUbiN": "+56990029433",
    "00N2S000007Bt0I": 1,
    "00Nf400000TUZxy": "f077",
    "00Nf400000TUZy9": "82",
    "00Nf400000TUZyL": "s751",
    "recordType": "0122S000000DLhf",
    "00N2S000007S7ro": "09\/11\/2023",
    "lead_source": "Web to Lead",
    "oid": "00D3I0000008lXO"
}
2023-11-09T02:05:10+00:00 INFO nuevo usuario:
{
    "first_name": "Cristi\u00e1n",
    "last_name": "Frenkel",
    "company": "Cristi\u00e1n Frenkel",
    "email": "cristian.frenkel@radar.cl",
    "00Nf400000TUbiN": "+56990029433",
    "00N2S000007Bt0I": 1,
    "00Nf400000TUZxy": "f077",
    "00Nf400000TUZy9": "82",
    "00Nf400000TUZyL": "s751",
    "recordType": "0122S000000DLhf",
    "00N2S000007S7ro": "09\/11\/2023",
    "lead_source": "Web to Lead",
    "oid": "00D3I0000008lXO"
}
2023-11-09T02:08:56+00:00 INFO nuevo usuario:
{
    "first_name": "Cristi\u00e1n",
    "last_name": "Frenkel",
    "company": "Cristi\u00e1n Frenkel",
    "email": "cristian.frenkel@radar.cl",
    "00Nf400000TUbiN": "+56990029433",
    "00N2S000007Bt0I": 1,
    "00Nf400000TUZxy": "f077",
    "00Nf400000TUZy9": "82",
    "00Nf400000TUZyL": "s751",
    "recordType": "0122S000000DLhf",
    "00N2S000007S7ro": "09\/11\/2023",
    "lead_source": "Web to Lead",
    "oid": "00D3I0000008lXO"
}
2023-11-09T02:10:10+00:00 INFO nuevo usuario:
{
    "first_name": "Cristi\u00e1n",
    "last_name": "Frenkel",
    "company": "Cristi\u00e1n Frenkel",
    "email": "cristian.frenkel@radar.cl",
    "00Nf400000TUbiN": "+56990029433",
    "00N2S000007Bt0I": 1,
    "00Nf400000TUZxy": "f077",
    "00Nf400000TUZy9": "82",
    "00Nf400000TUZyL": "s751",
    "recordType": "0122S000000DLhf",
    "00N2S000007S7ro": "09\/11\/2023",
    "lead_source": "Web to Lead",
    "oid": "00D3I0000008lXO"
}
2023-11-09T02:17:42+00:00 INFO nuevo usuario:
{
    "first_name": "Cristi\u00e1n",
    "last_name": "Frenkel",
    "company": "Cristi\u00e1n Frenkel",
    "email": "cristian.frenkel@radar.cl",
    "00Nf400000TUbiN": "+56990029433",
    "00N2S000007Bt0I": 1,
    "00Nf400000TUZxy": "f077",
    "00Nf400000TUZy9": "82",
    "00Nf400000TUZyL": "s751",
    "recordType": "0122S000000DLhf",
    "00N2S000007S7ro": "09\/11\/2023",
    "lead_source": "Web to Lead",
    "oid": "00D3I0000008lXO"
}
2023-11-09T02:19:36+00:00 INFO nuevo usuario:
{
    "first_name": "Cristi\u00e1n",
    "last_name": "Frenkel",
    "company": "Cristi\u00e1n Frenkel",
    "email": "cristian.frenkel@radar.cl",
    "00Nf400000TUbiN": "+56990029433",
    "00N2S000007Bt0I": 1,
    "00Nf400000TUZxy": "f077",
    "00Nf400000TUZy9": "82",
    "00Nf400000TUZyL": "s751",
    "recordType": "0122S000000DLhf",
    "00N2S000007S7ro": "09\/11\/2023",
    "lead_source": "Web to Lead",
    "oid": "00D3I0000008lXO"
}
2023-11-09T02:20:05+00:00 INFO nuevo usuario:
{
    "first_name": "Cristi\u00e1n",
    "last_name": "Frenkel",
    "company": "Cristi\u00e1n Frenkel",
    "email": "cristian.frenkel@radar.cl",
    "00Nf400000TUbiN": "+56990029433",
    "00N2S000007Bt0I": 1,
    "00Nf400000TUZxy": "f077",
    "00Nf400000TUZy9": "82",
    "00Nf400000TUZyL": "s751",
    "recordType": "0122S000000DLhf",
    "00N2S000007S7ro": "09\/11\/2023",
    "lead_source": "Web to Lead",
    "oid": "00D3I0000008lXO"
}
2023-11-09T02:20:43+00:00 INFO nuevo usuario:
{
    "first_name": "Cristi\u00e1n",
    "last_name": "Frenkel",
    "company": "Cristi\u00e1n Frenkel",
    "email": "cristian.frenkel@radar.cl",
    "00Nf400000TUbiN": "+56990029433",
    "00N2S000007Bt0I": 1,
    "00Nf400000TUZxy": "f077",
    "00Nf400000TUZy9": "82",
    "00Nf400000TUZyL": "s751",
    "recordType": "0122S000000DLhf",
    "00N2S000007S7ro": "09\/11\/2023",
    "lead_source": "Web to Lead",
    "oid": "00D3I0000008lXO"
}
2023-11-09T02:21:07+00:00 INFO nuevo usuario:
{
    "first_name": "Cristi\u00e1n",
    "last_name": "Frenkel",
    "company": "Cristi\u00e1n Frenkel",
    "email": "cristian.frenkel@radar.cl",
    "00Nf400000TUbiN": "+56990029433",
    "00N2S000007Bt0I": 1,
    "00Nf400000TUZxy": "f077",
    "00Nf400000TUZy9": "82",
    "00Nf400000TUZyL": "s751",
    "recordType": "0122S000000DLhf",
    "00N2S000007S7ro": "09\/11\/2023",
    "lead_source": "Web to Lead",
    "oid": "00D3I0000008lXO"
}
2023-11-09T14:04:22+00:00 INFO nuevo usuario:
{
    "first_name": "Katia Elizabeth",
    "last_name": "Garvich San Martin",
    "company": "Katia Elizabeth Garvich San Martin",
    "email": "kgarvich@isil.pe",
    "00Nf400000TUbiN": "",
    "00N2S000007Bt0I": 1,
    "00Nf400000TUZxy": "f077",
    "00Nf400000TUZy9": "82",
    "00Nf400000TUZyL": "s751",
    "recordType": "0122S000000DLhf",
    "00N2S000007S7ro": "09\/11\/2023",
    "lead_source": "Web to Lead",
    "oid": "00D3I0000008lXO"
}
2023-11-09T14:17:20+00:00 INFO nuevo usuario:
{
    "first_name": "Katia Elizabeth",
    "last_name": "Garvich San Martin",
    "company": "Katia Elizabeth Garvich San Martin",
    "email": "kgarvich@isil.pe",
    "00Nf400000TUbiN": "",
    "00N2S000007Bt0I": 1,
    "00Nf400000TUZxy": "f077",
    "00Nf400000TUZy9": "82",
    "00Nf400000TUZyL": "s751",
    "recordType": "0122S000000DLhf",
    "00N2S000007S7ro": "09\/11\/2023",
    "lead_source": "Web to Lead",
    "oid": "00D3I0000008lXO"
}
2023-11-09T14:36:10+00:00 INFO nuevo usuario:
{
    "first_name": "Cesar Aurelio",
    "last_name": "Alfaro Estela",
    "company": "Cesar Aurelio Alfaro Estela",
    "email": "calfaro@isil.pe",
    "00Nf400000TUbiN": "",
    "00N2S000007Bt0I": 1,
    "00Nf400000TUZxy": "f077",
    "00Nf400000TUZy9": "82",
    "00Nf400000TUZyL": "s751",
    "recordType": "0122S000000DLhf",
    "00N2S000007S7ro": "09\/11\/2023",
    "lead_source": "Web to Lead",
    "oid": "00D3I0000008lXO"
}
2023-11-09T14:37:36+00:00 INFO nuevo usuario:
{
    "first_name": "Cesar Aurelio",
    "last_name": "Alfaro Estela",
    "company": "Cesar Aurelio Alfaro Estela",
    "email": "calfaro@isil.pe",
    "00Nf400000TUbiN": "",
    "00N2S000007Bt0I": 1,
    "00Nf400000TUZxy": "f077",
    "00Nf400000TUZy9": "82",
    "00Nf400000TUZyL": "s751",
    "recordType": "0122S000000DLhf",
    "00N2S000007S7ro": "09\/11\/2023",
    "lead_source": "Web to Lead",
    "oid": "00D3I0000008lXO"
}
2023-11-09T14:38:08+00:00 INFO nuevo usuario:
{
    "first_name": "Cristi\u00e1n",
    "last_name": "Frenkel",
    "company": "Cristi\u00e1n Frenkel",
    "email": "cristian.frenkel@radar.cl",
    "00Nf400000TUbiN": "+56990029433",
    "00N2S000007Bt0I": 1,
    "00Nf400000TUZxy": "f077",
    "00Nf400000TUZy9": "82",
    "00Nf400000TUZyL": "s751",
    "recordType": "0122S000000DLhf",
    "00N2S000007S7ro": "09\/11\/2023",
    "lead_source": "Web to Lead",
    "oid": "00D3I0000008lXO"
}
2023-11-09T14:38:41+00:00 INFO nuevo usuario:
{
    "first_name": "Cristi\u00e1n",
    "last_name": "Frenkel",
    "company": "Cristi\u00e1n Frenkel",
    "email": "cristian.frenkel@radar.cl",
    "00Nf400000TUbiN": "+56990029433",
    "00N2S000007Bt0I": 1,
    "00Nf400000TUZxy": "f077",
    "00Nf400000TUZy9": "82",
    "00Nf400000TUZyL": "s751",
    "recordType": "0122S000000DLhf",
    "00N2S000007S7ro": "09\/11\/2023",
    "lead_source": "Web to Lead",
    "oid": "00D3I0000008lXO"
}
2023-11-09T14:40:15+00:00 INFO nuevo usuario:
{
    "first_name": "VIERNES DOS PRUEBAa",
    "last_name": "veintidos DEL NUEVE",
    "company": "VIERNES DOS PRUEBAa veintidos DEL NUEVE",
    "email": "biyiron882@apxby.com",
    "00Nf400000TUbiN": "968696501",
    "00N2S000007Bt0I": 1,
    "00Nf400000TUZxy": "f077",
    "00Nf400000TUZy9": "82",
    "00Nf400000TUZyL": "s751",
    "recordType": "0122S000000DLhf",
    "00N2S000007S7ro": "09\/11\/2023",
    "lead_source": "Web to Lead",
    "oid": "00D3I0000008lXO"
}
2023-11-09T14:40:42+00:00 INFO nuevo usuario:
{
    "first_name": "Cristi\u00e1n",
    "last_name": "Frenkel",
    "company": "Cristi\u00e1n Frenkel",
    "email": "cristian.frenkel@radar.cl",
    "00Nf400000TUbiN": "+56990029433",
    "00N2S000007Bt0I": 1,
    "00Nf400000TUZxy": "f077",
    "00Nf400000TUZy9": "82",
    "00Nf400000TUZyL": "s751",
    "recordType": "0122S000000DLhf",
    "00N2S000007S7ro": "09\/11\/2023",
    "lead_source": "Web to Lead",
    "oid": "00D3I0000008lXO"
}
2023-11-09T14:41:17+00:00 INFO nuevo usuario:
{
    "first_name": "VIERNES DOS PRUEBAa",
    "last_name": "veintidos DEL NUEVE",
    "company": "VIERNES DOS PRUEBAa veintidos DEL NUEVE",
    "email": "biyiron882@apxby.com",
    "00Nf400000TUbiN": "968696501",
    "00N2S000007Bt0I": 1,
    "00Nf400000TUZxy": "f077",
    "00Nf400000TUZy9": "82",
    "00Nf400000TUZyL": "s751",
    "recordType": "0122S000000DLhf",
    "00N2S000007S7ro": "09\/11\/2023",
    "lead_source": "Web to Lead",
    "oid": "00D3I0000008lXO"
}
2023-11-09T14:42:44+00:00 INFO nuevo usuario:
{
    "first_name": "Cesar Aurelio",
    "last_name": "Alfaro Estela",
    "company": "Cesar Aurelio Alfaro Estela",
    "email": "calfaro@isil.pe",
    "00Nf400000TUbiN": "",
    "00N2S000007Bt0I": 1,
    "00Nf400000TUZxy": "f077",
    "00Nf400000TUZy9": "82",
    "00Nf400000TUZyL": "s751",
    "recordType": "0122S000000DLhf",
    "00N2S000007S7ro": "09\/11\/2023",
    "lead_source": "Web to Lead",
    "oid": "00D3I0000008lXO"
}
2023-11-09T14:44:56+00:00 INFO nuevo usuario:
{
    "first_name": "VIERNES DOS PRUEBAa",
    "last_name": "veintidos DEL NUEVE",
    "company": "VIERNES DOS PRUEBAa veintidos DEL NUEVE",
    "email": "biyiron882@apxby.com",
    "00Nf400000TUbiN": "968696501",
    "00N2S000007Bt0I": 1,
    "00Nf400000TUZxy": "f077",
    "00Nf400000TUZy9": "82",
    "00Nf400000TUZyL": "s751",
    "recordType": "0122S000000DLhf",
    "00N2S000007S7ro": "09\/11\/2023",
    "lead_source": "Web to Lead",
    "oid": "00D3I0000008lXO"
}
2023-11-09T14:45:42+00:00 INFO nuevo usuario:
{
    "first_name": "Cristi\u00e1n",
    "last_name": "Frenkel",
    "company": "Cristi\u00e1n Frenkel",
    "email": "cristian.frenkel@radar.cl",
    "00Nf400000TUbiN": "+56990029433",
    "00N2S000007Bt0I": 1,
    "00Nf400000TUZxy": "f077",
    "00Nf400000TUZy9": "82",
    "00Nf400000TUZyL": "s751",
    "recordType": "0122S000000DLhf",
    "00N2S000007S7ro": "09\/11\/2023",
    "lead_source": "Web to Lead",
    "oid": "00D3I0000008lXO"
}
2023-11-09T14:46:01+00:00 INFO nuevo usuario:
{
    "first_name": "VIERNES DOS PRUEBAa",
    "last_name": "veintidos DEL NUEVE",
    "company": "VIERNES DOS PRUEBAa veintidos DEL NUEVE",
    "email": "biyiron882@apxby.com",
    "00Nf400000TUbiN": "968696501",
    "00N2S000007Bt0I": 1,
    "00Nf400000TUZxy": "f077",
    "00Nf400000TUZy9": "82",
    "00Nf400000TUZyL": "s751",
    "recordType": "0122S000000DLhf",
    "00N2S000007S7ro": "09\/11\/2023",
    "lead_source": "Web to Lead",
    "oid": "00D3I0000008lXO"
}
2023-11-09T14:46:08+00:00 INFO nuevo usuario:
{
    "first_name": "Cristi\u00e1n",
    "last_name": "Frenkel",
    "company": "Cristi\u00e1n Frenkel",
    "email": "cristian.frenkel@radar.cl",
    "00Nf400000TUbiN": "+56990029433",
    "00N2S000007Bt0I": 1,
    "00Nf400000TUZxy": "f077",
    "00Nf400000TUZy9": "82",
    "00Nf400000TUZyL": "s751",
    "recordType": "0122S000000DLhf",
    "00N2S000007S7ro": "09\/11\/2023",
    "lead_source": "Web to Lead",
    "oid": "00D3I0000008lXO"
}
2023-11-09T14:49:21+00:00 INFO nuevo usuario:
{
    "first_name": "Cristi\u00e1n",
    "last_name": "Frenkel",
    "company": "Cristi\u00e1n Frenkel",
    "email": "cristian.frenkel@radar.cl",
    "00Nf400000TUbiN": "+56990029433",
    "00N2S000007Bt0I": 1,
    "00Nf400000TUZxy": "f077",
    "00Nf400000TUZy9": "82",
    "00Nf400000TUZyL": "s751",
    "recordType": "0122S000000DLhf",
    "00N2S000007S7ro": "09\/11\/2023",
    "lead_source": "Web to Lead",
    "oid": "00D3I0000008lXO"
}
2023-11-09T14:49:37+00:00 INFO nuevo usuario:
{
    "first_name": "Eduardo Wilfredo",
    "last_name": "Palomino Gilian",
    "company": "Eduardo Wilfredo Palomino Gilian",
    "email": "epalomino@isil.pe",
    "00Nf400000TUbiN": "",
    "00N2S000007Bt0I": 1,
    "00Nf400000TUZxy": "f077",
    "00Nf400000TUZy9": "82",
    "00Nf400000TUZyL": "s751",
    "recordType": "0122S000000DLhf",
    "00N2S000007S7ro": "09\/11\/2023",
    "lead_source": "Web to Lead",
    "oid": "00D3I0000008lXO"
}
2023-11-09T14:49:50+00:00 INFO nuevo usuario:
{
    "first_name": "Cristi\u00e1n",
    "last_name": "Frenkel",
    "company": "Cristi\u00e1n Frenkel",
    "email": "cristian.frenkel@radar.cl",
    "00Nf400000TUbiN": "+56990029433",
    "00N2S000007Bt0I": 1,
    "00Nf400000TUZxy": "f077",
    "00Nf400000TUZy9": "82",
    "00Nf400000TUZyL": "s751",
    "recordType": "0122S000000DLhf",
    "00N2S000007S7ro": "09\/11\/2023",
    "lead_source": "Web to Lead",
    "oid": "00D3I0000008lXO"
}
2023-11-09T14:50:46+00:00 INFO nuevo usuario:
{
    "first_name": "Eduardo Wilfredo",
    "last_name": "Palomino Gilian",
    "company": "Eduardo Wilfredo Palomino Gilian",
    "email": "epalomino@isil.pe",
    "00Nf400000TUbiN": "",
    "00N2S000007Bt0I": 1,
    "00Nf400000TUZxy": "f077",
    "00Nf400000TUZy9": "82",
    "00Nf400000TUZyL": "s751",
    "recordType": "0122S000000DLhf",
    "00N2S000007S7ro": "09\/11\/2023",
    "lead_source": "Web to Lead",
    "oid": "00D3I0000008lXO"
}
2023-11-09T14:51:03+00:00 INFO nuevo usuario:
{
    "first_name": "Cesar Aurelio",
    "last_name": "Alfaro Estela",
    "company": "Cesar Aurelio Alfaro Estela",
    "email": "calfaro@isil.pe",
    "00Nf400000TUbiN": "",
    "00N2S000007Bt0I": 1,
    "00Nf400000TUZxy": "f077",
    "00Nf400000TUZy9": "82",
    "00Nf400000TUZyL": "s751",
    "recordType": "0122S000000DLhf",
    "00N2S000007S7ro": "09\/11\/2023",
    "lead_source": "Web to Lead",
    "oid": "00D3I0000008lXO"
}
2023-11-09T14:53:18+00:00 INFO nuevo usuario:
{
    "first_name": "Cesar Aurelio",
    "last_name": "Alfaro Estela",
    "company": "Cesar Aurelio Alfaro Estela",
    "email": "calfaro@isil.pe",
    "00Nf400000TUbiN": "",
    "00N2S000007Bt0I": 1,
    "00Nf400000TUZxy": "f077",
    "00Nf400000TUZy9": "82",
    "00Nf400000TUZyL": "s751",
    "recordType": "0122S000000DLhf",
    "00N2S000007S7ro": "09\/11\/2023",
    "lead_source": "Web to Lead",
    "oid": "00D3I0000008lXO"
}
2023-11-09T14:55:00+00:00 INFO nuevo usuario:
{
    "first_name": "Cesar Aurelio",
    "last_name": "Alfaro Estela",
    "company": "Cesar Aurelio Alfaro Estela",
    "email": "calfaro@isil.pe",
    "00Nf400000TUbiN": "",
    "00N2S000007Bt0I": 1,
    "00Nf400000TUZxy": "f077",
    "00Nf400000TUZy9": "82",
    "00Nf400000TUZyL": "s751",
    "recordType": "0122S000000DLhf",
    "00N2S000007S7ro": "09\/11\/2023",
    "lead_source": "Web to Lead",
    "oid": "00D3I0000008lXO"
}
2023-11-09T15:01:10+00:00 INFO nuevo usuario:
{
    "first_name": "Eduardo Wilfredo",
    "last_name": "Palomino Gilian",
    "company": "Eduardo Wilfredo Palomino Gilian",
    "email": "epalomino@isil.pe",
    "00Nf400000TUbiN": "",
    "00N2S000007Bt0I": 1,
    "00Nf400000TUZxy": "f077",
    "00Nf400000TUZy9": "82",
    "00Nf400000TUZyL": "s751",
    "recordType": "0122S000000DLhf",
    "00N2S000007S7ro": "09\/11\/2023",
    "lead_source": "Web to Lead",
    "oid": "00D3I0000008lXO"
}
2023-11-09T15:01:21+00:00 INFO nuevo usuario:
{
    "first_name": "Eduardo Wilfredo",
    "last_name": "Palomino Gilian",
    "company": "Eduardo Wilfredo Palomino Gilian",
    "email": "epalomino@isil.pe",
    "00Nf400000TUbiN": "",
    "00N2S000007Bt0I": 1,
    "00Nf400000TUZxy": "f077",
    "00Nf400000TUZy9": "82",
    "00Nf400000TUZyL": "s751",
    "recordType": "0122S000000DLhf",
    "00N2S000007S7ro": "09\/11\/2023",
    "lead_source": "Web to Lead",
    "oid": "00D3I0000008lXO"
}
2023-11-09T15:11:29+00:00 INFO nuevo usuario:
{
    "first_name": "Cristi\u00e1n",
    "last_name": "Frenkel",
    "company": "Cristi\u00e1n Frenkel",
    "email": "cristian.frenkel@radar.cl",
    "00Nf400000TUbiN": "+56990029433",
    "00N2S000007Bt0I": 1,
    "00Nf400000TUZxy": "f077",
    "00Nf400000TUZy9": "82",
    "00Nf400000TUZyL": "s751",
    "recordType": "0122S000000DLhf",
    "00N2S000007S7ro": "09\/11\/2023",
    "lead_source": "Web to Lead",
    "oid": "00D3I0000008lXO"
}
2023-11-09T15:13:49+00:00 INFO nuevo usuario:
{
    "first_name": "Cristi\u00e1n",
    "last_name": "Frenkel",
    "company": "Cristi\u00e1n Frenkel",
    "email": "cristian.frenkel@radar.cl",
    "00Nf400000TUbiN": "+56990029433",
    "00N2S000007Bt0I": 1,
    "00Nf400000TUZxy": "f077",
    "00Nf400000TUZy9": "82",
    "00Nf400000TUZyL": "s751",
    "recordType": "0122S000000DLhf",
    "00N2S000007S7ro": "09\/11\/2023",
    "lead_source": "Web to Lead",
    "oid": "00D3I0000008lXO"
}
2023-11-09T15:14:56+00:00 INFO nuevo usuario:
{
    "first_name": "Cristi\u00e1n",
    "last_name": "Frenkel",
    "company": "Cristi\u00e1n Frenkel",
    "email": "cristian.frenkel@radar.cl",
    "00Nf400000TUbiN": "+56990029433",
    "00N2S000007Bt0I": 1,
    "00Nf400000TUZxy": "f077",
    "00Nf400000TUZy9": "82",
    "00Nf400000TUZyL": "s751",
    "recordType": "0122S000000DLhf",
    "00N2S000007S7ro": "09\/11\/2023",
    "lead_source": "Web to Lead",
    "oid": "00D3I0000008lXO"
}
2023-11-09T15:16:05+00:00 INFO nuevo usuario:
{
    "first_name": "Cristi\u00e1n",
    "last_name": "Frenkel",
    "company": "Cristi\u00e1n Frenkel",
    "email": "cristian.frenkel@radar.cl",
    "00Nf400000TUbiN": "+56990029433",
    "00N2S000007Bt0I": 1,
    "00Nf400000TUZxy": "f077",
    "00Nf400000TUZy9": "82",
    "00Nf400000TUZyL": "s751",
    "recordType": "0122S000000DLhf",
    "00N2S000007S7ro": "09\/11\/2023",
    "lead_source": "Web to Lead",
    "oid": "00D3I0000008lXO"
}
2023-11-09T15:16:32+00:00 INFO nuevo usuario:
{
    "first_name": "Cristi\u00e1n",
    "last_name": "Frenkel",
    "company": "Cristi\u00e1n Frenkel",
    "email": "cristian.frenkel@radar.cl",
    "00Nf400000TUbiN": "+56990029433",
    "00N2S000007Bt0I": 1,
    "00Nf400000TUZxy": "f077",
    "00Nf400000TUZy9": "82",
    "00Nf400000TUZyL": "s751",
    "recordType": "0122S000000DLhf",
    "00N2S000007S7ro": "09\/11\/2023",
    "lead_source": "Web to Lead",
    "oid": "00D3I0000008lXO"
}
2023-11-09T15:17:41+00:00 INFO nuevo usuario:
{
    "first_name": "Cristi\u00e1n",
    "last_name": "Frenkel",
    "company": "Cristi\u00e1n Frenkel",
    "email": "cristian.frenkel@radar.cl",
    "00Nf400000TUbiN": "+56990029433",
    "00N2S000007Bt0I": 1,
    "00Nf400000TUZxy": "f077",
    "00Nf400000TUZy9": "82",
    "00Nf400000TUZyL": "s751",
    "recordType": "0122S000000DLhf",
    "00N2S000007S7ro": "09\/11\/2023",
    "lead_source": "Web to Lead",
    "oid": "00D3I0000008lXO"
}
2023-11-09T15:18:39+00:00 INFO nuevo usuario:
{
    "first_name": "Cristi\u00e1n",
    "last_name": "Frenkel",
    "company": "Cristi\u00e1n Frenkel",
    "email": "cristian.frenkel@radar.cl",
    "00Nf400000TUbiN": "+56990029433",
    "00N2S000007Bt0I": 1,
    "00Nf400000TUZxy": "f077",
    "00Nf400000TUZy9": "82",
    "00Nf400000TUZyL": "s751",
    "recordType": "0122S000000DLhf",
    "00N2S000007S7ro": "09\/11\/2023",
    "lead_source": "Web to Lead",
    "oid": "00D3I0000008lXO"
}
2023-11-09T15:19:23+00:00 INFO nuevo usuario:
{
    "first_name": "Cristi\u00e1n",
    "last_name": "Frenkel",
    "company": "Cristi\u00e1n Frenkel",
    "email": "cristian.frenkel@radar.cl",
    "00Nf400000TUbiN": "+56990029433",
    "00N2S000007Bt0I": 1,
    "00Nf400000TUZxy": "f077",
    "00Nf400000TUZy9": "82",
    "00Nf400000TUZyL": "s751",
    "recordType": "0122S000000DLhf",
    "00N2S000007S7ro": "09\/11\/2023",
    "lead_source": "Web to Lead",
    "oid": "00D3I0000008lXO"
}
2023-11-09T15:19:54+00:00 INFO nuevo usuario:
{
    "first_name": "Cristi\u00e1n",
    "last_name": "Frenkel",
    "company": "Cristi\u00e1n Frenkel",
    "email": "cristian.frenkel@radar.cl",
    "00Nf400000TUbiN": "+56990029433",
    "00N2S000007Bt0I": 1,
    "00Nf400000TUZxy": "f077",
    "00Nf400000TUZy9": "82",
    "00Nf400000TUZyL": "s751",
    "recordType": "0122S000000DLhf",
    "00N2S000007S7ro": "09\/11\/2023",
    "lead_source": "Web to Lead",
    "oid": "00D3I0000008lXO"
}
2023-11-09T15:20:29+00:00 INFO nuevo usuario:
{
    "first_name": "Cristi\u00e1n",
    "last_name": "Frenkel",
    "company": "Cristi\u00e1n Frenkel",
    "email": "cristian.frenkel@radar.cl",
    "00Nf400000TUbiN": "+56990029433",
    "00N2S000007Bt0I": 1,
    "00Nf400000TUZxy": "f077",
    "00Nf400000TUZy9": "82",
    "00Nf400000TUZyL": "s751",
    "recordType": "0122S000000DLhf",
    "00N2S000007S7ro": "09\/11\/2023",
    "lead_source": "Web to Lead",
    "oid": "00D3I0000008lXO"
}
2023-11-09T15:21:08+00:00 INFO nuevo usuario:
{
    "first_name": "Cristi\u00e1n",
    "last_name": "Frenkel",
    "company": "Cristi\u00e1n Frenkel",
    "email": "cristian.frenkel@radar.cl",
    "00Nf400000TUbiN": "+56990029433",
    "00N2S000007Bt0I": 1,
    "00Nf400000TUZxy": "f077",
    "00Nf400000TUZy9": "82",
    "00Nf400000TUZyL": "s751",
    "recordType": "0122S000000DLhf",
    "00N2S000007S7ro": "09\/11\/2023",
    "lead_source": "Web to Lead",
    "oid": "00D3I0000008lXO"
}
2023-11-09T15:21:46+00:00 INFO nuevo usuario:
{
    "first_name": "Cristi\u00e1n",
    "last_name": "Frenkel",
    "company": "Cristi\u00e1n Frenkel",
    "email": "cristian.frenkel@radar.cl",
    "00Nf400000TUbiN": "+56990029433",
    "00N2S000007Bt0I": 1,
    "00Nf400000TUZxy": "f077",
    "00Nf400000TUZy9": "82",
    "00Nf400000TUZyL": "s751",
    "recordType": "0122S000000DLhf",
    "00N2S000007S7ro": "09\/11\/2023",
    "lead_source": "Web to Lead",
    "oid": "00D3I0000008lXO"
}
2023-11-09T15:27:41+00:00 INFO nuevo usuario:
{
    "first_name": "Yerko",
    "last_name": "Soto",
    "company": "Yerko Soto",
    "email": "dekuraptor@gmail.com",
    "00Nf400000TUbiN": "+56948421832",
    "00N2S000007Bt0I": 1,
    "00Nf400000TUZxy": "f077",
    "00Nf400000TUZy9": "82",
    "00Nf400000TUZyL": "s751",
    "recordType": "0122S000000DLhf",
    "00N2S000007S7ro": "09\/11\/2023",
    "lead_source": "Web to Lead",
    "oid": "00D3I0000008lXO"
}
2023-11-09T15:29:05+00:00 INFO nuevo usuario:
{
    "first_name": "Yerko",
    "last_name": "Soto",
    "company": "Yerko Soto",
    "email": "dekuraptor@gmail.com",
    "00Nf400000TUbiN": "+56948421832",
    "00N2S000007Bt0I": 1,
    "00Nf400000TUZxy": "f077",
    "00Nf400000TUZy9": "82",
    "00Nf400000TUZyL": "s751",
    "recordType": "0122S000000DLhf",
    "00N2S000007S7ro": "09\/11\/2023",
    "lead_source": "Web to Lead",
    "oid": "00D3I0000008lXO"
}
2023-11-09T15:29:59+00:00 INFO nuevo usuario:
{
    "first_name": "Yerko",
    "last_name": "Soto",
    "company": "Yerko Soto",
    "email": "dekuraptor@gmail.com",
    "00Nf400000TUbiN": "+56948421832",
    "00N2S000007Bt0I": 1,
    "00Nf400000TUZxy": "f077",
    "00Nf400000TUZy9": "82",
    "00Nf400000TUZyL": "s751",
    "recordType": "0122S000000DLhf",
    "00N2S000007S7ro": "09\/11\/2023",
    "lead_source": "Web to Lead",
    "oid": "00D3I0000008lXO"
}
2023-11-09T15:30:46+00:00 INFO nuevo usuario:
{
    "first_name": "Yerko",
    "last_name": "Soto",
    "company": "Yerko Soto",
    "email": "dekuraptor@gmail.com",
    "00Nf400000TUbiN": "+56948421832",
    "00N2S000007Bt0I": 1,
    "00Nf400000TUZxy": "f077",
    "00Nf400000TUZy9": "82",
    "00Nf400000TUZyL": "s751",
    "recordType": "0122S000000DLhf",
    "00N2S000007S7ro": "09\/11\/2023",
    "lead_source": "Web to Lead",
    "oid": "00D3I0000008lXO"
}
2023-11-09T15:32:47+00:00 INFO nuevo usuario:
{
    "first_name": "Cristi\u00e1n",
    "last_name": "Frenkel",
    "company": "Cristi\u00e1n Frenkel",
    "email": "cristian.frenkel@radar.cl",
    "00Nf400000TUbiN": "+56990029433",
    "00N2S000007Bt0I": 1,
    "00Nf400000TUZxy": "f077",
    "00Nf400000TUZy9": "82",
    "00Nf400000TUZyL": "s751",
    "recordType": "0122S000000DLhf",
    "00N2S000007S7ro": "09\/11\/2023",
    "lead_source": "Web to Lead",
    "oid": "00D3I0000008lXO"
}
2023-11-09T15:33:08+00:00 INFO nuevo usuario:
{
    "first_name": "Cristi\u00e1n",
    "last_name": "Frenkel",
    "company": "Cristi\u00e1n Frenkel",
    "email": "cristian.frenkel@radar.cl",
    "00Nf400000TUbiN": "+56990029433",
    "00N2S000007Bt0I": 1,
    "00Nf400000TUZxy": "f077",
    "00Nf400000TUZy9": "82",
    "00Nf400000TUZyL": "s751",
    "recordType": "0122S000000DLhf",
    "00N2S000007S7ro": "09\/11\/2023",
    "lead_source": "Web to Lead",
    "oid": "00D3I0000008lXO"
}
2023-11-09T15:33:49+00:00 INFO nuevo usuario:
{
    "first_name": "Cristi\u00e1n",
    "last_name": "Frenkel",
    "company": "Cristi\u00e1n Frenkel",
    "email": "cristian.frenkel@radar.cl",
    "00Nf400000TUbiN": "+56990029433",
    "00N2S000007Bt0I": 1,
    "00Nf400000TUZxy": "f077",
    "00Nf400000TUZy9": "82",
    "00Nf400000TUZyL": "s751",
    "recordType": "0122S000000DLhf",
    "00N2S000007S7ro": "09\/11\/2023",
    "lead_source": "Web to Lead",
    "oid": "00D3I0000008lXO"
}
2023-11-09T15:34:41+00:00 INFO nuevo usuario:
{
    "first_name": "Cristi\u00e1n",
    "last_name": "Frenkel",
    "company": "Cristi\u00e1n Frenkel",
    "email": "cristian.frenkel@radar.cl",
    "00Nf400000TUbiN": "+56990029433",
    "00N2S000007Bt0I": 1,
    "00Nf400000TUZxy": "f077",
    "00Nf400000TUZy9": "82",
    "00Nf400000TUZyL": "s751",
    "recordType": "0122S000000DLhf",
    "00N2S000007S7ro": "09\/11\/2023",
    "lead_source": "Web to Lead",
    "oid": "00D3I0000008lXO"
}
2023-11-09T15:35:27+00:00 INFO nuevo usuario:
{
    "first_name": "Cristi\u00e1n",
    "last_name": "Frenkel",
    "company": "Cristi\u00e1n Frenkel",
    "email": "cristian.frenkel@radar.cl",
    "00Nf400000TUbiN": "+56990029433",
    "00N2S000007Bt0I": 1,
    "00Nf400000TUZxy": "f077",
    "00Nf400000TUZy9": "82",
    "00Nf400000TUZyL": "s751",
    "recordType": "0122S000000DLhf",
    "00N2S000007S7ro": "09\/11\/2023",
    "lead_source": "Web to Lead",
    "oid": "00D3I0000008lXO"
}
2023-11-09T15:37:19+00:00 INFO nuevo usuario:
{
    "first_name": "Cesar Aurelio",
    "last_name": "Alfaro Estela",
    "company": "Cesar Aurelio Alfaro Estela",
    "email": "calfaro@isil.pe",
    "00Nf400000TUbiN": "",
    "00N2S000007Bt0I": 1,
    "00Nf400000TUZxy": "f077",
    "00Nf400000TUZy9": "82",
    "00Nf400000TUZyL": "s751",
    "recordType": "0122S000000DLhf",
    "00N2S000007S7ro": "09\/11\/2023",
    "lead_source": "Web to Lead",
    "oid": "00D3I0000008lXO"
}
2023-11-09T15:39:44+00:00 INFO nuevo usuario:
{
    "first_name": "Yerko",
    "last_name": "Soto",
    "company": "Yerko Soto",
    "email": "dekuraptor@gmail.com",
    "00Nf400000TUbiN": "+56948421832",
    "00N2S000007Bt0I": 1,
    "00Nf400000TUZxy": "f077",
    "00Nf400000TUZy9": "82",
    "00Nf400000TUZyL": "s751",
    "recordType": "0122S000000DLhf",
    "00N2S000007S7ro": "09\/11\/2023",
    "lead_source": "Web to Lead",
    "oid": "00D3I0000008lXO"
}
2023-11-09T15:40:04+00:00 INFO nuevo usuario:
{
    "first_name": "Yerko",
    "last_name": "Soto",
    "company": "Yerko Soto",
    "email": "dekuraptor@gmail.com",
    "00Nf400000TUbiN": "+56948421832",
    "00N2S000007Bt0I": 1,
    "00Nf400000TUZxy": "f077",
    "00Nf400000TUZy9": "82",
    "00Nf400000TUZyL": "s751",
    "recordType": "0122S000000DLhf",
    "00N2S000007S7ro": "09\/11\/2023",
    "lead_source": "Web to Lead",
    "oid": "00D3I0000008lXO"
}
2023-11-09T15:41:05+00:00 INFO nuevo usuario:
{
    "first_name": "Cesar Aurelio",
    "last_name": "Alfaro Estela",
    "company": "Cesar Aurelio Alfaro Estela",
    "email": "calfaro@isil.pe",
    "00Nf400000TUbiN": "",
    "00N2S000007Bt0I": 1,
    "00Nf400000TUZxy": "f077",
    "00Nf400000TUZy9": "82",
    "00Nf400000TUZyL": "s751",
    "recordType": "0122S000000DLhf",
    "00N2S000007S7ro": "09\/11\/2023",
    "lead_source": "Web to Lead",
    "oid": "00D3I0000008lXO"
}
2023-11-09T15:41:21+00:00 INFO nuevo usuario:
{
    "first_name": "Yerko",
    "last_name": "Soto",
    "company": "Yerko Soto",
    "email": "dekuraptor@gmail.com",
    "00Nf400000TUbiN": "+56948421832",
    "00N2S000007Bt0I": 1,
    "00Nf400000TUZxy": "f077",
    "00Nf400000TUZy9": "82",
    "00Nf400000TUZyL": "s751",
    "recordType": "0122S000000DLhf",
    "00N2S000007S7ro": "09\/11\/2023",
    "lead_source": "Web to Lead",
    "oid": "00D3I0000008lXO"
}
2023-11-09T15:41:41+00:00 INFO nuevo usuario:
{
    "first_name": "Yerko",
    "last_name": "Soto",
    "company": "Yerko Soto",
    "email": "dekuraptor@gmail.com",
    "00Nf400000TUbiN": "+56948421832",
    "00N2S000007Bt0I": 1,
    "00Nf400000TUZxy": "f077",
    "00Nf400000TUZy9": "82",
    "00Nf400000TUZyL": "s751",
    "recordType": "0122S000000DLhf",
    "00N2S000007S7ro": "09\/11\/2023",
    "lead_source": "Web to Lead",
    "oid": "00D3I0000008lXO"
}
2023-11-09T15:43:30+00:00 INFO nuevo usuario:
{
    "first_name": "Cesar Aurelio",
    "last_name": "Alfaro Estela",
    "company": "Cesar Aurelio Alfaro Estela",
    "email": "calfaro@isil.pe",
    "00Nf400000TUbiN": "",
    "00N2S000007Bt0I": 1,
    "00Nf400000TUZxy": "f077",
    "00Nf400000TUZy9": "82",
    "00Nf400000TUZyL": "s751",
    "recordType": "0122S000000DLhf",
    "00N2S000007S7ro": "09\/11\/2023",
    "lead_source": "Web to Lead",
    "oid": "00D3I0000008lXO"
}
2023-11-09T15:43:31+00:00 INFO nuevo usuario:
{
    "first_name": "Katia Elizabeth",
    "last_name": "Garvich San Martin",
    "company": "Katia Elizabeth Garvich San Martin",
    "email": "kgarvich@isil.pe",
    "00Nf400000TUbiN": "",
    "00N2S000007Bt0I": 1,
    "00Nf400000TUZxy": "f077",
    "00Nf400000TUZy9": "82",
    "00Nf400000TUZyL": "s751",
    "recordType": "0122S000000DLhf",
    "00N2S000007S7ro": "09\/11\/2023",
    "lead_source": "Web to Lead",
    "oid": "00D3I0000008lXO"
}
2023-11-09T15:43:37+00:00 INFO nuevo usuario:
{
    "first_name": "Yerko",
    "last_name": "Soto",
    "company": "Yerko Soto",
    "email": "dekuraptor@gmail.com",
    "00Nf400000TUbiN": "+56948421832",
    "00N2S000007Bt0I": 1,
    "00Nf400000TUZxy": "f077",
    "00Nf400000TUZy9": "82",
    "00Nf400000TUZyL": "s751",
    "recordType": "0122S000000DLhf",
    "00N2S000007S7ro": "09\/11\/2023",
    "lead_source": "Web to Lead",
    "oid": "00D3I0000008lXO"
}
2023-11-09T15:45:11+00:00 INFO nuevo usuario:
{
    "first_name": "Cristi\u00e1n",
    "last_name": "Frenkel",
    "company": "Cristi\u00e1n Frenkel",
    "email": "cristian.frenkel@radar.cl",
    "00Nf400000TUbiN": "+56990029433",
    "00N2S000007Bt0I": 1,
    "00Nf400000TUZxy": "f077",
    "00Nf400000TUZy9": "82",
    "00Nf400000TUZyL": "s751",
    "recordType": "0122S000000DLhf",
    "00N2S000007S7ro": "09\/11\/2023",
    "lead_source": "Web to Lead",
    "oid": "00D3I0000008lXO"
}
2023-11-09T15:46:06+00:00 INFO nuevo usuario:
{
    "first_name": "Cristi\u00e1n",
    "last_name": "Frenkel",
    "company": "Cristi\u00e1n Frenkel",
    "email": "cristian.frenkel@radar.cl",
    "00Nf400000TUbiN": "+56990029433",
    "00N2S000007Bt0I": 1,
    "00Nf400000TUZxy": "f077",
    "00Nf400000TUZy9": "82",
    "00Nf400000TUZyL": "s751",
    "recordType": "0122S000000DLhf",
    "00N2S000007S7ro": "09\/11\/2023",
    "lead_source": "Web to Lead",
    "oid": "00D3I0000008lXO"
}
2023-11-09T15:46:47+00:00 INFO nuevo usuario:
{
    "first_name": "Eduardo Wilfredo",
    "last_name": "Palomino Gilian",
    "company": "Eduardo Wilfredo Palomino Gilian",
    "email": "epalomino@isil.pe",
    "00Nf400000TUbiN": "",
    "00N2S000007Bt0I": 1,
    "00Nf400000TUZxy": "f077",
    "00Nf400000TUZy9": "82",
    "00Nf400000TUZyL": "s751",
    "recordType": "0122S000000DLhf",
    "00N2S000007S7ro": "09\/11\/2023",
    "lead_source": "Web to Lead",
    "oid": "00D3I0000008lXO"
}
2023-11-09T15:47:47+00:00 INFO nuevo usuario:
{
    "first_name": "Eduardo Wilfredo",
    "last_name": "Palomino Gilian",
    "company": "Eduardo Wilfredo Palomino Gilian",
    "email": "epalomino@isil.pe",
    "00Nf400000TUbiN": "",
    "00N2S000007Bt0I": 1,
    "00Nf400000TUZxy": "f077",
    "00Nf400000TUZy9": "82",
    "00Nf400000TUZyL": "s751",
    "recordType": "0122S000000DLhf",
    "00N2S000007S7ro": "09\/11\/2023",
    "lead_source": "Web to Lead",
    "oid": "00D3I0000008lXO"
}
2023-11-09T15:48:51+00:00 INFO nuevo usuario:
{
    "first_name": "Eduardo Wilfredo",
    "last_name": "Palomino Gilian",
    "company": "Eduardo Wilfredo Palomino Gilian",
    "email": "epalomino@isil.pe",
    "00Nf400000TUbiN": "",
    "00N2S000007Bt0I": 1,
    "00Nf400000TUZxy": "f077",
    "00Nf400000TUZy9": "82",
    "00Nf400000TUZyL": "s751",
    "recordType": "0122S000000DLhf",
    "00N2S000007S7ro": "09\/11\/2023",
    "lead_source": "Web to Lead",
    "oid": "00D3I0000008lXO"
}
2023-11-09T15:49:22+00:00 INFO nuevo usuario:
{
    "first_name": "Cristi\u00e1n",
    "last_name": "Frenkel",
    "company": "Cristi\u00e1n Frenkel",
    "email": "cristian.frenkel@radar.cl",
    "00Nf400000TUbiN": "+56990029433",
    "00N2S000007Bt0I": 1,
    "00Nf400000TUZxy": "f077",
    "00Nf400000TUZy9": "82",
    "00Nf400000TUZyL": "s751",
    "recordType": "0122S000000DLhf",
    "00N2S000007S7ro": "09\/11\/2023",
    "lead_source": "Web to Lead",
    "oid": "00D3I0000008lXO"
}
2023-11-09T15:50:19+00:00 INFO nuevo usuario:
{
    "first_name": "Yerko",
    "last_name": "Soto",
    "company": "Yerko Soto",
    "email": "dekuraptor@gmail.com",
    "00Nf400000TUbiN": "+56948421832",
    "00N2S000007Bt0I": 1,
    "00Nf400000TUZxy": "f077",
    "00Nf400000TUZy9": "82",
    "00Nf400000TUZyL": "s751",
    "recordType": "0122S000000DLhf",
    "00N2S000007S7ro": "09\/11\/2023",
    "lead_source": "Web to Lead",
    "oid": "00D3I0000008lXO"
}
2023-11-09T15:50:53+00:00 INFO nuevo usuario:
{
    "first_name": "Cristi\u00e1n",
    "last_name": "Frenkel",
    "company": "Cristi\u00e1n Frenkel",
    "email": "cristian.frenkel@radar.cl",
    "00Nf400000TUbiN": "+56990029433",
    "00N2S000007Bt0I": 1,
    "00Nf400000TUZxy": "f077",
    "00Nf400000TUZy9": "82",
    "00Nf400000TUZyL": "s751",
    "recordType": "0122S000000DLhf",
    "00N2S000007S7ro": "09\/11\/2023",
    "lead_source": "Web to Lead",
    "oid": "00D3I0000008lXO"
}
2023-11-09T15:52:09+00:00 INFO nuevo usuario:
{
    "first_name": "Yerko",
    "last_name": "Soto",
    "company": "Yerko Soto",
    "email": "dekuraptor@gmail.com",
    "00Nf400000TUbiN": "+56948421832",
    "00N2S000007Bt0I": 1,
    "00Nf400000TUZxy": "f077",
    "00Nf400000TUZy9": "82",
    "00Nf400000TUZyL": "s751",
    "recordType": "0122S000000DLhf",
    "00N2S000007S7ro": "09\/11\/2023",
    "lead_source": "Web to Lead",
    "oid": "00D3I0000008lXO"
}
2023-11-09T15:52:44+00:00 INFO nuevo usuario:
{
    "first_name": "Cristi\u00e1n",
    "last_name": "Frenkel",
    "company": "Cristi\u00e1n Frenkel",
    "email": "cristian.frenkel@radar.cl",
    "00Nf400000TUbiN": "+56990029433",
    "00N2S000007Bt0I": 1,
    "00Nf400000TUZxy": "f077",
    "00Nf400000TUZy9": "82",
    "00Nf400000TUZyL": "s751",
    "recordType": "0122S000000DLhf",
    "00N2S000007S7ro": "09\/11\/2023",
    "lead_source": "Web to Lead",
    "oid": "00D3I0000008lXO"
}
2023-11-09T15:54:17+00:00 INFO nuevo usuario:
{
    "first_name": "Cristi\u00e1n",
    "last_name": "Frenkel",
    "company": "Cristi\u00e1n Frenkel",
    "email": "cristian.frenkel@radar.cl",
    "00Nf400000TUbiN": "+56990029433",
    "00N2S000007Bt0I": 1,
    "00Nf400000TUZxy": "f077",
    "00Nf400000TUZy9": "82",
    "00Nf400000TUZyL": "s751",
    "recordType": "0122S000000DLhf",
    "00N2S000007S7ro": "09\/11\/2023",
    "lead_source": "Web to Lead",
    "oid": "00D3I0000008lXO"
}
2023-11-09T15:57:49+00:00 INFO nuevo usuario:
{
    "first_name": "Cristi\u00e1n",
    "last_name": "Frenkel",
    "company": "Cristi\u00e1n Frenkel",
    "email": "cristian.frenkel@radar.cl",
    "00Nf400000TUbiN": "+56990029433",
    "00N2S000007Bt0I": 1,
    "00Nf400000TUZxy": "f077",
    "00Nf400000TUZy9": "82",
    "00Nf400000TUZyL": "s751",
    "recordType": "0122S000000DLhf",
    "00N2S000007S7ro": "09\/11\/2023",
    "lead_source": "Web to Lead",
    "oid": "00D3I0000008lXO"
}
2023-11-09T15:58:11+00:00 INFO nuevo usuario:
{
    "first_name": "Cristi\u00e1n",
    "last_name": "Frenkel",
    "company": "Cristi\u00e1n Frenkel",
    "email": "cristian.frenkel@radar.cl",
    "00Nf400000TUbiN": "+56990029433",
    "00N2S000007Bt0I": 1,
    "00Nf400000TUZxy": "f077",
    "00Nf400000TUZy9": "82",
    "00Nf400000TUZyL": "s751",
    "recordType": "0122S000000DLhf",
    "00N2S000007S7ro": "09\/11\/2023",
    "lead_source": "Web to Lead",
    "oid": "00D3I0000008lXO"
}
2023-11-09T15:58:54+00:00 INFO nuevo usuario:
{
    "first_name": "Cristi\u00e1n",
    "last_name": "Frenkel",
    "company": "Cristi\u00e1n Frenkel",
    "email": "cristian.frenkel@radar.cl",
    "00Nf400000TUbiN": "+56990029433",
    "00N2S000007Bt0I": 1,
    "00Nf400000TUZxy": "f077",
    "00Nf400000TUZy9": "82",
    "00Nf400000TUZyL": "s751",
    "recordType": "0122S000000DLhf",
    "00N2S000007S7ro": "09\/11\/2023",
    "lead_source": "Web to Lead",
    "oid": "00D3I0000008lXO"
}
2023-11-09T15:59:05+00:00 INFO nuevo usuario:
{
    "first_name": "Cesar Aurelio",
    "last_name": "Alfaro Estela",
    "company": "Cesar Aurelio Alfaro Estela",
    "email": "calfaro@isil.pe",
    "00Nf400000TUbiN": "",
    "00N2S000007Bt0I": 1,
    "00Nf400000TUZxy": "f077",
    "00Nf400000TUZy9": "82",
    "00Nf400000TUZyL": "s751",
    "recordType": "0122S000000DLhf",
    "00N2S000007S7ro": "09\/11\/2023",
    "lead_source": "Web to Lead",
    "oid": "00D3I0000008lXO"
}
2023-11-09T16:00:17+00:00 INFO nuevo usuario:
{
    "first_name": "Cristi\u00e1n",
    "last_name": "Frenkel",
    "company": "Cristi\u00e1n Frenkel",
    "email": "cristian.frenkel@radar.cl",
    "00Nf400000TUbiN": "+56990029433",
    "00N2S000007Bt0I": 1,
    "00Nf400000TUZxy": "f077",
    "00Nf400000TUZy9": "82",
    "00Nf400000TUZyL": "s751",
    "recordType": "0122S000000DLhf",
    "00N2S000007S7ro": "09\/11\/2023",
    "lead_source": "Web to Lead",
    "oid": "00D3I0000008lXO"
}
2023-11-09T16:01:04+00:00 INFO nuevo usuario:
{
    "first_name": "Cristi\u00e1n",
    "last_name": "Frenkel",
    "company": "Cristi\u00e1n Frenkel",
    "email": "cristian.frenkel@radar.cl",
    "00Nf400000TUbiN": "+56990029433",
    "00N2S000007Bt0I": 1,
    "00Nf400000TUZxy": "f077",
    "00Nf400000TUZy9": "82",
    "00Nf400000TUZyL": "s751",
    "recordType": "0122S000000DLhf",
    "00N2S000007S7ro": "09\/11\/2023",
    "lead_source": "Web to Lead",
    "oid": "00D3I0000008lXO"
}
2023-11-09T16:04:00+00:00 INFO nuevo usuario:
{
    "first_name": "Eduardo Wilfredo",
    "last_name": "Palomino Gilian",
    "company": "Eduardo Wilfredo Palomino Gilian",
    "email": "epalomino@isil.pe",
    "00Nf400000TUbiN": "",
    "00N2S000007Bt0I": 1,
    "00Nf400000TUZxy": "f077",
    "00Nf400000TUZy9": "82",
    "00Nf400000TUZyL": "s751",
    "recordType": "0122S000000DLhf",
    "00N2S000007S7ro": "09\/11\/2023",
    "lead_source": "Web to Lead",
    "oid": "00D3I0000008lXO"
}
2023-11-09T16:05:02+00:00 INFO nuevo usuario:
{
    "first_name": "Eduardo Wilfredo",
    "last_name": "Palomino Gilian",
    "company": "Eduardo Wilfredo Palomino Gilian",
    "email": "epalomino@isil.pe",
    "00Nf400000TUbiN": "",
    "00N2S000007Bt0I": 1,
    "00Nf400000TUZxy": "f077",
    "00Nf400000TUZy9": "82",
    "00Nf400000TUZyL": "s751",
    "recordType": "0122S000000DLhf",
    "00N2S000007S7ro": "09\/11\/2023",
    "lead_source": "Web to Lead",
    "oid": "00D3I0000008lXO"
}
2023-11-09T16:05:41+00:00 INFO nuevo usuario:
{
    "first_name": "Cesar Aurelio",
    "last_name": "Alfaro Estela",
    "company": "Cesar Aurelio Alfaro Estela",
    "email": "calfaro@isil.pe",
    "00Nf400000TUbiN": "",
    "00N2S000007Bt0I": 1,
    "00Nf400000TUZxy": "f077",
    "00Nf400000TUZy9": "82",
    "00Nf400000TUZyL": "s751",
    "recordType": "0122S000000DLhf",
    "00N2S000007S7ro": "09\/11\/2023",
    "lead_source": "Web to Lead",
    "oid": "00D3I0000008lXO"
}
2023-11-09T16:05:47+00:00 INFO nuevo usuario:
{
    "first_name": "Eduardo Wilfredo",
    "last_name": "Palomino Gilian",
    "company": "Eduardo Wilfredo Palomino Gilian",
    "email": "epalomino@isil.pe",
    "00Nf400000TUbiN": "",
    "00N2S000007Bt0I": 1,
    "00Nf400000TUZxy": "f077",
    "00Nf400000TUZy9": "82",
    "00Nf400000TUZyL": "s751",
    "recordType": "0122S000000DLhf",
    "00N2S000007S7ro": "09\/11\/2023",
    "lead_source": "Web to Lead",
    "oid": "00D3I0000008lXO"
}
2023-11-09T16:06:59+00:00 INFO nuevo usuario:
{
    "first_name": "Eduardo Wilfredo",
    "last_name": "Palomino Gilian",
    "company": "Eduardo Wilfredo Palomino Gilian",
    "email": "epalomino@isil.pe",
    "00Nf400000TUbiN": "",
    "00N2S000007Bt0I": 1,
    "00Nf400000TUZxy": "f077",
    "00Nf400000TUZy9": "82",
    "00Nf400000TUZyL": "s751",
    "recordType": "0122S000000DLhf",
    "00N2S000007S7ro": "09\/11\/2023",
    "lead_source": "Web to Lead",
    "oid": "00D3I0000008lXO"
}
2023-11-09T16:07:55+00:00 INFO nuevo usuario:
{
    "first_name": "Eduardo Wilfredo",
    "last_name": "Palomino Gilian",
    "company": "Eduardo Wilfredo Palomino Gilian",
    "email": "epalomino@isil.pe",
    "00Nf400000TUbiN": "",
    "00N2S000007Bt0I": 1,
    "00Nf400000TUZxy": "f077",
    "00Nf400000TUZy9": "82",
    "00Nf400000TUZyL": "s751",
    "recordType": "0122S000000DLhf",
    "00N2S000007S7ro": "09\/11\/2023",
    "lead_source": "Web to Lead",
    "oid": "00D3I0000008lXO"
}
2023-11-09T16:09:39+00:00 INFO nuevo usuario:
{
    "first_name": "Eduardo Wilfredo",
    "last_name": "Palomino Gilian",
    "company": "Eduardo Wilfredo Palomino Gilian",
    "email": "epalomino@isil.pe",
    "00Nf400000TUbiN": "",
    "00N2S000007Bt0I": 1,
    "00Nf400000TUZxy": "f077",
    "00Nf400000TUZy9": "82",
    "00Nf400000TUZyL": "s751",
    "recordType": "0122S000000DLhf",
    "00N2S000007S7ro": "09\/11\/2023",
    "lead_source": "Web to Lead",
    "oid": "00D3I0000008lXO"
}
2023-11-09T16:12:16+00:00 INFO nuevo usuario:
{
    "first_name": "Eduardo Wilfredo",
    "last_name": "Palomino Gilian",
    "company": "Eduardo Wilfredo Palomino Gilian",
    "email": "epalomino@isil.pe",
    "00Nf400000TUbiN": "",
    "00N2S000007Bt0I": 1,
    "00Nf400000TUZxy": "f077",
    "00Nf400000TUZy9": "82",
    "00Nf400000TUZyL": "s751",
    "recordType": "0122S000000DLhf",
    "00N2S000007S7ro": "09\/11\/2023",
    "lead_source": "Web to Lead",
    "oid": "00D3I0000008lXO"
}
2023-11-09T17:10:17+00:00 INFO nuevo usuario:
{
    "first_name": "Cesar Aurelio",
    "last_name": "Alfaro Estela",
    "company": "Cesar Aurelio Alfaro Estela",
    "email": "calfaro@isil.pe",
    "00Nf400000TUbiN": "",
    "00N2S000007Bt0I": 1,
    "00Nf400000TUZxy": "f077",
    "00Nf400000TUZy9": "82",
    "00Nf400000TUZyL": "s751",
    "recordType": "0122S000000DLhf",
    "00N2S000007S7ro": "09\/11\/2023",
    "lead_source": "Web to Lead",
    "oid": "00D3I0000008lXO"
}
2023-11-09T19:05:41+00:00 INFO nuevo usuario:
{
    "first_name": "Katia Elizabeth",
    "last_name": "Garvich San Martin",
    "company": "Katia Elizabeth Garvich San Martin",
    "email": "kgarvich@isil.pe",
    "00Nf400000TUbiN": "",
    "00N2S000007Bt0I": 1,
    "00Nf400000TUZxy": "f077",
    "00Nf400000TUZy9": "82",
    "00Nf400000TUZyL": "s751",
    "recordType": "0122S000000DLhf",
    "00N2S000007S7ro": "09\/11\/2023",
    "lead_source": "Web to Lead",
    "oid": "00D3I0000008lXO"
}
2023-11-09T19:41:23+00:00 INFO nuevo usuario:
{
    "first_name": "VIERNES DOS PRUEBAa",
    "last_name": "veintidos DEL NUEVE",
    "company": "VIERNES DOS PRUEBAa veintidos DEL NUEVE",
    "email": "biyiron882@apxby.com",
    "00Nf400000TUbiN": "968696501",
    "00N2S000007Bt0I": 1,
    "00Nf400000TUZxy": "f077",
    "00Nf400000TUZy9": "82",
    "00Nf400000TUZyL": "s751",
    "recordType": "0122S000000DLhf",
    "00N2S000007S7ro": "09\/11\/2023",
    "lead_source": "Web to Lead",
    "oid": "00D3I0000008lXO"
}
2023-11-09T19:42:38+00:00 INFO nuevo usuario:
{
    "first_name": "JORGE LUIS",
    "last_name": "CHUNGA ZULOETA",
    "company": "JORGE LUIS CHUNGA ZULOETA",
    "email": "jchunga@isil.pe",
    "00Nf400000TUbiN": "968696500",
    "00N2S000007Bt0I": 1,
    "00Nf400000TUZxy": "f077",
    "00Nf400000TUZy9": "82",
    "00Nf400000TUZyL": "s751",
    "recordType": "0122S000000DLhf",
    "00N2S000007S7ro": "09\/11\/2023",
    "lead_source": "Web to Lead",
    "oid": "00D3I0000008lXO"
}
2023-11-09T19:48:41+00:00 INFO nuevo usuario:
{
    "first_name": "JORGE LUIS",
    "last_name": "CHUNGA ZULOETA",
    "company": "JORGE LUIS CHUNGA ZULOETA",
    "email": "jchunga@isil.pe",
    "00Nf400000TUbiN": "968696500",
    "00N2S000007Bt0I": 1,
    "00Nf400000TUZxy": "f077",
    "00Nf400000TUZy9": "82",
    "00Nf400000TUZyL": "s751",
    "recordType": "0122S000000DLhf",
    "00N2S000007S7ro": "09\/11\/2023",
    "lead_source": "Web to Lead",
    "oid": "00D3I0000008lXO"
}
2023-11-09T20:22:40+00:00 INFO nuevo usuario:
{
    "first_name": "JORGE LUIS",
    "last_name": "CHUNGA ZULOETA",
    "company": "JORGE LUIS CHUNGA ZULOETA",
    "email": "jchunga@isil.pe",
    "00Nf400000TUbiN": "968696500",
    "00N2S000007Bt0I": 1,
    "00Nf400000TUZxy": "f077",
    "00Nf400000TUZy9": "82",
    "00Nf400000TUZyL": "s751",
    "recordType": "0122S000000DLhf",
    "00N2S000007S7ro": "09\/11\/2023",
    "lead_source": "Web to Lead",
    "oid": "00D3I0000008lXO"
}
2023-11-09T20:22:55+00:00 INFO nuevo usuario:
{
    "first_name": "JORGE LUIS",
    "last_name": "CHUNGA ZULOETA",
    "company": "JORGE LUIS CHUNGA ZULOETA",
    "email": "jchunga@isil.pe",
    "00Nf400000TUbiN": "968696500",
    "00N2S000007Bt0I": 1,
    "00Nf400000TUZxy": "f077",
    "00Nf400000TUZy9": "82",
    "00Nf400000TUZyL": "s751",
    "recordType": "0122S000000DLhf",
    "00N2S000007S7ro": "09\/11\/2023",
    "lead_source": "Web to Lead",
    "oid": "00D3I0000008lXO"
}
2023-11-09T20:23:26+00:00 INFO nuevo usuario:
{
    "first_name": "LUNES DOS",
    "last_name": "VEINTICINCO DE SEPTIEMBRE",
    "company": "LUNES DOS VEINTICINCO DE SEPTIEMBRE",
    "email": "vesip92563@bnovel.com",
    "00Nf400000TUbiN": "968696502",
    "00N2S000007Bt0I": 1,
    "00Nf400000TUZxy": "f077",
    "00Nf400000TUZy9": "82",
    "00Nf400000TUZyL": "s751",
    "recordType": "0122S000000DLhf",
    "00N2S000007S7ro": "09\/11\/2023",
    "lead_source": "Web to Lead",
    "oid": "00D3I0000008lXO"
}
2023-11-09T20:29:22+00:00 INFO nuevo usuario:
{
    "first_name": "LUNES DOS",
    "last_name": "VEINTICINCO DE SEPTIEMBRE",
    "company": "LUNES DOS VEINTICINCO DE SEPTIEMBRE",
    "email": "vesip92563@bnovel.com",
    "00Nf400000TUbiN": "968696502",
    "00N2S000007Bt0I": 1,
    "00Nf400000TUZxy": "f077",
    "00Nf400000TUZy9": "82",
    "00Nf400000TUZyL": "s751",
    "recordType": "0122S000000DLhf",
    "00N2S000007S7ro": "09\/11\/2023",
    "lead_source": "Web to Lead",
    "oid": "00D3I0000008lXO"
}
2023-11-09T20:29:28+00:00 INFO nuevo usuario:
{
    "first_name": "LUNES DOS",
    "last_name": "VEINTICINCO DE SEPTIEMBRE",
    "company": "LUNES DOS VEINTICINCO DE SEPTIEMBRE",
    "email": "vesip92563@bnovel.com",
    "00Nf400000TUbiN": "968696502",
    "00N2S000007Bt0I": 1,
    "00Nf400000TUZxy": "f077",
    "00Nf400000TUZy9": "82",
    "00Nf400000TUZyL": "s751",
    "recordType": "0122S000000DLhf",
    "00N2S000007S7ro": "09\/11\/2023",
    "lead_source": "Web to Lead",
    "oid": "00D3I0000008lXO"
}
2023-11-09T20:30:06+00:00 INFO nuevo usuario:
{
    "first_name": "PRUEBA VIERNES",
    "last_name": "VEINTIDOS DE SEPTIEMBRE",
    "company": "PRUEBA VIERNES VEINTIDOS DE SEPTIEMBRE",
    "email": "capu.sbpfg99@luhec.com",
    "00Nf400000TUbiN": "955441100",
    "00N2S000007Bt0I": 1,
    "00Nf400000TUZxy": "f077",
    "00Nf400000TUZy9": "82",
    "00Nf400000TUZyL": "s751",
    "recordType": "0122S000000DLhf",
    "00N2S000007S7ro": "09\/11\/2023",
    "lead_source": "Web to Lead",
    "oid": "00D3I0000008lXO"
}
2023-11-09T20:31:16+00:00 INFO nuevo usuario:
{
    "first_name": "PRUEBA VIERNES",
    "last_name": "VEINTIDOS DE SEPTIEMBRE",
    "company": "PRUEBA VIERNES VEINTIDOS DE SEPTIEMBRE",
    "email": "capu.sbpfg99@luhec.com",
    "00Nf400000TUbiN": "955441100",
    "00N2S000007Bt0I": 1,
    "00Nf400000TUZxy": "f077",
    "00Nf400000TUZy9": "82",
    "00Nf400000TUZyL": "s751",
    "recordType": "0122S000000DLhf",
    "00N2S000007S7ro": "09\/11\/2023",
    "lead_source": "Web to Lead",
    "oid": "00D3I0000008lXO"
}
2023-11-09T20:33:37+00:00 INFO nuevo usuario:
{
    "first_name": "LUNES PRUEBA",
    "last_name": "VEITICINCO SEPTIEMBRE",
    "company": "LUNES PRUEBA VEITICINCO SEPTIEMBRE",
    "email": "yhar.rhyhf75@cikue.com",
    "00Nf400000TUbiN": "900118855",
    "00N2S000007Bt0I": 1,
    "00Nf400000TUZxy": "f077",
    "00Nf400000TUZy9": "82",
    "00Nf400000TUZyL": "s751",
    "recordType": "0122S000000DLhf",
    "00N2S000007S7ro": "09\/11\/2023",
    "lead_source": "Web to Lead",
    "oid": "00D3I0000008lXO"
}
2023-11-09T20:34:37+00:00 INFO nuevo usuario:
{
    "first_name": "LUNES PRUEBA",
    "last_name": "VEITICINCO SEPTIEMBRE",
    "company": "LUNES PRUEBA VEITICINCO SEPTIEMBRE",
    "email": "yhar.rhyhf75@cikue.com",
    "00Nf400000TUbiN": "900118855",
    "00N2S000007Bt0I": 1,
    "00Nf400000TUZxy": "f077",
    "00Nf400000TUZy9": "82",
    "00Nf400000TUZyL": "s751",
    "recordType": "0122S000000DLhf",
    "00N2S000007S7ro": "09\/11\/2023",
    "lead_source": "Web to Lead",
    "oid": "00D3I0000008lXO"
}
2023-11-09T20:35:25+00:00 INFO nuevo usuario:
{
    "first_name": "VIERNES DOS PRUEBAa",
    "last_name": "veintidos DEL NUEVE",
    "company": "VIERNES DOS PRUEBAa veintidos DEL NUEVE",
    "email": "biyiron882@apxby.com",
    "00Nf400000TUbiN": "968696501",
    "00N2S000007Bt0I": 1,
    "00Nf400000TUZxy": "f077",
    "00Nf400000TUZy9": "82",
    "00Nf400000TUZyL": "s751",
    "recordType": "0122S000000DLhf",
    "00N2S000007S7ro": "09\/11\/2023",
    "lead_source": "Web to Lead",
    "oid": "00D3I0000008lXO"
}
2023-11-09T21:34:54+00:00 INFO nuevo usuario:
{
    "first_name": "TIPRUEBA",
    "last_name": "TI20",
    "company": "TIPRUEBA TI20",
    "email": "tiprueba20@gmail.com",
    "00Nf400000TUbiN": "989338407",
    "00N2S000007Bt0I": 1,
    "00Nf400000TUZxy": "f077",
    "00Nf400000TUZy9": "82",
    "00Nf400000TUZyL": "s751",
    "recordType": "0122S000000DLhf",
    "00N2S000007S7ro": "09\/11\/2023",
    "lead_source": "Web to Lead",
    "oid": "00D3I0000008lXO"
}
2023-11-09T22:23:49+00:00 INFO nuevo usuario:
{
    "first_name": "VIERNES DOS PRUEBAa",
    "last_name": "veintidos DEL NUEVE",
    "company": "VIERNES DOS PRUEBAa veintidos DEL NUEVE",
    "email": "biyiron882@apxby.com",
    "00Nf400000TUbiN": "968696501",
    "00N2S000007Bt0I": 1,
    "00Nf400000TUZxy": "f077",
    "00Nf400000TUZy9": "82",
    "00Nf400000TUZyL": "s751",
    "recordType": "0122S000000DLhf",
    "00N2S000007S7ro": "09\/11\/2023",
    "lead_source": "Web to Lead",
    "oid": "00D3I0000008lXO"
}
2023-11-09T22:24:35+00:00 INFO nuevo usuario:
{
    "first_name": "VIERNES DOS PRUEBAa",
    "last_name": "veintidos DEL NUEVE",
    "company": "VIERNES DOS PRUEBAa veintidos DEL NUEVE",
    "email": "biyiron882@apxby.com",
    "00Nf400000TUbiN": "968696501",
    "00N2S000007Bt0I": 1,
    "00Nf400000TUZxy": "f077",
    "00Nf400000TUZy9": "82",
    "00Nf400000TUZyL": "s751",
    "recordType": "0122S000000DLhf",
    "00N2S000007S7ro": "09\/11\/2023",
    "lead_source": "Web to Lead",
    "oid": "00D3I0000008lXO"
}
