2023-10-02T15:33:00+00:00 INFO nuevo usuario:
{
    "first_name": "LUNES PRUEBA",
    "last_name": "VEITICINCO SEPTIEMBRE",
    "company": "LUNES PRUEBA VEITICINCO SEPTIEMBRE",
    "email": "yhar.rhyhf75@cikue.com",
    "00Nf400000TUbiN": "900118855",
    "00N2S000007Bt0I": 1,
    "00Nf400000TUZxy": "f077",
    "00Nf400000TUZy9": "82",
    "00Nf400000TUZyL": "s751",
    "recordType": "0122S000000DLhf",
    "00N2S000007S7ro": "02\/10\/2023",
    "lead_source": "Web to Lead",
    "oid": "00D3I0000008lXO"
}
2023-10-02T15:40:04+00:00 INFO actualiza usuario:
{
    "first_name": "LUNES PRUEBAGG",
    "last_name": "VEITICINCO SEPTIEMBREGG",
    "email": "yhar.rhyhf75@cikue.com",
    "company": "LUNES PRUEBA VEITICINCO SEPTIEMBRE",
    "00Nf400000TUbiN": "900118855",
    "00Nf400000TUZxw": "",
    "00N2S000006lwOz": "7",
    "00Nf400000TUZxq": "9923832",
    "00N2S000006lxYR": "",
    "00N2S000006lxYW": "",
    "country": "QA",
    "city": "Qatar",
    "state": "Qatara",
    "00Nf400000TUZxy": "f078",
    "00Nf400000TUZy9": "82",
    "00Nf400000TUZyL": "s751",
    "recordType": "0122S000000DLhf",
    "lead_source": "Web to Lead",
    "00N2S000007RuM4": "",
    "00N2S000007RuME": "",
    "00N2S000007RuMT": "",
    "00N2S000007RuMP": "",
    "oid": "00D3I0000008lXO"
}
2023-10-02T16:10:41+00:00 INFO nuevo usuario:
{
    "first_name": "LUNES DOS",
    "last_name": "VEINTICINCO DE SEPTIEMBRE",
    "company": "LUNES DOS VEINTICINCO DE SEPTIEMBRE",
    "email": "vesip92563@bnovel.com",
    "00Nf400000TUbiN": "968696502",
    "00N2S000007Bt0I": 1,
    "00Nf400000TUZxy": "f077",
    "00Nf400000TUZy9": "82",
    "00Nf400000TUZyL": "s751",
    "recordType": "0122S000000DLhf",
    "00N2S000007S7ro": "02\/10\/2023",
    "lead_source": "Web to Lead",
    "oid": "00D3I0000008lXO"
}
2023-10-02T16:23:55+00:00 INFO nuevo usuario:
{
    "first_name": "DEKURAPTOR",
    "last_name": "DEKURAPTOR",
    "company": "DEKURAPTOR DEKURAPTOR",
    "email": "dekuraptor@gmail.com",
    "00Nf400000TUbiN": "+56948421832",
    "00N2S000007Bt0I": 1,
    "00Nf400000TUZxy": "f077",
    "00Nf400000TUZy9": "82",
    "00Nf400000TUZyL": "s751",
    "recordType": "0122S000000DLhf",
    "00N2S000007S7ro": "02\/10\/2023",
    "lead_source": "Web to Lead",
    "oid": "00D3I0000008lXO"
}
2023-10-02T17:17:36+00:00 INFO nuevo usuario:
{
    "first_name": "MANUEL",
    "last_name": "ARANGUIZ",
    "company": "MANUEL ARANGUIZ",
    "email": "rojoca1485@xgh6.com",
    "00Nf400000TUbiN": "78945613",
    "00N2S000007Bt0I": 1,
    "00Nf400000TUZxy": "f077",
    "00Nf400000TUZy9": "82",
    "00Nf400000TUZyL": "s751",
    "recordType": "0122S000000DLhf",
    "00N2S000007S7ro": "02\/10\/2023",
    "lead_source": "Web to Lead",
    "oid": "00D3I0000008lXO"
}
2023-10-02T17:22:06+00:00 INFO actualiza usuario:
{
    "first_name": "Francisco",
    "last_name": "Aranguiz Romero",
    "email": "rojoca1485@xgh6.com",
    "company": "",
    "00Nf400000TUbiN": "78945613",
    "00Nf400000TUZxw": "",
    "00N2S000006lwOz": "1",
    "00Nf400000TUZxq": "79879798",
    "00N2S000006lxYR": "",
    "00N2S000006lxYW": "",
    "country": "PE",
    "city": "Lima",
    "state": "LMA",
    "00Nf400000TUZxy": "f078",
    "00Nf400000TUZy9": "82",
    "00Nf400000TUZyL": "s751",
    "recordType": "0122S000000DLhf",
    "lead_source": "Web to Lead",
    "00N2S000007RuM4": "",
    "00N2S000007RuME": "",
    "00N2S000007RuMT": "",
    "00N2S000007RuMP": "",
    "oid": "00D3I0000008lXO"
}
2023-10-02T17:33:13+00:00 INFO actualiza usuario:
{
    "first_name": "Lunes dos",
    "last_name": "veinticinco de septiembre",
    "email": "vesip92563@bnovel.com",
    "company": "",
    "00Nf400000TUbiN": "968696502",
    "00Nf400000TUZxw": "",
    "00N2S000006lwOz": "1",
    "00Nf400000TUZxq": "12568946",
    "00N2S000006lxYR": "",
    "00N2S000006lxYW": "",
    "country": "PE",
    "city": "chiclayo",
    "state": "LAM",
    "00Nf400000TUZxy": "f078",
    "00Nf400000TUZy9": "82",
    "00Nf400000TUZyL": "s751",
    "recordType": "0122S000000DLhf",
    "lead_source": "Web to Lead",
    "00N2S000007RuM4": "",
    "00N2S000007RuME": "",
    "00N2S000007RuMT": "",
    "00N2S000007RuMP": "",
    "oid": "00D3I0000008lXO"
}
2023-10-02T20:00:51+00:00 INFO nuevo usuario:
{
    "first_name": "LUNES DOS",
    "last_name": "VEINTICINCO DE SEPTIEMBRE",
    "company": "LUNES DOS VEINTICINCO DE SEPTIEMBRE",
    "email": "vesip92563@bnovel.com",
    "00Nf400000TUbiN": "968696502",
    "00N2S000007Bt0I": 1,
    "00Nf400000TUZxy": "f077",
    "00Nf400000TUZy9": "82",
    "00Nf400000TUZyL": "s751",
    "recordType": "0122S000000DLhf",
    "00N2S000007S7ro": "02\/10\/2023",
    "lead_source": "Web to Lead",
    "oid": "00D3I0000008lXO"
}
2023-10-02T20:22:49+00:00 INFO actualiza usuario:
{
    "first_name": "Francisco",
    "last_name": "Aranguiz Romero",
    "email": "rojoca1485@xgh6.com",
    "company": "",
    "00Nf400000TUbiN": "78945613",
    "00Nf400000TUZxw": "",
    "00N2S000006lwOz": "1",
    "00Nf400000TUZxq": "79879798",
    "00N2S000006lxYR": "",
    "00N2S000006lxYW": "",
    "country": "PE",
    "city": "Lima",
    "state": "LMA",
    "00Nf400000TUZxy": "f078",
    "00Nf400000TUZy9": "82",
    "00Nf400000TUZyL": "s751",
    "recordType": "0122S000000DLhf",
    "lead_source": "Web to Lead",
    "00N2S000007RuM4": "",
    "00N2S000007RuME": "",
    "00N2S000007RuMT": "",
    "00N2S000007RuMP": "",
    "oid": "00D3I0000008lXO"
}
2023-10-02T20:29:52+00:00 INFO nuevo usuario:
{
    "first_name": "Manuel",
    "last_name": "Romero",
    "company": "Manuel Romero",
    "email": "dr_hemmerick@hotmail.com",
    "00Nf400000TUbiN": "",
    "00N2S000007Bt0I": 1,
    "00Nf400000TUZxy": "f077",
    "00Nf400000TUZy9": "82",
    "00Nf400000TUZyL": "s751",
    "recordType": "0122S000000DLhf",
    "00N2S000007S7ro": "02\/10\/2023",
    "lead_source": "Web to Lead",
    "oid": "00D3I0000008lXO"
}
2023-10-02T20:53:04+00:00 INFO nuevo usuario:
{
    "first_name": "MANUEL",
    "last_name": "ARANGUIZ",
    "company": "MANUEL ARANGUIZ",
    "email": "rojoca1485@xgh6.com",
    "00Nf400000TUbiN": "78945613",
    "00N2S000007Bt0I": 1,
    "00Nf400000TUZxy": "f077",
    "00Nf400000TUZy9": "82",
    "00Nf400000TUZyL": "s751",
    "recordType": "0122S000000DLhf",
    "00N2S000007S7ro": "02\/10\/2023",
    "lead_source": "Web to Lead",
    "oid": "00D3I0000008lXO"
}
2023-10-02T20:54:48+00:00 INFO actualiza usuario:
{
    "first_name": "Francisco",
    "last_name": "Aranguiz Romero",
    "email": "rojoca1485@xgh6.com",
    "company": "",
    "00Nf400000TUbiN": "78945613",
    "00Nf400000TUZxw": "",
    "00N2S000006lwOz": "1",
    "00Nf400000TUZxq": "79879798",
    "00N2S000006lxYR": "",
    "00N2S000006lxYW": "",
    "country": "PE",
    "city": "Lima",
    "state": "LMA",
    "00Nf400000TUZxy": "f078",
    "00Nf400000TUZy9": "82",
    "00Nf400000TUZyL": "s751",
    "recordType": "0122S000000DLhf",
    "lead_source": "Web to Lead",
    "00N2S000007RuM4": "",
    "00N2S000007RuME": "",
    "00N2S000007RuMT": "",
    "00N2S000007RuMP": "",
    "oid": "00D3I0000008lXO"
}
2023-10-02T20:59:00+00:00 INFO actualiza usuario:
{
    "first_name": "Francisco",
    "last_name": "Aranguiz Romero",
    "email": "rojoca1485@xgh6.com",
    "company": "",
    "00Nf400000TUbiN": "78945613",
    "00Nf400000TUZxw": "",
    "00N2S000006lwOz": "1",
    "00Nf400000TUZxq": "79879798",
    "00N2S000006lxYR": "",
    "00N2S000006lxYW": "",
    "country": "PE",
    "city": "Lima",
    "state": "LMA",
    "00Nf400000TUZxy": "f078",
    "00Nf400000TUZy9": "82",
    "00Nf400000TUZyL": "s751",
    "recordType": "0122S000000DLhf",
    "lead_source": "Web to Lead",
    "00N2S000007RuM4": "",
    "00N2S000007RuME": "",
    "00N2S000007RuMT": "",
    "00N2S000007RuMP": "",
    "oid": "00D3I0000008lXO"
}
2023-10-02T21:04:04+00:00 INFO nuevo usuario:
{
    "first_name": "Manuel",
    "last_name": "Romero",
    "company": "Manuel Romero",
    "email": "dr_hemmerick@hotmail.com",
    "00Nf400000TUbiN": "",
    "00N2S000007Bt0I": 1,
    "00Nf400000TUZxy": "f077",
    "00Nf400000TUZy9": "82",
    "00Nf400000TUZyL": "s751",
    "recordType": "0122S000000DLhf",
    "00N2S000007S7ro": "02\/10\/2023",
    "lead_source": "Web to Lead",
    "oid": "00D3I0000008lXO"
}
2023-10-02T21:07:11+00:00 INFO nuevo usuario:
{
    "first_name": "Manuel",
    "last_name": "Romero",
    "company": "Manuel Romero",
    "email": "dr_hemmerick@hotmail.com",
    "00Nf400000TUbiN": "",
    "00N2S000007Bt0I": 1,
    "00Nf400000TUZxy": "f077",
    "00Nf400000TUZy9": "82",
    "00Nf400000TUZyL": "s751",
    "recordType": "0122S000000DLhf",
    "00N2S000007S7ro": "02\/10\/2023",
    "lead_source": "Web to Lead",
    "oid": "00D3I0000008lXO"
}
2023-10-02T21:09:35+00:00 INFO nuevo usuario:
{
    "first_name": "Manuel",
    "last_name": "Romero",
    "company": "Manuel Romero",
    "email": "dr_hemmerick@hotmail.com",
    "00Nf400000TUbiN": "",
    "00N2S000007Bt0I": 1,
    "00Nf400000TUZxy": "f077",
    "00Nf400000TUZy9": "82",
    "00Nf400000TUZyL": "s751",
    "recordType": "0122S000000DLhf",
    "00N2S000007S7ro": "02\/10\/2023",
    "lead_source": "Web to Lead",
    "oid": "00D3I0000008lXO"
}
2023-10-02T21:10:42+00:00 INFO nuevo usuario:
{
    "first_name": "Manuel",
    "last_name": "Romero",
    "company": "Manuel Romero",
    "email": "dr_hemmerick@hotmail.com",
    "00Nf400000TUbiN": "",
    "00N2S000007Bt0I": 1,
    "00Nf400000TUZxy": "f077",
    "00Nf400000TUZy9": "82",
    "00Nf400000TUZyL": "s751",
    "recordType": "0122S000000DLhf",
    "00N2S000007S7ro": "02\/10\/2023",
    "lead_source": "Web to Lead",
    "oid": "00D3I0000008lXO"
}
2023-10-02T21:12:05+00:00 INFO nuevo usuario:
{
    "first_name": "Manuel",
    "last_name": "Romero",
    "company": "Manuel Romero",
    "email": "dr_hemmerick@hotmail.com",
    "00Nf400000TUbiN": "",
    "00N2S000007Bt0I": 1,
    "00Nf400000TUZxy": "f077",
    "00Nf400000TUZy9": "82",
    "00Nf400000TUZyL": "s751",
    "recordType": "0122S000000DLhf",
    "00N2S000007S7ro": "02\/10\/2023",
    "lead_source": "Web to Lead",
    "oid": "00D3I0000008lXO"
}
2023-10-02T21:14:01+00:00 INFO nuevo usuario:
{
    "first_name": "Manuel",
    "last_name": "Romero",
    "company": "Manuel Romero",
    "email": "dr_hemmerick@hotmail.com",
    "00Nf400000TUbiN": "",
    "00N2S000007Bt0I": 1,
    "00Nf400000TUZxy": "f077",
    "00Nf400000TUZy9": "82",
    "00Nf400000TUZyL": "s751",
    "recordType": "0122S000000DLhf",
    "00N2S000007S7ro": "02\/10\/2023",
    "lead_source": "Web to Lead",
    "oid": "00D3I0000008lXO"
}
2023-10-02T21:33:34+00:00 INFO nuevo usuario:
{
    "first_name": "LUNES DOS",
    "last_name": "VEINTICINCO DE SEPTIEMBRE",
    "company": "LUNES DOS VEINTICINCO DE SEPTIEMBRE",
    "email": "vesip92563@bnovel.com",
    "00Nf400000TUbiN": "968696502",
    "00N2S000007Bt0I": 1,
    "00Nf400000TUZxy": "f077",
    "00Nf400000TUZy9": "82",
    "00Nf400000TUZyL": "s751",
    "recordType": "0122S000000DLhf",
    "00N2S000007S7ro": "02\/10\/2023",
    "lead_source": "Web to Lead",
    "oid": "00D3I0000008lXO"
}
2023-10-02T21:54:49+00:00 INFO nuevo usuario:
{
    "first_name": "LUNES DOS",
    "last_name": "VEINTICINCO DE SEPTIEMBRE",
    "company": "LUNES DOS VEINTICINCO DE SEPTIEMBRE",
    "email": "vesip92563@bnovel.com",
    "00Nf400000TUbiN": "968696502",
    "00N2S000007Bt0I": 1,
    "00Nf400000TUZxy": "f077",
    "00Nf400000TUZy9": "82",
    "00Nf400000TUZyL": "s751",
    "recordType": "0122S000000DLhf",
    "00N2S000007S7ro": "02\/10\/2023",
    "lead_source": "Web to Lead",
    "oid": "00D3I0000008lXO"
}
2023-10-02T22:08:17+00:00 INFO nuevo usuario:
{
    "first_name": "LUNES DOS",
    "last_name": "VEINTICINCO DE SEPTIEMBRE",
    "company": "LUNES DOS VEINTICINCO DE SEPTIEMBRE",
    "email": "vesip92563@bnovel.com",
    "00Nf400000TUbiN": "968696502",
    "00N2S000007Bt0I": 1,
    "00Nf400000TUZxy": "f077",
    "00Nf400000TUZy9": "82",
    "00Nf400000TUZyL": "s751",
    "recordType": "0122S000000DLhf",
    "00N2S000007S7ro": "02\/10\/2023",
    "lead_source": "Web to Lead",
    "oid": "00D3I0000008lXO"
}
2023-10-02T22:57:04+00:00 INFO nuevo usuario:
{
    "first_name": "LUNES DOS",
    "last_name": "VEINTICINCO DE SEPTIEMBRE",
    "company": "LUNES DOS VEINTICINCO DE SEPTIEMBRE",
    "email": "vesip92563@bnovel.com",
    "00Nf400000TUbiN": "968696502",
    "00N2S000007Bt0I": 1,
    "00Nf400000TUZxy": "f077",
    "00Nf400000TUZy9": "82",
    "00Nf400000TUZyL": "s751",
    "recordType": "0122S000000DLhf",
    "00N2S000007S7ro": "02\/10\/2023",
    "lead_source": "Web to Lead",
    "oid": "00D3I0000008lXO"
}
2023-10-02T23:40:58+00:00 INFO nuevo usuario:
{
    "first_name": "Manuel",
    "last_name": "Romero",
    "company": "Manuel Romero",
    "email": "dr_hemmerick@hotmail.com",
    "00Nf400000TUbiN": "",
    "00N2S000007Bt0I": 1,
    "00Nf400000TUZxy": "f077",
    "00Nf400000TUZy9": "82",
    "00Nf400000TUZyL": "s751",
    "recordType": "0122S000000DLhf",
    "00N2S000007S7ro": "02\/10\/2023",
    "lead_source": "Web to Lead",
    "oid": "00D3I0000008lXO"
}
2023-10-02T23:44:21+00:00 INFO nuevo usuario:
{
    "first_name": "Manuel",
    "last_name": "Romero",
    "company": "Manuel Romero",
    "email": "dr_hemmerick@hotmail.com",
    "00Nf400000TUbiN": "",
    "00N2S000007Bt0I": 1,
    "00Nf400000TUZxy": "f077",
    "00Nf400000TUZy9": "82",
    "00Nf400000TUZyL": "s751",
    "recordType": "0122S000000DLhf",
    "00N2S000007S7ro": "02\/10\/2023",
    "lead_source": "Web to Lead",
    "oid": "00D3I0000008lXO"
}
2023-10-02T23:45:33+00:00 INFO nuevo usuario:
{
    "first_name": "Manuel",
    "last_name": "Romero",
    "company": "Manuel Romero",
    "email": "dr_hemmerick@hotmail.com",
    "00Nf400000TUbiN": "",
    "00N2S000007Bt0I": 1,
    "00Nf400000TUZxy": "f077",
    "00Nf400000TUZy9": "82",
    "00Nf400000TUZyL": "s751",
    "recordType": "0122S000000DLhf",
    "00N2S000007S7ro": "02\/10\/2023",
    "lead_source": "Web to Lead",
    "oid": "00D3I0000008lXO"
}
2023-10-02T23:50:00+00:00 INFO nuevo usuario:
{
    "first_name": "Manuel",
    "last_name": "Romero",
    "company": "Manuel Romero",
    "email": "dr_hemmerick@hotmail.com",
    "00Nf400000TUbiN": "",
    "00N2S000007Bt0I": 1,
    "00Nf400000TUZxy": "f077",
    "00Nf400000TUZy9": "82",
    "00Nf400000TUZyL": "s751",
    "recordType": "0122S000000DLhf",
    "00N2S000007S7ro": "02\/10\/2023",
    "lead_source": "Web to Lead",
    "oid": "00D3I0000008lXO"
}
