2023-10-25T16:03:21+00:00 INFO URL: https://apitestenv.vnforapps.com/api.security/v1/security
2023-10-25T16:03:21+00:00 INFO Base64: : aW50ZWdyYWNpb25lc0BuaXViaXouY29tLnBlOl83ejNAOGZG
2023-10-25T16:03:21+00:00 INFO URL: https://apitestenv.vnforapps.com/api.ecommerce/v2/ecommerce/token/session/522591303
2023-10-25T16:03:21+00:00 INFO Request: {"amount":"86.00","antifraud":{"clientIp":"10.0.6.212","merchantDefineData":{"MDD21":"0","MDD4":"biyiron882@apxby.com","MDD32":"biyiron882@apxby.com"}},"channel":"web","recurrenceMaxAmount":null}
2023-10-25T16:03:21+00:00 INFO Response: {"sessionKey":"a7492216ab5cecc08d74da76e1dfe25885db8bf99328b3d220db90858444230b","expirationTime":1698250701458}
2023-10-25T20:05:35+00:00 INFO URL: https://apitestenv.vnforapps.com/api.security/v1/security
2023-10-25T20:05:35+00:00 INFO Base64: : aW50ZWdyYWNpb25lc0BuaXViaXouY29tLnBlOl83ejNAOGZG
2023-10-25T20:05:35+00:00 INFO URL: https://apitestenv.vnforapps.com/api.ecommerce/v2/ecommerce/token/session/522591303
2023-10-25T20:05:35+00:00 INFO Request: {"amount":"86.00","antifraud":{"clientIp":"10.0.7.198","merchantDefineData":{"MDD21":"0","MDD4":"rojoca1485@xgh6.com","MDD32":"rojoca1485@xgh6.com"}},"channel":"web","recurrenceMaxAmount":null}
2023-10-25T20:05:35+00:00 INFO Response: {"sessionKey":"54045e9838ed7366cbc0cee89aa90624c70c7656ab9116937846ba9c84b26cf8","expirationTime":1698265235600}
2023-10-25T20:56:28+00:00 INFO URL: https://apitestenv.vnforapps.com/api.security/v1/security
2023-10-25T20:56:28+00:00 INFO Base64: : aW50ZWdyYWNpb25lc0BuaXViaXouY29tLnBlOl83ejNAOGZG
2023-10-25T20:56:28+00:00 INFO URL: https://apitestenv.vnforapps.com/api.ecommerce/v2/ecommerce/token/session/522591303
2023-10-25T20:56:28+00:00 INFO Request: {"amount":"86.00","antifraud":{"clientIp":"10.0.6.212","merchantDefineData":{"MDD21":"0","MDD4":"rojoca1485@xgh6.com","MDD32":"rojoca1485@xgh6.com"}},"channel":"web","recurrenceMaxAmount":null}
2023-10-25T20:56:28+00:00 INFO Response: {"sessionKey":"613aee9f22ec4df0199970c6de37844f0a9663c2aeb11c530a78867ffc06ce68","expirationTime":1698268288330}
2023-10-25T23:10:14+00:00 INFO URL: https://apitestenv.vnforapps.com/api.security/v1/security
2023-10-25T23:10:14+00:00 INFO Base64: : aW50ZWdyYWNpb25lc0BuaXViaXouY29tLnBlOl83ejNAOGZG
2023-10-25T23:10:14+00:00 INFO URL: https://apitestenv.vnforapps.com/api.ecommerce/v2/ecommerce/token/session/522591303
2023-10-25T23:10:14+00:00 INFO Request: {"amount":"86.00","antifraud":{"clientIp":"10.0.7.198","merchantDefineData":{"MDD21":"0","MDD4":"rodolfo.aranguiz@radar.cl","MDD32":"rodolfo.aranguiz@radar.cl"}},"channel":"web","recurrenceMaxAmount":null}
2023-10-25T23:10:14+00:00 INFO Response: {"sessionKey":"e871fc93968d7a4e7c0ae09bc773df9d94c1b2686bc595c418bfb7a290fdf41a","expirationTime":1698276314181}
2023-10-25T23:10:45+00:00 INFO URL: https://apitestenv.vnforapps.com/api.authorization/v3/authorization/ecommerce/522591303
2023-10-25T23:10:45+00:00 INFO Request: {"antifraud":null,"captureType":"manual","channel":"web","countable":"true","order":{"amount":"86.00","currency":"PEN","purchaseNumber":9472,"tokenId":"6096675D3453439296675D3453D3920A","productId":"105"},"cardHolder":{"documentType":"0","documentNumber":"00009472"},"recurrence":{"type":"FIXEDINITIAL","frequency":"QUARTERLY","beneficiaryId":"17244050","beneficiaryFirstName":"Yerko","beneficiaryLastName":"Soto","maxAmount":"86.00","amount":"86.00"}}
2023-10-25T23:10:45+00:00 INFO Response: {"errorCode":400,"errorMessage":"Voided","header":{"ecoreTransactionUUID":"78af1785-c1bc-49ae-9fef-dd4984dae822","ecoreTransactionDate":1698275445784,"millis":3423},"data":{"TERMINAL":"00000001","BRAND_ACTION_CODE":"00","BRAND_HOST_DATE_TIME":"231025182502","TRACE_NUMBER":"957493","RECURRENCE_MAX_AMOUNT":"86.0","CARD_TYPE":"C","ECI_DESCRIPTION":"Transaccion no autenticada pero enviada en canal seguro","SIGNATURE":"78af1785-c1bc-49ae-9fef-dd4984dae822","CARD":"455170******8059","MERCHANT":"522591303","STATUS":"Voided","ACTION_DESCRIPTION":"Aprobado y completado con exito","ID_UNICO":"991232980037091","AMOUNT":"86.00","BRAND_HOST_ID":"137624","AUTHORIZATION_CODE":"181037","YAPE_ID":"","CURRENCY":"0604","TRANSACTION_DATE":"231025181042","ACTION_CODE":"000","ECI":"07","ID_RESOLUTOR":"820231025181037","BRAND":"visa","ADQUIRENTE":"570009","RECURRENCE_SRV_MESSAGE":"Ya existe una solicitud o afiliacion registrada con los mismos datos para el mismo  producto y número de identificación del beneficiario.","BRAND_NAME":"VI","PROCESS_CODE":"000000","RECURRENCE_SRV_CODE":"101","RECURRENCE_STATUS":"Not Registered","TRANSACTION_ID":"991232980037091"}}
2023-10-25T23:12:02+00:00 INFO URL: https://apitestenv.vnforapps.com/api.security/v1/security
2023-10-25T23:12:02+00:00 INFO Base64: : aW50ZWdyYWNpb25lc0BuaXViaXouY29tLnBlOl83ejNAOGZG
2023-10-25T23:12:02+00:00 INFO URL: https://apitestenv.vnforapps.com/api.ecommerce/v2/ecommerce/token/session/522591303
2023-10-25T23:12:02+00:00 INFO Request: {"amount":"86.00","antifraud":{"clientIp":"10.0.6.212","merchantDefineData":{"MDD21":"0","MDD4":"rodolfo.aranguiz@radar.cl","MDD32":"rodolfo.aranguiz@radar.cl"}},"channel":"web","recurrenceMaxAmount":null}
2023-10-25T23:12:02+00:00 INFO Response: {"sessionKey":"6689024dd3016b7b4525433d370490db7ac6ac5a62a643874e1d571466d5ba34","expirationTime":1698276422497}
2023-10-25T23:12:31+00:00 INFO URL: https://apitestenv.vnforapps.com/api.authorization/v3/authorization/ecommerce/522591303
2023-10-25T23:12:31+00:00 INFO Request: {"antifraud":null,"captureType":"manual","channel":"web","countable":"true","order":{"amount":"86.00","currency":"PEN","purchaseNumber":9472,"tokenId":"E5C7CDF372BE423487CDF372BE623486","productId":"105"},"cardHolder":{"documentType":"0","documentNumber":"00009472"},"recurrence":{"type":"FIXEDINITIAL","frequency":"QUARTERLY","beneficiaryId":"17244050","beneficiaryFirstName":"Yerko","beneficiaryLastName":"Soto","maxAmount":"86.00","amount":"86.00"}}
2023-10-25T23:12:31+00:00 INFO Response: {"errorCode":400,"errorMessage":"Voided","header":{"ecoreTransactionUUID":"d6cdcb84-f4e5-4565-8314-2a17a4938f60","ecoreTransactionDate":1698275551369,"millis":2288},"data":{"TERMINAL":"00000001","BRAND_ACTION_CODE":"00","BRAND_HOST_DATE_TIME":"231025182649","TRACE_NUMBER":"957494","RECURRENCE_MAX_AMOUNT":"86.0","CARD_TYPE":"C","ECI_DESCRIPTION":"Transaccion no autenticada pero enviada en canal seguro","SIGNATURE":"d6cdcb84-f4e5-4565-8314-2a17a4938f60","CARD":"455170******8059","MERCHANT":"522591303","STATUS":"Voided","ACTION_DESCRIPTION":"Aprobado y completado con exito","ID_UNICO":"991232980037096","AMOUNT":"86.00","BRAND_HOST_ID":"137630","AUTHORIZATION_CODE":"181224","YAPE_ID":"","CURRENCY":"0604","TRANSACTION_DATE":"231025181229","ACTION_CODE":"000","ECI":"07","ID_RESOLUTOR":"820231025181224","BRAND":"visa","ADQUIRENTE":"570009","RECURRENCE_SRV_MESSAGE":"Ya existe una solicitud o afiliacion registrada con los mismos datos para el mismo  producto y número de identificación del beneficiario.","BRAND_NAME":"VI","PROCESS_CODE":"000000","RECURRENCE_SRV_CODE":"101","RECURRENCE_STATUS":"Not Registered","TRANSACTION_ID":"991232980037096"}}
