2023-11-02T14:13:57+00:00 INFO URL: https://apitestenv.vnforapps.com/api.security/v1/security
2023-11-02T14:13:57+00:00 INFO Base64: : aW50ZWdyYWNpb25lc0BuaXViaXouY29tLnBlOl83ejNAOGZG
2023-11-02T14:13:58+00:00 INFO URL: https://apitestenv.vnforapps.com/api.ecommerce/v2/ecommerce/token/session/522591303
2023-11-02T14:13:58+00:00 INFO Request: {"amount":"180.00","antifraud":{"clientIp":"10.0.6.212","merchantDefineData":{"MDD21":"0","MDD4":"tiprueba20@gmail.com","MDD32":"tiprueba20@gmail.com"}},"channel":"web","recurrenceMaxAmount":null}
2023-11-02T14:13:58+00:00 INFO Response: {"sessionKey":"2b48e327ce75ccd1516870e54761844ef954bf84122599e14a7c4680269f6f67","expirationTime":1698935338060}
2023-11-02T14:15:22+00:00 INFO URL: https://apitestenv.vnforapps.com/api.authorization/v3/authorization/ecommerce/522591303
2023-11-02T14:15:22+00:00 INFO Request: {"antifraud":null,"captureType":"manual","channel":"web","countable":"true","order":{"amount":"180.00","currency":"PEN","purchaseNumber":9511,"tokenId":"7D35FE697F0A4E9EB5FE697F0ACE9E7B","productId":"112"},"cardHolder":{"documentType":"0","documentNumber":"00009511"},"recurrence":{"type":"FIXEDINITIAL","frequency":"BIANNUAL","beneficiaryId":"989338407555","beneficiaryFirstName":"Katya","beneficiaryLastName":"Prueba20","maxAmount":"180.00","amount":"180.00"}}
2023-11-02T14:15:22+00:00 INFO Response: {"errorCode":400,"errorMessage":"Transaction not voided","header":{"ecoreTransactionUUID":"3ebc330a-fe24-4f58-b1f2-444d2949c20c","ecoreTransactionDate":1698934522488,"millis":1230},"data":{"YAPE_ID":"","CURRENCY":"0604","TERMINAL":"00000001","TRANSACTION_DATE":"231102091521","ACTION_CODE":"480","TRACE_NUMBER":"965508","RECURRENCE_MAX_AMOUNT":"180.0","CARD_TYPE":"C","ECI_DESCRIPTION":"Transaccion no autenticada pero enviada en canal seguro","ECI":"07","SIGNATURE":"3ebc330a-fe24-4f58-b1f2-444d2949c20c","CARD":"455170******8059","BRAND":"visa","MERCHANT":"522591303","STATUS":"Not Voided","ADQUIRENTE":"570002","ACTION_DESCRIPTION":"Operacion original no existe","AMOUNT":"180.00","PROCESS_CODE":"000000"}}
2023-11-02T14:19:54+00:00 INFO URL: https://apitestenv.vnforapps.com/api.security/v1/security
2023-11-02T14:19:54+00:00 INFO Base64: : aW50ZWdyYWNpb25lc0BuaXViaXouY29tLnBlOl83ejNAOGZG
2023-11-02T14:19:55+00:00 INFO URL: https://apitestenv.vnforapps.com/api.ecommerce/v2/ecommerce/token/session/522591303
2023-11-02T14:19:55+00:00 INFO Request: {"amount":"180.00","antifraud":{"clientIp":"10.0.6.212","merchantDefineData":{"MDD21":"0","MDD4":"tiprueba20@gmail.com","MDD32":"tiprueba20@gmail.com"}},"channel":"web","recurrenceMaxAmount":null}
2023-11-02T14:19:55+00:00 INFO Response: {"sessionKey":"b7ba8d76ef6a2b7edae892991d61481c4a5ace30c405a4d218557a602a36499a","expirationTime":1698935694847}
2023-11-02T14:49:20+00:00 INFO URL: https://apitestenv.vnforapps.com/api.security/v1/security
2023-11-02T14:49:20+00:00 INFO Base64: : aW50ZWdyYWNpb25lc0BuaXViaXouY29tLnBlOl83ejNAOGZG
2023-11-02T14:49:20+00:00 INFO URL: https://apitestenv.vnforapps.com/api.ecommerce/v2/ecommerce/token/session/522591303
2023-11-02T14:49:20+00:00 INFO Request: {"amount":"180.00","antifraud":{"clientIp":"10.0.6.212","merchantDefineData":{"MDD21":"0","MDD4":"tiprueba20@gmail.com","MDD32":"tiprueba20@gmail.com"}},"channel":"web","recurrenceMaxAmount":null}
2023-11-02T14:49:20+00:00 INFO Response: {"sessionKey":"aaf6719eede12d0c88f74224677bf6ebc454a65d73fd0696b27c3a06667a8667","expirationTime":1698937460810}
2023-11-02T14:50:30+00:00 INFO URL: https://apitestenv.vnforapps.com/api.authorization/v3/authorization/ecommerce/522591303
2023-11-02T14:50:30+00:00 INFO Request: {"antifraud":null,"captureType":"manual","channel":"web","countable":"true","order":{"amount":"180.00","currency":"PEN","purchaseNumber":9512,"tokenId":"E0F9B57B3BC940B2B9B57B3BC9A0B2FA","productId":"112"},"cardHolder":{"documentType":"0","documentNumber":"00009512"},"recurrence":{"type":"FIXEDINITIAL","frequency":"BIANNUAL","beneficiaryId":"45508149","beneficiaryFirstName":"Katya","beneficiaryLastName":"Prueba20","maxAmount":"180.00","amount":"180.00"}}
2023-11-02T14:50:30+00:00 INFO Response: {"errorCode":400,"errorMessage":"Transaction not voided","header":{"ecoreTransactionUUID":"a5261187-2466-464f-82d8-8bd00cdae889","ecoreTransactionDate":1698936630783,"millis":1169},"data":{"YAPE_ID":"","CURRENCY":"0604","TERMINAL":"00000001","TRANSACTION_DATE":"231102095029","ACTION_CODE":"480","TRACE_NUMBER":"965573","RECURRENCE_MAX_AMOUNT":"180.0","CARD_TYPE":"C","ECI_DESCRIPTION":"Transaccion no autenticada pero enviada en canal seguro","ECI":"07","SIGNATURE":"a5261187-2466-464f-82d8-8bd00cdae889","CARD":"455170******8059","BRAND":"visa","MERCHANT":"522591303","STATUS":"Not Voided","ADQUIRENTE":"570002","ACTION_DESCRIPTION":"Operacion original no existe","AMOUNT":"180.00","PROCESS_CODE":"000000"}}
2023-11-02T14:52:30+00:00 INFO URL: https://apitestenv.vnforapps.com/api.security/v1/security
2023-11-02T14:52:30+00:00 INFO Base64: : aW50ZWdyYWNpb25lc0BuaXViaXouY29tLnBlOl83ejNAOGZG
2023-11-02T14:52:30+00:00 INFO URL: https://apitestenv.vnforapps.com/api.ecommerce/v2/ecommerce/token/session/522591303
2023-11-02T14:52:30+00:00 INFO Request: {"amount":"180.00","antifraud":{"clientIp":"10.0.6.212","merchantDefineData":{"MDD21":"0","MDD4":"tiprueba20@gmail.com","MDD32":"tiprueba20@gmail.com"}},"channel":"web","recurrenceMaxAmount":null}
2023-11-02T14:52:30+00:00 INFO Response: {"sessionKey":"8e2ac81e63c912b621ab829f8e8aba9bb93cf13ef3451c44da3ca4de25d769a9","expirationTime":1698937650448}
2023-11-02T15:31:40+00:00 INFO URL: https://apitestenv.vnforapps.com/api.security/v1/security
2023-11-02T15:31:40+00:00 INFO Base64: : aW50ZWdyYWNpb25lc0BuaXViaXouY29tLnBlOl83ejNAOGZG
2023-11-02T15:31:40+00:00 INFO URL: https://apitestenv.vnforapps.com/api.ecommerce/v2/ecommerce/token/session/522591303
2023-11-02T15:31:40+00:00 INFO Request: {"amount":"86.00","antifraud":{"clientIp":"10.0.7.17","merchantDefineData":{"MDD21":"0","MDD4":"tiprueba20@gmail.com","MDD32":"tiprueba20@gmail.com"}},"channel":"web","recurrenceMaxAmount":null}
2023-11-02T15:31:40+00:00 INFO Response: {"sessionKey":"e33c928ff22770157d3011ec2a6ef03ddfa98b20eb2cbf8f9827d9bd3a7e2952","expirationTime":1698940000787}
2023-11-02T15:32:27+00:00 INFO URL: https://apitestenv.vnforapps.com/api.authorization/v3/authorization/ecommerce/522591303
2023-11-02T15:32:27+00:00 INFO Request: {"antifraud":null,"captureType":"manual","channel":"web","countable":"true","order":{"amount":"86.00","currency":"PEN","purchaseNumber":9513,"tokenId":"916F813B76C34C27AF813B76C31C2702","productId":"105"},"cardHolder":{"documentType":"0","documentNumber":"00009513"},"recurrence":{"type":"FIXEDINITIAL","frequency":"QUARTERLY","beneficiaryId":"989338407555","beneficiaryFirstName":"Katya","beneficiaryLastName":"Prueba20","maxAmount":"86.00","amount":"86.00"}}
2023-11-02T15:32:27+00:00 INFO Response: {"errorCode":400,"errorMessage":"Transaction not voided","header":{"ecoreTransactionUUID":"26a61ab2-6961-421d-8b32-0cd187fd6822","ecoreTransactionDate":1698939147664,"millis":1262},"data":{"YAPE_ID":"","CURRENCY":"0604","TERMINAL":"00000001","TRANSACTION_DATE":"231102103226","ACTION_CODE":"480","TRACE_NUMBER":"965662","RECURRENCE_MAX_AMOUNT":"86.0","CARD_TYPE":"C","ECI_DESCRIPTION":"Transaccion no autenticada pero enviada en canal seguro","ECI":"07","SIGNATURE":"26a61ab2-6961-421d-8b32-0cd187fd6822","CARD":"455170******8059","BRAND":"visa","MERCHANT":"522591303","STATUS":"Not Voided","ADQUIRENTE":"570002","ACTION_DESCRIPTION":"Operacion original no existe","AMOUNT":"86.00","PROCESS_CODE":"000000"}}
