2023-10-23T03:06:36+00:00 INFO asociacion regalo: entra
2023-10-23T03:06:36+00:00 INFO Query tabla regalos: SELECT * FROM wp_regalos_queue WHERE correo_destinatario='epalomino@isil.pe' AND pagado=1 AND asociado=0 AND id_usuario_asociado IS NULL ORDER BY id DESC
2023-10-23T03:06:36+00:00 INFO resultado consulta: []
2023-10-23T13:42:27+00:00 INFO asociacion regalo: entra
2023-10-23T13:42:27+00:00 INFO Query tabla regalos: SELECT * FROM wp_regalos_queue WHERE correo_destinatario='jr.cruces.najarro13@gmail.com' AND pagado=1 AND asociado=0 AND id_usuario_asociado IS NULL ORDER BY id DESC
2023-10-23T13:42:27+00:00 INFO resultado consulta: []
2023-10-23T14:10:50+00:00 INFO asociacion regalo: entra
2023-10-23T14:10:50+00:00 INFO Query tabla regalos: SELECT * FROM wp_regalos_queue WHERE correo_destinatario='katyae16@hotmail.com' AND pagado=1 AND asociado=0 AND id_usuario_asociado IS NULL ORDER BY id DESC
2023-10-23T14:10:50+00:00 INFO resultado consulta: []
2023-10-23T14:20:18+00:00 INFO asociacion regalo: entra
2023-10-23T14:20:18+00:00 INFO Query tabla regalos: SELECT * FROM wp_regalos_queue WHERE correo_destinatario='jr.cruces.najarro13@gmail.com' AND pagado=1 AND asociado=0 AND id_usuario_asociado IS NULL ORDER BY id DESC
2023-10-23T14:20:18+00:00 INFO resultado consulta: []
2023-10-23T15:19:29+00:00 INFO asociacion regalo: entra
2023-10-23T15:19:29+00:00 INFO Query tabla regalos: SELECT * FROM wp_regalos_queue WHERE correo_destinatario='tiprueba19@gmail.com' AND pagado=1 AND asociado=0 AND id_usuario_asociado IS NULL ORDER BY id DESC
2023-10-23T15:19:29+00:00 INFO resultado consulta: []
2023-10-23T15:27:17+00:00 INFO asociacion regalo: entra
2023-10-23T15:27:17+00:00 INFO Query tabla regalos: SELECT * FROM wp_regalos_queue WHERE correo_destinatario='fideyi7503@ibtrades.com' AND pagado=1 AND asociado=0 AND id_usuario_asociado IS NULL ORDER BY id DESC
2023-10-23T15:27:17+00:00 INFO resultado consulta: []
2023-10-23T15:38:02+00:00 INFO asociacion regalo: entra
2023-10-23T15:38:02+00:00 INFO Query tabla regalos: SELECT * FROM wp_regalos_queue WHERE correo_destinatario='biyiron882@apxby.com' AND pagado=1 AND asociado=0 AND id_usuario_asociado IS NULL ORDER BY id DESC
2023-10-23T15:38:02+00:00 INFO resultado consulta: []
2023-10-23T15:46:02+00:00 INFO asociacion regalo: entra
2023-10-23T15:46:02+00:00 INFO Query tabla regalos: SELECT * FROM wp_regalos_queue WHERE correo_destinatario='biyiron882@apxby.com' AND pagado=1 AND asociado=0 AND id_usuario_asociado IS NULL ORDER BY id DESC
2023-10-23T15:46:02+00:00 INFO resultado consulta: []
2023-10-23T15:53:30+00:00 INFO asociacion regalo: entra
2023-10-23T15:53:30+00:00 INFO Query tabla regalos: SELECT * FROM wp_regalos_queue WHERE correo_destinatario='tiprueba19@gmail.com' AND pagado=1 AND asociado=0 AND id_usuario_asociado IS NULL ORDER BY id DESC
2023-10-23T15:53:30+00:00 INFO resultado consulta: []
2023-10-23T16:27:11+00:00 INFO asociacion regalo: entra
2023-10-23T16:27:11+00:00 INFO Query tabla regalos: SELECT * FROM wp_regalos_queue WHERE correo_destinatario='yerko.soto@radar.cl' AND pagado=1 AND asociado=0 AND id_usuario_asociado IS NULL ORDER BY id DESC
2023-10-23T16:27:11+00:00 INFO resultado consulta: []
2023-10-23T16:31:25+00:00 INFO asociacion regalo: entra
2023-10-23T16:31:25+00:00 INFO Query tabla regalos: SELECT * FROM wp_regalos_queue WHERE correo_destinatario='biyiron882@apxby.com' AND pagado=1 AND asociado=0 AND id_usuario_asociado IS NULL ORDER BY id DESC
2023-10-23T16:31:25+00:00 INFO resultado consulta: []
2023-10-23T17:16:28+00:00 INFO asociacion regalo: entra
2023-10-23T17:16:28+00:00 INFO Query tabla regalos: SELECT * FROM wp_regalos_queue WHERE correo_destinatario='biyiron882@apxby.com' AND pagado=1 AND asociado=0 AND id_usuario_asociado IS NULL ORDER BY id DESC
2023-10-23T17:16:28+00:00 INFO resultado consulta: []
2023-10-23T17:23:04+00:00 INFO asociacion regalo: entra
2023-10-23T17:23:04+00:00 INFO Query tabla regalos: SELECT * FROM wp_regalos_queue WHERE correo_destinatario='calfaro@isil.pe' AND pagado=1 AND asociado=0 AND id_usuario_asociado IS NULL ORDER BY id DESC
2023-10-23T17:23:04+00:00 INFO resultado consulta: []
2023-10-23T19:27:39+00:00 INFO asociacion regalo: entra
2023-10-23T19:27:39+00:00 INFO Query tabla regalos: SELECT * FROM wp_regalos_queue WHERE correo_destinatario='kgarvich@isil.pe' AND pagado=1 AND asociado=0 AND id_usuario_asociado IS NULL ORDER BY id DESC
2023-10-23T19:27:39+00:00 INFO resultado consulta: []
2023-10-23T19:43:01+00:00 INFO asociacion regalo: entra
2023-10-23T19:43:01+00:00 INFO Query tabla regalos: SELECT * FROM wp_regalos_queue WHERE correo_destinatario='yerko.soto@radar.cl' AND pagado=1 AND asociado=0 AND id_usuario_asociado IS NULL ORDER BY id DESC
2023-10-23T19:43:01+00:00 INFO resultado consulta: []
2023-10-23T19:53:51+00:00 INFO asociacion regalo: entra
2023-10-23T19:53:51+00:00 INFO Query tabla regalos: SELECT * FROM wp_regalos_queue WHERE correo_destinatario='biyiron882@apxby.com' AND pagado=1 AND asociado=0 AND id_usuario_asociado IS NULL ORDER BY id DESC
2023-10-23T19:53:51+00:00 INFO resultado consulta: []
2023-10-23T19:56:52+00:00 INFO asociacion regalo: entra
2023-10-23T19:56:52+00:00 INFO Query tabla regalos: SELECT * FROM wp_regalos_queue WHERE correo_destinatario='biyiron882@apxby.com' AND pagado=1 AND asociado=0 AND id_usuario_asociado IS NULL ORDER BY id DESC
2023-10-23T19:56:52+00:00 INFO resultado consulta: []
2023-10-23T20:03:41+00:00 INFO asociacion regalo: entra
2023-10-23T20:03:41+00:00 INFO Query tabla regalos: SELECT * FROM wp_regalos_queue WHERE correo_destinatario='biyiron882@apxby.com' AND pagado=1 AND asociado=0 AND id_usuario_asociado IS NULL ORDER BY id DESC
2023-10-23T20:03:41+00:00 INFO resultado consulta: []
2023-10-23T20:10:22+00:00 INFO asociacion regalo: entra
2023-10-23T20:10:22+00:00 INFO Query tabla regalos: SELECT * FROM wp_regalos_queue WHERE correo_destinatario='fideyi7503@ibtrades.com' AND pagado=1 AND asociado=0 AND id_usuario_asociado IS NULL ORDER BY id DESC
2023-10-23T20:10:22+00:00 INFO resultado consulta: []
2023-10-23T20:11:23+00:00 INFO asociacion regalo: entra
2023-10-23T20:11:23+00:00 INFO Query tabla regalos: SELECT * FROM wp_regalos_queue WHERE correo_destinatario='kgarvich@isil.pe' AND pagado=1 AND asociado=0 AND id_usuario_asociado IS NULL ORDER BY id DESC
2023-10-23T20:11:23+00:00 INFO resultado consulta: []
2023-10-23T20:11:23+00:00 INFO asociacion regalo: entra
2023-10-23T20:11:23+00:00 INFO Query tabla regalos: SELECT * FROM wp_regalos_queue WHERE correo_destinatario='kgarvich@isil.pe' AND pagado=1 AND asociado=0 AND id_usuario_asociado IS NULL ORDER BY id DESC
2023-10-23T20:11:23+00:00 INFO resultado consulta: []
2023-10-23T21:14:33+00:00 INFO asociacion regalo: entra
2023-10-23T21:14:33+00:00 INFO Query tabla regalos: SELECT * FROM wp_regalos_queue WHERE correo_destinatario='biyiron882@apxby.com' AND pagado=1 AND asociado=0 AND id_usuario_asociado IS NULL ORDER BY id DESC
2023-10-23T21:14:33+00:00 INFO resultado consulta: []
2023-10-23T23:00:50+00:00 INFO asociacion regalo: entra
2023-10-23T23:00:50+00:00 INFO Query tabla regalos: SELECT * FROM wp_regalos_queue WHERE correo_destinatario='biyiron882@apxby.com' AND pagado=1 AND asociado=0 AND id_usuario_asociado IS NULL ORDER BY id DESC
2023-10-23T23:00:50+00:00 INFO resultado consulta: []
