2023-10-31T13:06:12+00:00 INFO URL: https://apitestenv.vnforapps.com/api.security/v1/security
2023-10-31T13:06:12+00:00 INFO Base64: : aW50ZWdyYWNpb25lc0BuaXViaXouY29tLnBlOl83ejNAOGZG
2023-10-31T13:06:12+00:00 INFO URL: https://apitestenv.vnforapps.com/api.ecommerce/v2/ecommerce/token/session/522591303
2023-10-31T13:06:12+00:00 INFO Request: {"amount":"245.00","antifraud":{"clientIp":"10.0.7.198","merchantDefineData":{"MDD21":"0","MDD4":"shinyi_01@hotmail.com","MDD32":"shinyi_01@hotmail.com"}},"channel":"web","recurrenceMaxAmount":null}
2023-10-31T13:06:12+00:00 INFO Response: {"sessionKey":"536affa2bad65aaf39b2c270a80be05c2d6aaf0483698b746a128e2359e3431b","expirationTime":1698758472697}
2023-10-31T13:11:20+00:00 INFO URL: https://apitestenv.vnforapps.com/api.security/v1/security
2023-10-31T13:11:20+00:00 INFO Base64: : aW50ZWdyYWNpb25lc0BuaXViaXouY29tLnBlOl83ejNAOGZG
2023-10-31T13:11:21+00:00 INFO URL: https://apitestenv.vnforapps.com/api.ecommerce/v2/ecommerce/token/session/522591303
2023-10-31T13:11:21+00:00 INFO Request: {"amount":"180.00","antifraud":{"clientIp":"10.0.6.212","merchantDefineData":{"MDD21":"0","MDD4":"shinyi_01@hotmail.com","MDD32":"shinyi_01@hotmail.com"}},"channel":"web","recurrenceMaxAmount":null}
2023-10-31T13:11:21+00:00 INFO Response: {"sessionKey":"e87f56d25bfcc4dea5bb4883977f6aeb6d13f0aa8442bd8727efa9695ead8878","expirationTime":1698758781017}
2023-10-31T13:24:13+00:00 INFO URL: https://apitestenv.vnforapps.com/api.posservices/api/v1/service/recurrence.getAffiliation
2023-10-31T13:24:13+00:00 INFO Request: {"terminalId":"00000001","merchantId":"522591303","merchantName":"Isilgo","dateTime":"231031132412","dataMap":{"channelAffiliation":null,"affiliationDateFrom":"2023-09-09","affiliationDateTo":"2023-09-09","merchantId":"522591303","beneficiaryId":false,"channelId":6}}
2023-10-31T13:24:13+00:00 INFO Response: {"header":"","merchantId":"522591303","traceNumber":null,"operationType":null,"dateTime":"231031132412","amount":"000000000000","currencyId":null,"status":"400","data":null,"dataMap":{"messageResponse":{"header":{"status":{"busResponseCode":"0","busResponseMessage":"EJECUCIÓN CON ÉXITO","busResponseMsgId":"-","srvResponseCode":"308","srvResponseMessage":"NO EXISTEN AFILIACIONES QUE MOSTRAR","responseType":"0"}},"body":{"errorMessage":{"message":"NO EXISTEN AFILIACIONES QUE MOSTRAR"}}}}}
2023-10-31T14:20:42+00:00 INFO URL: https://apitestenv.vnforapps.com/api.security/v1/security
2023-10-31T14:20:42+00:00 INFO Base64: : aW50ZWdyYWNpb25lc0BuaXViaXouY29tLnBlOl83ejNAOGZG
2023-10-31T14:20:43+00:00 INFO URL: https://apitestenv.vnforapps.com/api.ecommerce/v2/ecommerce/token/session/522591303
2023-10-31T14:20:43+00:00 INFO Request: {"amount":"180.00","antifraud":{"clientIp":"10.0.6.212","merchantDefineData":{"MDD21":"0","MDD4":"tiprueba18@gmail.com","MDD32":"tiprueba18@gmail.com"}},"channel":"web","recurrenceMaxAmount":null}
2023-10-31T14:20:43+00:00 INFO Response: {"sessionKey":"569ec0e821a4ecd296582a12aee60dd6e6f0e20a9e034c5440cb7b0e1414fff7","expirationTime":1698762942912}
2023-10-31T15:13:23+00:00 INFO URL: https://apitestenv.vnforapps.com/api.posservices/api/v1/service/recurrence.getAffiliation
2023-10-31T15:13:23+00:00 INFO Request: {"terminalId":"00000001","merchantId":"522591303","merchantName":"Isilgo","dateTime":"231031151322","dataMap":{"channelAffiliation":null,"affiliationDateFrom":"","affiliationDateTo":"","merchantId":"522591303","beneficiaryId":false,"channelId":6}}
2023-10-31T15:13:23+00:00 INFO Response: {"header":"","merchantId":"522591303","traceNumber":null,"operationType":null,"dateTime":"231031151322","amount":"000000000000","currencyId":null,"status":"400","data":null,"dataMap":{"messageResponse":{"header":{"status":{"busResponseCode":"3204","busResponseMessage":"OCURRIÓ UN ERROR AL PROCESAR EL MENSAJE","busResponseMsgId":"-","srvResponseCode":"3204","srvResponseMessage":"OCURRIÓ UN ERROR AL PROCESAR EL MENSAJE","responseType":"2"}},"body":{"errorMessage":{"message":"Campos Fecha Afiliación son obligatorios"}}}}}
2023-10-31T19:34:06+00:00 INFO URL: https://apitestenv.vnforapps.com/api.posservices/api/v1/service/recurrence.getAffiliation
2023-10-31T19:34:06+00:00 INFO Request: {"terminalId":"00000001","merchantId":"522591303","merchantName":"Isilgo","dateTime":"231031193405","dataMap":{"channelAffiliation":null,"affiliationDateFrom":"","affiliationDateTo":"","merchantId":"522591303","beneficiaryId":false,"channelId":6}}
2023-10-31T19:34:06+00:00 INFO Response: {"header":"","merchantId":"522591303","traceNumber":null,"operationType":null,"dateTime":"231031193405","amount":"000000000000","currencyId":null,"status":"400","data":null,"dataMap":{"messageResponse":{"header":{"status":{"busResponseCode":"3204","busResponseMessage":"OCURRIÓ UN ERROR AL PROCESAR EL MENSAJE","busResponseMsgId":"-","srvResponseCode":"3204","srvResponseMessage":"OCURRIÓ UN ERROR AL PROCESAR EL MENSAJE","responseType":"2"}},"body":{"errorMessage":{"message":"Campos Fecha Afiliación son obligatorios"}}}}}
