2023-11-09T00:04:23+00:00 INFO asociacion regalo: entra
2023-11-09T00:04:23+00:00 INFO Query tabla regalos: SELECT * FROM wp_regalos_queue WHERE correo_destinatario='biyiron882@apxby.com' AND pagado=1 AND asociado=0 AND id_usuario_asociado IS NULL ORDER BY id DESC
2023-11-09T00:04:23+00:00 INFO resultado consulta: []
2023-11-09T01:54:47+00:00 INFO asociacion regalo: entra
2023-11-09T01:54:47+00:00 INFO Query tabla regalos: SELECT * FROM wp_regalos_queue WHERE correo_destinatario='cristian.frenkel@radar.cl' AND pagado=1 AND asociado=0 AND id_usuario_asociado IS NULL ORDER BY id DESC
2023-11-09T01:54:47+00:00 INFO resultado consulta: []
2023-11-09T01:55:22+00:00 INFO asociacion regalo: entra
2023-11-09T01:55:22+00:00 INFO Query tabla regalos: SELECT * FROM wp_regalos_queue WHERE correo_destinatario='cristian.frenkel@radar.cl' AND pagado=1 AND asociado=0 AND id_usuario_asociado IS NULL ORDER BY id DESC
2023-11-09T01:55:22+00:00 INFO resultado consulta: []
2023-11-09T02:04:44+00:00 INFO asociacion regalo: entra
2023-11-09T02:04:44+00:00 INFO Query tabla regalos: SELECT * FROM wp_regalos_queue WHERE correo_destinatario='cristian.frenkel@radar.cl' AND pagado=1 AND asociado=0 AND id_usuario_asociado IS NULL ORDER BY id DESC
2023-11-09T02:04:44+00:00 INFO resultado consulta: []
2023-11-09T02:05:10+00:00 INFO asociacion regalo: entra
2023-11-09T02:05:10+00:00 INFO Query tabla regalos: SELECT * FROM wp_regalos_queue WHERE correo_destinatario='cristian.frenkel@radar.cl' AND pagado=1 AND asociado=0 AND id_usuario_asociado IS NULL ORDER BY id DESC
2023-11-09T02:05:10+00:00 INFO resultado consulta: []
2023-11-09T02:08:56+00:00 INFO asociacion regalo: entra
2023-11-09T02:08:56+00:00 INFO Query tabla regalos: SELECT * FROM wp_regalos_queue WHERE correo_destinatario='cristian.frenkel@radar.cl' AND pagado=1 AND asociado=0 AND id_usuario_asociado IS NULL ORDER BY id DESC
2023-11-09T02:08:56+00:00 INFO resultado consulta: []
2023-11-09T02:10:11+00:00 INFO asociacion regalo: entra
2023-11-09T02:10:11+00:00 INFO Query tabla regalos: SELECT * FROM wp_regalos_queue WHERE correo_destinatario='cristian.frenkel@radar.cl' AND pagado=1 AND asociado=0 AND id_usuario_asociado IS NULL ORDER BY id DESC
2023-11-09T02:10:11+00:00 INFO resultado consulta: []
2023-11-09T02:17:42+00:00 INFO asociacion regalo: entra
2023-11-09T02:17:42+00:00 INFO Query tabla regalos: SELECT * FROM wp_regalos_queue WHERE correo_destinatario='cristian.frenkel@radar.cl' AND pagado=1 AND asociado=0 AND id_usuario_asociado IS NULL ORDER BY id DESC
2023-11-09T02:17:42+00:00 INFO resultado consulta: []
2023-11-09T02:19:36+00:00 INFO asociacion regalo: entra
2023-11-09T02:19:36+00:00 INFO Query tabla regalos: SELECT * FROM wp_regalos_queue WHERE correo_destinatario='cristian.frenkel@radar.cl' AND pagado=1 AND asociado=0 AND id_usuario_asociado IS NULL ORDER BY id DESC
2023-11-09T02:19:36+00:00 INFO resultado consulta: []
2023-11-09T02:20:05+00:00 INFO asociacion regalo: entra
2023-11-09T02:20:05+00:00 INFO Query tabla regalos: SELECT * FROM wp_regalos_queue WHERE correo_destinatario='cristian.frenkel@radar.cl' AND pagado=1 AND asociado=0 AND id_usuario_asociado IS NULL ORDER BY id DESC
2023-11-09T02:20:05+00:00 INFO resultado consulta: []
2023-11-09T02:20:43+00:00 INFO asociacion regalo: entra
2023-11-09T02:20:43+00:00 INFO Query tabla regalos: SELECT * FROM wp_regalos_queue WHERE correo_destinatario='cristian.frenkel@radar.cl' AND pagado=1 AND asociado=0 AND id_usuario_asociado IS NULL ORDER BY id DESC
2023-11-09T02:20:43+00:00 INFO resultado consulta: []
2023-11-09T02:21:08+00:00 INFO asociacion regalo: entra
2023-11-09T02:21:08+00:00 INFO Query tabla regalos: SELECT * FROM wp_regalos_queue WHERE correo_destinatario='cristian.frenkel@radar.cl' AND pagado=1 AND asociado=0 AND id_usuario_asociado IS NULL ORDER BY id DESC
2023-11-09T02:21:08+00:00 INFO resultado consulta: []
2023-11-09T14:04:23+00:00 INFO asociacion regalo: entra
2023-11-09T14:04:23+00:00 INFO Query tabla regalos: SELECT * FROM wp_regalos_queue WHERE correo_destinatario='kgarvich@isil.pe' AND pagado=1 AND asociado=0 AND id_usuario_asociado IS NULL ORDER BY id DESC
2023-11-09T14:04:23+00:00 INFO resultado consulta: []
2023-11-09T14:17:20+00:00 INFO asociacion regalo: entra
2023-11-09T14:17:20+00:00 INFO Query tabla regalos: SELECT * FROM wp_regalos_queue WHERE correo_destinatario='kgarvich@isil.pe' AND pagado=1 AND asociado=0 AND id_usuario_asociado IS NULL ORDER BY id DESC
2023-11-09T14:17:20+00:00 INFO resultado consulta: []
2023-11-09T14:36:10+00:00 INFO asociacion regalo: entra
2023-11-09T14:36:10+00:00 INFO Query tabla regalos: SELECT * FROM wp_regalos_queue WHERE correo_destinatario='calfaro@isil.pe' AND pagado=1 AND asociado=0 AND id_usuario_asociado IS NULL ORDER BY id DESC
2023-11-09T14:36:10+00:00 INFO resultado consulta: []
2023-11-09T14:37:36+00:00 INFO asociacion regalo: entra
2023-11-09T14:37:36+00:00 INFO Query tabla regalos: SELECT * FROM wp_regalos_queue WHERE correo_destinatario='calfaro@isil.pe' AND pagado=1 AND asociado=0 AND id_usuario_asociado IS NULL ORDER BY id DESC
2023-11-09T14:37:36+00:00 INFO resultado consulta: []
2023-11-09T14:38:08+00:00 INFO asociacion regalo: entra
2023-11-09T14:38:08+00:00 INFO Query tabla regalos: SELECT * FROM wp_regalos_queue WHERE correo_destinatario='cristian.frenkel@radar.cl' AND pagado=1 AND asociado=0 AND id_usuario_asociado IS NULL ORDER BY id DESC
2023-11-09T14:38:08+00:00 INFO resultado consulta: []
2023-11-09T14:38:41+00:00 INFO asociacion regalo: entra
2023-11-09T14:38:41+00:00 INFO Query tabla regalos: SELECT * FROM wp_regalos_queue WHERE correo_destinatario='cristian.frenkel@radar.cl' AND pagado=1 AND asociado=0 AND id_usuario_asociado IS NULL ORDER BY id DESC
2023-11-09T14:38:41+00:00 INFO resultado consulta: []
2023-11-09T14:40:15+00:00 INFO asociacion regalo: entra
2023-11-09T14:40:15+00:00 INFO Query tabla regalos: SELECT * FROM wp_regalos_queue WHERE correo_destinatario='biyiron882@apxby.com' AND pagado=1 AND asociado=0 AND id_usuario_asociado IS NULL ORDER BY id DESC
2023-11-09T14:40:15+00:00 INFO resultado consulta: []
2023-11-09T14:40:42+00:00 INFO asociacion regalo: entra
2023-11-09T14:40:42+00:00 INFO Query tabla regalos: SELECT * FROM wp_regalos_queue WHERE correo_destinatario='cristian.frenkel@radar.cl' AND pagado=1 AND asociado=0 AND id_usuario_asociado IS NULL ORDER BY id DESC
2023-11-09T14:40:42+00:00 INFO resultado consulta: []
2023-11-09T14:41:18+00:00 INFO asociacion regalo: entra
2023-11-09T14:41:18+00:00 INFO Query tabla regalos: SELECT * FROM wp_regalos_queue WHERE correo_destinatario='biyiron882@apxby.com' AND pagado=1 AND asociado=0 AND id_usuario_asociado IS NULL ORDER BY id DESC
2023-11-09T14:41:18+00:00 INFO resultado consulta: []
2023-11-09T14:41:43+00:00 INFO asociacion regalo: entra
2023-11-09T14:41:43+00:00 INFO Query tabla regalos: SELECT * FROM wp_regalos_queue WHERE correo_destinatario='yerko.soto@radar.cl' AND pagado=1 AND asociado=0 AND id_usuario_asociado IS NULL ORDER BY id DESC
2023-11-09T14:41:43+00:00 INFO resultado consulta: []
2023-11-09T14:42:45+00:00 INFO asociacion regalo: entra
2023-11-09T14:42:45+00:00 INFO Query tabla regalos: SELECT * FROM wp_regalos_queue WHERE correo_destinatario='calfaro@isil.pe' AND pagado=1 AND asociado=0 AND id_usuario_asociado IS NULL ORDER BY id DESC
2023-11-09T14:42:45+00:00 INFO resultado consulta: []
2023-11-09T14:44:57+00:00 INFO asociacion regalo: entra
2023-11-09T14:44:57+00:00 INFO Query tabla regalos: SELECT * FROM wp_regalos_queue WHERE correo_destinatario='biyiron882@apxby.com' AND pagado=1 AND asociado=0 AND id_usuario_asociado IS NULL ORDER BY id DESC
2023-11-09T14:44:57+00:00 INFO resultado consulta: []
2023-11-09T14:45:42+00:00 INFO asociacion regalo: entra
2023-11-09T14:45:42+00:00 INFO Query tabla regalos: SELECT * FROM wp_regalos_queue WHERE correo_destinatario='cristian.frenkel@radar.cl' AND pagado=1 AND asociado=0 AND id_usuario_asociado IS NULL ORDER BY id DESC
2023-11-09T14:45:42+00:00 INFO resultado consulta: []
2023-11-09T14:46:01+00:00 INFO asociacion regalo: entra
2023-11-09T14:46:01+00:00 INFO Query tabla regalos: SELECT * FROM wp_regalos_queue WHERE correo_destinatario='biyiron882@apxby.com' AND pagado=1 AND asociado=0 AND id_usuario_asociado IS NULL ORDER BY id DESC
2023-11-09T14:46:01+00:00 INFO resultado consulta: []
2023-11-09T14:46:08+00:00 INFO asociacion regalo: entra
2023-11-09T14:46:08+00:00 INFO Query tabla regalos: SELECT * FROM wp_regalos_queue WHERE correo_destinatario='cristian.frenkel@radar.cl' AND pagado=1 AND asociado=0 AND id_usuario_asociado IS NULL ORDER BY id DESC
2023-11-09T14:46:08+00:00 INFO resultado consulta: []
2023-11-09T14:49:21+00:00 INFO asociacion regalo: entra
2023-11-09T14:49:21+00:00 INFO Query tabla regalos: SELECT * FROM wp_regalos_queue WHERE correo_destinatario='cristian.frenkel@radar.cl' AND pagado=1 AND asociado=0 AND id_usuario_asociado IS NULL ORDER BY id DESC
2023-11-09T14:49:21+00:00 INFO resultado consulta: []
2023-11-09T14:49:37+00:00 INFO asociacion regalo: entra
2023-11-09T14:49:37+00:00 INFO Query tabla regalos: SELECT * FROM wp_regalos_queue WHERE correo_destinatario='epalomino@isil.pe' AND pagado=1 AND asociado=0 AND id_usuario_asociado IS NULL ORDER BY id DESC
2023-11-09T14:49:37+00:00 INFO resultado consulta: []
2023-11-09T14:49:50+00:00 INFO asociacion regalo: entra
2023-11-09T14:49:50+00:00 INFO Query tabla regalos: SELECT * FROM wp_regalos_queue WHERE correo_destinatario='cristian.frenkel@radar.cl' AND pagado=1 AND asociado=0 AND id_usuario_asociado IS NULL ORDER BY id DESC
2023-11-09T14:49:50+00:00 INFO resultado consulta: []
2023-11-09T14:50:46+00:00 INFO asociacion regalo: entra
2023-11-09T14:50:46+00:00 INFO Query tabla regalos: SELECT * FROM wp_regalos_queue WHERE correo_destinatario='epalomino@isil.pe' AND pagado=1 AND asociado=0 AND id_usuario_asociado IS NULL ORDER BY id DESC
2023-11-09T14:50:46+00:00 INFO resultado consulta: []
2023-11-09T14:51:04+00:00 INFO asociacion regalo: entra
2023-11-09T14:51:04+00:00 INFO Query tabla regalos: SELECT * FROM wp_regalos_queue WHERE correo_destinatario='calfaro@isil.pe' AND pagado=1 AND asociado=0 AND id_usuario_asociado IS NULL ORDER BY id DESC
2023-11-09T14:51:04+00:00 INFO resultado consulta: []
2023-11-09T14:51:15+00:00 INFO asociacion regalo: entra
2023-11-09T14:51:15+00:00 INFO Query tabla regalos: SELECT * FROM wp_regalos_queue WHERE correo_destinatario='yerko.soto@radar.cl' AND pagado=1 AND asociado=0 AND id_usuario_asociado IS NULL ORDER BY id DESC
2023-11-09T14:51:15+00:00 INFO resultado consulta: []
2023-11-09T14:53:19+00:00 INFO asociacion regalo: entra
2023-11-09T14:53:19+00:00 INFO Query tabla regalos: SELECT * FROM wp_regalos_queue WHERE correo_destinatario='calfaro@isil.pe' AND pagado=1 AND asociado=0 AND id_usuario_asociado IS NULL ORDER BY id DESC
2023-11-09T14:53:19+00:00 INFO resultado consulta: []
2023-11-09T14:55:01+00:00 INFO asociacion regalo: entra
2023-11-09T14:55:01+00:00 INFO Query tabla regalos: SELECT * FROM wp_regalos_queue WHERE correo_destinatario='calfaro@isil.pe' AND pagado=1 AND asociado=0 AND id_usuario_asociado IS NULL ORDER BY id DESC
2023-11-09T14:55:01+00:00 INFO resultado consulta: []
2023-11-09T15:01:10+00:00 INFO asociacion regalo: entra
2023-11-09T15:01:10+00:00 INFO Query tabla regalos: SELECT * FROM wp_regalos_queue WHERE correo_destinatario='epalomino@isil.pe' AND pagado=1 AND asociado=0 AND id_usuario_asociado IS NULL ORDER BY id DESC
2023-11-09T15:01:10+00:00 INFO resultado consulta: []
2023-11-09T15:01:21+00:00 INFO asociacion regalo: entra
2023-11-09T15:01:21+00:00 INFO Query tabla regalos: SELECT * FROM wp_regalos_queue WHERE correo_destinatario='epalomino@isil.pe' AND pagado=1 AND asociado=0 AND id_usuario_asociado IS NULL ORDER BY id DESC
2023-11-09T15:01:21+00:00 INFO resultado consulta: []
2023-11-09T15:11:29+00:00 INFO asociacion regalo: entra
2023-11-09T15:11:29+00:00 INFO Query tabla regalos: SELECT * FROM wp_regalos_queue WHERE correo_destinatario='cristian.frenkel@radar.cl' AND pagado=1 AND asociado=0 AND id_usuario_asociado IS NULL ORDER BY id DESC
2023-11-09T15:11:29+00:00 INFO resultado consulta: []
2023-11-09T15:13:49+00:00 INFO asociacion regalo: entra
2023-11-09T15:13:49+00:00 INFO Query tabla regalos: SELECT * FROM wp_regalos_queue WHERE correo_destinatario='cristian.frenkel@radar.cl' AND pagado=1 AND asociado=0 AND id_usuario_asociado IS NULL ORDER BY id DESC
2023-11-09T15:13:49+00:00 INFO resultado consulta: []
2023-11-09T15:14:56+00:00 INFO asociacion regalo: entra
2023-11-09T15:14:56+00:00 INFO Query tabla regalos: SELECT * FROM wp_regalos_queue WHERE correo_destinatario='cristian.frenkel@radar.cl' AND pagado=1 AND asociado=0 AND id_usuario_asociado IS NULL ORDER BY id DESC
2023-11-09T15:14:56+00:00 INFO resultado consulta: []
2023-11-09T15:16:06+00:00 INFO asociacion regalo: entra
2023-11-09T15:16:06+00:00 INFO Query tabla regalos: SELECT * FROM wp_regalos_queue WHERE correo_destinatario='cristian.frenkel@radar.cl' AND pagado=1 AND asociado=0 AND id_usuario_asociado IS NULL ORDER BY id DESC
2023-11-09T15:16:06+00:00 INFO resultado consulta: []
2023-11-09T15:16:33+00:00 INFO asociacion regalo: entra
2023-11-09T15:16:33+00:00 INFO Query tabla regalos: SELECT * FROM wp_regalos_queue WHERE correo_destinatario='cristian.frenkel@radar.cl' AND pagado=1 AND asociado=0 AND id_usuario_asociado IS NULL ORDER BY id DESC
2023-11-09T15:16:33+00:00 INFO resultado consulta: []
2023-11-09T15:17:41+00:00 INFO asociacion regalo: entra
2023-11-09T15:17:41+00:00 INFO Query tabla regalos: SELECT * FROM wp_regalos_queue WHERE correo_destinatario='cristian.frenkel@radar.cl' AND pagado=1 AND asociado=0 AND id_usuario_asociado IS NULL ORDER BY id DESC
2023-11-09T15:17:41+00:00 INFO resultado consulta: []
2023-11-09T15:18:39+00:00 INFO asociacion regalo: entra
2023-11-09T15:18:39+00:00 INFO Query tabla regalos: SELECT * FROM wp_regalos_queue WHERE correo_destinatario='cristian.frenkel@radar.cl' AND pagado=1 AND asociado=0 AND id_usuario_asociado IS NULL ORDER BY id DESC
2023-11-09T15:18:39+00:00 INFO resultado consulta: []
2023-11-09T15:19:23+00:00 INFO asociacion regalo: entra
2023-11-09T15:19:23+00:00 INFO Query tabla regalos: SELECT * FROM wp_regalos_queue WHERE correo_destinatario='cristian.frenkel@radar.cl' AND pagado=1 AND asociado=0 AND id_usuario_asociado IS NULL ORDER BY id DESC
2023-11-09T15:19:23+00:00 INFO resultado consulta: []
2023-11-09T15:19:54+00:00 INFO asociacion regalo: entra
2023-11-09T15:19:54+00:00 INFO Query tabla regalos: SELECT * FROM wp_regalos_queue WHERE correo_destinatario='cristian.frenkel@radar.cl' AND pagado=1 AND asociado=0 AND id_usuario_asociado IS NULL ORDER BY id DESC
2023-11-09T15:19:54+00:00 INFO resultado consulta: []
2023-11-09T15:20:29+00:00 INFO asociacion regalo: entra
2023-11-09T15:20:29+00:00 INFO Query tabla regalos: SELECT * FROM wp_regalos_queue WHERE correo_destinatario='cristian.frenkel@radar.cl' AND pagado=1 AND asociado=0 AND id_usuario_asociado IS NULL ORDER BY id DESC
2023-11-09T15:20:29+00:00 INFO resultado consulta: []
2023-11-09T15:21:08+00:00 INFO asociacion regalo: entra
2023-11-09T15:21:08+00:00 INFO Query tabla regalos: SELECT * FROM wp_regalos_queue WHERE correo_destinatario='cristian.frenkel@radar.cl' AND pagado=1 AND asociado=0 AND id_usuario_asociado IS NULL ORDER BY id DESC
2023-11-09T15:21:08+00:00 INFO resultado consulta: []
2023-11-09T15:21:46+00:00 INFO asociacion regalo: entra
2023-11-09T15:21:46+00:00 INFO Query tabla regalos: SELECT * FROM wp_regalos_queue WHERE correo_destinatario='cristian.frenkel@radar.cl' AND pagado=1 AND asociado=0 AND id_usuario_asociado IS NULL ORDER BY id DESC
2023-11-09T15:21:46+00:00 INFO resultado consulta: []
2023-11-09T15:27:42+00:00 INFO asociacion regalo: entra
2023-11-09T15:27:42+00:00 INFO Query tabla regalos: SELECT * FROM wp_regalos_queue WHERE correo_destinatario='dekuraptor@gmail.com' AND pagado=1 AND asociado=0 AND id_usuario_asociado IS NULL ORDER BY id DESC
2023-11-09T15:27:42+00:00 INFO resultado consulta: []
2023-11-09T15:29:06+00:00 INFO asociacion regalo: entra
2023-11-09T15:29:06+00:00 INFO Query tabla regalos: SELECT * FROM wp_regalos_queue WHERE correo_destinatario='dekuraptor@gmail.com' AND pagado=1 AND asociado=0 AND id_usuario_asociado IS NULL ORDER BY id DESC
2023-11-09T15:29:06+00:00 INFO resultado consulta: []
2023-11-09T15:29:59+00:00 INFO asociacion regalo: entra
2023-11-09T15:29:59+00:00 INFO Query tabla regalos: SELECT * FROM wp_regalos_queue WHERE correo_destinatario='dekuraptor@gmail.com' AND pagado=1 AND asociado=0 AND id_usuario_asociado IS NULL ORDER BY id DESC
2023-11-09T15:29:59+00:00 INFO resultado consulta: []
2023-11-09T15:30:46+00:00 INFO asociacion regalo: entra
2023-11-09T15:30:46+00:00 INFO Query tabla regalos: SELECT * FROM wp_regalos_queue WHERE correo_destinatario='dekuraptor@gmail.com' AND pagado=1 AND asociado=0 AND id_usuario_asociado IS NULL ORDER BY id DESC
2023-11-09T15:30:46+00:00 INFO resultado consulta: []
2023-11-09T15:32:47+00:00 INFO asociacion regalo: entra
2023-11-09T15:32:47+00:00 INFO Query tabla regalos: SELECT * FROM wp_regalos_queue WHERE correo_destinatario='cristian.frenkel@radar.cl' AND pagado=1 AND asociado=0 AND id_usuario_asociado IS NULL ORDER BY id DESC
2023-11-09T15:32:47+00:00 INFO resultado consulta: []
2023-11-09T15:33:09+00:00 INFO asociacion regalo: entra
2023-11-09T15:33:09+00:00 INFO Query tabla regalos: SELECT * FROM wp_regalos_queue WHERE correo_destinatario='cristian.frenkel@radar.cl' AND pagado=1 AND asociado=0 AND id_usuario_asociado IS NULL ORDER BY id DESC
2023-11-09T15:33:09+00:00 INFO resultado consulta: []
2023-11-09T15:33:49+00:00 INFO asociacion regalo: entra
2023-11-09T15:33:49+00:00 INFO Query tabla regalos: SELECT * FROM wp_regalos_queue WHERE correo_destinatario='cristian.frenkel@radar.cl' AND pagado=1 AND asociado=0 AND id_usuario_asociado IS NULL ORDER BY id DESC
2023-11-09T15:33:49+00:00 INFO resultado consulta: []
2023-11-09T15:34:41+00:00 INFO asociacion regalo: entra
2023-11-09T15:34:41+00:00 INFO Query tabla regalos: SELECT * FROM wp_regalos_queue WHERE correo_destinatario='cristian.frenkel@radar.cl' AND pagado=1 AND asociado=0 AND id_usuario_asociado IS NULL ORDER BY id DESC
2023-11-09T15:34:41+00:00 INFO resultado consulta: []
2023-11-09T15:35:27+00:00 INFO asociacion regalo: entra
2023-11-09T15:35:27+00:00 INFO Query tabla regalos: SELECT * FROM wp_regalos_queue WHERE correo_destinatario='cristian.frenkel@radar.cl' AND pagado=1 AND asociado=0 AND id_usuario_asociado IS NULL ORDER BY id DESC
2023-11-09T15:35:27+00:00 INFO resultado consulta: []
2023-11-09T15:37:19+00:00 INFO asociacion regalo: entra
2023-11-09T15:37:19+00:00 INFO Query tabla regalos: SELECT * FROM wp_regalos_queue WHERE correo_destinatario='calfaro@isil.pe' AND pagado=1 AND asociado=0 AND id_usuario_asociado IS NULL ORDER BY id DESC
2023-11-09T15:37:19+00:00 INFO resultado consulta: []
2023-11-09T15:39:44+00:00 INFO asociacion regalo: entra
2023-11-09T15:39:44+00:00 INFO Query tabla regalos: SELECT * FROM wp_regalos_queue WHERE correo_destinatario='dekuraptor@gmail.com' AND pagado=1 AND asociado=0 AND id_usuario_asociado IS NULL ORDER BY id DESC
2023-11-09T15:39:44+00:00 INFO resultado consulta: []
2023-11-09T15:40:04+00:00 INFO asociacion regalo: entra
2023-11-09T15:40:04+00:00 INFO Query tabla regalos: SELECT * FROM wp_regalos_queue WHERE correo_destinatario='dekuraptor@gmail.com' AND pagado=1 AND asociado=0 AND id_usuario_asociado IS NULL ORDER BY id DESC
2023-11-09T15:40:04+00:00 INFO resultado consulta: []
2023-11-09T15:41:05+00:00 INFO asociacion regalo: entra
2023-11-09T15:41:05+00:00 INFO Query tabla regalos: SELECT * FROM wp_regalos_queue WHERE correo_destinatario='calfaro@isil.pe' AND pagado=1 AND asociado=0 AND id_usuario_asociado IS NULL ORDER BY id DESC
2023-11-09T15:41:05+00:00 INFO resultado consulta: []
2023-11-09T15:41:21+00:00 INFO asociacion regalo: entra
2023-11-09T15:41:21+00:00 INFO Query tabla regalos: SELECT * FROM wp_regalos_queue WHERE correo_destinatario='dekuraptor@gmail.com' AND pagado=1 AND asociado=0 AND id_usuario_asociado IS NULL ORDER BY id DESC
2023-11-09T15:41:21+00:00 INFO resultado consulta: []
2023-11-09T15:41:41+00:00 INFO asociacion regalo: entra
2023-11-09T15:41:41+00:00 INFO Query tabla regalos: SELECT * FROM wp_regalos_queue WHERE correo_destinatario='dekuraptor@gmail.com' AND pagado=1 AND asociado=0 AND id_usuario_asociado IS NULL ORDER BY id DESC
2023-11-09T15:41:41+00:00 INFO resultado consulta: []
2023-11-09T15:43:30+00:00 INFO asociacion regalo: entra
2023-11-09T15:43:30+00:00 INFO Query tabla regalos: SELECT * FROM wp_regalos_queue WHERE correo_destinatario='calfaro@isil.pe' AND pagado=1 AND asociado=0 AND id_usuario_asociado IS NULL ORDER BY id DESC
2023-11-09T15:43:30+00:00 INFO resultado consulta: []
2023-11-09T15:43:31+00:00 INFO asociacion regalo: entra
2023-11-09T15:43:31+00:00 INFO Query tabla regalos: SELECT * FROM wp_regalos_queue WHERE correo_destinatario='kgarvich@isil.pe' AND pagado=1 AND asociado=0 AND id_usuario_asociado IS NULL ORDER BY id DESC
2023-11-09T15:43:31+00:00 INFO resultado consulta: []
2023-11-09T15:43:37+00:00 INFO asociacion regalo: entra
2023-11-09T15:43:37+00:00 INFO Query tabla regalos: SELECT * FROM wp_regalos_queue WHERE correo_destinatario='dekuraptor@gmail.com' AND pagado=1 AND asociado=0 AND id_usuario_asociado IS NULL ORDER BY id DESC
2023-11-09T15:43:37+00:00 INFO resultado consulta: []
2023-11-09T15:45:11+00:00 INFO asociacion regalo: entra
2023-11-09T15:45:11+00:00 INFO Query tabla regalos: SELECT * FROM wp_regalos_queue WHERE correo_destinatario='cristian.frenkel@radar.cl' AND pagado=1 AND asociado=0 AND id_usuario_asociado IS NULL ORDER BY id DESC
2023-11-09T15:45:11+00:00 INFO resultado consulta: []
2023-11-09T15:46:07+00:00 INFO asociacion regalo: entra
2023-11-09T15:46:07+00:00 INFO Query tabla regalos: SELECT * FROM wp_regalos_queue WHERE correo_destinatario='cristian.frenkel@radar.cl' AND pagado=1 AND asociado=0 AND id_usuario_asociado IS NULL ORDER BY id DESC
2023-11-09T15:46:07+00:00 INFO resultado consulta: []
2023-11-09T15:46:48+00:00 INFO asociacion regalo: entra
2023-11-09T15:46:48+00:00 INFO Query tabla regalos: SELECT * FROM wp_regalos_queue WHERE correo_destinatario='epalomino@isil.pe' AND pagado=1 AND asociado=0 AND id_usuario_asociado IS NULL ORDER BY id DESC
2023-11-09T15:46:48+00:00 INFO resultado consulta: []
2023-11-09T15:47:47+00:00 INFO asociacion regalo: entra
2023-11-09T15:47:47+00:00 INFO Query tabla regalos: SELECT * FROM wp_regalos_queue WHERE correo_destinatario='epalomino@isil.pe' AND pagado=1 AND asociado=0 AND id_usuario_asociado IS NULL ORDER BY id DESC
2023-11-09T15:47:47+00:00 INFO resultado consulta: []
2023-11-09T15:48:51+00:00 INFO asociacion regalo: entra
2023-11-09T15:48:51+00:00 INFO Query tabla regalos: SELECT * FROM wp_regalos_queue WHERE correo_destinatario='epalomino@isil.pe' AND pagado=1 AND asociado=0 AND id_usuario_asociado IS NULL ORDER BY id DESC
2023-11-09T15:48:51+00:00 INFO resultado consulta: []
2023-11-09T15:49:22+00:00 INFO asociacion regalo: entra
2023-11-09T15:49:22+00:00 INFO Query tabla regalos: SELECT * FROM wp_regalos_queue WHERE correo_destinatario='cristian.frenkel@radar.cl' AND pagado=1 AND asociado=0 AND id_usuario_asociado IS NULL ORDER BY id DESC
2023-11-09T15:49:22+00:00 INFO resultado consulta: []
2023-11-09T15:50:19+00:00 INFO asociacion regalo: entra
2023-11-09T15:50:19+00:00 INFO Query tabla regalos: SELECT * FROM wp_regalos_queue WHERE correo_destinatario='dekuraptor@gmail.com' AND pagado=1 AND asociado=0 AND id_usuario_asociado IS NULL ORDER BY id DESC
2023-11-09T15:50:19+00:00 INFO resultado consulta: []
2023-11-09T15:50:53+00:00 INFO asociacion regalo: entra
2023-11-09T15:50:53+00:00 INFO Query tabla regalos: SELECT * FROM wp_regalos_queue WHERE correo_destinatario='cristian.frenkel@radar.cl' AND pagado=1 AND asociado=0 AND id_usuario_asociado IS NULL ORDER BY id DESC
2023-11-09T15:50:53+00:00 INFO resultado consulta: []
2023-11-09T15:52:09+00:00 INFO asociacion regalo: entra
2023-11-09T15:52:09+00:00 INFO Query tabla regalos: SELECT * FROM wp_regalos_queue WHERE correo_destinatario='dekuraptor@gmail.com' AND pagado=1 AND asociado=0 AND id_usuario_asociado IS NULL ORDER BY id DESC
2023-11-09T15:52:09+00:00 INFO resultado consulta: []
2023-11-09T15:52:44+00:00 INFO asociacion regalo: entra
2023-11-09T15:52:44+00:00 INFO Query tabla regalos: SELECT * FROM wp_regalos_queue WHERE correo_destinatario='cristian.frenkel@radar.cl' AND pagado=1 AND asociado=0 AND id_usuario_asociado IS NULL ORDER BY id DESC
2023-11-09T15:52:44+00:00 INFO resultado consulta: []
2023-11-09T15:54:17+00:00 INFO asociacion regalo: entra
2023-11-09T15:54:17+00:00 INFO Query tabla regalos: SELECT * FROM wp_regalos_queue WHERE correo_destinatario='cristian.frenkel@radar.cl' AND pagado=1 AND asociado=0 AND id_usuario_asociado IS NULL ORDER BY id DESC
2023-11-09T15:54:17+00:00 INFO resultado consulta: []
2023-11-09T15:57:49+00:00 INFO asociacion regalo: entra
2023-11-09T15:57:49+00:00 INFO Query tabla regalos: SELECT * FROM wp_regalos_queue WHERE correo_destinatario='cristian.frenkel@radar.cl' AND pagado=1 AND asociado=0 AND id_usuario_asociado IS NULL ORDER BY id DESC
2023-11-09T15:57:49+00:00 INFO resultado consulta: []
2023-11-09T15:58:11+00:00 INFO asociacion regalo: entra
2023-11-09T15:58:11+00:00 INFO Query tabla regalos: SELECT * FROM wp_regalos_queue WHERE correo_destinatario='cristian.frenkel@radar.cl' AND pagado=1 AND asociado=0 AND id_usuario_asociado IS NULL ORDER BY id DESC
2023-11-09T15:58:11+00:00 INFO resultado consulta: []
2023-11-09T15:58:55+00:00 INFO asociacion regalo: entra
2023-11-09T15:58:55+00:00 INFO Query tabla regalos: SELECT * FROM wp_regalos_queue WHERE correo_destinatario='cristian.frenkel@radar.cl' AND pagado=1 AND asociado=0 AND id_usuario_asociado IS NULL ORDER BY id DESC
2023-11-09T15:58:55+00:00 INFO resultado consulta: []
2023-11-09T15:59:06+00:00 INFO asociacion regalo: entra
2023-11-09T15:59:06+00:00 INFO Query tabla regalos: SELECT * FROM wp_regalos_queue WHERE correo_destinatario='calfaro@isil.pe' AND pagado=1 AND asociado=0 AND id_usuario_asociado IS NULL ORDER BY id DESC
2023-11-09T15:59:06+00:00 INFO resultado consulta: []
2023-11-09T16:00:17+00:00 INFO asociacion regalo: entra
2023-11-09T16:00:17+00:00 INFO Query tabla regalos: SELECT * FROM wp_regalos_queue WHERE correo_destinatario='cristian.frenkel@radar.cl' AND pagado=1 AND asociado=0 AND id_usuario_asociado IS NULL ORDER BY id DESC
2023-11-09T16:00:17+00:00 INFO resultado consulta: []
2023-11-09T16:01:04+00:00 INFO asociacion regalo: entra
2023-11-09T16:01:04+00:00 INFO Query tabla regalos: SELECT * FROM wp_regalos_queue WHERE correo_destinatario='cristian.frenkel@radar.cl' AND pagado=1 AND asociado=0 AND id_usuario_asociado IS NULL ORDER BY id DESC
2023-11-09T16:01:04+00:00 INFO resultado consulta: []
2023-11-09T16:04:00+00:00 INFO asociacion regalo: entra
2023-11-09T16:04:00+00:00 INFO Query tabla regalos: SELECT * FROM wp_regalos_queue WHERE correo_destinatario='epalomino@isil.pe' AND pagado=1 AND asociado=0 AND id_usuario_asociado IS NULL ORDER BY id DESC
2023-11-09T16:04:00+00:00 INFO resultado consulta: []
2023-11-09T16:05:03+00:00 INFO asociacion regalo: entra
2023-11-09T16:05:03+00:00 INFO Query tabla regalos: SELECT * FROM wp_regalos_queue WHERE correo_destinatario='epalomino@isil.pe' AND pagado=1 AND asociado=0 AND id_usuario_asociado IS NULL ORDER BY id DESC
2023-11-09T16:05:03+00:00 INFO resultado consulta: []
2023-11-09T16:05:41+00:00 INFO asociacion regalo: entra
2023-11-09T16:05:41+00:00 INFO Query tabla regalos: SELECT * FROM wp_regalos_queue WHERE correo_destinatario='calfaro@isil.pe' AND pagado=1 AND asociado=0 AND id_usuario_asociado IS NULL ORDER BY id DESC
2023-11-09T16:05:41+00:00 INFO resultado consulta: []
2023-11-09T16:05:47+00:00 INFO asociacion regalo: entra
2023-11-09T16:05:47+00:00 INFO Query tabla regalos: SELECT * FROM wp_regalos_queue WHERE correo_destinatario='epalomino@isil.pe' AND pagado=1 AND asociado=0 AND id_usuario_asociado IS NULL ORDER BY id DESC
2023-11-09T16:05:47+00:00 INFO resultado consulta: []
2023-11-09T16:06:59+00:00 INFO asociacion regalo: entra
2023-11-09T16:06:59+00:00 INFO Query tabla regalos: SELECT * FROM wp_regalos_queue WHERE correo_destinatario='epalomino@isil.pe' AND pagado=1 AND asociado=0 AND id_usuario_asociado IS NULL ORDER BY id DESC
2023-11-09T16:06:59+00:00 INFO resultado consulta: []
2023-11-09T16:07:55+00:00 INFO asociacion regalo: entra
2023-11-09T16:07:55+00:00 INFO Query tabla regalos: SELECT * FROM wp_regalos_queue WHERE correo_destinatario='epalomino@isil.pe' AND pagado=1 AND asociado=0 AND id_usuario_asociado IS NULL ORDER BY id DESC
2023-11-09T16:07:55+00:00 INFO resultado consulta: []
2023-11-09T16:09:40+00:00 INFO asociacion regalo: entra
2023-11-09T16:09:40+00:00 INFO Query tabla regalos: SELECT * FROM wp_regalos_queue WHERE correo_destinatario='epalomino@isil.pe' AND pagado=1 AND asociado=0 AND id_usuario_asociado IS NULL ORDER BY id DESC
2023-11-09T16:09:40+00:00 INFO resultado consulta: []
2023-11-09T16:12:17+00:00 INFO asociacion regalo: entra
2023-11-09T16:12:17+00:00 INFO Query tabla regalos: SELECT * FROM wp_regalos_queue WHERE correo_destinatario='epalomino@isil.pe' AND pagado=1 AND asociado=0 AND id_usuario_asociado IS NULL ORDER BY id DESC
2023-11-09T16:12:17+00:00 INFO resultado consulta: []
2023-11-09T17:10:17+00:00 INFO asociacion regalo: entra
2023-11-09T17:10:17+00:00 INFO Query tabla regalos: SELECT * FROM wp_regalos_queue WHERE correo_destinatario='calfaro@isil.pe' AND pagado=1 AND asociado=0 AND id_usuario_asociado IS NULL ORDER BY id DESC
2023-11-09T17:10:17+00:00 INFO resultado consulta: []
2023-11-09T17:55:30+00:00 INFO asociacion regalo: entra
2023-11-09T17:55:30+00:00 INFO Query tabla regalos: SELECT * FROM wp_regalos_queue WHERE correo_destinatario='yerko.soto@radar.cl' AND pagado=1 AND asociado=0 AND id_usuario_asociado IS NULL ORDER BY id DESC
2023-11-09T17:55:30+00:00 INFO resultado consulta: []
2023-11-09T17:55:30+00:00 INFO asociacion regalo: entra
2023-11-09T17:55:30+00:00 INFO Query tabla regalos: SELECT * FROM wp_regalos_queue WHERE correo_destinatario='yerko.soto@radar.cl' AND pagado=1 AND asociado=0 AND id_usuario_asociado IS NULL ORDER BY id DESC
2023-11-09T17:55:30+00:00 INFO resultado consulta: []
2023-11-09T19:05:41+00:00 INFO asociacion regalo: entra
2023-11-09T19:05:41+00:00 INFO Query tabla regalos: SELECT * FROM wp_regalos_queue WHERE correo_destinatario='kgarvich@isil.pe' AND pagado=1 AND asociado=0 AND id_usuario_asociado IS NULL ORDER BY id DESC
2023-11-09T19:05:41+00:00 INFO resultado consulta: []
2023-11-09T19:41:23+00:00 INFO asociacion regalo: entra
2023-11-09T19:41:23+00:00 INFO Query tabla regalos: SELECT * FROM wp_regalos_queue WHERE correo_destinatario='biyiron882@apxby.com' AND pagado=1 AND asociado=0 AND id_usuario_asociado IS NULL ORDER BY id DESC
2023-11-09T19:41:23+00:00 INFO resultado consulta: []
2023-11-09T19:42:38+00:00 INFO asociacion regalo: entra
2023-11-09T19:42:38+00:00 INFO Query tabla regalos: SELECT * FROM wp_regalos_queue WHERE correo_destinatario='jchunga@isil.pe' AND pagado=1 AND asociado=0 AND id_usuario_asociado IS NULL ORDER BY id DESC
2023-11-09T19:42:38+00:00 INFO resultado consulta: []
2023-11-09T19:48:41+00:00 INFO asociacion regalo: entra
2023-11-09T19:48:41+00:00 INFO Query tabla regalos: SELECT * FROM wp_regalos_queue WHERE correo_destinatario='jchunga@isil.pe' AND pagado=1 AND asociado=0 AND id_usuario_asociado IS NULL ORDER BY id DESC
2023-11-09T19:48:41+00:00 INFO resultado consulta: []
2023-11-09T20:22:40+00:00 INFO asociacion regalo: entra
2023-11-09T20:22:40+00:00 INFO Query tabla regalos: SELECT * FROM wp_regalos_queue WHERE correo_destinatario='jchunga@isil.pe' AND pagado=1 AND asociado=0 AND id_usuario_asociado IS NULL ORDER BY id DESC
2023-11-09T20:22:40+00:00 INFO resultado consulta: []
2023-11-09T20:22:55+00:00 INFO asociacion regalo: entra
2023-11-09T20:22:55+00:00 INFO Query tabla regalos: SELECT * FROM wp_regalos_queue WHERE correo_destinatario='jchunga@isil.pe' AND pagado=1 AND asociado=0 AND id_usuario_asociado IS NULL ORDER BY id DESC
2023-11-09T20:22:55+00:00 INFO resultado consulta: []
2023-11-09T20:23:26+00:00 INFO asociacion regalo: entra
2023-11-09T20:23:26+00:00 INFO Query tabla regalos: SELECT * FROM wp_regalos_queue WHERE correo_destinatario='vesip92563@bnovel.com' AND pagado=1 AND asociado=0 AND id_usuario_asociado IS NULL ORDER BY id DESC
2023-11-09T20:23:26+00:00 INFO resultado consulta: []
2023-11-09T20:29:22+00:00 INFO asociacion regalo: entra
2023-11-09T20:29:22+00:00 INFO Query tabla regalos: SELECT * FROM wp_regalos_queue WHERE correo_destinatario='vesip92563@bnovel.com' AND pagado=1 AND asociado=0 AND id_usuario_asociado IS NULL ORDER BY id DESC
2023-11-09T20:29:22+00:00 INFO resultado consulta: []
2023-11-09T20:29:29+00:00 INFO asociacion regalo: entra
2023-11-09T20:29:29+00:00 INFO Query tabla regalos: SELECT * FROM wp_regalos_queue WHERE correo_destinatario='vesip92563@bnovel.com' AND pagado=1 AND asociado=0 AND id_usuario_asociado IS NULL ORDER BY id DESC
2023-11-09T20:29:29+00:00 INFO resultado consulta: []
2023-11-09T20:30:06+00:00 INFO asociacion regalo: entra
2023-11-09T20:30:06+00:00 INFO Query tabla regalos: SELECT * FROM wp_regalos_queue WHERE correo_destinatario='capu.sbpfg99@luhec.com' AND pagado=1 AND asociado=0 AND id_usuario_asociado IS NULL ORDER BY id DESC
2023-11-09T20:30:06+00:00 INFO resultado consulta: []
2023-11-09T20:31:16+00:00 INFO asociacion regalo: entra
2023-11-09T20:31:16+00:00 INFO Query tabla regalos: SELECT * FROM wp_regalos_queue WHERE correo_destinatario='capu.sbpfg99@luhec.com' AND pagado=1 AND asociado=0 AND id_usuario_asociado IS NULL ORDER BY id DESC
2023-11-09T20:31:16+00:00 INFO resultado consulta: []
2023-11-09T20:33:37+00:00 INFO asociacion regalo: entra
2023-11-09T20:33:37+00:00 INFO Query tabla regalos: SELECT * FROM wp_regalos_queue WHERE correo_destinatario='yhar.rhyhf75@cikue.com' AND pagado=1 AND asociado=0 AND id_usuario_asociado IS NULL ORDER BY id DESC
2023-11-09T20:33:37+00:00 INFO resultado consulta: []
2023-11-09T20:34:37+00:00 INFO asociacion regalo: entra
2023-11-09T20:34:37+00:00 INFO Query tabla regalos: SELECT * FROM wp_regalos_queue WHERE correo_destinatario='yhar.rhyhf75@cikue.com' AND pagado=1 AND asociado=0 AND id_usuario_asociado IS NULL ORDER BY id DESC
2023-11-09T20:34:37+00:00 INFO resultado consulta: []
2023-11-09T20:35:25+00:00 INFO asociacion regalo: entra
2023-11-09T20:35:25+00:00 INFO Query tabla regalos: SELECT * FROM wp_regalos_queue WHERE correo_destinatario='biyiron882@apxby.com' AND pagado=1 AND asociado=0 AND id_usuario_asociado IS NULL ORDER BY id DESC
2023-11-09T20:35:25+00:00 INFO resultado consulta: []
2023-11-09T21:34:55+00:00 INFO asociacion regalo: entra
2023-11-09T21:34:55+00:00 INFO Query tabla regalos: SELECT * FROM wp_regalos_queue WHERE correo_destinatario='tiprueba20@gmail.com' AND pagado=1 AND asociado=0 AND id_usuario_asociado IS NULL ORDER BY id DESC
2023-11-09T21:34:55+00:00 INFO resultado consulta: []
2023-11-09T22:23:50+00:00 INFO asociacion regalo: entra
2023-11-09T22:23:50+00:00 INFO Query tabla regalos: SELECT * FROM wp_regalos_queue WHERE correo_destinatario='biyiron882@apxby.com' AND pagado=1 AND asociado=0 AND id_usuario_asociado IS NULL ORDER BY id DESC
2023-11-09T22:23:50+00:00 INFO resultado consulta: []
2023-11-09T22:24:35+00:00 INFO asociacion regalo: entra
2023-11-09T22:24:35+00:00 INFO Query tabla regalos: SELECT * FROM wp_regalos_queue WHERE correo_destinatario='biyiron882@apxby.com' AND pagado=1 AND asociado=0 AND id_usuario_asociado IS NULL ORDER BY id DESC
2023-11-09T22:24:35+00:00 INFO resultado consulta: []
