2023-11-06T14:11:40+00:00 INFO nuevo usuario:
{
    "first_name": "TIPRUEBA",
    "last_name": "TI20",
    "company": "TIPRUEBA TI20",
    "email": "tiprueba20@gmail.com",
    "00Nf400000TUbiN": "989338407",
    "00N2S000007Bt0I": 1,
    "00Nf400000TUZxy": "f077",
    "00Nf400000TUZy9": "82",
    "00Nf400000TUZyL": "s751",
    "recordType": "0122S000000DLhf",
    "00N2S000007S7ro": "06\/11\/2023",
    "lead_source": "Web to Lead",
    "oid": "00D3I0000008lXO"
}
2023-11-06T14:19:09+00:00 INFO actualiza usuario:
{
    "first_name": "Katyta",
    "last_name": "Pruebita TI20",
    "email": "tiprueba20@gmail.com",
    "company": "TIPRUEBA TI20",
    "00Nf400000TUbiN": "989338407",
    "00Nf400000TUZxw": "",
    "00N2S000006lwOz": "4",
    "00Nf400000TUZxq": "989338407",
    "00N2S000006lxYR": "",
    "00N2S000006lxYW": "",
    "country": "AS",
    "city": "Rumania",
    "state": "Samoa",
    "00Nf400000TUZxy": "f078",
    "00Nf400000TUZy9": "82",
    "00Nf400000TUZyL": "s751",
    "recordType": "0122S000000DLhf",
    "lead_source": "Web to Lead",
    "00N2S000007RuM4": "",
    "00N2S000007RuME": "",
    "00N2S000007RuMT": "",
    "00N2S000007RuMP": "",
    "oid": "00D3I0000008lXO"
}
2023-11-06T14:22:22+00:00 INFO actualiza usuario:
{
    "first_name": "Katyta",
    "last_name": "Pruebita TI20",
    "email": "tiprueba20@gmail.com",
    "company": "TIPRUEBA TI20",
    "00Nf400000TUbiN": "989338407",
    "00Nf400000TUZxw": "",
    "00N2S000006lwOz": "7",
    "00Nf400000TUZxq": "989338407555",
    "00N2S000006lxYR": "",
    "00N2S000006lxYW": "",
    "country": "AS",
    "city": "Rumania",
    "state": "Samoa",
    "00Nf400000TUZxy": "f078",
    "00Nf400000TUZy9": "82",
    "00Nf400000TUZyL": "s751",
    "recordType": "0122S000000DLhf",
    "lead_source": "Web to Lead",
    "00N2S000007RuM4": "",
    "00N2S000007RuME": "",
    "00N2S000007RuMT": "",
    "00N2S000007RuMP": "",
    "oid": "00D3I0000008lXO"
}
2023-11-06T14:25:10+00:00 INFO nuevo usuario:
{
    "first_name": "Cesar Aurelio",
    "last_name": "Alfaro Estela",
    "company": "Cesar Aurelio Alfaro Estela",
    "email": "calfaro@isil.pe",
    "00Nf400000TUbiN": "",
    "00N2S000007Bt0I": 1,
    "00Nf400000TUZxy": "f077",
    "00Nf400000TUZy9": "82",
    "00Nf400000TUZyL": "s751",
    "recordType": "0122S000000DLhf",
    "00N2S000007S7ro": "06\/11\/2023",
    "lead_source": "Web to Lead",
    "oid": "00D3I0000008lXO"
}
2023-11-06T14:25:50+00:00 INFO nuevo usuario:
{
    "first_name": "Cesar Aurelio",
    "last_name": "Alfaro Estela",
    "company": "Cesar Aurelio Alfaro Estela",
    "email": "calfaro@isil.pe",
    "00Nf400000TUbiN": "",
    "00N2S000007Bt0I": 1,
    "00Nf400000TUZxy": "f077",
    "00Nf400000TUZy9": "82",
    "00Nf400000TUZyL": "s751",
    "recordType": "0122S000000DLhf",
    "00N2S000007S7ro": "06\/11\/2023",
    "lead_source": "Web to Lead",
    "oid": "00D3I0000008lXO"
}
2023-11-06T14:26:04+00:00 INFO nuevo usuario:
{
    "first_name": "Cesar Aurelio",
    "last_name": "Alfaro Estela",
    "company": "Cesar Aurelio Alfaro Estela",
    "email": "calfaro@isil.pe",
    "00Nf400000TUbiN": "",
    "00N2S000007Bt0I": 1,
    "00Nf400000TUZxy": "f077",
    "00Nf400000TUZy9": "82",
    "00Nf400000TUZyL": "s751",
    "recordType": "0122S000000DLhf",
    "00N2S000007S7ro": "06\/11\/2023",
    "lead_source": "Web to Lead",
    "oid": "00D3I0000008lXO"
}
2023-11-06T14:27:28+00:00 INFO nuevo usuario:
{
    "first_name": "Cesar Aurelio",
    "last_name": "Alfaro Estela",
    "company": "Cesar Aurelio Alfaro Estela",
    "email": "calfaro@isil.pe",
    "00Nf400000TUbiN": "",
    "00N2S000007Bt0I": 1,
    "00Nf400000TUZxy": "f077",
    "00Nf400000TUZy9": "82",
    "00Nf400000TUZyL": "s751",
    "recordType": "0122S000000DLhf",
    "00N2S000007S7ro": "06\/11\/2023",
    "lead_source": "Web to Lead",
    "oid": "00D3I0000008lXO"
}
2023-11-06T14:28:41+00:00 INFO nuevo usuario:
{
    "first_name": "Cesar Aurelio",
    "last_name": "Alfaro Estela",
    "company": "Cesar Aurelio Alfaro Estela",
    "email": "calfaro@isil.pe",
    "00Nf400000TUbiN": "",
    "00N2S000007Bt0I": 1,
    "00Nf400000TUZxy": "f077",
    "00Nf400000TUZy9": "82",
    "00Nf400000TUZyL": "s751",
    "recordType": "0122S000000DLhf",
    "00N2S000007S7ro": "06\/11\/2023",
    "lead_source": "Web to Lead",
    "oid": "00D3I0000008lXO"
}
2023-11-06T14:31:27+00:00 INFO nuevo usuario:
{
    "first_name": "Cesar Aurelio",
    "last_name": "Alfaro Estela",
    "company": "Cesar Aurelio Alfaro Estela",
    "email": "calfaro@isil.pe",
    "00Nf400000TUbiN": "",
    "00N2S000007Bt0I": 1,
    "00Nf400000TUZxy": "f077",
    "00Nf400000TUZy9": "82",
    "00Nf400000TUZyL": "s751",
    "recordType": "0122S000000DLhf",
    "00N2S000007S7ro": "06\/11\/2023",
    "lead_source": "Web to Lead",
    "oid": "00D3I0000008lXO"
}
2023-11-06T14:31:38+00:00 INFO nuevo usuario:
{
    "first_name": "Cesar Aurelio",
    "last_name": "Alfaro Estela",
    "company": "Cesar Aurelio Alfaro Estela",
    "email": "calfaro@isil.pe",
    "00Nf400000TUbiN": "",
    "00N2S000007Bt0I": 1,
    "00Nf400000TUZxy": "f077",
    "00Nf400000TUZy9": "82",
    "00Nf400000TUZyL": "s751",
    "recordType": "0122S000000DLhf",
    "00N2S000007S7ro": "06\/11\/2023",
    "lead_source": "Web to Lead",
    "oid": "00D3I0000008lXO"
}
2023-11-06T14:31:48+00:00 INFO nuevo usuario:
{
    "first_name": "Cesar Aurelio",
    "last_name": "Alfaro Estela",
    "company": "Cesar Aurelio Alfaro Estela",
    "email": "calfaro@isil.pe",
    "00Nf400000TUbiN": "",
    "00N2S000007Bt0I": 1,
    "00Nf400000TUZxy": "f077",
    "00Nf400000TUZy9": "82",
    "00Nf400000TUZyL": "s751",
    "recordType": "0122S000000DLhf",
    "00N2S000007S7ro": "06\/11\/2023",
    "lead_source": "Web to Lead",
    "oid": "00D3I0000008lXO"
}
2023-11-06T14:32:23+00:00 INFO nuevo usuario:
{
    "first_name": "TIPRUEBA",
    "last_name": "TI20",
    "company": "TIPRUEBA TI20",
    "email": "tiprueba20@gmail.com",
    "00Nf400000TUbiN": "989338407",
    "00N2S000007Bt0I": 1,
    "00Nf400000TUZxy": "f077",
    "00Nf400000TUZy9": "82",
    "00Nf400000TUZyL": "s751",
    "recordType": "0122S000000DLhf",
    "00N2S000007S7ro": "06\/11\/2023",
    "lead_source": "Web to Lead",
    "oid": "00D3I0000008lXO"
}
2023-11-06T14:33:04+00:00 INFO actualiza usuario:
{
    "first_name": "Katyta",
    "last_name": "Pruebita TI20",
    "email": "tiprueba20@gmail.com",
    "company": "TIPRUEBA TI20",
    "00Nf400000TUbiN": "989338407",
    "00Nf400000TUZxw": "",
    "00N2S000006lwOz": "7",
    "00Nf400000TUZxq": "989338407555",
    "00N2S000006lxYR": "",
    "00N2S000006lxYW": "",
    "country": "AS",
    "city": "Rumania",
    "state": "Samoa",
    "00Nf400000TUZxy": "f078",
    "00Nf400000TUZy9": "82",
    "00Nf400000TUZyL": "s751",
    "recordType": "0122S000000DLhf",
    "lead_source": "Web to Lead",
    "00N2S000007RuM4": "",
    "00N2S000007RuME": "",
    "00N2S000007RuMT": "",
    "00N2S000007RuMP": "",
    "oid": "00D3I0000008lXO"
}
2023-11-06T14:33:04+00:00 INFO actualiza usuario:
{
    "first_name": "TIPRUEBA",
    "last_name": "TI20",
    "email": "tiprueba20@gmail.com",
    "company": "TIPRUEBA TI20",
    "00Nf400000TUbiN": "989338407",
    "00Nf400000TUZxw": "",
    "00N2S000006lwOz": "7",
    "00Nf400000TUZxq": "989338407555",
    "00N2S000006lxYR": "",
    "00N2S000006lxYW": "",
    "country": "AS",
    "city": "Rumania",
    "state": "Samoa",
    "00Nf400000TUZxy": "f078",
    "00Nf400000TUZy9": "82",
    "00Nf400000TUZyL": "s751",
    "recordType": "0122S000000DLhf",
    "lead_source": "Web to Lead",
    "00N2S000007RuM4": "",
    "00N2S000007RuME": "",
    "00N2S000007RuMT": "",
    "00N2S000007RuMP": "",
    "oid": "00D3I0000008lXO"
}
2023-11-06T14:33:04+00:00 INFO actualiza usuario:
{
    "first_name": "TIPRUEBA",
    "last_name": "TI20",
    "email": "tiprueba20@gmail.com",
    "company": "TIPRUEBA TI20",
    "00Nf400000TUbiN": "989338407",
    "00Nf400000TUZxw": "14\/11\/2023",
    "00N2S000006lwOz": "7",
    "00Nf400000TUZxq": "989338407555",
    "00N2S000006lxYR": "T\u00e9cnico incompleto",
    "00N2S000006lxYW": "Trabajo independiente",
    "country": "AS",
    "city": "Rumania",
    "state": "Samoa",
    "00Nf400000TUZxy": "f078",
    "00Nf400000TUZy9": "82",
    "00Nf400000TUZyL": "s751",
    "recordType": "0122S000000DLhf",
    "lead_source": "Web to Lead",
    "00N2S000007RuM4": "Habilidades blandas",
    "00N2S000007RuME": "Gesti\u00f3n de negocios globales",
    "00N2S000007RuMT": "Fotograf\u00eda y Video",
    "00N2S000007RuMP": "Gesti\u00f3n de Moda",
    "oid": "00D3I0000008lXO"
}
2023-11-06T14:33:46+00:00 INFO nuevo usuario:
{
    "first_name": "TIPRUEBA",
    "last_name": "TI20",
    "company": "TIPRUEBA TI20",
    "email": "tiprueba20@gmail.com",
    "00Nf400000TUbiN": "989338407",
    "00N2S000007Bt0I": 1,
    "00Nf400000TUZxy": "f077",
    "00Nf400000TUZy9": "82",
    "00Nf400000TUZyL": "s751",
    "recordType": "0122S000000DLhf",
    "00N2S000007S7ro": "06\/11\/2023",
    "lead_source": "Web to Lead",
    "oid": "00D3I0000008lXO"
}
2023-11-06T14:36:51+00:00 INFO nuevo usuario:
{
    "first_name": "Katia Elizabeth",
    "last_name": "Garvich San Martin",
    "company": "Katia Elizabeth Garvich San Martin",
    "email": "kgarvich@isil.pe",
    "00Nf400000TUbiN": "",
    "00N2S000007Bt0I": 1,
    "00Nf400000TUZxy": "f077",
    "00Nf400000TUZy9": "82",
    "00Nf400000TUZyL": "s751",
    "recordType": "0122S000000DLhf",
    "00N2S000007S7ro": "06\/11\/2023",
    "lead_source": "Web to Lead",
    "oid": "00D3I0000008lXO"
}
2023-11-06T14:45:16+00:00 INFO nuevo usuario:
{
    "first_name": "TIPRUEBA",
    "last_name": "TI20",
    "company": "TIPRUEBA TI20",
    "email": "tiprueba20@gmail.com",
    "00Nf400000TUbiN": "989338407",
    "00N2S000007Bt0I": 1,
    "00Nf400000TUZxy": "f077",
    "00Nf400000TUZy9": "82",
    "00Nf400000TUZyL": "s751",
    "recordType": "0122S000000DLhf",
    "00N2S000007S7ro": "06\/11\/2023",
    "lead_source": "Web to Lead",
    "oid": "00D3I0000008lXO"
}
2023-11-06T14:50:30+00:00 INFO actualiza usuario:
{
    "first_name": "TIPRUEBA",
    "last_name": "TI20",
    "email": "tiprueba20@gmail.com",
    "company": "TIPRUEBA TI20",
    "00Nf400000TUbiN": "989338407",
    "00Nf400000TUZxw": "",
    "00N2S000006lwOz": "7",
    "00Nf400000TUZxq": "989338407555",
    "00N2S000006lxYR": "",
    "00N2S000006lxYW": "",
    "country": "AS",
    "city": "Rumania",
    "state": "Samoa",
    "00Nf400000TUZxy": "f078",
    "00Nf400000TUZy9": "82",
    "00Nf400000TUZyL": "s751",
    "recordType": "0122S000000DLhf",
    "lead_source": "Web to Lead",
    "00N2S000007RuM4": "",
    "00N2S000007RuME": "",
    "00N2S000007RuMT": "",
    "00N2S000007RuMP": "",
    "oid": "00D3I0000008lXO"
}
2023-11-06T15:01:01+00:00 INFO nuevo usuario:
{
    "first_name": "ALFARO",
    "last_name": "ESTELA",
    "company": "ALFARO ESTELA",
    "email": "calfaroest@gmail.com",
    "00Nf400000TUbiN": "997665221",
    "00N2S000007Bt0I": 1,
    "00Nf400000TUZxy": "f077",
    "00Nf400000TUZy9": "82",
    "00Nf400000TUZyL": "s751",
    "recordType": "0122S000000DLhf",
    "00N2S000007S7ro": "06\/11\/2023",
    "lead_source": "Web to Lead",
    "oid": "00D3I0000008lXO"
}
2023-11-06T15:14:21+00:00 INFO actualiza usuario:
{
    "first_name": "cesar",
    "last_name": "alfaro",
    "email": "calfaroest@gmail.com",
    "company": "",
    "00Nf400000TUbiN": "997665221",
    "00Nf400000TUZxw": "",
    "00N2S000006lwOz": "1",
    "00Nf400000TUZxq": "44000413",
    "00N2S000006lxYR": "",
    "00N2S000006lxYW": "",
    "country": "PE",
    "city": "Lima",
    "state": "LIM",
    "00Nf400000TUZxy": "f078",
    "00Nf400000TUZy9": "82",
    "00Nf400000TUZyL": "s751",
    "recordType": "0122S000000DLhf",
    "lead_source": "Web to Lead",
    "00N2S000007RuM4": "",
    "00N2S000007RuME": "",
    "00N2S000007RuMT": "",
    "00N2S000007RuMP": "",
    "oid": "00D3I0000008lXO"
}
2023-11-06T15:22:23+00:00 INFO actualiza usuario:
{
    "first_name": "cesar",
    "last_name": "alfaro",
    "email": "calfaroest@gmail.com",
    "company": "",
    "00Nf400000TUbiN": "997665221",
    "00Nf400000TUZxw": "",
    "00N2S000006lwOz": "1",
    "00Nf400000TUZxq": "44000413",
    "00N2S000006lxYR": "",
    "00N2S000006lxYW": "",
    "country": "PE",
    "city": "Lima",
    "state": "LIM",
    "00Nf400000TUZxy": "f078",
    "00Nf400000TUZy9": "82",
    "00Nf400000TUZyL": "s751",
    "recordType": "0122S000000DLhf",
    "lead_source": "Web to Lead",
    "00N2S000007RuM4": "",
    "00N2S000007RuME": "",
    "00N2S000007RuMT": "",
    "00N2S000007RuMP": "",
    "oid": "00D3I0000008lXO"
}
2023-11-06T15:33:44+00:00 INFO nuevo usuario:
{
    "first_name": "VIERNES DOS PRUEBAa",
    "last_name": "veintidos DEL NUEVE",
    "company": "VIERNES DOS PRUEBAa veintidos DEL NUEVE",
    "email": "biyiron882@apxby.com",
    "00Nf400000TUbiN": "968696501",
    "00N2S000007Bt0I": 1,
    "00Nf400000TUZxy": "f077",
    "00Nf400000TUZy9": "82",
    "00Nf400000TUZyL": "s751",
    "recordType": "0122S000000DLhf",
    "00N2S000007S7ro": "06\/11\/2023",
    "lead_source": "Web to Lead",
    "oid": "00D3I0000008lXO"
}
2023-11-06T15:40:05+00:00 INFO nuevo usuario:
{
    "first_name": "VIERNES DOS PRUEBAa",
    "last_name": "veintidos DEL NUEVE",
    "company": "VIERNES DOS PRUEBAa veintidos DEL NUEVE",
    "email": "biyiron882@apxby.com",
    "00Nf400000TUbiN": "968696501",
    "00N2S000007Bt0I": 1,
    "00Nf400000TUZxy": "f077",
    "00Nf400000TUZy9": "82",
    "00Nf400000TUZyL": "s751",
    "recordType": "0122S000000DLhf",
    "00N2S000007S7ro": "06\/11\/2023",
    "lead_source": "Web to Lead",
    "oid": "00D3I0000008lXO"
}
2023-11-06T15:40:22+00:00 INFO nuevo usuario:
{
    "first_name": "VIERNES DOS PRUEBAa",
    "last_name": "veintidos DEL NUEVE",
    "company": "VIERNES DOS PRUEBAa veintidos DEL NUEVE",
    "email": "biyiron882@apxby.com",
    "00Nf400000TUbiN": "968696501",
    "00N2S000007Bt0I": 1,
    "00Nf400000TUZxy": "f077",
    "00Nf400000TUZy9": "82",
    "00Nf400000TUZyL": "s751",
    "recordType": "0122S000000DLhf",
    "00N2S000007S7ro": "06\/11\/2023",
    "lead_source": "Web to Lead",
    "oid": "00D3I0000008lXO"
}
2023-11-06T15:40:31+00:00 INFO nuevo usuario:
{
    "first_name": "VIERNES DOS PRUEBAa",
    "last_name": "veintidos DEL NUEVE",
    "company": "VIERNES DOS PRUEBAa veintidos DEL NUEVE",
    "email": "biyiron882@apxby.com",
    "00Nf400000TUbiN": "968696501",
    "00N2S000007Bt0I": 1,
    "00Nf400000TUZxy": "f077",
    "00Nf400000TUZy9": "82",
    "00Nf400000TUZyL": "s751",
    "recordType": "0122S000000DLhf",
    "00N2S000007S7ro": "06\/11\/2023",
    "lead_source": "Web to Lead",
    "oid": "00D3I0000008lXO"
}
2023-11-06T15:41:23+00:00 INFO nuevo usuario:
{
    "first_name": "LUNES DOS",
    "last_name": "VEINTICINCO DE SEPTIEMBRE",
    "company": "LUNES DOS VEINTICINCO DE SEPTIEMBRE",
    "email": "vesip92563@bnovel.com",
    "00Nf400000TUbiN": "968696502",
    "00N2S000007Bt0I": 1,
    "00Nf400000TUZxy": "f077",
    "00Nf400000TUZy9": "82",
    "00Nf400000TUZyL": "s751",
    "recordType": "0122S000000DLhf",
    "00N2S000007S7ro": "06\/11\/2023",
    "lead_source": "Web to Lead",
    "oid": "00D3I0000008lXO"
}
2023-11-06T15:42:05+00:00 INFO nuevo usuario:
{
    "first_name": "VIERNES DOS PRUEBAa",
    "last_name": "veintidos DEL NUEVE",
    "company": "VIERNES DOS PRUEBAa veintidos DEL NUEVE",
    "email": "biyiron882@apxby.com",
    "00Nf400000TUbiN": "968696501",
    "00N2S000007Bt0I": 1,
    "00Nf400000TUZxy": "f077",
    "00Nf400000TUZy9": "82",
    "00Nf400000TUZyL": "s751",
    "recordType": "0122S000000DLhf",
    "00N2S000007S7ro": "06\/11\/2023",
    "lead_source": "Web to Lead",
    "oid": "00D3I0000008lXO"
}
2023-11-06T15:43:23+00:00 INFO nuevo usuario:
{
    "first_name": "LUNES DOS",
    "last_name": "VEINTICINCO DE SEPTIEMBRE",
    "company": "LUNES DOS VEINTICINCO DE SEPTIEMBRE",
    "email": "vesip92563@bnovel.com",
    "00Nf400000TUbiN": "968696502",
    "00N2S000007Bt0I": 1,
    "00Nf400000TUZxy": "f077",
    "00Nf400000TUZy9": "82",
    "00Nf400000TUZyL": "s751",
    "recordType": "0122S000000DLhf",
    "00N2S000007S7ro": "06\/11\/2023",
    "lead_source": "Web to Lead",
    "oid": "00D3I0000008lXO"
}
2023-11-06T15:45:01+00:00 INFO nuevo usuario:
{
    "first_name": "VIERNES DOS PRUEBAa",
    "last_name": "veintidos DEL NUEVE",
    "company": "VIERNES DOS PRUEBAa veintidos DEL NUEVE",
    "email": "biyiron882@apxby.com",
    "00Nf400000TUbiN": "968696501",
    "00N2S000007Bt0I": 1,
    "00Nf400000TUZxy": "f077",
    "00Nf400000TUZy9": "82",
    "00Nf400000TUZyL": "s751",
    "recordType": "0122S000000DLhf",
    "00N2S000007S7ro": "06\/11\/2023",
    "lead_source": "Web to Lead",
    "oid": "00D3I0000008lXO"
}
2023-11-06T15:49:15+00:00 INFO nuevo usuario:
{
    "first_name": "VIERNES DOS PRUEBAa",
    "last_name": "veintidos DEL NUEVE",
    "company": "VIERNES DOS PRUEBAa veintidos DEL NUEVE",
    "email": "biyiron882@apxby.com",
    "00Nf400000TUbiN": "968696501",
    "00N2S000007Bt0I": 1,
    "00Nf400000TUZxy": "f077",
    "00Nf400000TUZy9": "82",
    "00Nf400000TUZyL": "s751",
    "recordType": "0122S000000DLhf",
    "00N2S000007S7ro": "06\/11\/2023",
    "lead_source": "Web to Lead",
    "oid": "00D3I0000008lXO"
}
2023-11-06T15:58:53+00:00 INFO nuevo usuario:
{
    "first_name": "VIERNES DOS PRUEBAa",
    "last_name": "veintidos DEL NUEVE",
    "company": "VIERNES DOS PRUEBAa veintidos DEL NUEVE",
    "email": "biyiron882@apxby.com",
    "00Nf400000TUbiN": "968696501",
    "00N2S000007Bt0I": 1,
    "00Nf400000TUZxy": "f077",
    "00Nf400000TUZy9": "82",
    "00Nf400000TUZyL": "s751",
    "recordType": "0122S000000DLhf",
    "00N2S000007S7ro": "06\/11\/2023",
    "lead_source": "Web to Lead",
    "oid": "00D3I0000008lXO"
}
2023-11-06T16:04:02+00:00 INFO actualiza usuario:
{
    "first_name": "Katysita",
    "last_name": "TIPRUEBA",
    "email": "tiprueba20@gmail.com",
    "company": "TIPRUEBA TI20",
    "00Nf400000TUbiN": "989338407",
    "00Nf400000TUZxw": "",
    "00N2S000006lwOz": "4",
    "00Nf400000TUZxq": "989338407",
    "00N2S000006lxYR": "",
    "00N2S000006lxYW": "",
    "country": "AS",
    "city": "Rumania",
    "state": "Samoa",
    "00Nf400000TUZxy": "f078",
    "00Nf400000TUZy9": "82",
    "00Nf400000TUZyL": "s751",
    "recordType": "0122S000000DLhf",
    "lead_source": "Web to Lead",
    "00N2S000007RuM4": "",
    "00N2S000007RuME": "",
    "00N2S000007RuMT": "",
    "00N2S000007RuMP": "",
    "oid": "00D3I0000008lXO"
}
2023-11-06T16:19:20+00:00 INFO actualiza usuario:
{
    "first_name": "cesar",
    "last_name": "alfaro",
    "email": "calfaroest@gmail.com",
    "company": "",
    "00Nf400000TUbiN": "997665221",
    "00Nf400000TUZxw": "",
    "00N2S000006lwOz": "1",
    "00Nf400000TUZxq": "44000413",
    "00N2S000006lxYR": "",
    "00N2S000006lxYW": "",
    "country": "PE",
    "city": "Lima",
    "state": "LIM",
    "00Nf400000TUZxy": "f078",
    "00Nf400000TUZy9": "82",
    "00Nf400000TUZyL": "s751",
    "recordType": "0122S000000DLhf",
    "lead_source": "Web to Lead",
    "00N2S000007RuM4": "",
    "00N2S000007RuME": "",
    "00N2S000007RuMT": "",
    "00N2S000007RuMP": "",
    "oid": "00D3I0000008lXO"
}
2023-11-06T17:37:36+00:00 INFO nuevo usuario:
{
    "first_name": "VIERNES DOS PRUEBAa",
    "last_name": "veintidos DEL NUEVE",
    "company": "VIERNES DOS PRUEBAa veintidos DEL NUEVE",
    "email": "biyiron882@apxby.com",
    "00Nf400000TUbiN": "968696501",
    "00N2S000007Bt0I": 1,
    "00Nf400000TUZxy": "f077",
    "00Nf400000TUZy9": "82",
    "00Nf400000TUZyL": "s751",
    "recordType": "0122S000000DLhf",
    "00N2S000007S7ro": "06\/11\/2023",
    "lead_source": "Web to Lead",
    "oid": "00D3I0000008lXO"
}
2023-11-06T18:00:41+00:00 INFO nuevo usuario:
{
    "first_name": "VIERNES DOS PRUEBAa",
    "last_name": "veintidos DEL NUEVE",
    "company": "VIERNES DOS PRUEBAa veintidos DEL NUEVE",
    "email": "biyiron882@apxby.com",
    "00Nf400000TUbiN": "968696501",
    "00N2S000007Bt0I": 1,
    "00Nf400000TUZxy": "f077",
    "00Nf400000TUZy9": "82",
    "00Nf400000TUZyL": "s751",
    "recordType": "0122S000000DLhf",
    "00N2S000007S7ro": "06\/11\/2023",
    "lead_source": "Web to Lead",
    "oid": "00D3I0000008lXO"
}
2023-11-06T18:02:00+00:00 INFO actualiza usuario:
{
    "first_name": "VIERNES DOS PRUEBAa",
    "last_name": "veintidos DEL NUEVE",
    "email": "biyiron882@apxby.com",
    "company": "VIERNES DOS PRUEBAa veintidos DEL NUEVE",
    "00Nf400000TUbiN": "968696501",
    "00Nf400000TUZxw": "",
    "00N2S000006lwOz": "1",
    "00Nf400000TUZxq": "12568945",
    "00N2S000006lxYR": "",
    "00N2S000006lxYW": "",
    "country": "PE",
    "city": "Chiclayo",
    "state": "LAM",
    "00Nf400000TUZxy": "f078",
    "00Nf400000TUZy9": "82",
    "00Nf400000TUZyL": "s751",
    "recordType": "0122S000000DLhf",
    "lead_source": "Web to Lead",
    "00N2S000007RuM4": "",
    "00N2S000007RuME": "",
    "00N2S000007RuMT": "",
    "00N2S000007RuMP": "",
    "oid": "00D3I0000008lXO"
}
2023-11-06T18:16:34+00:00 INFO nuevo usuario:
{
    "first_name": "VIERNES DOS PRUEBAa",
    "last_name": "veintidos DEL NUEVE",
    "company": "VIERNES DOS PRUEBAa veintidos DEL NUEVE",
    "email": "biyiron882@apxby.com",
    "00Nf400000TUbiN": "968696501",
    "00N2S000007Bt0I": 1,
    "00Nf400000TUZxy": "f077",
    "00Nf400000TUZy9": "82",
    "00Nf400000TUZyL": "s751",
    "recordType": "0122S000000DLhf",
    "00N2S000007S7ro": "06\/11\/2023",
    "lead_source": "Web to Lead",
    "oid": "00D3I0000008lXO"
}
2023-11-06T18:37:54+00:00 INFO nuevo usuario:
{
    "first_name": "ALFARO",
    "last_name": "ESTELA",
    "company": "ALFARO ESTELA",
    "email": "calfaroest@gmail.com",
    "00Nf400000TUbiN": "997665221",
    "00N2S000007Bt0I": 1,
    "00Nf400000TUZxy": "f077",
    "00Nf400000TUZy9": "82",
    "00Nf400000TUZyL": "s751",
    "recordType": "0122S000000DLhf",
    "00N2S000007S7ro": "06\/11\/2023",
    "lead_source": "Web to Lead",
    "oid": "00D3I0000008lXO"
}
2023-11-06T19:11:48+00:00 INFO nuevo usuario:
{
    "first_name": "CARLOS",
    "last_name": "BLONDET",
    "company": "CARLOS BLONDET",
    "email": "cblondet@isil.pe",
    "00Nf400000TUbiN": "999999999",
    "00N2S000007Bt0I": 1,
    "00Nf400000TUZxy": "f077",
    "00Nf400000TUZy9": "82",
    "00Nf400000TUZyL": "s751",
    "recordType": "0122S000000DLhf",
    "00N2S000007S7ro": "06\/11\/2023",
    "lead_source": "Web to Lead",
    "oid": "00D3I0000008lXO"
}
2023-11-06T19:12:07+00:00 INFO nuevo usuario:
{
    "first_name": "CARLOS",
    "last_name": "BLONDET",
    "company": "CARLOS BLONDET",
    "email": "cblondet@isil.pe",
    "00Nf400000TUbiN": "999999999",
    "00N2S000007Bt0I": 1,
    "00Nf400000TUZxy": "f077",
    "00Nf400000TUZy9": "82",
    "00Nf400000TUZyL": "s751",
    "recordType": "0122S000000DLhf",
    "00N2S000007S7ro": "06\/11\/2023",
    "lead_source": "Web to Lead",
    "oid": "00D3I0000008lXO"
}
2023-11-06T19:20:52+00:00 INFO nuevo usuario:
{
    "first_name": "Katia Elizabeth",
    "last_name": "Garvich San Martin",
    "company": "Katia Elizabeth Garvich San Martin",
    "email": "kgarvich@isil.pe",
    "00Nf400000TUbiN": "",
    "00N2S000007Bt0I": 1,
    "00Nf400000TUZxy": "f077",
    "00Nf400000TUZy9": "82",
    "00Nf400000TUZyL": "s751",
    "recordType": "0122S000000DLhf",
    "00N2S000007S7ro": "06\/11\/2023",
    "lead_source": "Web to Lead",
    "oid": "00D3I0000008lXO"
}
2023-11-06T19:22:00+00:00 INFO nuevo usuario:
{
    "first_name": "Katia Elizabeth",
    "last_name": "Garvich San Martin",
    "company": "Katia Elizabeth Garvich San Martin",
    "email": "kgarvich@isil.pe",
    "00Nf400000TUbiN": "",
    "00N2S000007Bt0I": 1,
    "00Nf400000TUZxy": "f077",
    "00Nf400000TUZy9": "82",
    "00Nf400000TUZyL": "s751",
    "recordType": "0122S000000DLhf",
    "00N2S000007S7ro": "06\/11\/2023",
    "lead_source": "Web to Lead",
    "oid": "00D3I0000008lXO"
}
2023-11-06T19:25:44+00:00 INFO nuevo usuario:
{
    "first_name": "Cesar Aurelio",
    "last_name": "Alfaro Estela",
    "company": "Cesar Aurelio Alfaro Estela",
    "email": "calfaro@isil.pe",
    "00Nf400000TUbiN": "",
    "00N2S000007Bt0I": 1,
    "00Nf400000TUZxy": "f077",
    "00Nf400000TUZy9": "82",
    "00Nf400000TUZyL": "s751",
    "recordType": "0122S000000DLhf",
    "00N2S000007S7ro": "06\/11\/2023",
    "lead_source": "Web to Lead",
    "oid": "00D3I0000008lXO"
}
2023-11-06T19:25:57+00:00 INFO nuevo usuario:
{
    "first_name": "Cesar Aurelio",
    "last_name": "Alfaro Estela",
    "company": "Cesar Aurelio Alfaro Estela",
    "email": "calfaro@isil.pe",
    "00Nf400000TUbiN": "",
    "00N2S000007Bt0I": 1,
    "00Nf400000TUZxy": "f077",
    "00Nf400000TUZy9": "82",
    "00Nf400000TUZyL": "s751",
    "recordType": "0122S000000DLhf",
    "00N2S000007S7ro": "06\/11\/2023",
    "lead_source": "Web to Lead",
    "oid": "00D3I0000008lXO"
}
2023-11-06T19:36:04+00:00 INFO nuevo usuario:
{
    "first_name": "KATIA ELIZABETH",
    "last_name": "GARVICH SAN MARTIN",
    "company": "KATIA ELIZABETH GARVICH SAN MARTIN",
    "email": "katyae16@hotmail.com",
    "00Nf400000TUbiN": "",
    "00N2S000007Bt0I": 1,
    "00Nf400000TUZxy": "f077",
    "00Nf400000TUZy9": "82",
    "00Nf400000TUZyL": "s751",
    "recordType": "0122S000000DLhf",
    "00N2S000007S7ro": "06\/11\/2023",
    "lead_source": "Web to Lead",
    "oid": "00D3I0000008lXO"
}
2023-11-06T20:07:41+00:00 INFO nuevo usuario:
{
    "first_name": "VIERNES DOS PRUEBAa",
    "last_name": "veintidos DEL NUEVE",
    "company": "VIERNES DOS PRUEBAa veintidos DEL NUEVE",
    "email": "biyiron882@apxby.com",
    "00Nf400000TUbiN": "968696501",
    "00N2S000007Bt0I": 1,
    "00Nf400000TUZxy": "f077",
    "00Nf400000TUZy9": "82",
    "00Nf400000TUZyL": "s751",
    "recordType": "0122S000000DLhf",
    "00N2S000007S7ro": "06\/11\/2023",
    "lead_source": "Web to Lead",
    "oid": "00D3I0000008lXO"
}
2023-11-06T20:10:27+00:00 INFO nuevo usuario:
{
    "first_name": "TIPRUEBA",
    "last_name": "TI20",
    "company": "TIPRUEBA TI20",
    "email": "tiprueba20@gmail.com",
    "00Nf400000TUbiN": "989338407",
    "00N2S000007Bt0I": 1,
    "00Nf400000TUZxy": "f077",
    "00Nf400000TUZy9": "82",
    "00Nf400000TUZyL": "s751",
    "recordType": "0122S000000DLhf",
    "00N2S000007S7ro": "06\/11\/2023",
    "lead_source": "Web to Lead",
    "oid": "00D3I0000008lXO"
}
2023-11-06T20:16:26+00:00 INFO nuevo usuario:
{
    "first_name": "TIPRUEBA",
    "last_name": "TI20",
    "company": "TIPRUEBA TI20",
    "email": "tiprueba20@gmail.com",
    "00Nf400000TUbiN": "989338407",
    "00N2S000007Bt0I": 1,
    "00Nf400000TUZxy": "f077",
    "00Nf400000TUZy9": "82",
    "00Nf400000TUZyL": "s751",
    "recordType": "0122S000000DLhf",
    "00N2S000007S7ro": "06\/11\/2023",
    "lead_source": "Web to Lead",
    "oid": "00D3I0000008lXO"
}
2023-11-06T20:17:31+00:00 INFO actualiza usuario:
{
    "first_name": "Katysita",
    "last_name": "TIPRUEBA",
    "email": "tiprueba20@gmail.com",
    "company": "TIPRUEBA TI20",
    "00Nf400000TUbiN": "989338407",
    "00Nf400000TUZxw": "",
    "00N2S000006lwOz": "4",
    "00Nf400000TUZxq": "989338407",
    "00N2S000006lxYR": "",
    "00N2S000006lxYW": "",
    "country": "AS",
    "city": "Rumania",
    "state": "Samoa",
    "00Nf400000TUZxy": "f078",
    "00Nf400000TUZy9": "82",
    "00Nf400000TUZyL": "s751",
    "recordType": "0122S000000DLhf",
    "lead_source": "Web to Lead",
    "00N2S000007RuM4": "",
    "00N2S000007RuME": "",
    "00N2S000007RuMT": "",
    "00N2S000007RuMP": "",
    "oid": "00D3I0000008lXO"
}
2023-11-06T20:26:45+00:00 INFO nuevo usuario:
{
    "first_name": "TIPRUEBA",
    "last_name": "TI20",
    "company": "TIPRUEBA TI20",
    "email": "tiprueba20@gmail.com",
    "00Nf400000TUbiN": "989338407",
    "00N2S000007Bt0I": 1,
    "00Nf400000TUZxy": "f077",
    "00Nf400000TUZy9": "82",
    "00Nf400000TUZyL": "s751",
    "recordType": "0122S000000DLhf",
    "00N2S000007S7ro": "06\/11\/2023",
    "lead_source": "Web to Lead",
    "oid": "00D3I0000008lXO"
}
2023-11-06T20:27:48+00:00 INFO actualiza usuario:
{
    "first_name": "Katysita",
    "last_name": "TIPRUEBA",
    "email": "tiprueba20@gmail.com",
    "company": "TIPRUEBA TI20",
    "00Nf400000TUbiN": "989338407",
    "00Nf400000TUZxw": "",
    "00N2S000006lwOz": "4",
    "00Nf400000TUZxq": "989338407",
    "00N2S000006lxYR": "",
    "00N2S000006lxYW": "",
    "country": "AS",
    "city": "Rumania",
    "state": "Samoa",
    "00Nf400000TUZxy": "f078",
    "00Nf400000TUZy9": "82",
    "00Nf400000TUZyL": "s751",
    "recordType": "0122S000000DLhf",
    "lead_source": "Web to Lead",
    "00N2S000007RuM4": "",
    "00N2S000007RuME": "",
    "00N2S000007RuMT": "",
    "00N2S000007RuMP": "",
    "oid": "00D3I0000008lXO"
}
2023-11-06T20:28:14+00:00 INFO nuevo usuario:
{
    "first_name": "Manuel",
    "last_name": "Romero",
    "company": "Manuel Romero",
    "email": "dr_hemmerick@hotmail.com",
    "00Nf400000TUbiN": "",
    "00N2S000007Bt0I": 1,
    "00Nf400000TUZxy": "f077",
    "00Nf400000TUZy9": "82",
    "00Nf400000TUZyL": "s751",
    "recordType": "0122S000000DLhf",
    "00N2S000007S7ro": "06\/11\/2023",
    "lead_source": "Web to Lead",
    "oid": "00D3I0000008lXO"
}
2023-11-06T20:44:03+00:00 INFO nuevo usuario:
{
    "first_name": "VIERNES DOS PRUEBAa",
    "last_name": "veintidos DEL NUEVE",
    "company": "VIERNES DOS PRUEBAa veintidos DEL NUEVE",
    "email": "biyiron882@apxby.com",
    "00Nf400000TUbiN": "968696501",
    "00N2S000007Bt0I": 1,
    "00Nf400000TUZxy": "f077",
    "00Nf400000TUZy9": "82",
    "00Nf400000TUZyL": "s751",
    "recordType": "0122S000000DLhf",
    "00N2S000007S7ro": "06\/11\/2023",
    "lead_source": "Web to Lead",
    "oid": "00D3I0000008lXO"
}
2023-11-06T21:46:28+00:00 INFO nuevo usuario:
{
    "first_name": "Cesar Aurelio",
    "last_name": "Alfaro Estela",
    "company": "Cesar Aurelio Alfaro Estela",
    "email": "calfaro@isil.pe",
    "00Nf400000TUbiN": "",
    "00N2S000007Bt0I": 1,
    "00Nf400000TUZxy": "f077",
    "00Nf400000TUZy9": "82",
    "00Nf400000TUZyL": "s751",
    "recordType": "0122S000000DLhf",
    "00N2S000007S7ro": "06\/11\/2023",
    "lead_source": "Web to Lead",
    "oid": "00D3I0000008lXO"
}
2023-11-06T21:54:14+00:00 INFO nuevo usuario:
{
    "first_name": "TIPRUEBA",
    "last_name": "TI20",
    "company": "TIPRUEBA TI20",
    "email": "tiprueba20@gmail.com",
    "00Nf400000TUbiN": "989338407",
    "00N2S000007Bt0I": 1,
    "00Nf400000TUZxy": "f077",
    "00Nf400000TUZy9": "82",
    "00Nf400000TUZyL": "s751",
    "recordType": "0122S000000DLhf",
    "00N2S000007S7ro": "06\/11\/2023",
    "lead_source": "Web to Lead",
    "oid": "00D3I0000008lXO"
}
2023-11-06T21:55:41+00:00 INFO actualiza usuario:
{
    "first_name": "Katysita",
    "last_name": "TIPRUEBA",
    "email": "tiprueba20@gmail.com",
    "company": "TIPRUEBA TI20",
    "00Nf400000TUbiN": "989338407",
    "00Nf400000TUZxw": "",
    "00N2S000006lwOz": "4",
    "00Nf400000TUZxq": "989338407",
    "00N2S000006lxYR": "",
    "00N2S000006lxYW": "",
    "country": "AS",
    "city": "Rumania",
    "state": "Samoa",
    "00Nf400000TUZxy": "f078",
    "00Nf400000TUZy9": "82",
    "00Nf400000TUZyL": "s751",
    "recordType": "0122S000000DLhf",
    "lead_source": "Web to Lead",
    "00N2S000007RuM4": "",
    "00N2S000007RuME": "",
    "00N2S000007RuMT": "",
    "00N2S000007RuMP": "",
    "oid": "00D3I0000008lXO"
}
2023-11-06T22:08:35+00:00 INFO nuevo usuario:
{
    "first_name": "TIPRUEBA",
    "last_name": "TI20",
    "company": "TIPRUEBA TI20",
    "email": "tiprueba20@gmail.com",
    "00Nf400000TUbiN": "989338407",
    "00N2S000007Bt0I": 1,
    "00Nf400000TUZxy": "f077",
    "00Nf400000TUZy9": "82",
    "00Nf400000TUZyL": "s751",
    "recordType": "0122S000000DLhf",
    "00N2S000007S7ro": "06\/11\/2023",
    "lead_source": "Web to Lead",
    "oid": "00D3I0000008lXO"
}
2023-11-06T22:09:45+00:00 INFO actualiza usuario:
{
    "first_name": "Katysita",
    "last_name": "TIPRUEBA",
    "email": "tiprueba20@gmail.com",
    "company": "TIPRUEBA TI20",
    "00Nf400000TUbiN": "989338407",
    "00Nf400000TUZxw": "",
    "00N2S000006lwOz": "4",
    "00Nf400000TUZxq": "989338407",
    "00N2S000006lxYR": "",
    "00N2S000006lxYW": "",
    "country": "AS",
    "city": "Rumania",
    "state": "Samoa",
    "00Nf400000TUZxy": "f078",
    "00Nf400000TUZy9": "82",
    "00Nf400000TUZyL": "s751",
    "recordType": "0122S000000DLhf",
    "lead_source": "Web to Lead",
    "00N2S000007RuM4": "",
    "00N2S000007RuME": "",
    "00N2S000007RuMT": "",
    "00N2S000007RuMP": "",
    "oid": "00D3I0000008lXO"
}
2023-11-06T22:23:14+00:00 INFO nuevo usuario:
{
    "first_name": "Cesar Aurelio",
    "last_name": "Alfaro Estela",
    "company": "Cesar Aurelio Alfaro Estela",
    "email": "calfaro@isil.pe",
    "00Nf400000TUbiN": "",
    "00N2S000007Bt0I": 1,
    "00Nf400000TUZxy": "f077",
    "00Nf400000TUZy9": "82",
    "00Nf400000TUZyL": "s751",
    "recordType": "0122S000000DLhf",
    "00N2S000007S7ro": "06\/11\/2023",
    "lead_source": "Web to Lead",
    "oid": "00D3I0000008lXO"
}
2023-11-06T22:25:30+00:00 INFO actualiza usuario:
{
    "first_name": "Cesar Aurelio",
    "last_name": "Alfaro Estela",
    "email": "calfaro@isil.pe",
    "company": "Cesar Aurelio Alfaro Estela",
    "00Nf400000TUbiN": "",
    "00Nf400000TUZxw": "",
    "00N2S000006lwOz": "1",
    "00Nf400000TUZxq": "44000413",
    "00N2S000006lxYR": "",
    "00N2S000006lxYW": "",
    "country": "PE",
    "city": "Lima",
    "state": "LMA",
    "00Nf400000TUZxy": "f078",
    "00Nf400000TUZy9": "82",
    "00Nf400000TUZyL": "s751",
    "recordType": "0122S000000DLhf",
    "lead_source": "Web to Lead",
    "00N2S000007RuM4": "",
    "00N2S000007RuME": "",
    "00N2S000007RuMT": "",
    "00N2S000007RuMP": "",
    "oid": "00D3I0000008lXO"
}
2023-11-06T22:52:46+00:00 INFO nuevo usuario:
{
    "first_name": "VIERNES DOS PRUEBAa",
    "last_name": "veintidos DEL NUEVE",
    "company": "VIERNES DOS PRUEBAa veintidos DEL NUEVE",
    "email": "biyiron882@apxby.com",
    "00Nf400000TUbiN": "968696501",
    "00N2S000007Bt0I": 1,
    "00Nf400000TUZxy": "f077",
    "00Nf400000TUZy9": "82",
    "00Nf400000TUZyL": "s751",
    "recordType": "0122S000000DLhf",
    "00N2S000007S7ro": "06\/11\/2023",
    "lead_source": "Web to Lead",
    "oid": "00D3I0000008lXO"
}
