2023-10-19T20:12:16+00:00 INFO nuevo usuario:
{
    "first_name": "VIERNES",
    "last_name": "TRECE DE OCTUBRE",
    "company": "VIERNES TRECE DE OCTUBRE",
    "email": "fideyi7503@ibtrades.com",
    "00Nf400000TUbiN": "968696503",
    "00N2S000007Bt0I": 1,
    "00Nf400000TUZxy": "f077",
    "00Nf400000TUZy9": "82",
    "00Nf400000TUZyL": "s751",
    "recordType": "0122S000000DLhf",
    "00N2S000007S7ro": "19\/10\/2023",
    "lead_source": "Web to Lead",
    "oid": "00D3I0000008lXO"
}
2023-10-19T20:24:18+00:00 INFO actualiza usuario:
{
    "first_name": "PRUEBAS18",
    "last_name": "TESTS18",
    "email": "tiprueba18@gmail.com",
    "company": "PRUEBAS18 TESTS18",
    "00Nf400000TUbiN": "989338406",
    "00Nf400000TUZxw": "",
    "00N2S000006lwOz": "1",
    "00Nf400000TUZxq": "45508144",
    "00N2S000006lxYR": "",
    "00N2S000006lxYW": "",
    "country": "PE",
    "city": "Lima",
    "state": "LMA",
    "00Nf400000TUZxy": "f078",
    "00Nf400000TUZy9": "82",
    "00Nf400000TUZyL": "s751",
    "recordType": "0122S000000DLhf",
    "lead_source": "Web to Lead",
    "00N2S000007RuM4": "",
    "00N2S000007RuME": "",
    "00N2S000007RuMT": "",
    "00N2S000007RuMP": "",
    "oid": "00D3I0000008lXO"
}
2023-10-19T20:31:22+00:00 INFO nuevo usuario:
{
    "first_name": "VIERNES",
    "last_name": "TRECE DE OCTUBRE",
    "company": "VIERNES TRECE DE OCTUBRE",
    "email": "fideyi7503@ibtrades.com",
    "00Nf400000TUbiN": "968696503",
    "00N2S000007Bt0I": 1,
    "00Nf400000TUZxy": "f077",
    "00Nf400000TUZy9": "82",
    "00Nf400000TUZyL": "s751",
    "recordType": "0122S000000DLhf",
    "00N2S000007S7ro": "19\/10\/2023",
    "lead_source": "Web to Lead",
    "oid": "00D3I0000008lXO"
}
2023-10-19T20:47:11+00:00 INFO nuevo usuario:
{
    "first_name": "VIERNES",
    "last_name": "TRECE DE OCTUBRE",
    "company": "VIERNES TRECE DE OCTUBRE",
    "email": "fideyi7503@ibtrades.com",
    "00Nf400000TUbiN": "968696503",
    "00N2S000007Bt0I": 1,
    "00Nf400000TUZxy": "f077",
    "00Nf400000TUZy9": "82",
    "00Nf400000TUZyL": "s751",
    "recordType": "0122S000000DLhf",
    "00N2S000007S7ro": "19\/10\/2023",
    "lead_source": "Web to Lead",
    "oid": "00D3I0000008lXO"
}
2023-10-19T21:05:39+00:00 INFO nuevo usuario:
{
    "first_name": "VIERNES",
    "last_name": "TRECE DE OCTUBRE",
    "company": "VIERNES TRECE DE OCTUBRE",
    "email": "fideyi7503@ibtrades.com",
    "00Nf400000TUbiN": "968696503",
    "00N2S000007Bt0I": 1,
    "00Nf400000TUZxy": "f077",
    "00Nf400000TUZy9": "82",
    "00Nf400000TUZyL": "s751",
    "recordType": "0122S000000DLhf",
    "00N2S000007S7ro": "19\/10\/2023",
    "lead_source": "Web to Lead",
    "oid": "00D3I0000008lXO"
}
2023-10-19T21:32:00+00:00 INFO nuevo usuario:
{
    "first_name": "VIERNES",
    "last_name": "TRECE DE OCTUBRE",
    "company": "VIERNES TRECE DE OCTUBRE",
    "email": "fideyi7503@ibtrades.com",
    "00Nf400000TUbiN": "968696503",
    "00N2S000007Bt0I": 1,
    "00Nf400000TUZxy": "f077",
    "00Nf400000TUZy9": "82",
    "00Nf400000TUZyL": "s751",
    "recordType": "0122S000000DLhf",
    "00N2S000007S7ro": "19\/10\/2023",
    "lead_source": "Web to Lead",
    "oid": "00D3I0000008lXO"
}
2023-10-19T21:40:15+00:00 INFO actualiza usuario:
{
    "first_name": "Viernes",
    "last_name": "trece de octubre",
    "email": "fideyi7503@ibtrades.com",
    "company": "",
    "00Nf400000TUbiN": "968696503",
    "00Nf400000TUZxw": "",
    "00N2S000006lwOz": "1",
    "00Nf400000TUZxq": "12568947",
    "00N2S000006lxYR": "",
    "00N2S000006lxYW": "",
    "country": "PE",
    "city": "Chiclayo",
    "state": "LAM",
    "00Nf400000TUZxy": "f078",
    "00Nf400000TUZy9": "82",
    "00Nf400000TUZyL": "s751",
    "recordType": "0122S000000DLhf",
    "lead_source": "Web to Lead",
    "00N2S000007RuM4": "",
    "00N2S000007RuME": "",
    "00N2S000007RuMT": "",
    "00N2S000007RuMP": "",
    "oid": "00D3I0000008lXO"
}
2023-10-19T21:43:24+00:00 INFO nuevo usuario:
{
    "first_name": "VIERNES",
    "last_name": "TRECE DE OCTUBRE",
    "company": "VIERNES TRECE DE OCTUBRE",
    "email": "fideyi7503@ibtrades.com",
    "00Nf400000TUbiN": "968696503",
    "00N2S000007Bt0I": 1,
    "00Nf400000TUZxy": "f077",
    "00Nf400000TUZy9": "82",
    "00Nf400000TUZyL": "s751",
    "recordType": "0122S000000DLhf",
    "00N2S000007S7ro": "19\/10\/2023",
    "lead_source": "Web to Lead",
    "oid": "00D3I0000008lXO"
}
2023-10-19T21:49:48+00:00 INFO actualiza usuario:
{
    "first_name": "Viernes",
    "last_name": "trece de octubre",
    "email": "fideyi7503@ibtrades.com",
    "company": "",
    "00Nf400000TUbiN": "968696503",
    "00Nf400000TUZxw": "",
    "00N2S000006lwOz": "1",
    "00Nf400000TUZxq": "12568947",
    "00N2S000006lxYR": "",
    "00N2S000006lxYW": "",
    "country": "PE",
    "city": "Chiclayo",
    "state": "LAM",
    "00Nf400000TUZxy": "f078",
    "00Nf400000TUZy9": "82",
    "00Nf400000TUZyL": "s751",
    "recordType": "0122S000000DLhf",
    "lead_source": "Web to Lead",
    "00N2S000007RuM4": "",
    "00N2S000007RuME": "",
    "00N2S000007RuMT": "",
    "00N2S000007RuMP": "",
    "oid": "00D3I0000008lXO"
}
2023-10-19T22:00:52+00:00 INFO nuevo usuario:
{
    "first_name": "Cesar Aurelio",
    "last_name": "Alfaro Estela",
    "company": "Cesar Aurelio Alfaro Estela",
    "email": "calfaro@isil.pe",
    "00Nf400000TUbiN": "",
    "00N2S000007Bt0I": 1,
    "00Nf400000TUZxy": "f077",
    "00Nf400000TUZy9": "82",
    "00Nf400000TUZyL": "s751",
    "recordType": "0122S000000DLhf",
    "00N2S000007S7ro": "19\/10\/2023",
    "lead_source": "Web to Lead",
    "oid": "00D3I0000008lXO"
}
2023-10-19T22:47:42+00:00 INFO actualiza usuario:
{
    "first_name": "Cesar Aurelio",
    "last_name": "Alfaro Estela",
    "email": "calfaro@isil.pe",
    "company": "",
    "00Nf400000TUbiN": "",
    "00Nf400000TUZxw": "",
    "00N2S000006lwOz": "1",
    "00Nf400000TUZxq": "44000413",
    "00N2S000006lxYR": "",
    "00N2S000006lxYW": "",
    "country": "PE",
    "city": "Lima",
    "state": "LMA",
    "00Nf400000TUZxy": "f078",
    "00Nf400000TUZy9": "82",
    "00Nf400000TUZyL": "s751",
    "recordType": "0122S000000DLhf",
    "lead_source": "Web to Lead",
    "00N2S000007RuM4": "",
    "00N2S000007RuME": "",
    "00N2S000007RuMT": "",
    "00N2S000007RuMP": "",
    "oid": "00D3I0000008lXO"
}
