2023-09-25T17:18:22+00:00 INFO URL: https://apitestenv.vnforapps.com/api.security/v1/security
2023-09-25T17:18:22+00:00 INFO Base64: : aW50ZWdyYWNpb25lc0BuaXViaXouY29tLnBlOl83ejNAOGZG
2023-09-25T17:18:23+00:00 INFO URL: https://apitestenv.vnforapps.com/api.ecommerce/v2/ecommerce/token/session/522591303
2023-09-25T17:18:23+00:00 INFO Request: {"amount":"250.00","antifraud":{"clientIp":"181.43.241.142","merchantDefineData":{"MDD21":"0","MDD4":"rojoca1485@xgh6.com","MDD32":"rojoca1485@xgh6.com"}},"channel":"web","recurrenceMaxAmount":null}
2023-09-25T17:18:23+00:00 INFO Response: {"sessionKey":"41049d2372900bba5b5852d5f50246097db417fa20406740fc5b5ef9e618d20a","expirationTime":1695663203102}
2023-09-25T17:19:18+00:00 INFO URL: https://apitestenv.vnforapps.com/api.authorization/v3/authorization/ecommerce/522591303
2023-09-25T17:19:18+00:00 INFO Request: {"antifraud":null,"captureType":"manual","channel":"web","countable":"true","order":{"amount":"250.00","currency":"PEN","purchaseNumber":1534,"tokenId":"FAD7BDE508FF457897BDE508FF5578A0","productId":"113"},"cardHolder":{"documentType":"0","documentNumber":"00001534"},"recurrence":{"type":"FIXEDINITIAL","frequency":"ANNUAL","beneficiaryId":"79879798","beneficiaryFirstName":"Francisco","beneficiaryLastName":"Aranguiz Romero","maxAmount":"250.00","amount":"250.00"}}
2023-09-25T17:19:18+00:00 INFO Response: {"errorCode":400,"errorMessage":"Operacion Denegada. Problemas de comunicacion. Intente mas tarde.","header":{"ecoreTransactionUUID":"5c32e6f0-5370-457c-9ae3-9d48d0246056","ecoreTransactionDate":1695662358704,"millis":31284},"data":{"YAPE_ID":"","CURRENCY":"0604","TRANSACTION_DATE":"230925121847","ACTION_CODE":"666","TRACE_NUMBER":"924992","RECURRENCE_MAX_AMOUNT":"250.0","CARD_TYPE":"C","SIGNATURE":"5c32e6f0-5370-457c-9ae3-9d48d0246056","BRAND":"visa","MERCHANT":"522591303","STATUS":"Not Voided","ACTION_DESCRIPTION":"Operacion Denegada. Problemas de comunicacion","AMOUNT":"250.0"}}
2023-09-25T17:28:24+00:00 INFO URL: https://apitestenv.vnforapps.com/api.security/v1/security
2023-09-25T17:28:24+00:00 INFO Base64: : aW50ZWdyYWNpb25lc0BuaXViaXouY29tLnBlOl83ejNAOGZG
2023-09-25T17:28:24+00:00 INFO URL: https://apitestenv.vnforapps.com/api.ecommerce/v2/ecommerce/token/session/522591303
2023-09-25T17:28:24+00:00 INFO Request: {"amount":"40.00","antifraud":{"clientIp":"201.230.248.60","merchantDefineData":{"MDD21":"0","MDD4":"yhar.rhyhf75@cikue.com","MDD32":"yhar.rhyhf75@cikue.com"}},"channel":"web","recurrenceMaxAmount":null}
2023-09-25T17:28:24+00:00 INFO Response: {"sessionKey":"1bcdb69f718d2656c4e66f834a24328120e45e052f677b1dabca4c38c904f2be","expirationTime":1695663804344}
2023-09-25T17:30:10+00:00 INFO URL: https://apitestenv.vnforapps.com/api.authorization/v3/authorization/ecommerce/522591303
2023-09-25T17:30:10+00:00 INFO Request: {"antifraud":null,"captureType":"manual","channel":"web","countable":"true","order":{"amount":"40.00","currency":"PEN","purchaseNumber":1535,"tokenId":"3A6B49018A7A449DAB49018A7A749D58","productId":"105"},"cardHolder":{"documentType":"0","documentNumber":"00001535"},"recurrence":{"type":"FIXEDINITIAL","frequency":"MONTHLY","beneficiaryId":"9923832","beneficiaryFirstName":"LUNES PRUEBA","beneficiaryLastName":"VEITICINCO SEPTIEMBRE","maxAmount":"40.00","amount":"40.00"}}
2023-09-25T17:30:10+00:00 INFO Response: {"errorCode":400,"errorMessage":"Operacion Denegada. Problemas de comunicacion. Intente mas tarde.","header":{"ecoreTransactionUUID":"cafe7666-cf2c-45eb-8cd8-b4a52107e4fb","ecoreTransactionDate":1695663010510,"millis":1376},"data":{"YAPE_ID":"","CURRENCY":"0604","TRANSACTION_DATE":"230925123009","ACTION_CODE":"666","TRACE_NUMBER":"925015","RECURRENCE_MAX_AMOUNT":"40.0","CARD_TYPE":"C","SIGNATURE":"cafe7666-cf2c-45eb-8cd8-b4a52107e4fb","BRAND":"visa","MERCHANT":"522591303","STATUS":"Not Voided","ACTION_DESCRIPTION":"Operacion Denegada. Problemas de comunicacion","AMOUNT":"40.0"}}
2023-09-25T17:32:03+00:00 INFO URL: https://apitestenv.vnforapps.com/api.security/v1/security
2023-09-25T17:32:03+00:00 INFO Base64: : aW50ZWdyYWNpb25lc0BuaXViaXouY29tLnBlOl83ejNAOGZG
2023-09-25T17:32:03+00:00 INFO URL: https://apitestenv.vnforapps.com/api.ecommerce/v2/ecommerce/token/session/522591303
2023-09-25T17:32:03+00:00 INFO Request: {"amount":"40.00","antifraud":{"clientIp":"201.230.248.60","merchantDefineData":{"MDD21":"0","MDD4":"yhar.rhyhf75@cikue.com","MDD32":"yhar.rhyhf75@cikue.com"}},"channel":"web","recurrenceMaxAmount":null}
2023-09-25T17:32:03+00:00 INFO Response: {"sessionKey":"52ae5269691df3581ce9c09986b58c5640cef63ddea5640a511b89a0d274d049","expirationTime":1695664023458}
2023-09-25T17:33:32+00:00 INFO URL: https://apitestenv.vnforapps.com/api.authorization/v3/authorization/ecommerce/522591303
2023-09-25T17:33:32+00:00 INFO Request: {"antifraud":null,"captureType":"manual","channel":"web","countable":"true","order":{"amount":"40.00","currency":"PEN","purchaseNumber":1535,"tokenId":"F08D878D3397441A8D878D3397941A31","productId":"105"},"cardHolder":{"documentType":"0","documentNumber":"00001535"},"recurrence":{"type":"FIXEDINITIAL","frequency":"MONTHLY","beneficiaryId":"9923832","beneficiaryFirstName":"LUNES PRUEBA","beneficiaryLastName":"VEITICINCO SEPTIEMBRE","maxAmount":"40.00","amount":"40.00"}}
2023-09-25T17:33:32+00:00 INFO Response: {"errorCode":400,"errorMessage":"Operacion Denegada. Problemas de comunicacion. Intente mas tarde.","header":{"ecoreTransactionUUID":"3b31d001-f39a-465d-9c0e-ac399a7d1807","ecoreTransactionDate":1695663212401,"millis":1237},"data":{"YAPE_ID":"","CURRENCY":"0604","TRANSACTION_DATE":"230925123331","ACTION_CODE":"666","TRACE_NUMBER":"925031","RECURRENCE_MAX_AMOUNT":"40.0","CARD_TYPE":"C","SIGNATURE":"3b31d001-f39a-465d-9c0e-ac399a7d1807","BRAND":"visa","MERCHANT":"522591303","STATUS":"Not Voided","ACTION_DESCRIPTION":"Operacion Denegada. Problemas de comunicacion","AMOUNT":"40.0"}}
2023-09-25T17:33:54+00:00 INFO URL: https://apitestenv.vnforapps.com/api.security/v1/security
2023-09-25T17:33:54+00:00 INFO Base64: : aW50ZWdyYWNpb25lc0BuaXViaXouY29tLnBlOl83ejNAOGZG
2023-09-25T17:33:54+00:00 INFO URL: https://apitestenv.vnforapps.com/api.ecommerce/v2/ecommerce/token/session/522591303
2023-09-25T17:33:54+00:00 INFO Request: {"amount":"40.00","antifraud":{"clientIp":"201.230.248.60","merchantDefineData":{"MDD21":"0","MDD4":"yhar.rhyhf75@cikue.com","MDD32":"yhar.rhyhf75@cikue.com"}},"channel":"web","recurrenceMaxAmount":null}
2023-09-25T17:33:54+00:00 INFO Response: {"sessionKey":"566ef7155a920dabd01797eeb05aec46c817dfae98948459248d9128c86877bf","expirationTime":1695664134374}
2023-09-25T17:36:29+00:00 INFO URL: https://apitestenv.vnforapps.com/api.authorization/v3/authorization/ecommerce/522591303
2023-09-25T17:36:29+00:00 INFO Request: {"antifraud":null,"captureType":"manual","channel":"web","countable":"true","order":{"amount":"40.00","currency":"PEN","purchaseNumber":1535,"tokenId":"802987B3E6244BB4A987B3E624BBB4B6","productId":"105"},"cardHolder":{"documentType":"0","documentNumber":"00001535"},"recurrence":{"type":"FIXEDINITIAL","frequency":"MONTHLY","beneficiaryId":"9923832","beneficiaryFirstName":"LUNES PRUEBA","beneficiaryLastName":"VEITICINCO SEPTIEMBRE","maxAmount":"40.00","amount":"40.00"}}
2023-09-25T17:36:29+00:00 INFO Response: {"errorCode":400,"errorMessage":"Operacion Denegada. Problemas de comunicacion. Intente mas tarde.","header":{"ecoreTransactionUUID":"e43bfe5b-85d8-4763-8d52-59ba6bbc7ca0","ecoreTransactionDate":1695663389070,"millis":1013},"data":{"YAPE_ID":"","CURRENCY":"0604","ACTION_CODE":"666","STATUS":"Not Authorized","ACTION_DESCRIPTION":"Error de comunicacion","TRACE_NUMBER":"925070","AMOUNT":"40.0","RECURRENCE_MAX_AMOUNT":"40.0","CARD_TYPE":"C","SIGNATURE":"e43bfe5b-85d8-4763-8d52-59ba6bbc7ca0","BRAND":"amex","MERCHANT":"522591303"}}
2023-09-25T18:20:44+00:00 INFO URL: https://apitestenv.vnforapps.com/api.security/v1/security
2023-09-25T18:20:44+00:00 INFO Base64: : aW50ZWdyYWNpb25lc0BuaXViaXouY29tLnBlOl83ejNAOGZG
2023-09-25T18:20:45+00:00 INFO URL: https://apitestenv.vnforapps.com/api.ecommerce/v2/ecommerce/token/session/522591303
2023-09-25T18:20:45+00:00 INFO Request: {"amount":"86.00","antifraud":{"clientIp":"181.43.241.142","merchantDefineData":{"MDD21":"0","MDD4":"rojoca1485@xgh6.com","MDD32":"rojoca1485@xgh6.com"}},"channel":"web","recurrenceMaxAmount":null}
2023-09-25T18:20:45+00:00 INFO Response: {"sessionKey":"3064262d62b10c875901fd98c8bb16dd9856abad787df3503c13adac83965520","expirationTime":1695666944715}
2023-09-25T18:21:50+00:00 INFO URL: https://apitestenv.vnforapps.com/api.authorization/v3/authorization/ecommerce/522591303
2023-09-25T18:21:50+00:00 INFO Request: {"antifraud":null,"captureType":"manual","channel":"web","countable":"true","order":{"amount":"86.00","currency":"PEN","purchaseNumber":1537,"tokenId":"16A9AC87B08B4754A9AC87B08BB7543E","productId":"105"},"cardHolder":{"documentType":"0","documentNumber":"00001537"},"recurrence":{"type":"FIXEDINITIAL","frequency":"QUARTERLY","beneficiaryId":"79879798","beneficiaryFirstName":"Francisco","beneficiaryLastName":"Aranguiz Romero","maxAmount":"86.00","amount":"86.00"}}
2023-09-25T18:21:50+00:00 INFO Response: {"errorCode":400,"errorMessage":"Operacion Denegada. Problemas de comunicacion. Intente mas tarde.","header":{"ecoreTransactionUUID":"522b455b-ec1e-4e2a-8f20-22f79912646e","ecoreTransactionDate":1695666110798,"millis":31695},"data":{"YAPE_ID":"","CURRENCY":"0604","TRANSACTION_DATE":"230925132119","ACTION_CODE":"666","TRACE_NUMBER":"925202","RECURRENCE_MAX_AMOUNT":"86.0","CARD_TYPE":"C","SIGNATURE":"522b455b-ec1e-4e2a-8f20-22f79912646e","BRAND":"visa","MERCHANT":"522591303","STATUS":"Not Voided","ACTION_DESCRIPTION":"Operacion Denegada. Problemas de comunicacion","AMOUNT":"86.0"}}
2023-09-25T18:29:08+00:00 INFO URL: https://apitestenv.vnforapps.com/api.security/v1/security
2023-09-25T18:29:08+00:00 INFO Base64: : aW50ZWdyYWNpb25lc0BuaXViaXouY29tLnBlOl83ejNAOGZG
2023-09-25T18:29:09+00:00 INFO URL: https://apitestenv.vnforapps.com/api.ecommerce/v2/ecommerce/token/session/522591303
2023-09-25T18:29:09+00:00 INFO Request: {"amount":"86.00","antifraud":{"clientIp":"181.43.241.142","merchantDefineData":{"MDD21":"0","MDD4":"rojoca1485@xgh6.com","MDD32":"rojoca1485@xgh6.com"}},"channel":"web","recurrenceMaxAmount":null}
2023-09-25T18:29:09+00:00 INFO Response: {"sessionKey":"fc5915413b4d77b78a14341f79215523a209139f20dc95b8f8fde1b88a00da22","expirationTime":1695667448989}
2023-09-25T18:31:09+00:00 INFO URL: https://apitestenv.vnforapps.com/api.authorization/v3/authorization/ecommerce/522591303
2023-09-25T18:31:09+00:00 INFO Request: {"antifraud":null,"captureType":"manual","channel":"web","countable":"true","order":{"amount":"86.00","currency":"PEN","purchaseNumber":1538,"tokenId":"E1DC0287768B4E4A9C0287768BAE4A55","productId":"105"},"cardHolder":{"documentType":"0","documentNumber":"00001538"},"recurrence":{"type":"FIXEDINITIAL","frequency":"QUARTERLY","beneficiaryId":"79879798","beneficiaryFirstName":"Francisco","beneficiaryLastName":"Aranguiz Romero","maxAmount":"86.00","amount":"86.00"}}
2023-09-25T18:31:09+00:00 INFO Response: {"errorCode":400,"errorMessage":"Operacion Denegada. Problemas de comunicacion. Intente mas tarde.","header":{"ecoreTransactionUUID":"77413b35-dd35-4a70-ae93-60f65da82570","ecoreTransactionDate":1695666669511,"millis":31183},"data":{"YAPE_ID":"","CURRENCY":"0604","TRANSACTION_DATE":"230925133038","ACTION_CODE":"666","TRACE_NUMBER":"925219","RECURRENCE_MAX_AMOUNT":"86.0","CARD_TYPE":"D","SIGNATURE":"77413b35-dd35-4a70-ae93-60f65da82570","BRAND":"visa","MERCHANT":"522591303","STATUS":"Not Voided","ACTION_DESCRIPTION":"Operacion Denegada. Problemas de comunicacion","AMOUNT":"86.0"}}
2023-09-25T18:31:51+00:00 INFO URL: https://apitestenv.vnforapps.com/api.security/v1/security
2023-09-25T18:31:51+00:00 INFO Base64: : aW50ZWdyYWNpb25lc0BuaXViaXouY29tLnBlOl83ejNAOGZG
2023-09-25T18:31:51+00:00 INFO URL: https://apitestenv.vnforapps.com/api.ecommerce/v2/ecommerce/token/session/522591303
2023-09-25T18:31:51+00:00 INFO Request: {"amount":"86.00","antifraud":{"clientIp":"181.43.241.142","merchantDefineData":{"MDD21":"0","MDD4":"rojoca1485@xgh6.com","MDD32":"rojoca1485@xgh6.com"}},"channel":"web","recurrenceMaxAmount":null}
2023-09-25T18:31:51+00:00 INFO Response: {"sessionKey":"5cf055b95a15c97ec0a6f5a99cd33a25cca2ac1c77486913e4cafd1906dcf068","expirationTime":1695667611398}
2023-09-25T18:48:33+00:00 INFO URL: https://apitestenv.vnforapps.com/api.authorization/v3/authorization/ecommerce/522591303
2023-09-25T18:48:33+00:00 INFO Request: {"antifraud":null,"captureType":"manual","channel":"web","countable":"true","order":{"amount":"86.00","currency":"PEN","purchaseNumber":1538,"tokenId":"5C1397C9A26A4CE69397C9A26AFCE631","productId":"105"},"cardHolder":{"documentType":"0","documentNumber":"00001538"},"recurrence":{"type":"FIXEDINITIAL","frequency":"QUARTERLY","beneficiaryId":"79879798","beneficiaryFirstName":"Francisco","beneficiaryLastName":"Aranguiz Romero","maxAmount":"86.00","amount":"86.00"}}
2023-09-25T18:48:33+00:00 INFO Response: {"errorCode":400,"errorMessage":"Operacion Denegada. Problemas de comunicacion. Intente mas tarde.","header":{"ecoreTransactionUUID":"841cb2ee-067d-4441-8ac6-8010b8ed6226","ecoreTransactionDate":1695667713539,"millis":31384},"data":{"YAPE_ID":"","CURRENCY":"0604","TRANSACTION_DATE":"230925134802","ACTION_CODE":"666","TRACE_NUMBER":"925237","RECURRENCE_MAX_AMOUNT":"86.0","CARD_TYPE":"D","SIGNATURE":"841cb2ee-067d-4441-8ac6-8010b8ed6226","BRAND":"visa","MERCHANT":"522591303","STATUS":"Not Voided","ACTION_DESCRIPTION":"Operacion Denegada. Problemas de comunicacion","AMOUNT":"86.0"}}
2023-09-25T18:50:42+00:00 INFO URL: https://apitestenv.vnforapps.com/api.authorization/v3/authorization/ecommerce/522591303
2023-09-25T18:50:42+00:00 INFO Request: {"antifraud":null,"captureType":"manual","channel":"web","countable":"true","order":{"amount":"86.00","currency":"PEN","purchaseNumber":1538,"tokenId":"5C1397C9A26A4CE69397C9A26AFCE631","productId":"105"},"cardHolder":{"documentType":"0","documentNumber":"00001538"},"recurrence":{"type":"FIXEDINITIAL","frequency":"QUARTERLY","beneficiaryId":"79879798","beneficiaryFirstName":"Francisco","beneficiaryLastName":"Aranguiz Romero","maxAmount":"86.00","amount":"86.00"}}
2023-09-25T18:50:42+00:00 INFO Response: Too many request with same payload [Idempotent policy]
2023-09-25T23:07:26+00:00 INFO URL: https://apitestenv.vnforapps.com/api.security/v1/security
2023-09-25T23:07:26+00:00 INFO Base64: : aW50ZWdyYWNpb25lc0BuaXViaXouY29tLnBlOl83ejNAOGZG
2023-09-25T23:07:26+00:00 INFO URL: https://apitestenv.vnforapps.com/api.ecommerce/v2/ecommerce/token/session/522591303
2023-09-25T23:07:26+00:00 INFO Request: {"amount":"86.00","antifraud":{"clientIp":"201.230.248.60","merchantDefineData":{"MDD21":"0","MDD4":"yhar.rhyhf75@cikue.com","MDD32":"yhar.rhyhf75@cikue.com"}},"channel":"web","recurrenceMaxAmount":null}
2023-09-25T23:07:26+00:00 INFO Response: {"sessionKey":"bb349fa10ea427b17cf2c76348eec29aba1c9a9d0bdb57c5964b666714c533e9","expirationTime":1695684146764}
2023-09-25T23:09:51+00:00 INFO URL: https://apitestenv.vnforapps.com/api.security/v1/security
2023-09-25T23:09:51+00:00 INFO Base64: : aW50ZWdyYWNpb25lc0BuaXViaXouY29tLnBlOl83ejNAOGZG
2023-09-25T23:09:52+00:00 INFO URL: https://apitestenv.vnforapps.com/api.ecommerce/v2/ecommerce/token/session/522591303
2023-09-25T23:09:52+00:00 INFO Request: {"amount":"331.30","antifraud":{"clientIp":"201.230.248.60","merchantDefineData":{"MDD21":"0","MDD4":"yhar.rhyhf75@cikue.com","MDD32":"yhar.rhyhf75@cikue.com"}},"channel":"web","recurrenceMaxAmount":null}
2023-09-25T23:09:52+00:00 INFO Response: {"sessionKey":"ea93123e044f4d4c3990db972f07e7eb1aa946dff725c8507f0205819230e894","expirationTime":1695684291936}
