2023-11-08T11:52:57+00:00 INFO 9590 : {
    "brand": "niubiz",
    "business_address": "",
    "business_identifier": "",
    "business_name": "",
    "doc_number": "15640182",
    "doc_type": "1",
    "email": "jevar17397@viicard.com",
    "family_name": "Martinez",
    "given_name": "Pancracio",
    "operation_number": "993211570048521",
    "paid": true,
    "purchase_date": "2023-11-08T11:51:38+00:00",
    "phone_number": "555333666",
    "country": "PE",
    "state": "LMA",
    "city": "Lima",
    "purchase_amount": "137.74",
    "purchase_id": 9590,
    "tc": true,
    "app": "ISILGO",
    "coupon_description": "",
    "purchaseDetails": [
        {
            "item_amount": "68.8725",
            "item_desc": "Presupuestando un proyecto de dise\u00f1o de interiores",
            "item_id": 319,
            "item_seq": 1,
            "purchase_id": 9590,
            "purchase_item_id": "9590-319-37770",
            "quantity": 1,
            "add": "Curso",
            "status_date": "2023-11-08T11:51:38+00:00"
        },
        {
            "item_amount": "68.8725",
            "item_desc": "Business Model Canvas y Nuevos Modelos de Negocio",
            "item_id": 330,
            "item_seq": 2,
            "purchase_id": 9590,
            "purchase_item_id": "9590-330-37770",
            "quantity": 1,
            "add": "Curso",
            "status_date": "2023-11-08T11:51:38+00:00"
        }
    ]
}
2023-11-08T21:01:26+00:00 INFO 9594 : {
    "brand": "VISA",
    "business_address": "",
    "business_identifier": "",
    "business_name": "",
    "doc_number": "15640182",
    "doc_type": "1",
    "email": "jevar17397@viicard.com",
    "family_name": "Martinez",
    "given_name": "Pancracio",
    "operation_number": "991233120055013",
    "paid": true,
    "purchase_date": "2023-11-08T21:00:18+00:00",
    "phone_number": "555333666",
    "country": "PE",
    "state": "LMA",
    "city": "Lima",
    "purchase_amount": "86.00",
    "purchase_id": 9594,
    "tc": true,
    "app": "ISILGO",
    "coupon_description": "",
    "purchaseDetails": [
        {
            "item_amount": "86",
            "item_desc": "Boost 3 meses",
            "item_id": 105,
            "item_seq": 1,
            "purchase_id": 9594,
            "purchase_item_id": "9594-105-37770",
            "quantity": 1,
            "add": "Membres\u00eda",
            "status_date": "2023-11-08T21:00:18+00:00"
        }
    ]
}
